ARM GAS  /tmp/cchyFaGS.s 			page 1


   1              		.syntax unified
   2              		.cpu cortex-m3
   3              		.fpu softvfp
   4              		.eabi_attribute 20, 1
   5              		.eabi_attribute 21, 1
   6              		.eabi_attribute 23, 3
   7              		.eabi_attribute 24, 1
   8              		.eabi_attribute 25, 1
   9              		.eabi_attribute 26, 1
  10              		.eabi_attribute 30, 2
  11              		.eabi_attribute 34, 1
  12              		.eabi_attribute 18, 4
  13              		.thumb
  14              		.file	"atmel_psram.c"
  15              		.text
  16              	.Ltext0:
  17              		.cfi_sections	.debug_frame
  18              		.section	.text.BOARD_ConfigurePSRAM,"ax",%progbits
  19              		.align	2
  20              		.p2align 4,,15
  21              		.global	BOARD_ConfigurePSRAM
  22              		.thumb
  23              		.thumb_func
  24              		.type	BOARD_ConfigurePSRAM, %function
  25              	BOARD_ConfigurePSRAM:
  26              	.LFB29:
  27              		.file 1 "../third_party/ChibiOS/os/hal/platforms/AT91SAM3S/atmel_psram.c"
  28              		.loc 1 5 0
  29              		.cfi_startproc
  30              		@ args = 0, pretend = 0, frame = 0
  31              		@ frame_needed = 0, uses_anonymous_args = 0
  32              	.LVL0:
  33 0000 10B5     		push	{r4, lr}
  34              		.cfi_def_cfa_offset 8
  35              		.cfi_offset 4, -8
  36              		.cfi_offset 14, -4
  37              		.loc 1 5 0
  38 0002 0446     		mov	r4, r0
  39              		.loc 1 9 0
  40 0004 0A20     		movs	r0, #10
  41              	.LVL1:
  42 0006 FFF7FEFF 		bl	PMC_EnablePeripheral
  43              	.LVL2:
  44              		.loc 1 20 0
  45 000a 40F20343 		movw	r3, #1027
  46              		.loc 1 38 0
  47 000e 0421     		movs	r1, #4
  48              		.loc 1 20 0
  49 0010 C0F20353 		movt	r3, 1283
  50              		.loc 1 38 0
  51 0014 C0F20501 		movt	r1, 5
  52              		.loc 1 41 0
  53 0018 0022     		movs	r2, #0
  54              		.loc 1 20 0
  55 001a 2363     		str	r3, [r4, #48]
  56              		.loc 1 41 0
  57 001c C4F20E02 		movt	r2, 16398
ARM GAS  /tmp/cchyFaGS.s 			page 2


  58              		.loc 1 25 0
  59 0020 6363     		str	r3, [r4, #52]
  60              		.loc 1 38 0
  61 0022 A163     		str	r1, [r4, #56]
  62              		.loc 1 41 0
  63 0024 D36B     		ldr	r3, [r2, #60]
  64              	.LVL3:
  65 0026 23F44053 		bic	r3, r3, #12288
  66              	.LVL4:
  67              		.loc 1 45 0
  68 002a 43F00303 		orr	r3, r3, #3
  69              	.LVL5:
  70              		.loc 1 42 0
  71 002e E363     		str	r3, [r4, #60]
  72 0030 10BD     		pop	{r4, pc}
  73              		.cfi_endproc
  74              	.LFE29:
  75              		.size	BOARD_ConfigurePSRAM, .-BOARD_ConfigurePSRAM
  76 0032 00BFAFF3 		.text
  76      0080AFF3 
  76      0080AFF3 
  76      0080
  77              	.Letext0:
  78              		.file 2 "/home/santi/arm-2013.11/arm-none-eabi/include/stdint.h"
  79              		.file 3 "../third_party/ChibiOS/os/hal/platforms/AT91SAM3S/at91lib/SAM3S.h"
  80              		.file 4 "../third_party/ChibiOS/os/hal/platforms/AT91SAM3S/core_cm3.h"
  81              		.file 5 "../third_party/ChibiOS/os/hal/platforms/AT91SAM3S/pmc.h"
  82              		.section	.debug_info,"",%progbits
  83              	.Ldebug_info0:
  84 0000 13020000 		.4byte	0x213
  85 0004 0400     		.2byte	0x4
  86 0006 00000000 		.4byte	.Ldebug_abbrev0
  87 000a 04       		.byte	0x4
  88 000b 01       		.uleb128 0x1
  89 000c 30010000 		.4byte	.LASF27
  90 0010 01       		.byte	0x1
  91 0011 04020000 		.4byte	.LASF28
  92 0015 14000000 		.4byte	.LASF29
  93 0019 00000000 		.4byte	.Ldebug_ranges0+0
  94 001d 00000000 		.4byte	0
  95 0021 00000000 		.4byte	.Ldebug_line0
  96 0025 02       		.uleb128 0x2
  97 0026 01       		.byte	0x1
  98 0027 06       		.byte	0x6
  99 0028 63020000 		.4byte	.LASF0
 100 002c 02       		.uleb128 0x2
 101 002d 01       		.byte	0x1
 102 002e 08       		.byte	0x8
 103 002f 73000000 		.4byte	.LASF1
 104 0033 02       		.uleb128 0x2
 105 0034 02       		.byte	0x2
 106 0035 05       		.byte	0x5
 107 0036 F0010000 		.4byte	.LASF2
 108 003a 02       		.uleb128 0x2
 109 003b 02       		.byte	0x2
 110 003c 07       		.byte	0x7
 111 003d 8A000000 		.4byte	.LASF3
ARM GAS  /tmp/cchyFaGS.s 			page 3


 112 0041 02       		.uleb128 0x2
 113 0042 04       		.byte	0x4
 114 0043 05       		.byte	0x5
 115 0044 4D020000 		.4byte	.LASF4
 116 0048 03       		.uleb128 0x3
 117 0049 44020000 		.4byte	.LASF9
 118 004d 02       		.byte	0x2
 119 004e 50       		.byte	0x50
 120 004f 53000000 		.4byte	0x53
 121 0053 02       		.uleb128 0x2
 122 0054 04       		.byte	0x4
 123 0055 07       		.byte	0x7
 124 0056 D0000000 		.4byte	.LASF5
 125 005a 02       		.uleb128 0x2
 126 005b 08       		.byte	0x8
 127 005c 05       		.byte	0x5
 128 005d 00000000 		.4byte	.LASF6
 129 0061 02       		.uleb128 0x2
 130 0062 08       		.byte	0x8
 131 0063 07       		.byte	0x7
 132 0064 0F010000 		.4byte	.LASF7
 133 0068 04       		.uleb128 0x4
 134 0069 04       		.byte	0x4
 135 006a 05       		.byte	0x5
 136 006b 696E7400 		.ascii	"int\000"
 137 006f 02       		.uleb128 0x2
 138 0070 04       		.byte	0x4
 139 0071 07       		.byte	0x7
 140 0072 F8000000 		.4byte	.LASF8
 141 0076 03       		.uleb128 0x3
 142 0077 84020000 		.4byte	.LASF10
 143 007b 03       		.byte	0x3
 144 007c 35       		.byte	0x35
 145 007d 81000000 		.4byte	0x81
 146 0081 05       		.uleb128 0x5
 147 0082 86000000 		.4byte	0x86
 148 0086 06       		.uleb128 0x6
 149 0087 48000000 		.4byte	0x48
 150 008b 03       		.uleb128 0x3
 151 008c C0000000 		.4byte	.LASF11
 152 0090 03       		.byte	0x3
 153 0091 39       		.byte	0x39
 154 0092 96000000 		.4byte	0x96
 155 0096 06       		.uleb128 0x6
 156 0097 48000000 		.4byte	0x48
 157 009b 03       		.uleb128 0x3
 158 009c D8010000 		.4byte	.LASF12
 159 00a0 03       		.byte	0x3
 160 00a1 3A       		.byte	0x3a
 161 00a2 96000000 		.4byte	0x96
 162 00a6 02       		.uleb128 0x2
 163 00a7 04       		.byte	0x4
 164 00a8 07       		.byte	0x7
 165 00a9 DE010000 		.4byte	.LASF13
 166 00ad 07       		.uleb128 0x7
 167 00ae 9B000000 		.4byte	0x9b
 168 00b2 BD000000 		.4byte	0xbd
ARM GAS  /tmp/cchyFaGS.s 			page 4


 169 00b6 08       		.uleb128 0x8
 170 00b7 A6000000 		.4byte	0xa6
 171 00bb 0B       		.byte	0xb
 172 00bc 00       		.byte	0
 173 00bd 09       		.uleb128 0x9
 174 00be 10       		.byte	0x10
 175 00bf 03       		.byte	0x3
 176 00c0 E111     		.2byte	0x11e1
 177 00c2 FB000000 		.4byte	0xfb
 178 00c6 0A       		.uleb128 0xa
 179 00c7 FA010000 		.4byte	.LASF14
 180 00cb 03       		.byte	0x3
 181 00cc E211     		.2byte	0x11e2
 182 00ce 9B000000 		.4byte	0x9b
 183 00d2 00       		.byte	0
 184 00d3 0A       		.uleb128 0xa
 185 00d4 05010000 		.4byte	.LASF15
 186 00d8 03       		.byte	0x3
 187 00d9 E311     		.2byte	0x11e3
 188 00db 9B000000 		.4byte	0x9b
 189 00df 04       		.byte	0x4
 190 00e0 0A       		.uleb128 0xa
 191 00e1 C6000000 		.4byte	.LASF16
 192 00e5 03       		.byte	0x3
 193 00e6 E411     		.2byte	0x11e4
 194 00e8 9B000000 		.4byte	0x9b
 195 00ec 08       		.byte	0x8
 196 00ed 0A       		.uleb128 0xa
 197 00ee 53000000 		.4byte	.LASF17
 198 00f2 03       		.byte	0x3
 199 00f3 E511     		.2byte	0x11e5
 200 00f5 9B000000 		.4byte	0x9b
 201 00f9 0C       		.byte	0xc
 202 00fa 00       		.byte	0
 203 00fb 0B       		.uleb128 0xb
 204 00fc 56020000 		.4byte	.LASF18
 205 0100 03       		.byte	0x3
 206 0101 E611     		.2byte	0x11e6
 207 0103 BD000000 		.4byte	0xbd
 208 0107 09       		.uleb128 0x9
 209 0108 EC       		.byte	0xec
 210 0109 03       		.byte	0x3
 211 010a E811     		.2byte	0x11e8
 212 010c 79010000 		.4byte	0x179
 213 0110 0A       		.uleb128 0xa
 214 0111 9D000000 		.4byte	.LASF19
 215 0115 03       		.byte	0x3
 216 0116 E911     		.2byte	0x11e9
 217 0118 79010000 		.4byte	0x179
 218 011c 00       		.byte	0
 219 011d 0A       		.uleb128 0xa
 220 011e 49000000 		.4byte	.LASF20
 221 0122 03       		.byte	0x3
 222 0123 EA11     		.2byte	0x11ea
 223 0125 89010000 		.4byte	0x189
 224 0129 50       		.byte	0x50
 225 012a 0A       		.uleb128 0xa
ARM GAS  /tmp/cchyFaGS.s 			page 5


 226 012b 81000000 		.4byte	.LASF21
 227 012f 03       		.byte	0x3
 228 0130 EB11     		.2byte	0x11eb
 229 0132 9B000000 		.4byte	0x9b
 230 0136 80       		.byte	0x80
 231 0137 0A       		.uleb128 0xa
 232 0138 5C000000 		.4byte	.LASF22
 233 013c 03       		.byte	0x3
 234 013d EC11     		.2byte	0x11ec
 235 013f 8B000000 		.4byte	0x8b
 236 0143 84       		.byte	0x84
 237 0144 0A       		.uleb128 0xa
 238 0145 65000000 		.4byte	.LASF23
 239 0149 03       		.byte	0x3
 240 014a ED11     		.2byte	0x11ed
 241 014c 8B000000 		.4byte	0x8b
 242 0150 88       		.byte	0x88
 243 0151 0A       		.uleb128 0xa
 244 0152 26010000 		.4byte	.LASF24
 245 0156 03       		.byte	0x3
 246 0157 EE11     		.2byte	0x11ee
 247 0159 9E010000 		.4byte	0x19e
 248 015d 8C       		.byte	0x8c
 249 015e 0A       		.uleb128 0xa
 250 015f EF000000 		.4byte	.LASF25
 251 0163 03       		.byte	0x3
 252 0164 EF11     		.2byte	0x11ef
 253 0166 9B000000 		.4byte	0x9b
 254 016a E4       		.byte	0xe4
 255 016b 0A       		.uleb128 0xa
 256 016c E7010000 		.4byte	.LASF26
 257 0170 03       		.byte	0x3
 258 0171 F011     		.2byte	0x11f0
 259 0173 76000000 		.4byte	0x76
 260 0177 E8       		.byte	0xe8
 261 0178 00       		.byte	0
 262 0179 07       		.uleb128 0x7
 263 017a FB000000 		.4byte	0xfb
 264 017e 89010000 		.4byte	0x189
 265 0182 08       		.uleb128 0x8
 266 0183 A6000000 		.4byte	0xa6
 267 0187 04       		.byte	0x4
 268 0188 00       		.byte	0
 269 0189 06       		.uleb128 0x6
 270 018a AD000000 		.4byte	0xad
 271 018e 07       		.uleb128 0x7
 272 018f 9B000000 		.4byte	0x9b
 273 0193 9E010000 		.4byte	0x19e
 274 0197 08       		.uleb128 0x8
 275 0198 A6000000 		.4byte	0xa6
 276 019c 15       		.byte	0x15
 277 019d 00       		.byte	0
 278 019e 06       		.uleb128 0x6
 279 019f 8E010000 		.4byte	0x18e
 280 01a3 0C       		.uleb128 0xc
 281 01a4 536D6300 		.ascii	"Smc\000"
 282 01a8 03       		.byte	0x3
ARM GAS  /tmp/cchyFaGS.s 			page 6


 283 01a9 F111     		.2byte	0x11f1
 284 01ab 07010000 		.4byte	0x107
 285 01af 0D       		.uleb128 0xd
 286 01b0 AB000000 		.4byte	.LASF30
 287 01b4 01       		.byte	0x1
 288 01b5 04       		.byte	0x4
 289 01b6 00000000 		.4byte	.LFB29
 290 01ba 32000000 		.4byte	.LFE29-.LFB29
 291 01be 01       		.uleb128 0x1
 292 01bf 9C       		.byte	0x9c
 293 01c0 F2010000 		.4byte	0x1f2
 294 01c4 0E       		.uleb128 0xe
 295 01c5 6E000000 		.4byte	.LASF31
 296 01c9 01       		.byte	0x1
 297 01ca 04       		.byte	0x4
 298 01cb F2010000 		.4byte	0x1f2
 299 01cf 00000000 		.4byte	.LLST0
 300 01d3 0F       		.uleb128 0xf
 301 01d4 0E000000 		.4byte	.LASF32
 302 01d8 01       		.byte	0x1
 303 01d9 06       		.byte	0x6
 304 01da 48000000 		.4byte	0x48
 305 01de 1E000000 		.4byte	.LLST1
 306 01e2 10       		.uleb128 0x10
 307 01e3 0A000000 		.4byte	.LVL2
 308 01e7 09020000 		.4byte	0x209
 309 01eb 11       		.uleb128 0x11
 310 01ec 01       		.uleb128 0x1
 311 01ed 50       		.byte	0x50
 312 01ee 01       		.uleb128 0x1
 313 01ef 3A       		.byte	0x3a
 314 01f0 00       		.byte	0
 315 01f1 00       		.byte	0
 316 01f2 12       		.uleb128 0x12
 317 01f3 04       		.byte	0x4
 318 01f4 A3010000 		.4byte	0x1a3
 319 01f8 13       		.uleb128 0x13
 320 01f9 E2000000 		.4byte	.LASF33
 321 01fd 04       		.byte	0x4
 322 01fe CE06     		.2byte	0x6ce
 323 0200 04020000 		.4byte	0x204
 324 0204 06       		.uleb128 0x6
 325 0205 68000000 		.4byte	0x68
 326 0209 14       		.uleb128 0x14
 327 020a 6F020000 		.4byte	.LASF34
 328 020e 05       		.byte	0x5
 329 020f 2E       		.byte	0x2e
 330 0210 15       		.uleb128 0x15
 331 0211 48000000 		.4byte	0x48
 332 0215 00       		.byte	0
 333 0216 00       		.byte	0
 334              		.section	.debug_abbrev,"",%progbits
 335              	.Ldebug_abbrev0:
 336 0000 01       		.uleb128 0x1
 337 0001 11       		.uleb128 0x11
 338 0002 01       		.byte	0x1
 339 0003 25       		.uleb128 0x25
ARM GAS  /tmp/cchyFaGS.s 			page 7


 340 0004 0E       		.uleb128 0xe
 341 0005 13       		.uleb128 0x13
 342 0006 0B       		.uleb128 0xb
 343 0007 03       		.uleb128 0x3
 344 0008 0E       		.uleb128 0xe
 345 0009 1B       		.uleb128 0x1b
 346 000a 0E       		.uleb128 0xe
 347 000b 55       		.uleb128 0x55
 348 000c 17       		.uleb128 0x17
 349 000d 11       		.uleb128 0x11
 350 000e 01       		.uleb128 0x1
 351 000f 10       		.uleb128 0x10
 352 0010 17       		.uleb128 0x17
 353 0011 00       		.byte	0
 354 0012 00       		.byte	0
 355 0013 02       		.uleb128 0x2
 356 0014 24       		.uleb128 0x24
 357 0015 00       		.byte	0
 358 0016 0B       		.uleb128 0xb
 359 0017 0B       		.uleb128 0xb
 360 0018 3E       		.uleb128 0x3e
 361 0019 0B       		.uleb128 0xb
 362 001a 03       		.uleb128 0x3
 363 001b 0E       		.uleb128 0xe
 364 001c 00       		.byte	0
 365 001d 00       		.byte	0
 366 001e 03       		.uleb128 0x3
 367 001f 16       		.uleb128 0x16
 368 0020 00       		.byte	0
 369 0021 03       		.uleb128 0x3
 370 0022 0E       		.uleb128 0xe
 371 0023 3A       		.uleb128 0x3a
 372 0024 0B       		.uleb128 0xb
 373 0025 3B       		.uleb128 0x3b
 374 0026 0B       		.uleb128 0xb
 375 0027 49       		.uleb128 0x49
 376 0028 13       		.uleb128 0x13
 377 0029 00       		.byte	0
 378 002a 00       		.byte	0
 379 002b 04       		.uleb128 0x4
 380 002c 24       		.uleb128 0x24
 381 002d 00       		.byte	0
 382 002e 0B       		.uleb128 0xb
 383 002f 0B       		.uleb128 0xb
 384 0030 3E       		.uleb128 0x3e
 385 0031 0B       		.uleb128 0xb
 386 0032 03       		.uleb128 0x3
 387 0033 08       		.uleb128 0x8
 388 0034 00       		.byte	0
 389 0035 00       		.byte	0
 390 0036 05       		.uleb128 0x5
 391 0037 26       		.uleb128 0x26
 392 0038 00       		.byte	0
 393 0039 49       		.uleb128 0x49
 394 003a 13       		.uleb128 0x13
 395 003b 00       		.byte	0
 396 003c 00       		.byte	0
ARM GAS  /tmp/cchyFaGS.s 			page 8


 397 003d 06       		.uleb128 0x6
 398 003e 35       		.uleb128 0x35
 399 003f 00       		.byte	0
 400 0040 49       		.uleb128 0x49
 401 0041 13       		.uleb128 0x13
 402 0042 00       		.byte	0
 403 0043 00       		.byte	0
 404 0044 07       		.uleb128 0x7
 405 0045 01       		.uleb128 0x1
 406 0046 01       		.byte	0x1
 407 0047 49       		.uleb128 0x49
 408 0048 13       		.uleb128 0x13
 409 0049 01       		.uleb128 0x1
 410 004a 13       		.uleb128 0x13
 411 004b 00       		.byte	0
 412 004c 00       		.byte	0
 413 004d 08       		.uleb128 0x8
 414 004e 21       		.uleb128 0x21
 415 004f 00       		.byte	0
 416 0050 49       		.uleb128 0x49
 417 0051 13       		.uleb128 0x13
 418 0052 2F       		.uleb128 0x2f
 419 0053 0B       		.uleb128 0xb
 420 0054 00       		.byte	0
 421 0055 00       		.byte	0
 422 0056 09       		.uleb128 0x9
 423 0057 13       		.uleb128 0x13
 424 0058 01       		.byte	0x1
 425 0059 0B       		.uleb128 0xb
 426 005a 0B       		.uleb128 0xb
 427 005b 3A       		.uleb128 0x3a
 428 005c 0B       		.uleb128 0xb
 429 005d 3B       		.uleb128 0x3b
 430 005e 05       		.uleb128 0x5
 431 005f 01       		.uleb128 0x1
 432 0060 13       		.uleb128 0x13
 433 0061 00       		.byte	0
 434 0062 00       		.byte	0
 435 0063 0A       		.uleb128 0xa
 436 0064 0D       		.uleb128 0xd
 437 0065 00       		.byte	0
 438 0066 03       		.uleb128 0x3
 439 0067 0E       		.uleb128 0xe
 440 0068 3A       		.uleb128 0x3a
 441 0069 0B       		.uleb128 0xb
 442 006a 3B       		.uleb128 0x3b
 443 006b 05       		.uleb128 0x5
 444 006c 49       		.uleb128 0x49
 445 006d 13       		.uleb128 0x13
 446 006e 38       		.uleb128 0x38
 447 006f 0B       		.uleb128 0xb
 448 0070 00       		.byte	0
 449 0071 00       		.byte	0
 450 0072 0B       		.uleb128 0xb
 451 0073 16       		.uleb128 0x16
 452 0074 00       		.byte	0
 453 0075 03       		.uleb128 0x3
ARM GAS  /tmp/cchyFaGS.s 			page 9


 454 0076 0E       		.uleb128 0xe
 455 0077 3A       		.uleb128 0x3a
 456 0078 0B       		.uleb128 0xb
 457 0079 3B       		.uleb128 0x3b
 458 007a 05       		.uleb128 0x5
 459 007b 49       		.uleb128 0x49
 460 007c 13       		.uleb128 0x13
 461 007d 00       		.byte	0
 462 007e 00       		.byte	0
 463 007f 0C       		.uleb128 0xc
 464 0080 16       		.uleb128 0x16
 465 0081 00       		.byte	0
 466 0082 03       		.uleb128 0x3
 467 0083 08       		.uleb128 0x8
 468 0084 3A       		.uleb128 0x3a
 469 0085 0B       		.uleb128 0xb
 470 0086 3B       		.uleb128 0x3b
 471 0087 05       		.uleb128 0x5
 472 0088 49       		.uleb128 0x49
 473 0089 13       		.uleb128 0x13
 474 008a 00       		.byte	0
 475 008b 00       		.byte	0
 476 008c 0D       		.uleb128 0xd
 477 008d 2E       		.uleb128 0x2e
 478 008e 01       		.byte	0x1
 479 008f 3F       		.uleb128 0x3f
 480 0090 19       		.uleb128 0x19
 481 0091 03       		.uleb128 0x3
 482 0092 0E       		.uleb128 0xe
 483 0093 3A       		.uleb128 0x3a
 484 0094 0B       		.uleb128 0xb
 485 0095 3B       		.uleb128 0x3b
 486 0096 0B       		.uleb128 0xb
 487 0097 27       		.uleb128 0x27
 488 0098 19       		.uleb128 0x19
 489 0099 11       		.uleb128 0x11
 490 009a 01       		.uleb128 0x1
 491 009b 12       		.uleb128 0x12
 492 009c 06       		.uleb128 0x6
 493 009d 40       		.uleb128 0x40
 494 009e 18       		.uleb128 0x18
 495 009f 9742     		.uleb128 0x2117
 496 00a1 19       		.uleb128 0x19
 497 00a2 01       		.uleb128 0x1
 498 00a3 13       		.uleb128 0x13
 499 00a4 00       		.byte	0
 500 00a5 00       		.byte	0
 501 00a6 0E       		.uleb128 0xe
 502 00a7 05       		.uleb128 0x5
 503 00a8 00       		.byte	0
 504 00a9 03       		.uleb128 0x3
 505 00aa 0E       		.uleb128 0xe
 506 00ab 3A       		.uleb128 0x3a
 507 00ac 0B       		.uleb128 0xb
 508 00ad 3B       		.uleb128 0x3b
 509 00ae 0B       		.uleb128 0xb
 510 00af 49       		.uleb128 0x49
ARM GAS  /tmp/cchyFaGS.s 			page 10


 511 00b0 13       		.uleb128 0x13
 512 00b1 02       		.uleb128 0x2
 513 00b2 17       		.uleb128 0x17
 514 00b3 00       		.byte	0
 515 00b4 00       		.byte	0
 516 00b5 0F       		.uleb128 0xf
 517 00b6 34       		.uleb128 0x34
 518 00b7 00       		.byte	0
 519 00b8 03       		.uleb128 0x3
 520 00b9 0E       		.uleb128 0xe
 521 00ba 3A       		.uleb128 0x3a
 522 00bb 0B       		.uleb128 0xb
 523 00bc 3B       		.uleb128 0x3b
 524 00bd 0B       		.uleb128 0xb
 525 00be 49       		.uleb128 0x49
 526 00bf 13       		.uleb128 0x13
 527 00c0 02       		.uleb128 0x2
 528 00c1 17       		.uleb128 0x17
 529 00c2 00       		.byte	0
 530 00c3 00       		.byte	0
 531 00c4 10       		.uleb128 0x10
 532 00c5 898201   		.uleb128 0x4109
 533 00c8 01       		.byte	0x1
 534 00c9 11       		.uleb128 0x11
 535 00ca 01       		.uleb128 0x1
 536 00cb 31       		.uleb128 0x31
 537 00cc 13       		.uleb128 0x13
 538 00cd 00       		.byte	0
 539 00ce 00       		.byte	0
 540 00cf 11       		.uleb128 0x11
 541 00d0 8A8201   		.uleb128 0x410a
 542 00d3 00       		.byte	0
 543 00d4 02       		.uleb128 0x2
 544 00d5 18       		.uleb128 0x18
 545 00d6 9142     		.uleb128 0x2111
 546 00d8 18       		.uleb128 0x18
 547 00d9 00       		.byte	0
 548 00da 00       		.byte	0
 549 00db 12       		.uleb128 0x12
 550 00dc 0F       		.uleb128 0xf
 551 00dd 00       		.byte	0
 552 00de 0B       		.uleb128 0xb
 553 00df 0B       		.uleb128 0xb
 554 00e0 49       		.uleb128 0x49
 555 00e1 13       		.uleb128 0x13
 556 00e2 00       		.byte	0
 557 00e3 00       		.byte	0
 558 00e4 13       		.uleb128 0x13
 559 00e5 34       		.uleb128 0x34
 560 00e6 00       		.byte	0
 561 00e7 03       		.uleb128 0x3
 562 00e8 0E       		.uleb128 0xe
 563 00e9 3A       		.uleb128 0x3a
 564 00ea 0B       		.uleb128 0xb
 565 00eb 3B       		.uleb128 0x3b
 566 00ec 05       		.uleb128 0x5
 567 00ed 49       		.uleb128 0x49
ARM GAS  /tmp/cchyFaGS.s 			page 11


 568 00ee 13       		.uleb128 0x13
 569 00ef 3F       		.uleb128 0x3f
 570 00f0 19       		.uleb128 0x19
 571 00f1 3C       		.uleb128 0x3c
 572 00f2 19       		.uleb128 0x19
 573 00f3 00       		.byte	0
 574 00f4 00       		.byte	0
 575 00f5 14       		.uleb128 0x14
 576 00f6 2E       		.uleb128 0x2e
 577 00f7 01       		.byte	0x1
 578 00f8 3F       		.uleb128 0x3f
 579 00f9 19       		.uleb128 0x19
 580 00fa 03       		.uleb128 0x3
 581 00fb 0E       		.uleb128 0xe
 582 00fc 3A       		.uleb128 0x3a
 583 00fd 0B       		.uleb128 0xb
 584 00fe 3B       		.uleb128 0x3b
 585 00ff 0B       		.uleb128 0xb
 586 0100 27       		.uleb128 0x27
 587 0101 19       		.uleb128 0x19
 588 0102 3C       		.uleb128 0x3c
 589 0103 19       		.uleb128 0x19
 590 0104 00       		.byte	0
 591 0105 00       		.byte	0
 592 0106 15       		.uleb128 0x15
 593 0107 05       		.uleb128 0x5
 594 0108 00       		.byte	0
 595 0109 49       		.uleb128 0x49
 596 010a 13       		.uleb128 0x13
 597 010b 00       		.byte	0
 598 010c 00       		.byte	0
 599 010d 00       		.byte	0
 600              		.section	.debug_loc,"",%progbits
 601              	.Ldebug_loc0:
 602              	.LLST0:
 603 0000 00000000 		.4byte	.LVL0
 604 0004 06000000 		.4byte	.LVL1
 605 0008 0100     		.2byte	0x1
 606 000a 50       		.byte	0x50
 607 000b 06000000 		.4byte	.LVL1
 608 000f 32000000 		.4byte	.LFE29
 609 0013 0100     		.2byte	0x1
 610 0015 54       		.byte	0x54
 611 0016 00000000 		.4byte	0
 612 001a 00000000 		.4byte	0
 613              	.LLST1:
 614 001e 26000000 		.4byte	.LVL3
 615 0022 2A000000 		.4byte	.LVL4
 616 0026 0700     		.2byte	0x7
 617 0028 73       		.byte	0x73
 618 0029 00       		.sleb128 0
 619 002a 0B       		.byte	0xb
 620 002b FFCF     		.2byte	0xcfff
 621 002d 1A       		.byte	0x1a
 622 002e 9F       		.byte	0x9f
 623 002f 2A000000 		.4byte	.LVL4
 624 0033 2E000000 		.4byte	.LVL5
ARM GAS  /tmp/cchyFaGS.s 			page 12


 625 0037 0100     		.2byte	0x1
 626 0039 53       		.byte	0x53
 627 003a 00000000 		.4byte	0
 628 003e 00000000 		.4byte	0
 629              		.section	.debug_aranges,"",%progbits
 630 0000 1C000000 		.4byte	0x1c
 631 0004 0200     		.2byte	0x2
 632 0006 00000000 		.4byte	.Ldebug_info0
 633 000a 04       		.byte	0x4
 634 000b 00       		.byte	0
 635 000c 0000     		.2byte	0
 636 000e 0000     		.2byte	0
 637 0010 00000000 		.4byte	.LFB29
 638 0014 32000000 		.4byte	.LFE29-.LFB29
 639 0018 00000000 		.4byte	0
 640 001c 00000000 		.4byte	0
 641              		.section	.debug_ranges,"",%progbits
 642              	.Ldebug_ranges0:
 643 0000 00000000 		.4byte	.LFB29
 644 0004 32000000 		.4byte	.LFE29
 645 0008 00000000 		.4byte	0
 646 000c 00000000 		.4byte	0
 647              		.section	.debug_line,"",%progbits
 648              	.Ldebug_line0:
 649 0000 1D010000 		.section	.debug_str,"MS",%progbits,1
 649      0200EC00 
 649      00000201 
 649      FB0E0D00 
 649      01010101 
 650              	.LASF6:
 651 0000 6C6F6E67 		.ascii	"long long int\000"
 651      206C6F6E 
 651      6720696E 
 651      7400
 652              	.LASF32:
 653 000e 6477546D 		.ascii	"dwTmp\000"
 653      7000
 654              	.LASF29:
 655 0014 2F686F6D 		.ascii	"/home/santi/Documentos/ProyectoDron_2018/MCU/creato"
 655      652F7361 
 655      6E74692F 
 655      446F6375 
 655      6D656E74 
 656 0047 7200     		.ascii	"r\000"
 657              	.LASF20:
 658 0049 52657365 		.ascii	"Reserved1\000"
 658      72766564 
 658      3100
 659              	.LASF17:
 660 0053 534D435F 		.ascii	"SMC_MODE\000"
 660      4D4F4445 
 660      00
 661              	.LASF22:
 662 005c 534D435F 		.ascii	"SMC_KEY1\000"
 662      4B455931 
 662      00
 663              	.LASF23:
ARM GAS  /tmp/cchyFaGS.s 			page 13


 664 0065 534D435F 		.ascii	"SMC_KEY2\000"
 664      4B455932 
 664      00
 665              	.LASF31:
 666 006e 70536D63 		.ascii	"pSmc\000"
 666      00
 667              	.LASF1:
 668 0073 756E7369 		.ascii	"unsigned char\000"
 668      676E6564 
 668      20636861 
 668      7200
 669              	.LASF21:
 670 0081 534D435F 		.ascii	"SMC_OCMS\000"
 670      4F434D53 
 670      00
 671              	.LASF3:
 672 008a 73686F72 		.ascii	"short unsigned int\000"
 672      7420756E 
 672      7369676E 
 672      65642069 
 672      6E7400
 673              	.LASF19:
 674 009d 534D435F 		.ascii	"SMC_CS_NUMBER\000"
 674      43535F4E 
 674      554D4245 
 674      5200
 675              	.LASF30:
 676 00ab 424F4152 		.ascii	"BOARD_ConfigurePSRAM\000"
 676      445F436F 
 676      6E666967 
 676      75726550 
 676      5352414D 
 677              	.LASF11:
 678 00c0 576F5265 		.ascii	"WoReg\000"
 678      6700
 679              	.LASF16:
 680 00c6 534D435F 		.ascii	"SMC_CYCLE\000"
 680      4359434C 
 680      4500
 681              	.LASF5:
 682 00d0 6C6F6E67 		.ascii	"long unsigned int\000"
 682      20756E73 
 682      69676E65 
 682      6420696E 
 682      7400
 683              	.LASF33:
 684 00e2 49544D5F 		.ascii	"ITM_RxBuffer\000"
 684      52784275 
 684      66666572 
 684      00
 685              	.LASF25:
 686 00ef 534D435F 		.ascii	"SMC_WPMR\000"
 686      57504D52 
 686      00
 687              	.LASF8:
 688 00f8 756E7369 		.ascii	"unsigned int\000"
 688      676E6564 
ARM GAS  /tmp/cchyFaGS.s 			page 14


 688      20696E74 
 688      00
 689              	.LASF15:
 690 0105 534D435F 		.ascii	"SMC_PULSE\000"
 690      50554C53 
 690      4500
 691              	.LASF7:
 692 010f 6C6F6E67 		.ascii	"long long unsigned int\000"
 692      206C6F6E 
 692      6720756E 
 692      7369676E 
 692      65642069 
 693              	.LASF24:
 694 0126 52657365 		.ascii	"Reserved2\000"
 694      72766564 
 694      3200
 695              	.LASF27:
 696 0130 474E5520 		.ascii	"GNU C 4.8.1 -mcpu=cortex-m3 -mno-thumb-interwork -m"
 696      4320342E 
 696      382E3120 
 696      2D6D6370 
 696      753D636F 
 697 0163 7468756D 		.ascii	"thumb -ggdb -O2 -std=gnu99 -fomit-frame-pointer -fa"
 697      62202D67 
 697      67646220 
 697      2D4F3220 
 697      2D737464 
 698 0196 6C69676E 		.ascii	"lign-functions=16 -ffunction-sections -fdata-sectio"
 698      2D66756E 
 698      6374696F 
 698      6E733D31 
 698      36202D66 
 699 01c9 6E73202D 		.ascii	"ns -fno-common\000"
 699      666E6F2D 
 699      636F6D6D 
 699      6F6E00
 700              	.LASF12:
 701 01d8 52775265 		.ascii	"RwReg\000"
 701      6700
 702              	.LASF13:
 703 01de 73697A65 		.ascii	"sizetype\000"
 703      74797065 
 703      00
 704              	.LASF26:
 705 01e7 534D435F 		.ascii	"SMC_WPSR\000"
 705      57505352 
 705      00
 706              	.LASF2:
 707 01f0 73686F72 		.ascii	"short int\000"
 707      7420696E 
 707      7400
 708              	.LASF14:
 709 01fa 534D435F 		.ascii	"SMC_SETUP\000"
 709      53455455 
 709      5000
 710              	.LASF28:
 711 0204 2E2E2F74 		.ascii	"../third_party/ChibiOS/os/hal/platforms/AT91SAM3S/a"
ARM GAS  /tmp/cchyFaGS.s 			page 15


 711      68697264 
 711      5F706172 
 711      74792F43 
 711      68696269 
 712 0237 746D656C 		.ascii	"tmel_psram.c\000"
 712      5F707372 
 712      616D2E63 
 712      00
 713              	.LASF9:
 714 0244 75696E74 		.ascii	"uint32_t\000"
 714      33325F74 
 714      00
 715              	.LASF4:
 716 024d 6C6F6E67 		.ascii	"long int\000"
 716      20696E74 
 716      00
 717              	.LASF18:
 718 0256 536D6343 		.ascii	"SmcCs_number\000"
 718      735F6E75 
 718      6D626572 
 718      00
 719              	.LASF0:
 720 0263 7369676E 		.ascii	"signed char\000"
 720      65642063 
 720      68617200 
 721              	.LASF34:
 722 026f 504D435F 		.ascii	"PMC_EnablePeripheral\000"
 722      456E6162 
 722      6C655065 
 722      72697068 
 722      6572616C 
 723              	.LASF10:
 724 0284 526F5265 		.ascii	"RoReg\000"
 724      6700
 725              		.ident	"GCC: (Sourcery CodeBench Lite 2013.11-24) 4.8.1"
ARM GAS  /tmp/cchyFaGS.s 			page 16


DEFINED SYMBOLS
                            *ABS*:00000000 atmel_psram.c
     /tmp/cchyFaGS.s:19     .text.BOARD_ConfigurePSRAM:00000000 $t
     /tmp/cchyFaGS.s:25     .text.BOARD_ConfigurePSRAM:00000000 BOARD_ConfigurePSRAM
                     .debug_frame:00000010 $d

UNDEFINED SYMBOLS
PMC_EnablePeripheral
