ARM GAS  /tmp/ccfbJ32L.s 			page 1


   1              		.syntax unified
   2              		.cpu cortex-m3
   3              		.fpu softvfp
   4              		.eabi_attribute 20, 1
   5              		.eabi_attribute 21, 1
   6              		.eabi_attribute 23, 3
   7              		.eabi_attribute 24, 1
   8              		.eabi_attribute 25, 1
   9              		.eabi_attribute 26, 1
  10              		.eabi_attribute 30, 2
  11              		.eabi_attribute 34, 1
  12              		.eabi_attribute 18, 4
  13              		.thumb
  14              		.file	"atmel_spi.c"
  15              		.text
  16              	.Ltext0:
  17              		.cfi_sections	.debug_frame
  18              		.section	.text.SPI_Enable,"ax",%progbits
  19              		.align	2
  20              		.p2align 4,,15
  21              		.global	SPI_Enable
  22              		.thumb
  23              		.thumb_func
  24              		.type	SPI_Enable, %function
  25              	SPI_Enable:
  26              	.LFB0:
  27              		.file 1 "../third_party/ChibiOS/os/hal/platforms/AT91SAM3S/atmel_spi.c"
  28              		.loc 1 85 0
  29              		.cfi_startproc
  30              		@ args = 0, pretend = 0, frame = 0
  31              		@ frame_needed = 0, uses_anonymous_args = 0
  32              		@ link register save eliminated.
  33              	.LVL0:
  34              		.loc 1 86 0
  35 0000 0123     		movs	r3, #1
  36 0002 0360     		str	r3, [r0]
  37 0004 7047     		bx	lr
  38              		.cfi_endproc
  39              	.LFE0:
  40              		.size	SPI_Enable, .-SPI_Enable
  41 0006 00BFAFF3 		.section	.text.SPI_Disable,"ax",%progbits
  41      0080AFF3 
  41      0080
  42              		.align	2
  43              		.p2align 4,,15
  44              		.global	SPI_Disable
  45              		.thumb
  46              		.thumb_func
  47              		.type	SPI_Disable, %function
  48              	SPI_Disable:
  49              	.LFB1:
  50              		.loc 1 95 0
  51              		.cfi_startproc
  52              		@ args = 0, pretend = 0, frame = 0
  53              		@ frame_needed = 0, uses_anonymous_args = 0
  54              		@ link register save eliminated.
  55              	.LVL1:
ARM GAS  /tmp/ccfbJ32L.s 			page 2


  56              		.loc 1 96 0
  57 0000 0223     		movs	r3, #2
  58 0002 0360     		str	r3, [r0]
  59 0004 7047     		bx	lr
  60              		.cfi_endproc
  61              	.LFE1:
  62              		.size	SPI_Disable, .-SPI_Disable
  63 0006 00BFAFF3 		.section	.text.SPI_EnableIt,"ax",%progbits
  63      0080AFF3 
  63      0080
  64              		.align	2
  65              		.p2align 4,,15
  66              		.global	SPI_EnableIt
  67              		.thumb
  68              		.thumb_func
  69              		.type	SPI_EnableIt, %function
  70              	SPI_EnableIt:
  71              	.LFB2:
  72              		.loc 1 106 0
  73              		.cfi_startproc
  74              		@ args = 0, pretend = 0, frame = 0
  75              		@ frame_needed = 0, uses_anonymous_args = 0
  76              		@ link register save eliminated.
  77              	.LVL2:
  78              		.loc 1 107 0
  79 0000 4161     		str	r1, [r0, #20]
  80 0002 7047     		bx	lr
  81              		.cfi_endproc
  82              	.LFE2:
  83              		.size	SPI_EnableIt, .-SPI_EnableIt
  84 0004 AFF30080 		.section	.text.SPI_DisableIt,"ax",%progbits
  84      AFF30080 
  84      AFF30080 
  85              		.align	2
  86              		.p2align 4,,15
  87              		.global	SPI_DisableIt
  88              		.thumb
  89              		.thumb_func
  90              		.type	SPI_DisableIt, %function
  91              	SPI_DisableIt:
  92              	.LFB3:
  93              		.loc 1 117 0
  94              		.cfi_startproc
  95              		@ args = 0, pretend = 0, frame = 0
  96              		@ frame_needed = 0, uses_anonymous_args = 0
  97              		@ link register save eliminated.
  98              	.LVL3:
  99              		.loc 1 118 0
 100 0000 8161     		str	r1, [r0, #24]
 101 0002 7047     		bx	lr
 102              		.cfi_endproc
 103              	.LFE3:
 104              		.size	SPI_DisableIt, .-SPI_DisableIt
 105 0004 AFF30080 		.section	.text.SPI_Configure,"ax",%progbits
 105      AFF30080 
 105      AFF30080 
 106              		.align	2
ARM GAS  /tmp/ccfbJ32L.s 			page 3


 107              		.p2align 4,,15
 108              		.global	SPI_Configure
 109              		.thumb
 110              		.thumb_func
 111              		.type	SPI_Configure, %function
 112              	SPI_Configure:
 113              	.LFB4:
 114              		.loc 1 130 0
 115              		.cfi_startproc
 116              		@ args = 0, pretend = 0, frame = 0
 117              		@ frame_needed = 0, uses_anonymous_args = 0
 118              	.LVL4:
 119 0000 38B5     		push	{r3, r4, r5, lr}
 120              		.cfi_def_cfa_offset 16
 121              		.cfi_offset 3, -16
 122              		.cfi_offset 4, -12
 123              		.cfi_offset 5, -8
 124              		.cfi_offset 14, -4
 125              		.loc 1 130 0
 126 0002 0446     		mov	r4, r0
 127              		.loc 1 131 0
 128 0004 0846     		mov	r0, r1
 129              	.LVL5:
 130              		.loc 1 130 0
 131 0006 1546     		mov	r5, r2
 132              		.loc 1 131 0
 133 0008 FFF7FEFF 		bl	PMC_EnablePeripheral
 134              	.LVL6:
 135              		.loc 1 135 0
 136 000c 8023     		movs	r3, #128
 137              		.loc 1 132 0
 138 000e 0222     		movs	r2, #2
 139 0010 2260     		str	r2, [r4]
 140              		.loc 1 135 0
 141 0012 2360     		str	r3, [r4]
 142              		.loc 1 136 0
 143 0014 2360     		str	r3, [r4]
 144              		.loc 1 137 0
 145 0016 6560     		str	r5, [r4, #4]
 146 0018 38BD     		pop	{r3, r4, r5, pc}
 147              		.cfi_endproc
 148              	.LFE4:
 149              		.size	SPI_Configure, .-SPI_Configure
 150 001a 00BFAFF3 		.section	.text.SPI_ConfigureNPCS,"ax",%progbits
 150      0080
 151              		.align	2
 152              		.p2align 4,,15
 153              		.global	SPI_ConfigureNPCS
 154              		.thumb
 155              		.thumb_func
 156              		.type	SPI_ConfigureNPCS, %function
 157              	SPI_ConfigureNPCS:
 158              	.LFB5:
 159              		.loc 1 150 0
 160              		.cfi_startproc
 161              		@ args = 0, pretend = 0, frame = 0
 162              		@ frame_needed = 0, uses_anonymous_args = 0
ARM GAS  /tmp/ccfbJ32L.s 			page 4


 163              		@ link register save eliminated.
 164              	.LVL7:
 165              		.loc 1 151 0
 166 0000 0C31     		adds	r1, r1, #12
 167              	.LVL8:
 168 0002 40F82120 		str	r2, [r0, r1, lsl #2]
 169 0006 7047     		bx	lr
 170              		.cfi_endproc
 171              	.LFE5:
 172              		.size	SPI_ConfigureNPCS, .-SPI_ConfigureNPCS
 173 0008 AFF30080 		.section	.text.SPI_GetStatus,"ax",%progbits
 173      AFF30080 
 174              		.align	2
 175              		.p2align 4,,15
 176              		.global	SPI_GetStatus
 177              		.thumb
 178              		.thumb_func
 179              		.type	SPI_GetStatus, %function
 180              	SPI_GetStatus:
 181              	.LFB6:
 182              		.loc 1 162 0
 183              		.cfi_startproc
 184              		@ args = 0, pretend = 0, frame = 0
 185              		@ frame_needed = 0, uses_anonymous_args = 0
 186              		@ link register save eliminated.
 187              	.LVL9:
 188              		.loc 1 163 0
 189 0000 0069     		ldr	r0, [r0, #16]
 190              	.LVL10:
 191              		.loc 1 164 0
 192 0002 7047     		bx	lr
 193              		.cfi_endproc
 194              	.LFE6:
 195              		.size	SPI_GetStatus, .-SPI_GetStatus
 196 0004 AFF30080 		.section	.text.SPI_Read,"ax",%progbits
 196      AFF30080 
 196      AFF30080 
 197              		.align	2
 198              		.p2align 4,,15
 199              		.global	SPI_Read
 200              		.thumb
 201              		.thumb_func
 202              		.type	SPI_Read, %function
 203              	SPI_Read:
 204              	.LFB7:
 205              		.loc 1 175 0
 206              		.cfi_startproc
 207              		@ args = 0, pretend = 0, frame = 0
 208              		@ frame_needed = 0, uses_anonymous_args = 0
 209              		@ link register save eliminated.
 210              	.LVL11:
 211              	.L10:
 212              		.loc 1 176 0 discriminator 1
 213 0000 0369     		ldr	r3, [r0, #16]
 214 0002 DB07     		lsls	r3, r3, #31
 215 0004 FCD5     		bpl	.L10
 216              		.loc 1 178 0
ARM GAS  /tmp/ccfbJ32L.s 			page 5


 217 0006 8068     		ldr	r0, [r0, #8]
 218              	.LVL12:
 219              		.loc 1 179 0
 220 0008 80B2     		uxth	r0, r0
 221 000a 7047     		bx	lr
 222              		.cfi_endproc
 223              	.LFE7:
 224              		.size	SPI_Read, .-SPI_Read
 225 000c AFF30080 		.section	.text.SPI_Write,"ax",%progbits
 226              		.align	2
 227              		.p2align 4,,15
 228              		.global	SPI_Write
 229              		.thumb
 230              		.thumb_func
 231              		.type	SPI_Write, %function
 232              	SPI_Write:
 233              	.LFB8:
 234              		.loc 1 191 0
 235              		.cfi_startproc
 236              		@ args = 0, pretend = 0, frame = 0
 237              		@ frame_needed = 0, uses_anonymous_args = 0
 238              	.LVL13:
 239 0000 38B5     		push	{r3, r4, r5, lr}
 240              		.cfi_def_cfa_offset 16
 241              		.cfi_offset 3, -16
 242              		.cfi_offset 4, -12
 243              		.cfi_offset 5, -8
 244              		.cfi_offset 14, -4
 245 0002 0446     		mov	r4, r0
 246 0004 1546     		mov	r5, r2
 247              	.LVL14:
 248              	.L14:
 249              		.loc 1 193 0 discriminator 1
 250 0006 2369     		ldr	r3, [r4, #16]
 251 0008 9805     		lsls	r0, r3, #22
 252 000a FCD5     		bpl	.L14
 253              		.loc 1 194 0
 254 000c 0846     		mov	r0, r1
 255 000e FFF7FEFF 		bl	SPI_PCS
 256              	.LVL15:
 257 0012 2843     		orrs	r0, r0, r5
 258 0014 E060     		str	r0, [r4, #12]
 259              	.L16:
 260              		.loc 1 195 0 discriminator 1
 261 0016 2369     		ldr	r3, [r4, #16]
 262 0018 9A07     		lsls	r2, r3, #30
 263 001a FCD5     		bpl	.L16
 264              		.loc 1 196 0
 265 001c 38BD     		pop	{r3, r4, r5, pc}
 266              		.cfi_endproc
 267              	.LFE8:
 268              		.size	SPI_Write, .-SPI_Write
 269 001e 00BF     		.section	.text.SPI_IsFinished,"ax",%progbits
 270              		.align	2
 271              		.p2align 4,,15
 272              		.global	SPI_IsFinished
 273              		.thumb
ARM GAS  /tmp/ccfbJ32L.s 			page 6


 274              		.thumb_func
 275              		.type	SPI_IsFinished, %function
 276              	SPI_IsFinished:
 277              	.LFB9:
 278              		.loc 1 207 0
 279              		.cfi_startproc
 280              		@ args = 0, pretend = 0, frame = 0
 281              		@ frame_needed = 0, uses_anonymous_args = 0
 282              		@ link register save eliminated.
 283              	.LVL16:
 284              		.loc 1 208 0
 285 0000 0069     		ldr	r0, [r0, #16]
 286              	.LVL17:
 287              		.loc 1 209 0
 288 0002 C0F34020 		ubfx	r0, r0, #9, #1
 289 0006 7047     		bx	lr
 290              		.cfi_endproc
 291              	.LFE9:
 292              		.size	SPI_IsFinished, .-SPI_IsFinished
 293 0008 AFF30080 		.section	.text.SPI_PdcEnableTx,"ax",%progbits
 293      AFF30080 
 294              		.align	2
 295              		.p2align 4,,15
 296              		.global	SPI_PdcEnableTx
 297              		.thumb
 298              		.thumb_func
 299              		.type	SPI_PdcEnableTx, %function
 300              	SPI_PdcEnableTx:
 301              	.LFB10:
 302              		.loc 1 216 0
 303              		.cfi_startproc
 304              		@ args = 0, pretend = 0, frame = 0
 305              		@ frame_needed = 0, uses_anonymous_args = 0
 306              		@ link register save eliminated.
 307              	.LVL18:
 308              		.loc 1 217 0
 309 0000 4FF48073 		mov	r3, #256
 310 0004 C0F82031 		str	r3, [r0, #288]
 311 0008 7047     		bx	lr
 312              		.cfi_endproc
 313              	.LFE10:
 314              		.size	SPI_PdcEnableTx, .-SPI_PdcEnableTx
 315 000a 00BFAFF3 		.section	.text.SPI_PdcDisableTx,"ax",%progbits
 315      0080
 316              		.align	2
 317              		.p2align 4,,15
 318              		.global	SPI_PdcDisableTx
 319              		.thumb
 320              		.thumb_func
 321              		.type	SPI_PdcDisableTx, %function
 322              	SPI_PdcDisableTx:
 323              	.LFB11:
 324              		.loc 1 225 0
 325              		.cfi_startproc
 326              		@ args = 0, pretend = 0, frame = 0
 327              		@ frame_needed = 0, uses_anonymous_args = 0
 328              		@ link register save eliminated.
ARM GAS  /tmp/ccfbJ32L.s 			page 7


 329              	.LVL19:
 330              		.loc 1 226 0
 331 0000 4FF40073 		mov	r3, #512
 332 0004 C0F82031 		str	r3, [r0, #288]
 333 0008 7047     		bx	lr
 334              		.cfi_endproc
 335              	.LFE11:
 336              		.size	SPI_PdcDisableTx, .-SPI_PdcDisableTx
 337 000a 00BFAFF3 		.section	.text.SPI_PdcEnableRx,"ax",%progbits
 337      0080
 338              		.align	2
 339              		.p2align 4,,15
 340              		.global	SPI_PdcEnableRx
 341              		.thumb
 342              		.thumb_func
 343              		.type	SPI_PdcEnableRx, %function
 344              	SPI_PdcEnableRx:
 345              	.LFB12:
 346              		.loc 1 234 0
 347              		.cfi_startproc
 348              		@ args = 0, pretend = 0, frame = 0
 349              		@ frame_needed = 0, uses_anonymous_args = 0
 350              		@ link register save eliminated.
 351              	.LVL20:
 352              		.loc 1 235 0
 353 0000 0123     		movs	r3, #1
 354 0002 C0F82031 		str	r3, [r0, #288]
 355 0006 7047     		bx	lr
 356              		.cfi_endproc
 357              	.LFE12:
 358              		.size	SPI_PdcEnableRx, .-SPI_PdcEnableRx
 359 0008 AFF30080 		.section	.text.SPI_PdcDisableRx,"ax",%progbits
 359      AFF30080 
 360              		.align	2
 361              		.p2align 4,,15
 362              		.global	SPI_PdcDisableRx
 363              		.thumb
 364              		.thumb_func
 365              		.type	SPI_PdcDisableRx, %function
 366              	SPI_PdcDisableRx:
 367              	.LFB13:
 368              		.loc 1 243 0
 369              		.cfi_startproc
 370              		@ args = 0, pretend = 0, frame = 0
 371              		@ frame_needed = 0, uses_anonymous_args = 0
 372              		@ link register save eliminated.
 373              	.LVL21:
 374              		.loc 1 244 0
 375 0000 0223     		movs	r3, #2
 376 0002 C0F82031 		str	r3, [r0, #288]
 377 0006 7047     		bx	lr
 378              		.cfi_endproc
 379              	.LFE13:
 380              		.size	SPI_PdcDisableRx, .-SPI_PdcDisableRx
 381 0008 AFF30080 		.section	.text.SPI_PdcSetTx,"ax",%progbits
 381      AFF30080 
 382              		.align	2
ARM GAS  /tmp/ccfbJ32L.s 			page 8


 383              		.p2align 4,,15
 384              		.global	SPI_PdcSetTx
 385              		.thumb
 386              		.thumb_func
 387              		.type	SPI_PdcSetTx, %function
 388              	SPI_PdcSetTx:
 389              	.LFB14:
 390              		.loc 1 257 0
 391              		.cfi_startproc
 392              		@ args = 4, pretend = 0, frame = 0
 393              		@ frame_needed = 0, uses_anonymous_args = 0
 394              		@ link register save eliminated.
 395              	.LVL22:
 396 0000 10B4     		push	{r4}
 397              		.cfi_def_cfa_offset 4
 398              		.cfi_offset 4, -4
 399              		.loc 1 257 0
 400 0002 019C     		ldr	r4, [sp, #4]
 401              		.loc 1 258 0
 402 0004 C0F80811 		str	r1, [r0, #264]
 403              		.loc 1 259 0
 404 0008 C0F80C21 		str	r2, [r0, #268]
 405              		.loc 1 260 0
 406 000c C0F81831 		str	r3, [r0, #280]
 407              		.loc 1 261 0
 408 0010 C0F81C41 		str	r4, [r0, #284]
 409              		.loc 1 262 0
 410 0014 5DF8044B 		ldr	r4, [sp], #4
 411 0018 7047     		bx	lr
 412              		.cfi_endproc
 413              	.LFE14:
 414              		.size	SPI_PdcSetTx, .-SPI_PdcSetTx
 415 001a 00BFAFF3 		.section	.text.SPI_PdcSetRx,"ax",%progbits
 415      0080
 416              		.align	2
 417              		.p2align 4,,15
 418              		.global	SPI_PdcSetRx
 419              		.thumb
 420              		.thumb_func
 421              		.type	SPI_PdcSetRx, %function
 422              	SPI_PdcSetRx:
 423              	.LFB15:
 424              		.loc 1 274 0
 425              		.cfi_startproc
 426              		@ args = 4, pretend = 0, frame = 0
 427              		@ frame_needed = 0, uses_anonymous_args = 0
 428              		@ link register save eliminated.
 429              	.LVL23:
 430 0000 10B4     		push	{r4}
 431              		.cfi_def_cfa_offset 4
 432              		.cfi_offset 4, -4
 433              		.loc 1 274 0
 434 0002 019C     		ldr	r4, [sp, #4]
 435              		.loc 1 275 0
 436 0004 C0F80011 		str	r1, [r0, #256]
 437              		.loc 1 276 0
 438 0008 C0F80421 		str	r2, [r0, #260]
ARM GAS  /tmp/ccfbJ32L.s 			page 9


 439              		.loc 1 277 0
 440 000c C0F81031 		str	r3, [r0, #272]
 441              		.loc 1 278 0
 442 0010 C0F81441 		str	r4, [r0, #276]
 443              		.loc 1 279 0
 444 0014 5DF8044B 		ldr	r4, [sp], #4
 445 0018 7047     		bx	lr
 446              		.cfi_endproc
 447              	.LFE15:
 448              		.size	SPI_PdcSetRx, .-SPI_PdcSetRx
 449 001a 00BFAFF3 		.section	.text.SPI_WriteBuffer,"ax",%progbits
 449      0080
 450              		.align	2
 451              		.p2align 4,,15
 452              		.global	SPI_WriteBuffer
 453              		.thumb
 454              		.thumb_func
 455              		.type	SPI_WriteBuffer, %function
 456              	SPI_WriteBuffer:
 457              	.LFB16:
 458              		.loc 1 290 0
 459              		.cfi_startproc
 460              		@ args = 0, pretend = 0, frame = 0
 461              		@ frame_needed = 0, uses_anonymous_args = 0
 462              		@ link register save eliminated.
 463              	.LVL24:
 464 0000 0346     		mov	r3, r0
 465              		.loc 1 292 0
 466 0002 D0F80C01 		ldr	r0, [r0, #268]
 467              	.LVL25:
 468              		.loc 1 290 0
 469 0006 10B4     		push	{r4}
 470              		.cfi_def_cfa_offset 4
 471              		.cfi_offset 4, -4
 472              		.loc 1 292 0
 473 0008 70B1     		cbz	r0, .L28
 474              		.loc 1 303 0
 475 000a D3F81C01 		ldr	r0, [r3, #284]
 476 000e 38B9     		cbnz	r0, .L27
 477              		.loc 1 305 0
 478 0010 C3F81811 		str	r1, [r3, #280]
 479              		.loc 1 308 0
 480 0014 0120     		movs	r0, #1
 481              		.loc 1 306 0
 482 0016 C3F81C21 		str	r2, [r3, #284]
 483              		.loc 1 314 0
 484 001a 5DF8044B 		ldr	r4, [sp], #4
 485 001e 7047     		bx	lr
 486              	.L27:
 487              		.loc 1 313 0
 488 0020 0020     		movs	r0, #0
 489              		.loc 1 314 0
 490 0022 5DF8044B 		ldr	r4, [sp], #4
 491 0026 7047     		bx	lr
 492              	.L28:
 493              		.loc 1 296 0
 494 0028 4FF48074 		mov	r4, #256
ARM GAS  /tmp/ccfbJ32L.s 			page 10


 495              		.loc 1 294 0
 496 002c C3F80811 		str	r1, [r3, #264]
 497              		.loc 1 298 0
 498 0030 0120     		movs	r0, #1
 499              		.loc 1 295 0
 500 0032 C3F80C21 		str	r2, [r3, #268]
 501              		.loc 1 296 0
 502 0036 C3F82041 		str	r4, [r3, #288]
 503              		.loc 1 314 0
 504 003a 5DF8044B 		ldr	r4, [sp], #4
 505 003e 7047     		bx	lr
 506              		.cfi_endproc
 507              	.LFE16:
 508              		.size	SPI_WriteBuffer, .-SPI_WriteBuffer
 509              		.section	.text.SPI_ReadBuffer,"ax",%progbits
 510              		.align	2
 511              		.p2align 4,,15
 512              		.global	SPI_ReadBuffer
 513              		.thumb
 514              		.thumb_func
 515              		.type	SPI_ReadBuffer, %function
 516              	SPI_ReadBuffer:
 517              	.LFB17:
 518              		.loc 1 325 0
 519              		.cfi_startproc
 520              		@ args = 0, pretend = 0, frame = 0
 521              		@ frame_needed = 0, uses_anonymous_args = 0
 522              		@ link register save eliminated.
 523              	.LVL26:
 524 0000 0346     		mov	r3, r0
 525              		.loc 1 327 0
 526 0002 D0F80401 		ldr	r0, [r0, #260]
 527              	.LVL27:
 528              		.loc 1 325 0
 529 0006 10B4     		push	{r4}
 530              		.cfi_def_cfa_offset 4
 531              		.cfi_offset 4, -4
 532              		.loc 1 327 0
 533 0008 70B1     		cbz	r0, .L33
 534              		.loc 1 338 0
 535 000a D3F81401 		ldr	r0, [r3, #276]
 536 000e 38B9     		cbnz	r0, .L32
 537              		.loc 1 340 0
 538 0010 C3F81011 		str	r1, [r3, #272]
 539              		.loc 1 342 0
 540 0014 0120     		movs	r0, #1
 541              		.loc 1 341 0
 542 0016 C3F81421 		str	r2, [r3, #276]
 543              		.loc 1 348 0
 544 001a 5DF8044B 		ldr	r4, [sp], #4
 545 001e 7047     		bx	lr
 546              	.L32:
 547              		.loc 1 347 0
 548 0020 0020     		movs	r0, #0
 549              		.loc 1 348 0
 550 0022 5DF8044B 		ldr	r4, [sp], #4
 551 0026 7047     		bx	lr
ARM GAS  /tmp/ccfbJ32L.s 			page 11


 552              	.L33:
 553              		.loc 1 331 0
 554 0028 0124     		movs	r4, #1
 555              		.loc 1 329 0
 556 002a C3F80011 		str	r1, [r3, #256]
 557              		.loc 1 333 0
 558 002e 2046     		mov	r0, r4
 559              		.loc 1 330 0
 560 0030 C3F80421 		str	r2, [r3, #260]
 561              		.loc 1 331 0
 562 0034 C3F82041 		str	r4, [r3, #288]
 563              		.loc 1 348 0
 564 0038 5DF8044B 		ldr	r4, [sp], #4
 565 003c 7047     		bx	lr
 566              		.cfi_endproc
 567              	.LFE17:
 568              		.size	SPI_ReadBuffer, .-SPI_ReadBuffer
 569 003e 00BF     		.text
 570              	.Letext0:
 571              		.file 2 "/home/santi/arm-2013.11/arm-none-eabi/include/stdint.h"
 572              		.file 3 "../third_party/ChibiOS/os/hal/platforms/AT91SAM3S/SAM3S.h"
 573              		.section	.debug_info,"",%progbits
 574              	.Ldebug_info0:
 575 0000 78060000 		.4byte	0x678
 576 0004 0400     		.2byte	0x4
 577 0006 00000000 		.4byte	.Ldebug_abbrev0
 578 000a 04       		.byte	0x4
 579 000b 01       		.uleb128 0x1
 580 000c 68000000 		.4byte	.LASF74
 581 0010 01       		.byte	0x1
 582 0011 BD020000 		.4byte	.LASF75
 583 0015 A5030000 		.4byte	.LASF76
 584 0019 00000000 		.4byte	.Ldebug_ranges0+0
 585 001d 00000000 		.4byte	0
 586 0021 00000000 		.4byte	.Ldebug_line0
 587 0025 02       		.uleb128 0x2
 588 0026 01       		.byte	0x1
 589 0027 06       		.byte	0x6
 590 0028 4C020000 		.4byte	.LASF0
 591 002c 02       		.uleb128 0x2
 592 002d 01       		.byte	0x1
 593 002e 08       		.byte	0x8
 594 002f 29020000 		.4byte	.LASF1
 595 0033 02       		.uleb128 0x2
 596 0034 02       		.byte	0x2
 597 0035 05       		.byte	0x5
 598 0036 2A000000 		.4byte	.LASF2
 599 003a 03       		.uleb128 0x3
 600 003b 85020000 		.4byte	.LASF5
 601 003f 02       		.byte	0x2
 602 0040 36       		.byte	0x36
 603 0041 45000000 		.4byte	0x45
 604 0045 02       		.uleb128 0x2
 605 0046 02       		.byte	0x2
 606 0047 07       		.byte	0x7
 607 0048 A3020000 		.4byte	.LASF3
 608 004c 02       		.uleb128 0x2
ARM GAS  /tmp/ccfbJ32L.s 			page 12


 609 004d 04       		.byte	0x4
 610 004e 05       		.byte	0x5
 611 004f DD010000 		.4byte	.LASF4
 612 0053 03       		.uleb128 0x3
 613 0054 6F020000 		.4byte	.LASF6
 614 0058 02       		.byte	0x2
 615 0059 50       		.byte	0x50
 616 005a 5E000000 		.4byte	0x5e
 617 005e 02       		.uleb128 0x2
 618 005f 04       		.byte	0x4
 619 0060 07       		.byte	0x7
 620 0061 29030000 		.4byte	.LASF7
 621 0065 02       		.uleb128 0x2
 622 0066 08       		.byte	0x8
 623 0067 05       		.byte	0x5
 624 0068 88010000 		.4byte	.LASF8
 625 006c 02       		.uleb128 0x2
 626 006d 08       		.byte	0x8
 627 006e 07       		.byte	0x7
 628 006f 58020000 		.4byte	.LASF9
 629 0073 04       		.uleb128 0x4
 630 0074 04       		.byte	0x4
 631 0075 05       		.byte	0x5
 632 0076 696E7400 		.ascii	"int\000"
 633 007a 02       		.uleb128 0x2
 634 007b 04       		.byte	0x4
 635 007c 07       		.byte	0x7
 636 007d 78020000 		.4byte	.LASF10
 637 0081 03       		.uleb128 0x3
 638 0082 0B020000 		.4byte	.LASF11
 639 0086 03       		.byte	0x3
 640 0087 35       		.byte	0x35
 641 0088 8C000000 		.4byte	0x8c
 642 008c 05       		.uleb128 0x5
 643 008d 91000000 		.4byte	0x91
 644 0091 06       		.uleb128 0x6
 645 0092 53000000 		.4byte	0x53
 646 0096 03       		.uleb128 0x3
 647 0097 5A000000 		.4byte	.LASF12
 648 009b 03       		.byte	0x3
 649 009c 39       		.byte	0x39
 650 009d A1000000 		.4byte	0xa1
 651 00a1 06       		.uleb128 0x6
 652 00a2 53000000 		.4byte	0x53
 653 00a6 03       		.uleb128 0x3
 654 00a7 3E020000 		.4byte	.LASF13
 655 00ab 03       		.byte	0x3
 656 00ac 3A       		.byte	0x3a
 657 00ad A1000000 		.4byte	0xa1
 658 00b1 02       		.uleb128 0x2
 659 00b2 04       		.byte	0x4
 660 00b3 07       		.byte	0x7
 661 00b4 34000000 		.4byte	.LASF14
 662 00b8 07       		.uleb128 0x7
 663 00b9 A6000000 		.4byte	0xa6
 664 00bd C8000000 		.4byte	0xc8
 665 00c1 08       		.uleb128 0x8
ARM GAS  /tmp/ccfbJ32L.s 			page 13


 666 00c2 B1000000 		.4byte	0xb1
 667 00c6 04       		.byte	0x4
 668 00c7 00       		.byte	0
 669 00c8 07       		.uleb128 0x7
 670 00c9 A6000000 		.4byte	0xa6
 671 00cd D8000000 		.4byte	0xd8
 672 00d1 08       		.uleb128 0x8
 673 00d2 B1000000 		.4byte	0xb1
 674 00d6 03       		.byte	0x3
 675 00d7 00       		.byte	0
 676 00d8 09       		.uleb128 0x9
 677 00d9 2801     		.2byte	0x128
 678 00db 03       		.byte	0x3
 679 00dc 5312     		.2byte	0x1253
 680 00de 25020000 		.4byte	0x225
 681 00e2 0A       		.uleb128 0xa
 682 00e3 0D040000 		.4byte	.LASF15
 683 00e7 03       		.byte	0x3
 684 00e8 5412     		.2byte	0x1254
 685 00ea 96000000 		.4byte	0x96
 686 00ee 00       		.byte	0
 687 00ef 0A       		.uleb128 0xa
 688 00f0 B6020000 		.4byte	.LASF16
 689 00f4 03       		.byte	0x3
 690 00f5 5512     		.2byte	0x1255
 691 00f7 A6000000 		.4byte	0xa6
 692 00fb 04       		.byte	0x4
 693 00fc 0A       		.uleb128 0xa
 694 00fd 19030000 		.4byte	.LASF17
 695 0101 03       		.byte	0x3
 696 0102 5612     		.2byte	0x1256
 697 0104 81000000 		.4byte	0x81
 698 0108 08       		.byte	0x8
 699 0109 0A       		.uleb128 0xa
 700 010a 21020000 		.4byte	.LASF18
 701 010e 03       		.byte	0x3
 702 010f 5712     		.2byte	0x1257
 703 0111 96000000 		.4byte	0x96
 704 0115 0C       		.byte	0xc
 705 0116 0A       		.uleb128 0xa
 706 0117 10010000 		.4byte	.LASF19
 707 011b 03       		.byte	0x3
 708 011c 5812     		.2byte	0x1258
 709 011e 81000000 		.4byte	0x81
 710 0122 10       		.byte	0x10
 711 0123 0A       		.uleb128 0xa
 712 0124 00000000 		.4byte	.LASF20
 713 0128 03       		.byte	0x3
 714 0129 5912     		.2byte	0x1259
 715 012b 96000000 		.4byte	0x96
 716 012f 14       		.byte	0x14
 717 0130 0A       		.uleb128 0xa
 718 0131 21030000 		.4byte	.LASF21
 719 0135 03       		.byte	0x3
 720 0136 5A12     		.2byte	0x125a
 721 0138 96000000 		.4byte	0x96
 722 013c 18       		.byte	0x18
ARM GAS  /tmp/ccfbJ32L.s 			page 14


 723 013d 0A       		.uleb128 0xa
 724 013e 3D000000 		.4byte	.LASF22
 725 0142 03       		.byte	0x3
 726 0143 5B12     		.2byte	0x125b
 727 0145 81000000 		.4byte	0x81
 728 0149 1C       		.byte	0x1c
 729 014a 0A       		.uleb128 0xa
 730 014b 17010000 		.4byte	.LASF23
 731 014f 03       		.byte	0x3
 732 0150 5C12     		.2byte	0x125c
 733 0152 25020000 		.4byte	0x225
 734 0156 20       		.byte	0x20
 735 0157 0A       		.uleb128 0xa
 736 0158 F8030000 		.4byte	.LASF24
 737 015c 03       		.byte	0x3
 738 015d 5D12     		.2byte	0x125d
 739 015f 2A020000 		.4byte	0x22a
 740 0163 30       		.byte	0x30
 741 0164 0A       		.uleb128 0xa
 742 0165 21010000 		.4byte	.LASF25
 743 0169 03       		.byte	0x3
 744 016a 5E12     		.2byte	0x125e
 745 016c 3F020000 		.4byte	0x23f
 746 0170 40       		.byte	0x40
 747 0171 0A       		.uleb128 0xa
 748 0172 9A020000 		.4byte	.LASF26
 749 0176 03       		.byte	0x3
 750 0177 5F12     		.2byte	0x125f
 751 0179 A6000000 		.4byte	0xa6
 752 017d E4       		.byte	0xe4
 753 017e 0A       		.uleb128 0xa
 754 017f 51000000 		.4byte	.LASF27
 755 0183 03       		.byte	0x3
 756 0184 6012     		.2byte	0x1260
 757 0186 81000000 		.4byte	0x81
 758 018a E8       		.byte	0xe8
 759 018b 0A       		.uleb128 0xa
 760 018c 3B030000 		.4byte	.LASF28
 761 0190 03       		.byte	0x3
 762 0191 6112     		.2byte	0x1261
 763 0193 44020000 		.4byte	0x244
 764 0197 EC       		.byte	0xec
 765 0198 0B       		.uleb128 0xb
 766 0199 E7030000 		.4byte	.LASF29
 767 019d 03       		.byte	0x3
 768 019e 6212     		.2byte	0x1262
 769 01a0 A6000000 		.4byte	0xa6
 770 01a4 0001     		.2byte	0x100
 771 01a6 0B       		.uleb128 0xb
 772 01a7 03020000 		.4byte	.LASF30
 773 01ab 03       		.byte	0x3
 774 01ac 6312     		.2byte	0x1263
 775 01ae A6000000 		.4byte	0xa6
 776 01b2 0401     		.2byte	0x104
 777 01b4 0B       		.uleb128 0xb
 778 01b5 0C030000 		.4byte	.LASF31
 779 01b9 03       		.byte	0x3
ARM GAS  /tmp/ccfbJ32L.s 			page 15


 780 01ba 6412     		.2byte	0x1264
 781 01bc A6000000 		.4byte	0xa6
 782 01c0 0801     		.2byte	0x108
 783 01c2 0B       		.uleb128 0xb
 784 01c3 60000000 		.4byte	.LASF32
 785 01c7 03       		.byte	0x3
 786 01c8 6512     		.2byte	0x1265
 787 01ca A6000000 		.4byte	0xa6
 788 01ce 0C01     		.2byte	0x10c
 789 01d0 0B       		.uleb128 0xb
 790 01d1 75010000 		.4byte	.LASF33
 791 01d5 03       		.byte	0x3
 792 01d6 6612     		.2byte	0x1266
 793 01d8 A6000000 		.4byte	0xa6
 794 01dc 1001     		.2byte	0x110
 795 01de 0B       		.uleb128 0xb
 796 01df 9C030000 		.4byte	.LASF34
 797 01e3 03       		.byte	0x3
 798 01e4 6712     		.2byte	0x1267
 799 01e6 A6000000 		.4byte	0xa6
 800 01ea 1401     		.2byte	0x114
 801 01ec 0B       		.uleb128 0xb
 802 01ed 93030000 		.4byte	.LASF35
 803 01f1 03       		.byte	0x3
 804 01f2 6812     		.2byte	0x1268
 805 01f4 A6000000 		.4byte	0xa6
 806 01f8 1801     		.2byte	0x118
 807 01fa 0B       		.uleb128 0xb
 808 01fb E6010000 		.4byte	.LASF36
 809 01ff 03       		.byte	0x3
 810 0200 6912     		.2byte	0x1269
 811 0202 A6000000 		.4byte	0xa6
 812 0206 1C01     		.2byte	0x11c
 813 0208 0B       		.uleb128 0xb
 814 0209 FB020000 		.4byte	.LASF37
 815 020d 03       		.byte	0x3
 816 020e 6A12     		.2byte	0x126a
 817 0210 96000000 		.4byte	0x96
 818 0214 2001     		.2byte	0x120
 819 0216 0B       		.uleb128 0xb
 820 0217 EF030000 		.4byte	.LASF38
 821 021b 03       		.byte	0x3
 822 021c 6B12     		.2byte	0x126b
 823 021e 81000000 		.4byte	0x81
 824 0222 2401     		.2byte	0x124
 825 0224 00       		.byte	0
 826 0225 06       		.uleb128 0x6
 827 0226 C8000000 		.4byte	0xc8
 828 022a 06       		.uleb128 0x6
 829 022b C8000000 		.4byte	0xc8
 830 022f 07       		.uleb128 0x7
 831 0230 A6000000 		.4byte	0xa6
 832 0234 3F020000 		.4byte	0x23f
 833 0238 08       		.uleb128 0x8
 834 0239 B1000000 		.4byte	0xb1
 835 023d 28       		.byte	0x28
 836 023e 00       		.byte	0
ARM GAS  /tmp/ccfbJ32L.s 			page 16


 837 023f 06       		.uleb128 0x6
 838 0240 2F020000 		.4byte	0x22f
 839 0244 06       		.uleb128 0x6
 840 0245 B8000000 		.4byte	0xb8
 841 0249 0C       		.uleb128 0xc
 842 024a 53706900 		.ascii	"Spi\000"
 843 024e 03       		.byte	0x3
 844 024f 6C12     		.2byte	0x126c
 845 0251 D8000000 		.4byte	0xd8
 846 0255 0D       		.uleb128 0xd
 847 0256 D2010000 		.4byte	.LASF39
 848 025a 01       		.byte	0x1
 849 025b 54       		.byte	0x54
 850 025c 00000000 		.4byte	.LFB0
 851 0260 06000000 		.4byte	.LFE0-.LFB0
 852 0264 01       		.uleb128 0x1
 853 0265 9C       		.byte	0x9c
 854 0266 78020000 		.4byte	0x278
 855 026a 0E       		.uleb128 0xe
 856 026b 73706900 		.ascii	"spi\000"
 857 026f 01       		.byte	0x1
 858 0270 54       		.byte	0x54
 859 0271 78020000 		.4byte	0x278
 860 0275 01       		.uleb128 0x1
 861 0276 50       		.byte	0x50
 862 0277 00       		.byte	0
 863 0278 0F       		.uleb128 0xf
 864 0279 04       		.byte	0x4
 865 027a 49020000 		.4byte	0x249
 866 027e 0D       		.uleb128 0xd
 867 027f 8E020000 		.4byte	.LASF40
 868 0283 01       		.byte	0x1
 869 0284 5E       		.byte	0x5e
 870 0285 00000000 		.4byte	.LFB1
 871 0289 06000000 		.4byte	.LFE1-.LFB1
 872 028d 01       		.uleb128 0x1
 873 028e 9C       		.byte	0x9c
 874 028f A1020000 		.4byte	0x2a1
 875 0293 0E       		.uleb128 0xe
 876 0294 73706900 		.ascii	"spi\000"
 877 0298 01       		.byte	0x1
 878 0299 5E       		.byte	0x5e
 879 029a 78020000 		.4byte	0x278
 880 029e 01       		.uleb128 0x1
 881 029f 50       		.byte	0x50
 882 02a0 00       		.byte	0
 883 02a1 0D       		.uleb128 0xd
 884 02a2 2C040000 		.4byte	.LASF41
 885 02a6 01       		.byte	0x1
 886 02a7 69       		.byte	0x69
 887 02a8 00000000 		.4byte	.LFB2
 888 02ac 04000000 		.4byte	.LFE2-.LFB2
 889 02b0 01       		.uleb128 0x1
 890 02b1 9C       		.byte	0x9c
 891 02b2 D1020000 		.4byte	0x2d1
 892 02b6 0E       		.uleb128 0xe
 893 02b7 73706900 		.ascii	"spi\000"
ARM GAS  /tmp/ccfbJ32L.s 			page 17


 894 02bb 01       		.byte	0x1
 895 02bc 69       		.byte	0x69
 896 02bd 78020000 		.4byte	0x278
 897 02c1 01       		.uleb128 0x1
 898 02c2 50       		.byte	0x50
 899 02c3 10       		.uleb128 0x10
 900 02c4 F9010000 		.4byte	.LASF42
 901 02c8 01       		.byte	0x1
 902 02c9 69       		.byte	0x69
 903 02ca 53000000 		.4byte	0x53
 904 02ce 01       		.uleb128 0x1
 905 02cf 51       		.byte	0x51
 906 02d0 00       		.byte	0
 907 02d1 0D       		.uleb128 0xd
 908 02d2 08000000 		.4byte	.LASF43
 909 02d6 01       		.byte	0x1
 910 02d7 74       		.byte	0x74
 911 02d8 00000000 		.4byte	.LFB3
 912 02dc 04000000 		.4byte	.LFE3-.LFB3
 913 02e0 01       		.uleb128 0x1
 914 02e1 9C       		.byte	0x9c
 915 02e2 01030000 		.4byte	0x301
 916 02e6 0E       		.uleb128 0xe
 917 02e7 73706900 		.ascii	"spi\000"
 918 02eb 01       		.byte	0x1
 919 02ec 74       		.byte	0x74
 920 02ed 78020000 		.4byte	0x278
 921 02f1 01       		.uleb128 0x1
 922 02f2 50       		.byte	0x50
 923 02f3 10       		.uleb128 0x10
 924 02f4 F9010000 		.4byte	.LASF42
 925 02f8 01       		.byte	0x1
 926 02f9 74       		.byte	0x74
 927 02fa 53000000 		.4byte	0x53
 928 02fe 01       		.uleb128 0x1
 929 02ff 51       		.byte	0x51
 930 0300 00       		.byte	0
 931 0301 0D       		.uleb128 0xd
 932 0302 39040000 		.4byte	.LASF44
 933 0306 01       		.byte	0x1
 934 0307 81       		.byte	0x81
 935 0308 00000000 		.4byte	.LFB4
 936 030c 1A000000 		.4byte	.LFE4-.LFB4
 937 0310 01       		.uleb128 0x1
 938 0311 9C       		.byte	0x9c
 939 0312 66030000 		.4byte	0x366
 940 0316 11       		.uleb128 0x11
 941 0317 73706900 		.ascii	"spi\000"
 942 031b 01       		.byte	0x1
 943 031c 81       		.byte	0x81
 944 031d 78020000 		.4byte	0x278
 945 0321 00000000 		.4byte	.LLST0
 946 0325 12       		.uleb128 0x12
 947 0326 14030000 		.4byte	.LASF45
 948 032a 01       		.byte	0x1
 949 032b 81       		.byte	0x81
 950 032c 53000000 		.4byte	0x53
ARM GAS  /tmp/ccfbJ32L.s 			page 18


 951 0330 1E000000 		.4byte	.LLST1
 952 0334 12       		.uleb128 0x12
 953 0335 83030000 		.4byte	.LASF46
 954 0339 01       		.byte	0x1
 955 033a 81       		.byte	0x81
 956 033b 53000000 		.4byte	0x53
 957 033f 3F000000 		.4byte	.LLST2
 958 0343 13       		.uleb128 0x13
 959 0344 45030000 		.4byte	.LASF53
 960 0348 01       		.byte	0x1
 961 0349 83       		.byte	0x83
 962 034a 73000000 		.4byte	0x73
 963 034e 54030000 		.4byte	0x354
 964 0352 14       		.uleb128 0x14
 965 0353 00       		.byte	0
 966 0354 15       		.uleb128 0x15
 967 0355 0C000000 		.4byte	.LVL6
 968 0359 5D060000 		.4byte	0x65d
 969 035d 16       		.uleb128 0x16
 970 035e 01       		.uleb128 0x1
 971 035f 50       		.byte	0x50
 972 0360 03       		.uleb128 0x3
 973 0361 F3       		.byte	0xf3
 974 0362 01       		.uleb128 0x1
 975 0363 51       		.byte	0x51
 976 0364 00       		.byte	0
 977 0365 00       		.byte	0
 978 0366 0D       		.uleb128 0xd
 979 0367 2B010000 		.4byte	.LASF47
 980 036b 01       		.byte	0x1
 981 036c 95       		.byte	0x95
 982 036d 00000000 		.4byte	.LFB5
 983 0371 08000000 		.4byte	.LFE5-.LFB5
 984 0375 01       		.uleb128 0x1
 985 0376 9C       		.byte	0x9c
 986 0377 A5030000 		.4byte	0x3a5
 987 037b 0E       		.uleb128 0xe
 988 037c 73706900 		.ascii	"spi\000"
 989 0380 01       		.byte	0x1
 990 0381 95       		.byte	0x95
 991 0382 78020000 		.4byte	0x278
 992 0386 01       		.uleb128 0x1
 993 0387 50       		.byte	0x50
 994 0388 12       		.uleb128 0x12
 995 0389 37020000 		.4byte	.LASF48
 996 038d 01       		.byte	0x1
 997 038e 95       		.byte	0x95
 998 038f 53000000 		.4byte	0x53
 999 0393 5D000000 		.4byte	.LLST3
 1000 0397 10       		.uleb128 0x10
 1001 0398 83030000 		.4byte	.LASF46
 1002 039c 01       		.byte	0x1
 1003 039d 95       		.byte	0x95
 1004 039e 53000000 		.4byte	0x53
 1005 03a2 01       		.uleb128 0x1
 1006 03a3 52       		.byte	0x52
 1007 03a4 00       		.byte	0
ARM GAS  /tmp/ccfbJ32L.s 			page 19


 1008 03a5 17       		.uleb128 0x17
 1009 03a6 B3010000 		.4byte	.LASF49
 1010 03aa 01       		.byte	0x1
 1011 03ab A1       		.byte	0xa1
 1012 03ac 53000000 		.4byte	0x53
 1013 03b0 00000000 		.4byte	.LFB6
 1014 03b4 04000000 		.4byte	.LFE6-.LFB6
 1015 03b8 01       		.uleb128 0x1
 1016 03b9 9C       		.byte	0x9c
 1017 03ba CE030000 		.4byte	0x3ce
 1018 03be 11       		.uleb128 0x11
 1019 03bf 73706900 		.ascii	"spi\000"
 1020 03c3 01       		.byte	0x1
 1021 03c4 A1       		.byte	0xa1
 1022 03c5 78020000 		.4byte	0x278
 1023 03c9 7D000000 		.4byte	.LLST4
 1024 03cd 00       		.byte	0
 1025 03ce 17       		.uleb128 0x17
 1026 03cf 49010000 		.4byte	.LASF50
 1027 03d3 01       		.byte	0x1
 1028 03d4 AE       		.byte	0xae
 1029 03d5 53000000 		.4byte	0x53
 1030 03d9 00000000 		.4byte	.LFB7
 1031 03dd 0C000000 		.4byte	.LFE7-.LFB7
 1032 03e1 01       		.uleb128 0x1
 1033 03e2 9C       		.byte	0x9c
 1034 03e3 F7030000 		.4byte	0x3f7
 1035 03e7 11       		.uleb128 0x11
 1036 03e8 73706900 		.ascii	"spi\000"
 1037 03ec 01       		.byte	0x1
 1038 03ed AE       		.byte	0xae
 1039 03ee 78020000 		.4byte	0x278
 1040 03f2 9E000000 		.4byte	.LLST5
 1041 03f6 00       		.byte	0
 1042 03f7 0D       		.uleb128 0xd
 1043 03f8 6B010000 		.4byte	.LASF51
 1044 03fc 01       		.byte	0x1
 1045 03fd BE       		.byte	0xbe
 1046 03fe 00000000 		.4byte	.LFB8
 1047 0402 1E000000 		.4byte	.LFE8-.LFB8
 1048 0406 01       		.uleb128 0x1
 1049 0407 9C       		.byte	0x9c
 1050 0408 5C040000 		.4byte	0x45c
 1051 040c 11       		.uleb128 0x11
 1052 040d 73706900 		.ascii	"spi\000"
 1053 0411 01       		.byte	0x1
 1054 0412 BE       		.byte	0xbe
 1055 0413 78020000 		.4byte	0x278
 1056 0417 BF000000 		.4byte	.LLST6
 1057 041b 12       		.uleb128 0x12
 1058 041c 37020000 		.4byte	.LASF48
 1059 0420 01       		.byte	0x1
 1060 0421 BE       		.byte	0xbe
 1061 0422 53000000 		.4byte	0x53
 1062 0426 DD000000 		.4byte	.LLST7
 1063 042a 12       		.uleb128 0x12
 1064 042b 24000000 		.4byte	.LASF52
ARM GAS  /tmp/ccfbJ32L.s 			page 20


 1065 042f 01       		.byte	0x1
 1066 0430 BE       		.byte	0xbe
 1067 0431 3A000000 		.4byte	0x3a
 1068 0435 FE000000 		.4byte	.LLST8
 1069 0439 13       		.uleb128 0x13
 1070 043a 04030000 		.4byte	.LASF54
 1071 043e 01       		.byte	0x1
 1072 043f C2       		.byte	0xc2
 1073 0440 73000000 		.4byte	0x73
 1074 0444 4A040000 		.4byte	0x44a
 1075 0448 14       		.uleb128 0x14
 1076 0449 00       		.byte	0
 1077 044a 15       		.uleb128 0x15
 1078 044b 12000000 		.4byte	.LVL15
 1079 044f 6E060000 		.4byte	0x66e
 1080 0453 16       		.uleb128 0x16
 1081 0454 01       		.uleb128 0x1
 1082 0455 50       		.byte	0x50
 1083 0456 03       		.uleb128 0x3
 1084 0457 F3       		.byte	0xf3
 1085 0458 01       		.uleb128 0x1
 1086 0459 51       		.byte	0x51
 1087 045a 00       		.byte	0
 1088 045b 00       		.byte	0
 1089 045c 17       		.uleb128 0x17
 1090 045d A4010000 		.4byte	.LASF55
 1091 0461 01       		.byte	0x1
 1092 0462 CE       		.byte	0xce
 1093 0463 53000000 		.4byte	0x53
 1094 0467 00000000 		.4byte	.LFB9
 1095 046b 08000000 		.4byte	.LFE9-.LFB9
 1096 046f 01       		.uleb128 0x1
 1097 0470 9C       		.byte	0x9c
 1098 0471 85040000 		.4byte	0x485
 1099 0475 11       		.uleb128 0x11
 1100 0476 73706900 		.ascii	"spi\000"
 1101 047a 01       		.byte	0x1
 1102 047b CE       		.byte	0xce
 1103 047c 78020000 		.4byte	0x278
 1104 0480 1F010000 		.4byte	.LLST9
 1105 0484 00       		.byte	0
 1106 0485 0D       		.uleb128 0xd
 1107 0486 5A030000 		.4byte	.LASF56
 1108 048a 01       		.byte	0x1
 1109 048b D7       		.byte	0xd7
 1110 048c 00000000 		.4byte	.LFB10
 1111 0490 0A000000 		.4byte	.LFE10-.LFB10
 1112 0494 01       		.uleb128 0x1
 1113 0495 9C       		.byte	0x9c
 1114 0496 A8040000 		.4byte	0x4a8
 1115 049a 0E       		.uleb128 0xe
 1116 049b 73706900 		.ascii	"spi\000"
 1117 049f 01       		.byte	0x1
 1118 04a0 D7       		.byte	0xd7
 1119 04a1 78020000 		.4byte	0x278
 1120 04a5 01       		.uleb128 0x1
 1121 04a6 50       		.byte	0x50
ARM GAS  /tmp/ccfbJ32L.s 			page 21


 1122 04a7 00       		.byte	0
 1123 04a8 0D       		.uleb128 0xd
 1124 04a9 C1010000 		.4byte	.LASF57
 1125 04ad 01       		.byte	0x1
 1126 04ae E0       		.byte	0xe0
 1127 04af 00000000 		.4byte	.LFB11
 1128 04b3 0A000000 		.4byte	.LFE11-.LFB11
 1129 04b7 01       		.uleb128 0x1
 1130 04b8 9C       		.byte	0x9c
 1131 04b9 CB040000 		.4byte	0x4cb
 1132 04bd 0E       		.uleb128 0xe
 1133 04be 73706900 		.ascii	"spi\000"
 1134 04c2 01       		.byte	0x1
 1135 04c3 E0       		.byte	0xe0
 1136 04c4 78020000 		.4byte	0x278
 1137 04c8 01       		.uleb128 0x1
 1138 04c9 50       		.byte	0x50
 1139 04ca 00       		.byte	0
 1140 04cb 0D       		.uleb128 0xd
 1141 04cc 52010000 		.4byte	.LASF58
 1142 04d0 01       		.byte	0x1
 1143 04d1 E9       		.byte	0xe9
 1144 04d2 00000000 		.4byte	.LFB12
 1145 04d6 08000000 		.4byte	.LFE12-.LFB12
 1146 04da 01       		.uleb128 0x1
 1147 04db 9C       		.byte	0x9c
 1148 04dc EE040000 		.4byte	0x4ee
 1149 04e0 0E       		.uleb128 0xe
 1150 04e1 73706900 		.ascii	"spi\000"
 1151 04e5 01       		.byte	0x1
 1152 04e6 E9       		.byte	0xe9
 1153 04e7 78020000 		.4byte	0x278
 1154 04eb 01       		.uleb128 0x1
 1155 04ec 50       		.byte	0x50
 1156 04ed 00       		.byte	0
 1157 04ee 0D       		.uleb128 0xd
 1158 04ef 72030000 		.4byte	.LASF59
 1159 04f3 01       		.byte	0x1
 1160 04f4 F2       		.byte	0xf2
 1161 04f5 00000000 		.4byte	.LFB13
 1162 04f9 08000000 		.4byte	.LFE13-.LFB13
 1163 04fd 01       		.uleb128 0x1
 1164 04fe 9C       		.byte	0x9c
 1165 04ff 11050000 		.4byte	0x511
 1166 0503 0E       		.uleb128 0xe
 1167 0504 73706900 		.ascii	"spi\000"
 1168 0508 01       		.byte	0x1
 1169 0509 F2       		.byte	0xf2
 1170 050a 78020000 		.4byte	0x278
 1171 050e 01       		.uleb128 0x1
 1172 050f 50       		.byte	0x50
 1173 0510 00       		.byte	0
 1174 0511 18       		.uleb128 0x18
 1175 0512 DA030000 		.4byte	.LASF60
 1176 0516 01       		.byte	0x1
 1177 0517 0001     		.2byte	0x100
 1178 0519 00000000 		.4byte	.LFB14
ARM GAS  /tmp/ccfbJ32L.s 			page 22


 1179 051d 1A000000 		.4byte	.LFE14-.LFB14
 1180 0521 01       		.uleb128 0x1
 1181 0522 9C       		.byte	0x9c
 1182 0523 6F050000 		.4byte	0x56f
 1183 0527 19       		.uleb128 0x19
 1184 0528 73706900 		.ascii	"spi\000"
 1185 052c 01       		.byte	0x1
 1186 052d 0001     		.2byte	0x100
 1187 052f 78020000 		.4byte	0x278
 1188 0533 01       		.uleb128 0x1
 1189 0534 50       		.byte	0x50
 1190 0535 1A       		.uleb128 0x1a
 1191 0536 44020000 		.4byte	.LASF61
 1192 053a 01       		.byte	0x1
 1193 053b 0001     		.2byte	0x100
 1194 053d 6F050000 		.4byte	0x56f
 1195 0541 01       		.uleb128 0x1
 1196 0542 51       		.byte	0x51
 1197 0543 1A       		.uleb128 0x1a
 1198 0544 EF010000 		.4byte	.LASF62
 1199 0548 01       		.byte	0x1
 1200 0549 0001     		.2byte	0x100
 1201 054b 53000000 		.4byte	0x53
 1202 054f 01       		.uleb128 0x1
 1203 0550 52       		.byte	0x52
 1204 0551 1A       		.uleb128 0x1a
 1205 0552 3D010000 		.4byte	.LASF63
 1206 0556 01       		.byte	0x1
 1207 0557 0001     		.2byte	0x100
 1208 0559 6F050000 		.4byte	0x56f
 1209 055d 01       		.uleb128 0x1
 1210 055e 53       		.byte	0x53
 1211 055f 1A       		.uleb128 0x1a
 1212 0560 96010000 		.4byte	.LASF64
 1213 0564 01       		.byte	0x1
 1214 0565 0001     		.2byte	0x100
 1215 0567 53000000 		.4byte	0x53
 1216 056b 02       		.uleb128 0x2
 1217 056c 91       		.byte	0x91
 1218 056d 00       		.sleb128 0
 1219 056e 00       		.byte	0
 1220 056f 1B       		.uleb128 0x1b
 1221 0570 04       		.byte	0x4
 1222 0571 18       		.uleb128 0x18
 1223 0572 00040000 		.4byte	.LASF65
 1224 0576 01       		.byte	0x1
 1225 0577 1101     		.2byte	0x111
 1226 0579 00000000 		.4byte	.LFB15
 1227 057d 1A000000 		.4byte	.LFE15-.LFB15
 1228 0581 01       		.uleb128 0x1
 1229 0582 9C       		.byte	0x9c
 1230 0583 CF050000 		.4byte	0x5cf
 1231 0587 19       		.uleb128 0x19
 1232 0588 73706900 		.ascii	"spi\000"
 1233 058c 01       		.byte	0x1
 1234 058d 1101     		.2byte	0x111
 1235 058f 78020000 		.4byte	0x278
ARM GAS  /tmp/ccfbJ32L.s 			page 23


 1236 0593 01       		.uleb128 0x1
 1237 0594 50       		.byte	0x50
 1238 0595 1A       		.uleb128 0x1a
 1239 0596 6A030000 		.4byte	.LASF66
 1240 059a 01       		.byte	0x1
 1241 059b 1101     		.2byte	0x111
 1242 059d 6F050000 		.4byte	0x56f
 1243 05a1 01       		.uleb128 0x1
 1244 05a2 51       		.byte	0x51
 1245 05a3 1A       		.uleb128 0x1a
 1246 05a4 7E010000 		.4byte	.LASF67
 1247 05a8 01       		.byte	0x1
 1248 05a9 1101     		.2byte	0x111
 1249 05ab 53000000 		.4byte	0x53
 1250 05af 01       		.uleb128 0x1
 1251 05b0 52       		.byte	0x52
 1252 05b1 1A       		.uleb128 0x1a
 1253 05b2 45000000 		.4byte	.LASF68
 1254 05b6 01       		.byte	0x1
 1255 05b7 1101     		.2byte	0x111
 1256 05b9 6F050000 		.4byte	0x56f
 1257 05bd 01       		.uleb128 0x1
 1258 05be 53       		.byte	0x53
 1259 05bf 1A       		.uleb128 0x1a
 1260 05c0 16000000 		.4byte	.LASF69
 1261 05c4 01       		.byte	0x1
 1262 05c5 1101     		.2byte	0x111
 1263 05c7 53000000 		.4byte	0x53
 1264 05cb 02       		.uleb128 0x2
 1265 05cc 91       		.byte	0x91
 1266 05cd 00       		.sleb128 0
 1267 05ce 00       		.byte	0
 1268 05cf 1C       		.uleb128 0x1c
 1269 05d0 11020000 		.4byte	.LASF70
 1270 05d4 01       		.byte	0x1
 1271 05d5 2101     		.2byte	0x121
 1272 05d7 53000000 		.4byte	0x53
 1273 05db 00000000 		.4byte	.LFB16
 1274 05df 40000000 		.4byte	.LFE16-.LFB16
 1275 05e3 01       		.uleb128 0x1
 1276 05e4 9C       		.byte	0x9c
 1277 05e5 16060000 		.4byte	0x616
 1278 05e9 1D       		.uleb128 0x1d
 1279 05ea 73706900 		.ascii	"spi\000"
 1280 05ee 01       		.byte	0x1
 1281 05ef 2101     		.2byte	0x121
 1282 05f1 78020000 		.4byte	0x278
 1283 05f5 40010000 		.4byte	.LLST10
 1284 05f9 1A       		.uleb128 0x1a
 1285 05fa 62010000 		.4byte	.LASF71
 1286 05fe 01       		.byte	0x1
 1287 05ff 2101     		.2byte	0x121
 1288 0601 6F050000 		.4byte	0x56f
 1289 0605 01       		.uleb128 0x1
 1290 0606 51       		.byte	0x51
 1291 0607 1A       		.uleb128 0x1a
 1292 0608 23040000 		.4byte	.LASF72
ARM GAS  /tmp/ccfbJ32L.s 			page 24


 1293 060c 01       		.byte	0x1
 1294 060d 2101     		.2byte	0x121
 1295 060f 53000000 		.4byte	0x53
 1296 0613 01       		.uleb128 0x1
 1297 0614 52       		.byte	0x52
 1298 0615 00       		.byte	0
 1299 0616 1C       		.uleb128 0x1c
 1300 0617 14040000 		.4byte	.LASF73
 1301 061b 01       		.byte	0x1
 1302 061c 4401     		.2byte	0x144
 1303 061e 53000000 		.4byte	0x53
 1304 0622 00000000 		.4byte	.LFB17
 1305 0626 3E000000 		.4byte	.LFE17-.LFB17
 1306 062a 01       		.uleb128 0x1
 1307 062b 9C       		.byte	0x9c
 1308 062c 5D060000 		.4byte	0x65d
 1309 0630 1D       		.uleb128 0x1d
 1310 0631 73706900 		.ascii	"spi\000"
 1311 0635 01       		.byte	0x1
 1312 0636 4401     		.2byte	0x144
 1313 0638 78020000 		.4byte	0x278
 1314 063c 5E010000 		.4byte	.LLST11
 1315 0640 1A       		.uleb128 0x1a
 1316 0641 62010000 		.4byte	.LASF71
 1317 0645 01       		.byte	0x1
 1318 0646 4401     		.2byte	0x144
 1319 0648 6F050000 		.4byte	0x56f
 1320 064c 01       		.uleb128 0x1
 1321 064d 51       		.byte	0x51
 1322 064e 1A       		.uleb128 0x1a
 1323 064f 23040000 		.4byte	.LASF72
 1324 0653 01       		.byte	0x1
 1325 0654 4401     		.2byte	0x144
 1326 0656 53000000 		.4byte	0x53
 1327 065a 01       		.uleb128 0x1
 1328 065b 52       		.byte	0x52
 1329 065c 00       		.byte	0
 1330 065d 13       		.uleb128 0x13
 1331 065e 45030000 		.4byte	.LASF53
 1332 0662 01       		.byte	0x1
 1333 0663 83       		.byte	0x83
 1334 0664 73000000 		.4byte	0x73
 1335 0668 6E060000 		.4byte	0x66e
 1336 066c 14       		.uleb128 0x14
 1337 066d 00       		.byte	0
 1338 066e 1E       		.uleb128 0x1e
 1339 066f 04030000 		.4byte	.LASF54
 1340 0673 01       		.byte	0x1
 1341 0674 C2       		.byte	0xc2
 1342 0675 73000000 		.4byte	0x73
 1343 0679 14       		.uleb128 0x14
 1344 067a 00       		.byte	0
 1345 067b 00       		.byte	0
 1346              		.section	.debug_abbrev,"",%progbits
 1347              	.Ldebug_abbrev0:
 1348 0000 01       		.uleb128 0x1
 1349 0001 11       		.uleb128 0x11
ARM GAS  /tmp/ccfbJ32L.s 			page 25


 1350 0002 01       		.byte	0x1
 1351 0003 25       		.uleb128 0x25
 1352 0004 0E       		.uleb128 0xe
 1353 0005 13       		.uleb128 0x13
 1354 0006 0B       		.uleb128 0xb
 1355 0007 03       		.uleb128 0x3
 1356 0008 0E       		.uleb128 0xe
 1357 0009 1B       		.uleb128 0x1b
 1358 000a 0E       		.uleb128 0xe
 1359 000b 55       		.uleb128 0x55
 1360 000c 17       		.uleb128 0x17
 1361 000d 11       		.uleb128 0x11
 1362 000e 01       		.uleb128 0x1
 1363 000f 10       		.uleb128 0x10
 1364 0010 17       		.uleb128 0x17
 1365 0011 00       		.byte	0
 1366 0012 00       		.byte	0
 1367 0013 02       		.uleb128 0x2
 1368 0014 24       		.uleb128 0x24
 1369 0015 00       		.byte	0
 1370 0016 0B       		.uleb128 0xb
 1371 0017 0B       		.uleb128 0xb
 1372 0018 3E       		.uleb128 0x3e
 1373 0019 0B       		.uleb128 0xb
 1374 001a 03       		.uleb128 0x3
 1375 001b 0E       		.uleb128 0xe
 1376 001c 00       		.byte	0
 1377 001d 00       		.byte	0
 1378 001e 03       		.uleb128 0x3
 1379 001f 16       		.uleb128 0x16
 1380 0020 00       		.byte	0
 1381 0021 03       		.uleb128 0x3
 1382 0022 0E       		.uleb128 0xe
 1383 0023 3A       		.uleb128 0x3a
 1384 0024 0B       		.uleb128 0xb
 1385 0025 3B       		.uleb128 0x3b
 1386 0026 0B       		.uleb128 0xb
 1387 0027 49       		.uleb128 0x49
 1388 0028 13       		.uleb128 0x13
 1389 0029 00       		.byte	0
 1390 002a 00       		.byte	0
 1391 002b 04       		.uleb128 0x4
 1392 002c 24       		.uleb128 0x24
 1393 002d 00       		.byte	0
 1394 002e 0B       		.uleb128 0xb
 1395 002f 0B       		.uleb128 0xb
 1396 0030 3E       		.uleb128 0x3e
 1397 0031 0B       		.uleb128 0xb
 1398 0032 03       		.uleb128 0x3
 1399 0033 08       		.uleb128 0x8
 1400 0034 00       		.byte	0
 1401 0035 00       		.byte	0
 1402 0036 05       		.uleb128 0x5
 1403 0037 26       		.uleb128 0x26
 1404 0038 00       		.byte	0
 1405 0039 49       		.uleb128 0x49
 1406 003a 13       		.uleb128 0x13
ARM GAS  /tmp/ccfbJ32L.s 			page 26


 1407 003b 00       		.byte	0
 1408 003c 00       		.byte	0
 1409 003d 06       		.uleb128 0x6
 1410 003e 35       		.uleb128 0x35
 1411 003f 00       		.byte	0
 1412 0040 49       		.uleb128 0x49
 1413 0041 13       		.uleb128 0x13
 1414 0042 00       		.byte	0
 1415 0043 00       		.byte	0
 1416 0044 07       		.uleb128 0x7
 1417 0045 01       		.uleb128 0x1
 1418 0046 01       		.byte	0x1
 1419 0047 49       		.uleb128 0x49
 1420 0048 13       		.uleb128 0x13
 1421 0049 01       		.uleb128 0x1
 1422 004a 13       		.uleb128 0x13
 1423 004b 00       		.byte	0
 1424 004c 00       		.byte	0
 1425 004d 08       		.uleb128 0x8
 1426 004e 21       		.uleb128 0x21
 1427 004f 00       		.byte	0
 1428 0050 49       		.uleb128 0x49
 1429 0051 13       		.uleb128 0x13
 1430 0052 2F       		.uleb128 0x2f
 1431 0053 0B       		.uleb128 0xb
 1432 0054 00       		.byte	0
 1433 0055 00       		.byte	0
 1434 0056 09       		.uleb128 0x9
 1435 0057 13       		.uleb128 0x13
 1436 0058 01       		.byte	0x1
 1437 0059 0B       		.uleb128 0xb
 1438 005a 05       		.uleb128 0x5
 1439 005b 3A       		.uleb128 0x3a
 1440 005c 0B       		.uleb128 0xb
 1441 005d 3B       		.uleb128 0x3b
 1442 005e 05       		.uleb128 0x5
 1443 005f 01       		.uleb128 0x1
 1444 0060 13       		.uleb128 0x13
 1445 0061 00       		.byte	0
 1446 0062 00       		.byte	0
 1447 0063 0A       		.uleb128 0xa
 1448 0064 0D       		.uleb128 0xd
 1449 0065 00       		.byte	0
 1450 0066 03       		.uleb128 0x3
 1451 0067 0E       		.uleb128 0xe
 1452 0068 3A       		.uleb128 0x3a
 1453 0069 0B       		.uleb128 0xb
 1454 006a 3B       		.uleb128 0x3b
 1455 006b 05       		.uleb128 0x5
 1456 006c 49       		.uleb128 0x49
 1457 006d 13       		.uleb128 0x13
 1458 006e 38       		.uleb128 0x38
 1459 006f 0B       		.uleb128 0xb
 1460 0070 00       		.byte	0
 1461 0071 00       		.byte	0
 1462 0072 0B       		.uleb128 0xb
 1463 0073 0D       		.uleb128 0xd
ARM GAS  /tmp/ccfbJ32L.s 			page 27


 1464 0074 00       		.byte	0
 1465 0075 03       		.uleb128 0x3
 1466 0076 0E       		.uleb128 0xe
 1467 0077 3A       		.uleb128 0x3a
 1468 0078 0B       		.uleb128 0xb
 1469 0079 3B       		.uleb128 0x3b
 1470 007a 05       		.uleb128 0x5
 1471 007b 49       		.uleb128 0x49
 1472 007c 13       		.uleb128 0x13
 1473 007d 38       		.uleb128 0x38
 1474 007e 05       		.uleb128 0x5
 1475 007f 00       		.byte	0
 1476 0080 00       		.byte	0
 1477 0081 0C       		.uleb128 0xc
 1478 0082 16       		.uleb128 0x16
 1479 0083 00       		.byte	0
 1480 0084 03       		.uleb128 0x3
 1481 0085 08       		.uleb128 0x8
 1482 0086 3A       		.uleb128 0x3a
 1483 0087 0B       		.uleb128 0xb
 1484 0088 3B       		.uleb128 0x3b
 1485 0089 05       		.uleb128 0x5
 1486 008a 49       		.uleb128 0x49
 1487 008b 13       		.uleb128 0x13
 1488 008c 00       		.byte	0
 1489 008d 00       		.byte	0
 1490 008e 0D       		.uleb128 0xd
 1491 008f 2E       		.uleb128 0x2e
 1492 0090 01       		.byte	0x1
 1493 0091 3F       		.uleb128 0x3f
 1494 0092 19       		.uleb128 0x19
 1495 0093 03       		.uleb128 0x3
 1496 0094 0E       		.uleb128 0xe
 1497 0095 3A       		.uleb128 0x3a
 1498 0096 0B       		.uleb128 0xb
 1499 0097 3B       		.uleb128 0x3b
 1500 0098 0B       		.uleb128 0xb
 1501 0099 27       		.uleb128 0x27
 1502 009a 19       		.uleb128 0x19
 1503 009b 11       		.uleb128 0x11
 1504 009c 01       		.uleb128 0x1
 1505 009d 12       		.uleb128 0x12
 1506 009e 06       		.uleb128 0x6
 1507 009f 40       		.uleb128 0x40
 1508 00a0 18       		.uleb128 0x18
 1509 00a1 9742     		.uleb128 0x2117
 1510 00a3 19       		.uleb128 0x19
 1511 00a4 01       		.uleb128 0x1
 1512 00a5 13       		.uleb128 0x13
 1513 00a6 00       		.byte	0
 1514 00a7 00       		.byte	0
 1515 00a8 0E       		.uleb128 0xe
 1516 00a9 05       		.uleb128 0x5
 1517 00aa 00       		.byte	0
 1518 00ab 03       		.uleb128 0x3
 1519 00ac 08       		.uleb128 0x8
 1520 00ad 3A       		.uleb128 0x3a
ARM GAS  /tmp/ccfbJ32L.s 			page 28


 1521 00ae 0B       		.uleb128 0xb
 1522 00af 3B       		.uleb128 0x3b
 1523 00b0 0B       		.uleb128 0xb
 1524 00b1 49       		.uleb128 0x49
 1525 00b2 13       		.uleb128 0x13
 1526 00b3 02       		.uleb128 0x2
 1527 00b4 18       		.uleb128 0x18
 1528 00b5 00       		.byte	0
 1529 00b6 00       		.byte	0
 1530 00b7 0F       		.uleb128 0xf
 1531 00b8 0F       		.uleb128 0xf
 1532 00b9 00       		.byte	0
 1533 00ba 0B       		.uleb128 0xb
 1534 00bb 0B       		.uleb128 0xb
 1535 00bc 49       		.uleb128 0x49
 1536 00bd 13       		.uleb128 0x13
 1537 00be 00       		.byte	0
 1538 00bf 00       		.byte	0
 1539 00c0 10       		.uleb128 0x10
 1540 00c1 05       		.uleb128 0x5
 1541 00c2 00       		.byte	0
 1542 00c3 03       		.uleb128 0x3
 1543 00c4 0E       		.uleb128 0xe
 1544 00c5 3A       		.uleb128 0x3a
 1545 00c6 0B       		.uleb128 0xb
 1546 00c7 3B       		.uleb128 0x3b
 1547 00c8 0B       		.uleb128 0xb
 1548 00c9 49       		.uleb128 0x49
 1549 00ca 13       		.uleb128 0x13
 1550 00cb 02       		.uleb128 0x2
 1551 00cc 18       		.uleb128 0x18
 1552 00cd 00       		.byte	0
 1553 00ce 00       		.byte	0
 1554 00cf 11       		.uleb128 0x11
 1555 00d0 05       		.uleb128 0x5
 1556 00d1 00       		.byte	0
 1557 00d2 03       		.uleb128 0x3
 1558 00d3 08       		.uleb128 0x8
 1559 00d4 3A       		.uleb128 0x3a
 1560 00d5 0B       		.uleb128 0xb
 1561 00d6 3B       		.uleb128 0x3b
 1562 00d7 0B       		.uleb128 0xb
 1563 00d8 49       		.uleb128 0x49
 1564 00d9 13       		.uleb128 0x13
 1565 00da 02       		.uleb128 0x2
 1566 00db 17       		.uleb128 0x17
 1567 00dc 00       		.byte	0
 1568 00dd 00       		.byte	0
 1569 00de 12       		.uleb128 0x12
 1570 00df 05       		.uleb128 0x5
 1571 00e0 00       		.byte	0
 1572 00e1 03       		.uleb128 0x3
 1573 00e2 0E       		.uleb128 0xe
 1574 00e3 3A       		.uleb128 0x3a
 1575 00e4 0B       		.uleb128 0xb
 1576 00e5 3B       		.uleb128 0x3b
 1577 00e6 0B       		.uleb128 0xb
ARM GAS  /tmp/ccfbJ32L.s 			page 29


 1578 00e7 49       		.uleb128 0x49
 1579 00e8 13       		.uleb128 0x13
 1580 00e9 02       		.uleb128 0x2
 1581 00ea 17       		.uleb128 0x17
 1582 00eb 00       		.byte	0
 1583 00ec 00       		.byte	0
 1584 00ed 13       		.uleb128 0x13
 1585 00ee 2E       		.uleb128 0x2e
 1586 00ef 01       		.byte	0x1
 1587 00f0 3F       		.uleb128 0x3f
 1588 00f1 19       		.uleb128 0x19
 1589 00f2 03       		.uleb128 0x3
 1590 00f3 0E       		.uleb128 0xe
 1591 00f4 3A       		.uleb128 0x3a
 1592 00f5 0B       		.uleb128 0xb
 1593 00f6 3B       		.uleb128 0x3b
 1594 00f7 0B       		.uleb128 0xb
 1595 00f8 49       		.uleb128 0x49
 1596 00f9 13       		.uleb128 0x13
 1597 00fa 3C       		.uleb128 0x3c
 1598 00fb 19       		.uleb128 0x19
 1599 00fc 01       		.uleb128 0x1
 1600 00fd 13       		.uleb128 0x13
 1601 00fe 00       		.byte	0
 1602 00ff 00       		.byte	0
 1603 0100 14       		.uleb128 0x14
 1604 0101 18       		.uleb128 0x18
 1605 0102 00       		.byte	0
 1606 0103 00       		.byte	0
 1607 0104 00       		.byte	0
 1608 0105 15       		.uleb128 0x15
 1609 0106 898201   		.uleb128 0x4109
 1610 0109 01       		.byte	0x1
 1611 010a 11       		.uleb128 0x11
 1612 010b 01       		.uleb128 0x1
 1613 010c 31       		.uleb128 0x31
 1614 010d 13       		.uleb128 0x13
 1615 010e 00       		.byte	0
 1616 010f 00       		.byte	0
 1617 0110 16       		.uleb128 0x16
 1618 0111 8A8201   		.uleb128 0x410a
 1619 0114 00       		.byte	0
 1620 0115 02       		.uleb128 0x2
 1621 0116 18       		.uleb128 0x18
 1622 0117 9142     		.uleb128 0x2111
 1623 0119 18       		.uleb128 0x18
 1624 011a 00       		.byte	0
 1625 011b 00       		.byte	0
 1626 011c 17       		.uleb128 0x17
 1627 011d 2E       		.uleb128 0x2e
 1628 011e 01       		.byte	0x1
 1629 011f 3F       		.uleb128 0x3f
 1630 0120 19       		.uleb128 0x19
 1631 0121 03       		.uleb128 0x3
 1632 0122 0E       		.uleb128 0xe
 1633 0123 3A       		.uleb128 0x3a
 1634 0124 0B       		.uleb128 0xb
ARM GAS  /tmp/ccfbJ32L.s 			page 30


 1635 0125 3B       		.uleb128 0x3b
 1636 0126 0B       		.uleb128 0xb
 1637 0127 27       		.uleb128 0x27
 1638 0128 19       		.uleb128 0x19
 1639 0129 49       		.uleb128 0x49
 1640 012a 13       		.uleb128 0x13
 1641 012b 11       		.uleb128 0x11
 1642 012c 01       		.uleb128 0x1
 1643 012d 12       		.uleb128 0x12
 1644 012e 06       		.uleb128 0x6
 1645 012f 40       		.uleb128 0x40
 1646 0130 18       		.uleb128 0x18
 1647 0131 9742     		.uleb128 0x2117
 1648 0133 19       		.uleb128 0x19
 1649 0134 01       		.uleb128 0x1
 1650 0135 13       		.uleb128 0x13
 1651 0136 00       		.byte	0
 1652 0137 00       		.byte	0
 1653 0138 18       		.uleb128 0x18
 1654 0139 2E       		.uleb128 0x2e
 1655 013a 01       		.byte	0x1
 1656 013b 3F       		.uleb128 0x3f
 1657 013c 19       		.uleb128 0x19
 1658 013d 03       		.uleb128 0x3
 1659 013e 0E       		.uleb128 0xe
 1660 013f 3A       		.uleb128 0x3a
 1661 0140 0B       		.uleb128 0xb
 1662 0141 3B       		.uleb128 0x3b
 1663 0142 05       		.uleb128 0x5
 1664 0143 27       		.uleb128 0x27
 1665 0144 19       		.uleb128 0x19
 1666 0145 11       		.uleb128 0x11
 1667 0146 01       		.uleb128 0x1
 1668 0147 12       		.uleb128 0x12
 1669 0148 06       		.uleb128 0x6
 1670 0149 40       		.uleb128 0x40
 1671 014a 18       		.uleb128 0x18
 1672 014b 9742     		.uleb128 0x2117
 1673 014d 19       		.uleb128 0x19
 1674 014e 01       		.uleb128 0x1
 1675 014f 13       		.uleb128 0x13
 1676 0150 00       		.byte	0
 1677 0151 00       		.byte	0
 1678 0152 19       		.uleb128 0x19
 1679 0153 05       		.uleb128 0x5
 1680 0154 00       		.byte	0
 1681 0155 03       		.uleb128 0x3
 1682 0156 08       		.uleb128 0x8
 1683 0157 3A       		.uleb128 0x3a
 1684 0158 0B       		.uleb128 0xb
 1685 0159 3B       		.uleb128 0x3b
 1686 015a 05       		.uleb128 0x5
 1687 015b 49       		.uleb128 0x49
 1688 015c 13       		.uleb128 0x13
 1689 015d 02       		.uleb128 0x2
 1690 015e 18       		.uleb128 0x18
 1691 015f 00       		.byte	0
ARM GAS  /tmp/ccfbJ32L.s 			page 31


 1692 0160 00       		.byte	0
 1693 0161 1A       		.uleb128 0x1a
 1694 0162 05       		.uleb128 0x5
 1695 0163 00       		.byte	0
 1696 0164 03       		.uleb128 0x3
 1697 0165 0E       		.uleb128 0xe
 1698 0166 3A       		.uleb128 0x3a
 1699 0167 0B       		.uleb128 0xb
 1700 0168 3B       		.uleb128 0x3b
 1701 0169 05       		.uleb128 0x5
 1702 016a 49       		.uleb128 0x49
 1703 016b 13       		.uleb128 0x13
 1704 016c 02       		.uleb128 0x2
 1705 016d 18       		.uleb128 0x18
 1706 016e 00       		.byte	0
 1707 016f 00       		.byte	0
 1708 0170 1B       		.uleb128 0x1b
 1709 0171 0F       		.uleb128 0xf
 1710 0172 00       		.byte	0
 1711 0173 0B       		.uleb128 0xb
 1712 0174 0B       		.uleb128 0xb
 1713 0175 00       		.byte	0
 1714 0176 00       		.byte	0
 1715 0177 1C       		.uleb128 0x1c
 1716 0178 2E       		.uleb128 0x2e
 1717 0179 01       		.byte	0x1
 1718 017a 3F       		.uleb128 0x3f
 1719 017b 19       		.uleb128 0x19
 1720 017c 03       		.uleb128 0x3
 1721 017d 0E       		.uleb128 0xe
 1722 017e 3A       		.uleb128 0x3a
 1723 017f 0B       		.uleb128 0xb
 1724 0180 3B       		.uleb128 0x3b
 1725 0181 05       		.uleb128 0x5
 1726 0182 27       		.uleb128 0x27
 1727 0183 19       		.uleb128 0x19
 1728 0184 49       		.uleb128 0x49
 1729 0185 13       		.uleb128 0x13
 1730 0186 11       		.uleb128 0x11
 1731 0187 01       		.uleb128 0x1
 1732 0188 12       		.uleb128 0x12
 1733 0189 06       		.uleb128 0x6
 1734 018a 40       		.uleb128 0x40
 1735 018b 18       		.uleb128 0x18
 1736 018c 9742     		.uleb128 0x2117
 1737 018e 19       		.uleb128 0x19
 1738 018f 01       		.uleb128 0x1
 1739 0190 13       		.uleb128 0x13
 1740 0191 00       		.byte	0
 1741 0192 00       		.byte	0
 1742 0193 1D       		.uleb128 0x1d
 1743 0194 05       		.uleb128 0x5
 1744 0195 00       		.byte	0
 1745 0196 03       		.uleb128 0x3
 1746 0197 08       		.uleb128 0x8
 1747 0198 3A       		.uleb128 0x3a
 1748 0199 0B       		.uleb128 0xb
ARM GAS  /tmp/ccfbJ32L.s 			page 32


 1749 019a 3B       		.uleb128 0x3b
 1750 019b 05       		.uleb128 0x5
 1751 019c 49       		.uleb128 0x49
 1752 019d 13       		.uleb128 0x13
 1753 019e 02       		.uleb128 0x2
 1754 019f 17       		.uleb128 0x17
 1755 01a0 00       		.byte	0
 1756 01a1 00       		.byte	0
 1757 01a2 1E       		.uleb128 0x1e
 1758 01a3 2E       		.uleb128 0x2e
 1759 01a4 01       		.byte	0x1
 1760 01a5 3F       		.uleb128 0x3f
 1761 01a6 19       		.uleb128 0x19
 1762 01a7 03       		.uleb128 0x3
 1763 01a8 0E       		.uleb128 0xe
 1764 01a9 3A       		.uleb128 0x3a
 1765 01aa 0B       		.uleb128 0xb
 1766 01ab 3B       		.uleb128 0x3b
 1767 01ac 0B       		.uleb128 0xb
 1768 01ad 49       		.uleb128 0x49
 1769 01ae 13       		.uleb128 0x13
 1770 01af 3C       		.uleb128 0x3c
 1771 01b0 19       		.uleb128 0x19
 1772 01b1 00       		.byte	0
 1773 01b2 00       		.byte	0
 1774 01b3 00       		.byte	0
 1775              		.section	.debug_loc,"",%progbits
 1776              	.Ldebug_loc0:
 1777              	.LLST0:
 1778 0000 00000000 		.4byte	.LVL4
 1779 0004 06000000 		.4byte	.LVL5
 1780 0008 0100     		.2byte	0x1
 1781 000a 50       		.byte	0x50
 1782 000b 06000000 		.4byte	.LVL5
 1783 000f 1A000000 		.4byte	.LFE4
 1784 0013 0100     		.2byte	0x1
 1785 0015 54       		.byte	0x54
 1786 0016 00000000 		.4byte	0
 1787 001a 00000000 		.4byte	0
 1788              	.LLST1:
 1789 001e 00000000 		.4byte	.LVL4
 1790 0022 0B000000 		.4byte	.LVL6-1
 1791 0026 0100     		.2byte	0x1
 1792 0028 51       		.byte	0x51
 1793 0029 0B000000 		.4byte	.LVL6-1
 1794 002d 1A000000 		.4byte	.LFE4
 1795 0031 0400     		.2byte	0x4
 1796 0033 F3       		.byte	0xf3
 1797 0034 01       		.uleb128 0x1
 1798 0035 51       		.byte	0x51
 1799 0036 9F       		.byte	0x9f
 1800 0037 00000000 		.4byte	0
 1801 003b 00000000 		.4byte	0
 1802              	.LLST2:
 1803 003f 00000000 		.4byte	.LVL4
 1804 0043 0B000000 		.4byte	.LVL6-1
 1805 0047 0100     		.2byte	0x1
ARM GAS  /tmp/ccfbJ32L.s 			page 33


 1806 0049 52       		.byte	0x52
 1807 004a 0B000000 		.4byte	.LVL6-1
 1808 004e 1A000000 		.4byte	.LFE4
 1809 0052 0100     		.2byte	0x1
 1810 0054 55       		.byte	0x55
 1811 0055 00000000 		.4byte	0
 1812 0059 00000000 		.4byte	0
 1813              	.LLST3:
 1814 005d 00000000 		.4byte	.LVL7
 1815 0061 02000000 		.4byte	.LVL8
 1816 0065 0100     		.2byte	0x1
 1817 0067 51       		.byte	0x51
 1818 0068 02000000 		.4byte	.LVL8
 1819 006c 08000000 		.4byte	.LFE5
 1820 0070 0300     		.2byte	0x3
 1821 0072 71       		.byte	0x71
 1822 0073 74       		.sleb128 -12
 1823 0074 9F       		.byte	0x9f
 1824 0075 00000000 		.4byte	0
 1825 0079 00000000 		.4byte	0
 1826              	.LLST4:
 1827 007d 00000000 		.4byte	.LVL9
 1828 0081 02000000 		.4byte	.LVL10
 1829 0085 0100     		.2byte	0x1
 1830 0087 50       		.byte	0x50
 1831 0088 02000000 		.4byte	.LVL10
 1832 008c 04000000 		.4byte	.LFE6
 1833 0090 0400     		.2byte	0x4
 1834 0092 F3       		.byte	0xf3
 1835 0093 01       		.uleb128 0x1
 1836 0094 50       		.byte	0x50
 1837 0095 9F       		.byte	0x9f
 1838 0096 00000000 		.4byte	0
 1839 009a 00000000 		.4byte	0
 1840              	.LLST5:
 1841 009e 00000000 		.4byte	.LVL11
 1842 00a2 08000000 		.4byte	.LVL12
 1843 00a6 0100     		.2byte	0x1
 1844 00a8 50       		.byte	0x50
 1845 00a9 08000000 		.4byte	.LVL12
 1846 00ad 0C000000 		.4byte	.LFE7
 1847 00b1 0400     		.2byte	0x4
 1848 00b3 F3       		.byte	0xf3
 1849 00b4 01       		.uleb128 0x1
 1850 00b5 50       		.byte	0x50
 1851 00b6 9F       		.byte	0x9f
 1852 00b7 00000000 		.4byte	0
 1853 00bb 00000000 		.4byte	0
 1854              	.LLST6:
 1855 00bf 00000000 		.4byte	.LVL13
 1856 00c3 06000000 		.4byte	.LVL14
 1857 00c7 0100     		.2byte	0x1
 1858 00c9 50       		.byte	0x50
 1859 00ca 06000000 		.4byte	.LVL14
 1860 00ce 1E000000 		.4byte	.LFE8
 1861 00d2 0100     		.2byte	0x1
 1862 00d4 54       		.byte	0x54
ARM GAS  /tmp/ccfbJ32L.s 			page 34


 1863 00d5 00000000 		.4byte	0
 1864 00d9 00000000 		.4byte	0
 1865              	.LLST7:
 1866 00dd 00000000 		.4byte	.LVL13
 1867 00e1 11000000 		.4byte	.LVL15-1
 1868 00e5 0100     		.2byte	0x1
 1869 00e7 51       		.byte	0x51
 1870 00e8 11000000 		.4byte	.LVL15-1
 1871 00ec 1E000000 		.4byte	.LFE8
 1872 00f0 0400     		.2byte	0x4
 1873 00f2 F3       		.byte	0xf3
 1874 00f3 01       		.uleb128 0x1
 1875 00f4 51       		.byte	0x51
 1876 00f5 9F       		.byte	0x9f
 1877 00f6 00000000 		.4byte	0
 1878 00fa 00000000 		.4byte	0
 1879              	.LLST8:
 1880 00fe 00000000 		.4byte	.LVL13
 1881 0102 11000000 		.4byte	.LVL15-1
 1882 0106 0100     		.2byte	0x1
 1883 0108 52       		.byte	0x52
 1884 0109 11000000 		.4byte	.LVL15-1
 1885 010d 1E000000 		.4byte	.LFE8
 1886 0111 0400     		.2byte	0x4
 1887 0113 F3       		.byte	0xf3
 1888 0114 01       		.uleb128 0x1
 1889 0115 52       		.byte	0x52
 1890 0116 9F       		.byte	0x9f
 1891 0117 00000000 		.4byte	0
 1892 011b 00000000 		.4byte	0
 1893              	.LLST9:
 1894 011f 00000000 		.4byte	.LVL16
 1895 0123 02000000 		.4byte	.LVL17
 1896 0127 0100     		.2byte	0x1
 1897 0129 50       		.byte	0x50
 1898 012a 02000000 		.4byte	.LVL17
 1899 012e 08000000 		.4byte	.LFE9
 1900 0132 0400     		.2byte	0x4
 1901 0134 F3       		.byte	0xf3
 1902 0135 01       		.uleb128 0x1
 1903 0136 50       		.byte	0x50
 1904 0137 9F       		.byte	0x9f
 1905 0138 00000000 		.4byte	0
 1906 013c 00000000 		.4byte	0
 1907              	.LLST10:
 1908 0140 00000000 		.4byte	.LVL24
 1909 0144 06000000 		.4byte	.LVL25
 1910 0148 0100     		.2byte	0x1
 1911 014a 50       		.byte	0x50
 1912 014b 06000000 		.4byte	.LVL25
 1913 014f 40000000 		.4byte	.LFE16
 1914 0153 0100     		.2byte	0x1
 1915 0155 53       		.byte	0x53
 1916 0156 00000000 		.4byte	0
 1917 015a 00000000 		.4byte	0
 1918              	.LLST11:
 1919 015e 00000000 		.4byte	.LVL26
ARM GAS  /tmp/ccfbJ32L.s 			page 35


 1920 0162 06000000 		.4byte	.LVL27
 1921 0166 0100     		.2byte	0x1
 1922 0168 50       		.byte	0x50
 1923 0169 06000000 		.4byte	.LVL27
 1924 016d 3E000000 		.4byte	.LFE17
 1925 0171 0100     		.2byte	0x1
 1926 0173 53       		.byte	0x53
 1927 0174 00000000 		.4byte	0
 1928 0178 00000000 		.4byte	0
 1929              		.section	.debug_aranges,"",%progbits
 1930 0000 A4000000 		.4byte	0xa4
 1931 0004 0200     		.2byte	0x2
 1932 0006 00000000 		.4byte	.Ldebug_info0
 1933 000a 04       		.byte	0x4
 1934 000b 00       		.byte	0
 1935 000c 0000     		.2byte	0
 1936 000e 0000     		.2byte	0
 1937 0010 00000000 		.4byte	.LFB0
 1938 0014 06000000 		.4byte	.LFE0-.LFB0
 1939 0018 00000000 		.4byte	.LFB1
 1940 001c 06000000 		.4byte	.LFE1-.LFB1
 1941 0020 00000000 		.4byte	.LFB2
 1942 0024 04000000 		.4byte	.LFE2-.LFB2
 1943 0028 00000000 		.4byte	.LFB3
 1944 002c 04000000 		.4byte	.LFE3-.LFB3
 1945 0030 00000000 		.4byte	.LFB4
 1946 0034 1A000000 		.4byte	.LFE4-.LFB4
 1947 0038 00000000 		.4byte	.LFB5
 1948 003c 08000000 		.4byte	.LFE5-.LFB5
 1949 0040 00000000 		.4byte	.LFB6
 1950 0044 04000000 		.4byte	.LFE6-.LFB6
 1951 0048 00000000 		.4byte	.LFB7
 1952 004c 0C000000 		.4byte	.LFE7-.LFB7
 1953 0050 00000000 		.4byte	.LFB8
 1954 0054 1E000000 		.4byte	.LFE8-.LFB8
 1955 0058 00000000 		.4byte	.LFB9
 1956 005c 08000000 		.4byte	.LFE9-.LFB9
 1957 0060 00000000 		.4byte	.LFB10
 1958 0064 0A000000 		.4byte	.LFE10-.LFB10
 1959 0068 00000000 		.4byte	.LFB11
 1960 006c 0A000000 		.4byte	.LFE11-.LFB11
 1961 0070 00000000 		.4byte	.LFB12
 1962 0074 08000000 		.4byte	.LFE12-.LFB12
 1963 0078 00000000 		.4byte	.LFB13
 1964 007c 08000000 		.4byte	.LFE13-.LFB13
 1965 0080 00000000 		.4byte	.LFB14
 1966 0084 1A000000 		.4byte	.LFE14-.LFB14
 1967 0088 00000000 		.4byte	.LFB15
 1968 008c 1A000000 		.4byte	.LFE15-.LFB15
 1969 0090 00000000 		.4byte	.LFB16
 1970 0094 40000000 		.4byte	.LFE16-.LFB16
 1971 0098 00000000 		.4byte	.LFB17
 1972 009c 3E000000 		.4byte	.LFE17-.LFB17
 1973 00a0 00000000 		.4byte	0
 1974 00a4 00000000 		.4byte	0
 1975              		.section	.debug_ranges,"",%progbits
 1976              	.Ldebug_ranges0:
ARM GAS  /tmp/ccfbJ32L.s 			page 36


 1977 0000 00000000 		.4byte	.LFB0
 1978 0004 06000000 		.4byte	.LFE0
 1979 0008 00000000 		.4byte	.LFB1
 1980 000c 06000000 		.4byte	.LFE1
 1981 0010 00000000 		.4byte	.LFB2
 1982 0014 04000000 		.4byte	.LFE2
 1983 0018 00000000 		.4byte	.LFB3
 1984 001c 04000000 		.4byte	.LFE3
 1985 0020 00000000 		.4byte	.LFB4
 1986 0024 1A000000 		.4byte	.LFE4
 1987 0028 00000000 		.4byte	.LFB5
 1988 002c 08000000 		.4byte	.LFE5
 1989 0030 00000000 		.4byte	.LFB6
 1990 0034 04000000 		.4byte	.LFE6
 1991 0038 00000000 		.4byte	.LFB7
 1992 003c 0C000000 		.4byte	.LFE7
 1993 0040 00000000 		.4byte	.LFB8
 1994 0044 1E000000 		.4byte	.LFE8
 1995 0048 00000000 		.4byte	.LFB9
 1996 004c 08000000 		.4byte	.LFE9
 1997 0050 00000000 		.4byte	.LFB10
 1998 0054 0A000000 		.4byte	.LFE10
 1999 0058 00000000 		.4byte	.LFB11
 2000 005c 0A000000 		.4byte	.LFE11
 2001 0060 00000000 		.4byte	.LFB12
 2002 0064 08000000 		.4byte	.LFE12
 2003 0068 00000000 		.4byte	.LFB13
 2004 006c 08000000 		.4byte	.LFE13
 2005 0070 00000000 		.4byte	.LFB14
 2006 0074 1A000000 		.4byte	.LFE14
 2007 0078 00000000 		.4byte	.LFB15
 2008 007c 1A000000 		.4byte	.LFE15
 2009 0080 00000000 		.4byte	.LFB16
 2010 0084 40000000 		.4byte	.LFE16
 2011 0088 00000000 		.4byte	.LFB17
 2012 008c 3E000000 		.4byte	.LFE17
 2013 0090 00000000 		.4byte	0
 2014 0094 00000000 		.4byte	0
 2015              		.section	.debug_line,"",%progbits
 2016              	.Ldebug_line0:
 2017 0000 20020000 		.section	.debug_str,"MS",%progbits,1
 2017      02009900 
 2017      00000201 
 2017      FB0E0D00 
 2017      01010101 
 2018              	.LASF20:
 2019 0000 5350495F 		.ascii	"SPI_IER\000"
 2019      49455200 
 2020              	.LASF43:
 2021 0008 5350495F 		.ascii	"SPI_DisableIt\000"
 2021      44697361 
 2021      626C6549 
 2021      7400
 2022              	.LASF69:
 2023 0016 64775278 		.ascii	"dwRxNextCount\000"
 2023      4E657874 
 2023      436F756E 
ARM GAS  /tmp/ccfbJ32L.s 			page 37


 2023      7400
 2024              	.LASF52:
 2025 0024 77446174 		.ascii	"wData\000"
 2025      6100
 2026              	.LASF2:
 2027 002a 73686F72 		.ascii	"short int\000"
 2027      7420696E 
 2027      7400
 2028              	.LASF14:
 2029 0034 73697A65 		.ascii	"sizetype\000"
 2029      74797065 
 2029      00
 2030              	.LASF22:
 2031 003d 5350495F 		.ascii	"SPI_IMR\000"
 2031      494D5200 
 2032              	.LASF68:
 2033 0045 70765278 		.ascii	"pvRxNextBuf\000"
 2033      4E657874 
 2033      42756600 
 2034              	.LASF27:
 2035 0051 5350495F 		.ascii	"SPI_WPSR\000"
 2035      57505352 
 2035      00
 2036              	.LASF12:
 2037 005a 576F5265 		.ascii	"WoReg\000"
 2037      6700
 2038              	.LASF32:
 2039 0060 5350495F 		.ascii	"SPI_TCR\000"
 2039      54435200 
 2040              	.LASF74:
 2041 0068 474E5520 		.ascii	"GNU C 4.8.1 -mcpu=cortex-m3 -mno-thumb-interwork -m"
 2041      4320342E 
 2041      382E3120 
 2041      2D6D6370 
 2041      753D636F 
 2042 009b 7468756D 		.ascii	"thumb -ggdb -O2 -std=gnu99 -fomit-frame-pointer -fa"
 2042      62202D67 
 2042      67646220 
 2042      2D4F3220 
 2042      2D737464 
 2043 00ce 6C69676E 		.ascii	"lign-functions=16 -ffunction-sections -fdata-sectio"
 2043      2D66756E 
 2043      6374696F 
 2043      6E733D31 
 2043      36202D66 
 2044 0101 6E73202D 		.ascii	"ns -fno-common\000"
 2044      666E6F2D 
 2044      636F6D6D 
 2044      6F6E00
 2045              	.LASF19:
 2046 0110 5350495F 		.ascii	"SPI_SR\000"
 2046      535200
 2047              	.LASF23:
 2048 0117 52657365 		.ascii	"Reserved1\000"
 2048      72766564 
 2048      3100
 2049              	.LASF25:
ARM GAS  /tmp/ccfbJ32L.s 			page 38


 2050 0121 52657365 		.ascii	"Reserved2\000"
 2050      72766564 
 2050      3200
 2051              	.LASF47:
 2052 012b 5350495F 		.ascii	"SPI_ConfigureNPCS\000"
 2052      436F6E66 
 2052      69677572 
 2052      654E5043 
 2052      5300
 2053              	.LASF63:
 2054 013d 70765478 		.ascii	"pvTxNextBuf\000"
 2054      4E657874 
 2054      42756600 
 2055              	.LASF50:
 2056 0149 5350495F 		.ascii	"SPI_Read\000"
 2056      52656164 
 2056      00
 2057              	.LASF58:
 2058 0152 5350495F 		.ascii	"SPI_PdcEnableRx\000"
 2058      50646345 
 2058      6E61626C 
 2058      65527800 
 2059              	.LASF71:
 2060 0162 70764275 		.ascii	"pvBuffer\000"
 2060      66666572 
 2060      00
 2061              	.LASF51:
 2062 016b 5350495F 		.ascii	"SPI_Write\000"
 2062      57726974 
 2062      6500
 2063              	.LASF33:
 2064 0175 5350495F 		.ascii	"SPI_RNPR\000"
 2064      524E5052 
 2064      00
 2065              	.LASF67:
 2066 017e 64775278 		.ascii	"dwRxCount\000"
 2066      436F756E 
 2066      7400
 2067              	.LASF8:
 2068 0188 6C6F6E67 		.ascii	"long long int\000"
 2068      206C6F6E 
 2068      6720696E 
 2068      7400
 2069              	.LASF64:
 2070 0196 64775478 		.ascii	"dwTxNextCount\000"
 2070      4E657874 
 2070      436F756E 
 2070      7400
 2071              	.LASF55:
 2072 01a4 5350495F 		.ascii	"SPI_IsFinished\000"
 2072      49734669 
 2072      6E697368 
 2072      656400
 2073              	.LASF49:
 2074 01b3 5350495F 		.ascii	"SPI_GetStatus\000"
 2074      47657453 
 2074      74617475 
ARM GAS  /tmp/ccfbJ32L.s 			page 39


 2074      7300
 2075              	.LASF57:
 2076 01c1 5350495F 		.ascii	"SPI_PdcDisableTx\000"
 2076      50646344 
 2076      69736162 
 2076      6C655478 
 2076      00
 2077              	.LASF39:
 2078 01d2 5350495F 		.ascii	"SPI_Enable\000"
 2078      456E6162 
 2078      6C6500
 2079              	.LASF4:
 2080 01dd 6C6F6E67 		.ascii	"long int\000"
 2080      20696E74 
 2080      00
 2081              	.LASF36:
 2082 01e6 5350495F 		.ascii	"SPI_TNCR\000"
 2082      544E4352 
 2082      00
 2083              	.LASF62:
 2084 01ef 64775478 		.ascii	"dwTxCount\000"
 2084      436F756E 
 2084      7400
 2085              	.LASF42:
 2086 01f9 6477536F 		.ascii	"dwSources\000"
 2086      75726365 
 2086      7300
 2087              	.LASF30:
 2088 0203 5350495F 		.ascii	"SPI_RCR\000"
 2088      52435200 
 2089              	.LASF11:
 2090 020b 526F5265 		.ascii	"RoReg\000"
 2090      6700
 2091              	.LASF70:
 2092 0211 5350495F 		.ascii	"SPI_WriteBuffer\000"
 2092      57726974 
 2092      65427566 
 2092      66657200 
 2093              	.LASF18:
 2094 0221 5350495F 		.ascii	"SPI_TDR\000"
 2094      54445200 
 2095              	.LASF1:
 2096 0229 756E7369 		.ascii	"unsigned char\000"
 2096      676E6564 
 2096      20636861 
 2096      7200
 2097              	.LASF48:
 2098 0237 64774E70 		.ascii	"dwNpcs\000"
 2098      637300
 2099              	.LASF13:
 2100 023e 52775265 		.ascii	"RwReg\000"
 2100      6700
 2101              	.LASF61:
 2102 0244 70765478 		.ascii	"pvTxBuf\000"
 2102      42756600 
 2103              	.LASF0:
 2104 024c 7369676E 		.ascii	"signed char\000"
ARM GAS  /tmp/ccfbJ32L.s 			page 40


 2104      65642063 
 2104      68617200 
 2105              	.LASF9:
 2106 0258 6C6F6E67 		.ascii	"long long unsigned int\000"
 2106      206C6F6E 
 2106      6720756E 
 2106      7369676E 
 2106      65642069 
 2107              	.LASF6:
 2108 026f 75696E74 		.ascii	"uint32_t\000"
 2108      33325F74 
 2108      00
 2109              	.LASF10:
 2110 0278 756E7369 		.ascii	"unsigned int\000"
 2110      676E6564 
 2110      20696E74 
 2110      00
 2111              	.LASF5:
 2112 0285 75696E74 		.ascii	"uint16_t\000"
 2112      31365F74 
 2112      00
 2113              	.LASF40:
 2114 028e 5350495F 		.ascii	"SPI_Disable\000"
 2114      44697361 
 2114      626C6500 
 2115              	.LASF26:
 2116 029a 5350495F 		.ascii	"SPI_WPMR\000"
 2116      57504D52 
 2116      00
 2117              	.LASF3:
 2118 02a3 73686F72 		.ascii	"short unsigned int\000"
 2118      7420756E 
 2118      7369676E 
 2118      65642069 
 2118      6E7400
 2119              	.LASF16:
 2120 02b6 5350495F 		.ascii	"SPI_MR\000"
 2120      4D5200
 2121              	.LASF75:
 2122 02bd 2E2E2F74 		.ascii	"../third_party/ChibiOS/os/hal/platforms/AT91SAM3S/a"
 2122      68697264 
 2122      5F706172 
 2122      74792F43 
 2122      68696269 
 2123 02f0 746D656C 		.ascii	"tmel_spi.c\000"
 2123      5F737069 
 2123      2E6300
 2124              	.LASF37:
 2125 02fb 5350495F 		.ascii	"SPI_PTCR\000"
 2125      50544352 
 2125      00
 2126              	.LASF54:
 2127 0304 5350495F 		.ascii	"SPI_PCS\000"
 2127      50435300 
 2128              	.LASF31:
 2129 030c 5350495F 		.ascii	"SPI_TPR\000"
 2129      54505200 
ARM GAS  /tmp/ccfbJ32L.s 			page 41


 2130              	.LASF45:
 2131 0314 64774964 		.ascii	"dwId\000"
 2131      00
 2132              	.LASF17:
 2133 0319 5350495F 		.ascii	"SPI_RDR\000"
 2133      52445200 
 2134              	.LASF21:
 2135 0321 5350495F 		.ascii	"SPI_IDR\000"
 2135      49445200 
 2136              	.LASF7:
 2137 0329 6C6F6E67 		.ascii	"long unsigned int\000"
 2137      20756E73 
 2137      69676E65 
 2137      6420696E 
 2137      7400
 2138              	.LASF28:
 2139 033b 52657365 		.ascii	"Reserved3\000"
 2139      72766564 
 2139      3300
 2140              	.LASF53:
 2141 0345 504D435F 		.ascii	"PMC_EnablePeripheral\000"
 2141      456E6162 
 2141      6C655065 
 2141      72697068 
 2141      6572616C 
 2142              	.LASF56:
 2143 035a 5350495F 		.ascii	"SPI_PdcEnableTx\000"
 2143      50646345 
 2143      6E61626C 
 2143      65547800 
 2144              	.LASF66:
 2145 036a 70765278 		.ascii	"pvRxBuf\000"
 2145      42756600 
 2146              	.LASF59:
 2147 0372 5350495F 		.ascii	"SPI_PdcDisableRx\000"
 2147      50646344 
 2147      69736162 
 2147      6C655278 
 2147      00
 2148              	.LASF46:
 2149 0383 6477436F 		.ascii	"dwConfiguration\000"
 2149      6E666967 
 2149      75726174 
 2149      696F6E00 
 2150              	.LASF35:
 2151 0393 5350495F 		.ascii	"SPI_TNPR\000"
 2151      544E5052 
 2151      00
 2152              	.LASF34:
 2153 039c 5350495F 		.ascii	"SPI_RNCR\000"
 2153      524E4352 
 2153      00
 2154              	.LASF76:
 2155 03a5 2F686F6D 		.ascii	"/home/santi/Documentos/ProyectoDron_2018/MCU/creato"
 2155      652F7361 
 2155      6E74692F 
 2155      446F6375 
ARM GAS  /tmp/ccfbJ32L.s 			page 42


 2155      6D656E74 
 2156 03d8 7200     		.ascii	"r\000"
 2157              	.LASF60:
 2158 03da 5350495F 		.ascii	"SPI_PdcSetTx\000"
 2158      50646353 
 2158      65745478 
 2158      00
 2159              	.LASF29:
 2160 03e7 5350495F 		.ascii	"SPI_RPR\000"
 2160      52505200 
 2161              	.LASF38:
 2162 03ef 5350495F 		.ascii	"SPI_PTSR\000"
 2162      50545352 
 2162      00
 2163              	.LASF24:
 2164 03f8 5350495F 		.ascii	"SPI_CSR\000"
 2164      43535200 
 2165              	.LASF65:
 2166 0400 5350495F 		.ascii	"SPI_PdcSetRx\000"
 2166      50646353 
 2166      65745278 
 2166      00
 2167              	.LASF15:
 2168 040d 5350495F 		.ascii	"SPI_CR\000"
 2168      435200
 2169              	.LASF73:
 2170 0414 5350495F 		.ascii	"SPI_ReadBuffer\000"
 2170      52656164 
 2170      42756666 
 2170      657200
 2171              	.LASF72:
 2172 0423 64774C65 		.ascii	"dwLength\000"
 2172      6E677468 
 2172      00
 2173              	.LASF41:
 2174 042c 5350495F 		.ascii	"SPI_EnableIt\000"
 2174      456E6162 
 2174      6C654974 
 2174      00
 2175              	.LASF44:
 2176 0439 5350495F 		.ascii	"SPI_Configure\000"
 2176      436F6E66 
 2176      69677572 
 2176      6500
 2177              		.ident	"GCC: (Sourcery CodeBench Lite 2013.11-24) 4.8.1"
ARM GAS  /tmp/ccfbJ32L.s 			page 43


DEFINED SYMBOLS
                            *ABS*:00000000 atmel_spi.c
     /tmp/ccfbJ32L.s:19     .text.SPI_Enable:00000000 $t
     /tmp/ccfbJ32L.s:25     .text.SPI_Enable:00000000 SPI_Enable
     /tmp/ccfbJ32L.s:42     .text.SPI_Disable:00000000 $t
     /tmp/ccfbJ32L.s:48     .text.SPI_Disable:00000000 SPI_Disable
     /tmp/ccfbJ32L.s:64     .text.SPI_EnableIt:00000000 $t
     /tmp/ccfbJ32L.s:70     .text.SPI_EnableIt:00000000 SPI_EnableIt
     /tmp/ccfbJ32L.s:85     .text.SPI_DisableIt:00000000 $t
     /tmp/ccfbJ32L.s:91     .text.SPI_DisableIt:00000000 SPI_DisableIt
     /tmp/ccfbJ32L.s:106    .text.SPI_Configure:00000000 $t
     /tmp/ccfbJ32L.s:112    .text.SPI_Configure:00000000 SPI_Configure
     /tmp/ccfbJ32L.s:151    .text.SPI_ConfigureNPCS:00000000 $t
     /tmp/ccfbJ32L.s:157    .text.SPI_ConfigureNPCS:00000000 SPI_ConfigureNPCS
     /tmp/ccfbJ32L.s:174    .text.SPI_GetStatus:00000000 $t
     /tmp/ccfbJ32L.s:180    .text.SPI_GetStatus:00000000 SPI_GetStatus
     /tmp/ccfbJ32L.s:197    .text.SPI_Read:00000000 $t
     /tmp/ccfbJ32L.s:203    .text.SPI_Read:00000000 SPI_Read
     /tmp/ccfbJ32L.s:226    .text.SPI_Write:00000000 $t
     /tmp/ccfbJ32L.s:232    .text.SPI_Write:00000000 SPI_Write
     /tmp/ccfbJ32L.s:270    .text.SPI_IsFinished:00000000 $t
     /tmp/ccfbJ32L.s:276    .text.SPI_IsFinished:00000000 SPI_IsFinished
     /tmp/ccfbJ32L.s:294    .text.SPI_PdcEnableTx:00000000 $t
     /tmp/ccfbJ32L.s:300    .text.SPI_PdcEnableTx:00000000 SPI_PdcEnableTx
     /tmp/ccfbJ32L.s:316    .text.SPI_PdcDisableTx:00000000 $t
     /tmp/ccfbJ32L.s:322    .text.SPI_PdcDisableTx:00000000 SPI_PdcDisableTx
     /tmp/ccfbJ32L.s:338    .text.SPI_PdcEnableRx:00000000 $t
     /tmp/ccfbJ32L.s:344    .text.SPI_PdcEnableRx:00000000 SPI_PdcEnableRx
     /tmp/ccfbJ32L.s:360    .text.SPI_PdcDisableRx:00000000 $t
     /tmp/ccfbJ32L.s:366    .text.SPI_PdcDisableRx:00000000 SPI_PdcDisableRx
     /tmp/ccfbJ32L.s:382    .text.SPI_PdcSetTx:00000000 $t
     /tmp/ccfbJ32L.s:388    .text.SPI_PdcSetTx:00000000 SPI_PdcSetTx
     /tmp/ccfbJ32L.s:416    .text.SPI_PdcSetRx:00000000 $t
     /tmp/ccfbJ32L.s:422    .text.SPI_PdcSetRx:00000000 SPI_PdcSetRx
     /tmp/ccfbJ32L.s:450    .text.SPI_WriteBuffer:00000000 $t
     /tmp/ccfbJ32L.s:456    .text.SPI_WriteBuffer:00000000 SPI_WriteBuffer
     /tmp/ccfbJ32L.s:510    .text.SPI_ReadBuffer:00000000 $t
     /tmp/ccfbJ32L.s:516    .text.SPI_ReadBuffer:00000000 SPI_ReadBuffer
                     .debug_frame:00000010 $d

UNDEFINED SYMBOLS
PMC_EnablePeripheral
SPI_PCS
