ARM GAS  /tmp/ccWGT2Rd.s 			page 1


   1              		.syntax unified
   2              		.cpu cortex-m3
   3              		.fpu softvfp
   4              		.eabi_attribute 20, 1
   5              		.eabi_attribute 21, 1
   6              		.eabi_attribute 23, 3
   7              		.eabi_attribute 24, 1
   8              		.eabi_attribute 25, 1
   9              		.eabi_attribute 26, 1
  10              		.eabi_attribute 30, 2
  11              		.eabi_attribute 34, 1
  12              		.eabi_attribute 18, 4
  13              		.thumb
  14              		.file	"chcore_v7m.c"
  15              		.text
  16              	.Ltext0:
  17              		.cfi_sections	.debug_frame
  18              		.section	.text._port_switch_from_isr,"ax",%progbits
  19              		.align	2
  20              		.p2align 4,,15
  21              		.global	_port_switch_from_isr
  22              		.thumb
  23              		.thumb_func
  24              		.type	_port_switch_from_isr, %function
  25              	_port_switch_from_isr:
  26              	.LFB11:
  27              		.file 1 "../third_party/ChibiOS/os/ports/GCC/ARMCMx/chcore_v7m.c"
  28              		.loc 1 207 0
  29              		.cfi_startproc
  30              		@ Naked Function: prologue and epilogue provided by programmer.
  31              		@ args = 0, pretend = 0, frame = 0
  32              		@ frame_needed = 0, uses_anonymous_args = 0
  33              		.loc 1 210 0
  34 0000 FFF7FEFF 		bl	chSchDoReschedule
  35              	.LVL0:
  36              		.loc 1 212 0
  37              	@ 212 "../third_party/ChibiOS/os/ports/GCC/ARMCMx/chcore_v7m.c" 1
  38              		_port_exit_from_isr:
  39              	@ 0 "" 2
  40              		.loc 1 214 0
  41              	@ 214 "../third_party/ChibiOS/os/ports/GCC/ARMCMx/chcore_v7m.c" 1
  42 0004 00DF     		svc     #0
  43              	@ 0 "" 2
  44              		.loc 1 221 0
  45              		.thumb
  46              		.cfi_endproc
  47              	.LFE11:
  48              		.size	_port_switch_from_isr, .-_port_switch_from_isr
  49 0006 00BFAFF3 		.section	.text.SVCallVector,"ax",%progbits
  49      0080AFF3 
  49      0080
  50              		.align	2
  51              		.p2align 4,,15
  52              		.global	SVCallVector
  53              		.thumb
  54              		.thumb_func
  55              		.type	SVCallVector, %function
ARM GAS  /tmp/ccWGT2Rd.s 			page 2


  56              	SVCallVector:
  57              	.LFB8:
  58              		.loc 1 65 0
  59              		.cfi_startproc
  60              		@ args = 0, pretend = 0, frame = 0
  61              		@ frame_needed = 0, uses_anonymous_args = 0
  62              		@ link register save eliminated.
  63              		.loc 1 69 0
  64              	@ 69 "../third_party/ChibiOS/os/ports/GCC/ARMCMx/chcore_v7m.c" 1
  65 0000 EFF30983 		mrs     r3, PSP
  66              	@ 0 "" 2
  67              	.LVL1:
  68              		.loc 1 73 0
  69              		.thumb
  70 0004 2033     		adds	r3, r3, #32
  71              	.LVL2:
  72              		.loc 1 80 0
  73              	@ 80 "../third_party/ChibiOS/os/ports/GCC/ARMCMx/chcore_v7m.c" 1
  74 0006 83F30988 		msr     PSP, r3
  75              	@ 0 "" 2
  76              		.thumb
  77              	.LBB2:
  78              		.loc 1 81 0
  79 000a 0023     		movs	r3, #0
  80              	.LVL3:
  81              	@ 81 "../third_party/ChibiOS/os/ports/GCC/ARMCMx/chcore_v7m.c" 1
  82 000c 83F31188 		msr     BASEPRI, r3
  83              	@ 0 "" 2
  84              		.thumb
  85 0010 7047     		bx	lr
  86              	.LBE2:
  87              		.cfi_endproc
  88              	.LFE8:
  89              		.size	SVCallVector, .-SVCallVector
  90 0012 00BFAFF3 		.section	.text._port_init,"ax",%progbits
  90      0080AFF3 
  90      0080AFF3 
  90      0080
  91              		.align	2
  92              		.p2align 4,,15
  93              		.global	_port_init
  94              		.thumb
  95              		.thumb_func
  96              		.type	_port_init, %function
  97              	_port_init:
  98              	.LFB9:
  99              		.loc 1 118 0
 100              		.cfi_startproc
 101              		@ args = 0, pretend = 0, frame = 0
 102              		@ frame_needed = 0, uses_anonymous_args = 0
 103 0000 08B5     		push	{r3, lr}
 104              		.cfi_def_cfa_offset 8
 105              		.cfi_offset 3, -8
 106              		.cfi_offset 14, -4
 107              		.loc 1 122 0
 108 0002 0022     		movs	r2, #0
 109              		.loc 1 121 0
ARM GAS  /tmp/ccWGT2Rd.s 			page 3


 110 0004 4FF46D43 		mov	r3, #60672
 111 0008 CEF20003 		movt	r3, 57344
 112 000c 1146     		mov	r1, r2
 113              		.loc 1 122 0
 114 000e C0F2FA52 		movt	r2, 1530
 115              		.loc 1 121 0
 116 0012 9960     		str	r1, [r3, #8]
 117              		.loc 1 125 0
 118 0014 0720     		movs	r0, #7
 119              		.loc 1 122 0
 120 0016 DA60     		str	r2, [r3, #12]
 121              		.loc 1 125 0
 122 0018 1021     		movs	r1, #16
 123 001a FFF7FEFF 		bl	nvicSetSystemHandlerPriority
 124              	.LVL4:
 125              		.loc 1 127 0
 126 001e 0A20     		movs	r0, #10
 127 0020 4FF40071 		mov	r1, #512
 128 0024 FFF7FEFF 		bl	nvicSetSystemHandlerPriority
 129              	.LVL5:
 130              		.loc 1 131 0
 131 0028 BDE80840 		pop	{r3, lr}
 132              		.loc 1 129 0
 133 002c 0B20     		movs	r0, #11
 134 002e 8021     		movs	r1, #128
 135 0030 FFF7FEBF 		b	nvicSetSystemHandlerPriority
 136              	.LVL6:
 137              		.cfi_endproc
 138              	.LFE9:
 139              		.size	_port_init, .-_port_init
 140 0034 AFF30080 		.section	.text._port_irq_epilogue,"ax",%progbits
 140      AFF30080 
 140      AFF30080 
 141              		.align	2
 142              		.p2align 4,,15
 143              		.global	_port_irq_epilogue
 144              		.thumb
 145              		.thumb_func
 146              		.type	_port_irq_epilogue, %function
 147              	_port_irq_epilogue:
 148              	.LFB10:
 149              		.loc 1 148 0
 150              		.cfi_startproc
 151              		@ args = 0, pretend = 0, frame = 0
 152              		@ frame_needed = 0, uses_anonymous_args = 0
 153              		@ link register save eliminated.
 154              	.LBB3:
 155              		.loc 1 150 0
 156 0000 2023     		movs	r3, #32
 157              	@ 150 "../third_party/ChibiOS/os/ports/GCC/ARMCMx/chcore_v7m.c" 1
 158 0002 83F31188 		msr     BASEPRI, r3
 159              	@ 0 "" 2
 160              		.thumb
 161              	.LBE3:
 162              		.loc 1 151 0
 163 0006 4FF46D43 		mov	r3, #60672
 164 000a CEF20003 		movt	r3, 57344
ARM GAS  /tmp/ccWGT2Rd.s 			page 4


 165 000e 5B68     		ldr	r3, [r3, #4]
 166 0010 13F40063 		ands	r3, r3, #2048
 167 0014 1FD0     		beq	.L5
 168              	.LBB4:
 169              		.loc 1 155 0
 170              	@ 155 "../third_party/ChibiOS/os/ports/GCC/ARMCMx/chcore_v7m.c" 1
 171 0016 EFF30982 		mrs     r2, PSP
 172              	@ 0 "" 2
 173              	.LVL7:
 174              		.loc 1 159 0
 175              		.thumb
 176 001a A2F12003 		sub	r3, r2, #32
 177              	.LVL8:
 178              		.loc 1 160 0
 179              	@ 160 "../third_party/ChibiOS/os/ports/GCC/ARMCMx/chcore_v7m.c" 1
 180 001e 83F30988 		msr     PSP, r3
 181              	@ 0 "" 2
 182              		.loc 1 165 0
 183              		.thumb
 184 0022 40F20003 		movw	r3, #:lower16:rlist
 185              	.LVL9:
 186 0026 C0F20003 		movt	r3, #:upper16:rlist
 187 002a 9969     		ldr	r1, [r3, #24]
 188              		.loc 1 161 0
 189 002c 4FF08070 		mov	r0, #16777216
 190 0030 42F8040C 		str	r0, [r2, #-4]
 191              		.loc 1 165 0
 192 0034 91B1     		cbz	r1, .L6
 193              		.loc 1 165 0 is_stmt 0 discriminator 1
 194 0036 1968     		ldr	r1, [r3]
 195 0038 DB69     		ldr	r3, [r3, #28]
 196 003a 8968     		ldr	r1, [r1, #8]
 197 003c 9B68     		ldr	r3, [r3, #8]
 198 003e 9942     		cmp	r1, r3
 199 0040 94BF     		ite	ls
 200 0042 0023     		movls	r3, #0
 201 0044 0123     		movhi	r3, #1
 202 0046 9BB1     		cbz	r3, .L8
 203              	.L11:
 204              		.loc 1 167 0 is_stmt 1
 205 0048 40F20003 		movw	r3, #:lower16:_port_switch_from_isr
 206 004c C0F20003 		movt	r3, #:upper16:_port_switch_from_isr
 207 0050 42F8083C 		str	r3, [r2, #-8]
 208 0054 7047     		bx	lr
 209              	.LVL10:
 210              	.L5:
 211              	.LBE4:
 212              	.LBB5:
 213              		.loc 1 197 0
 214              	@ 197 "../third_party/ChibiOS/os/ports/GCC/ARMCMx/chcore_v7m.c" 1
 215 0056 83F31188 		msr     BASEPRI, r3
 216              	@ 0 "" 2
 217              		.thumb
 218 005a 7047     		bx	lr
 219              	.LVL11:
 220              	.L6:
 221              	.LBE5:
ARM GAS  /tmp/ccWGT2Rd.s 			page 5


 222              	.LBB6:
 223              		.loc 1 165 0 discriminator 2
 224 005c 1968     		ldr	r1, [r3]
 225 005e DB69     		ldr	r3, [r3, #28]
 226 0060 8968     		ldr	r1, [r1, #8]
 227 0062 9B68     		ldr	r3, [r3, #8]
 228 0064 9942     		cmp	r1, r3
 229 0066 34BF     		ite	cc
 230 0068 0023     		movcc	r3, #0
 231 006a 0123     		movcs	r3, #1
 232 006c 002B     		cmp	r3, #0
 233 006e EBD1     		bne	.L11
 234              	.L8:
 235              		.loc 1 176 0
 236 0070 40F20003 		movw	r3, #:lower16:_port_exit_from_isr
 237 0074 C0F20003 		movt	r3, #:upper16:_port_exit_from_isr
 238 0078 42F8083C 		str	r3, [r2, #-8]
 239 007c 7047     		bx	lr
 240              	.LBE6:
 241              		.cfi_endproc
 242              	.LFE10:
 243              		.size	_port_irq_epilogue, .-_port_irq_epilogue
 244 007e 00BF     		.section	.text.SysTickVector,"ax",%progbits
 245              		.align	2
 246              		.p2align 4,,15
 247              		.global	SysTickVector
 248              		.thumb
 249              		.thumb_func
 250              		.type	SysTickVector, %function
 251              	SysTickVector:
 252              	.LFB7:
 253              		.loc 1 47 0
 254              		.cfi_startproc
 255              		@ args = 0, pretend = 0, frame = 0
 256              		@ frame_needed = 0, uses_anonymous_args = 0
 257 0000 08B5     		push	{r3, lr}
 258              		.cfi_def_cfa_offset 8
 259              		.cfi_offset 3, -8
 260              		.cfi_offset 14, -4
 261              	.LBB7:
 262              		.loc 1 51 0
 263 0002 2023     		movs	r3, #32
 264              	@ 51 "../third_party/ChibiOS/os/ports/GCC/ARMCMx/chcore_v7m.c" 1
 265 0004 83F31188 		msr     BASEPRI, r3
 266              	@ 0 "" 2
 267              		.thumb
 268              	.LBE7:
 269              		.loc 1 52 0
 270 0008 FFF7FEFF 		bl	chSysTimerHandlerI
 271              	.LVL12:
 272              	.LBB8:
 273              		.loc 1 53 0
 274 000c 0023     		movs	r3, #0
 275              	@ 53 "../third_party/ChibiOS/os/ports/GCC/ARMCMx/chcore_v7m.c" 1
 276 000e 83F31188 		msr     BASEPRI, r3
 277              	@ 0 "" 2
 278              		.thumb
ARM GAS  /tmp/ccWGT2Rd.s 			page 6


 279              	.LBE8:
 280              		.loc 1 56 0
 281 0012 BDE80840 		pop	{r3, lr}
 282              		.loc 1 55 0
 283 0016 FFF7FEBF 		b	_port_irq_epilogue
 284              	.LVL13:
 285              		.cfi_endproc
 286              	.LFE7:
 287              		.size	SysTickVector, .-SysTickVector
 288 001a 00BFAFF3 		.section	.text._port_switch,"ax",%progbits
 288      0080
 289              		.align	2
 290              		.p2align 4,,15
 291              		.global	_port_switch
 292              		.thumb
 293              		.thumb_func
 294              		.type	_port_switch, %function
 295              	_port_switch:
 296              	.LFB12:
 297              		.loc 1 236 0
 298              		.cfi_startproc
 299              		@ Naked Function: prologue and epilogue provided by programmer.
 300              		@ args = 0, pretend = 0, frame = 0
 301              		@ frame_needed = 0, uses_anonymous_args = 0
 302              	.LVL14:
 303              		.loc 1 238 0
 304              	@ 238 "../third_party/ChibiOS/os/ports/GCC/ARMCMx/chcore_v7m.c" 1
 305 0000 2DE9F04F 		push    {r4, r5, r6, r7, r8, r9, r10, r11, lr}
 306              	@ 0 "" 2
 307              		.loc 1 244 0
 308              	@ 244 "../third_party/ChibiOS/os/ports/GCC/ARMCMx/chcore_v7m.c" 1
 309 0004 C1F80CD0 		str     sp, [r1, #12]                          
 310 0008 D0F80CD0 		ldr     sp, [r0, #12]
 311              	@ 0 "" 2
 312              		.loc 1 250 0
 313              	@ 250 "../third_party/ChibiOS/os/ports/GCC/ARMCMx/chcore_v7m.c" 1
 314 000c BDE8F08F 		pop     {r4, r5, r6, r7, r8, r9, r10, r11, pc}
 315              	@ 0 "" 2
 316              		.loc 1 252 0
 317              		.thumb
 318              		.cfi_endproc
 319              	.LFE12:
 320              		.size	_port_switch, .-_port_switch
 321              		.section	.text._port_thread_start,"ax",%progbits
 322              		.align	2
 323              		.p2align 4,,15
 324              		.global	_port_thread_start
 325              		.thumb
 326              		.thumb_func
 327              		.type	_port_thread_start, %function
 328              	_port_thread_start:
 329              	.LFB13:
 330              		.loc 1 259 0
 331              		.cfi_startproc
 332              		@ args = 0, pretend = 0, frame = 0
 333              		@ frame_needed = 0, uses_anonymous_args = 0
 334              		@ link register save eliminated.
ARM GAS  /tmp/ccWGT2Rd.s 			page 7


 335              	.LBB9:
 336              		.loc 1 261 0
 337 0000 0023     		movs	r3, #0
 338              	@ 261 "../third_party/ChibiOS/os/ports/GCC/ARMCMx/chcore_v7m.c" 1
 339 0002 83F31188 		msr     BASEPRI, r3
 340              	@ 0 "" 2
 341              		.thumb
 342              	.LBE9:
 343              		.loc 1 262 0
 344              	@ 262 "../third_party/ChibiOS/os/ports/GCC/ARMCMx/chcore_v7m.c" 1
 345 0006 2846     		mov     r0, r5                                 
 346 0008 A047     		blx     r4                                     
 347 000a FFF7FEFF 		bl      chThdExit
 348              	@ 0 "" 2
 349              		.thumb
 350 000e 7047     		bx	lr
 351              		.cfi_endproc
 352              	.LFE13:
 353              		.size	_port_thread_start, .-_port_thread_start
 354              		.text
 355              	.Letext0:
 356              		.file 2 "/home/santi/arm-2013.11/arm-none-eabi/include/stdint.h"
 357              		.file 3 "../third_party/ChibiOS/os/ports/GCC/ARMCMx/chtypes.h"
 358              		.file 4 "../third_party/ChibiOS/os/kernel/include/chlists.h"
 359              		.file 5 "../third_party/ChibiOS/os/kernel/include/chthreads.h"
 360              		.file 6 "../third_party/ChibiOS/os/ports/GCC/ARMCMx/chcore_v7m.h"
 361              		.file 7 "../third_party/ChibiOS/os/ports/common/ARMCMx/nvic.h"
 362              		.file 8 "../third_party/ChibiOS/os/kernel/include/chschd.h"
 363              		.file 9 "../third_party/ChibiOS/os/kernel/include/chmtx.h"
 364              		.file 10 "../third_party/ChibiOS/os/kernel/include/chsys.h"
 365              		.section	.debug_info,"",%progbits
 366              	.Ldebug_info0:
 367 0000 C8070000 		.4byte	0x7c8
 368 0004 0400     		.2byte	0x4
 369 0006 00000000 		.4byte	.Ldebug_abbrev0
 370 000a 04       		.byte	0x4
 371 000b 01       		.uleb128 0x1
 372 000c 35000000 		.4byte	.LASF92
 373 0010 01       		.byte	0x1
 374 0011 8D020000 		.4byte	.LASF93
 375 0015 D3020000 		.4byte	.LASF94
 376 0019 18000000 		.4byte	.Ldebug_ranges0+0x18
 377 001d 00000000 		.4byte	0
 378 0021 00000000 		.4byte	.Ldebug_line0
 379 0025 02       		.uleb128 0x2
 380 0026 04       		.byte	0x4
 381 0027 05       		.byte	0x5
 382 0028 696E7400 		.ascii	"int\000"
 383 002c 03       		.uleb128 0x3
 384 002d 04       		.byte	0x4
 385 002e 07       		.byte	0x7
 386 002f BA010000 		.4byte	.LASF0
 387 0033 03       		.uleb128 0x3
 388 0034 01       		.byte	0x1
 389 0035 06       		.byte	0x6
 390 0036 26010000 		.4byte	.LASF1
 391 003a 04       		.uleb128 0x4
ARM GAS  /tmp/ccWGT2Rd.s 			page 8


 392 003b 3A040000 		.4byte	.LASF5
 393 003f 02       		.byte	0x2
 394 0040 2A       		.byte	0x2a
 395 0041 45000000 		.4byte	0x45
 396 0045 03       		.uleb128 0x3
 397 0046 01       		.byte	0x1
 398 0047 08       		.byte	0x8
 399 0048 3E030000 		.4byte	.LASF2
 400 004c 03       		.uleb128 0x3
 401 004d 02       		.byte	0x2
 402 004e 05       		.byte	0x5
 403 004f 5C030000 		.4byte	.LASF3
 404 0053 03       		.uleb128 0x3
 405 0054 02       		.byte	0x2
 406 0055 07       		.byte	0x7
 407 0056 17020000 		.4byte	.LASF4
 408 005a 04       		.uleb128 0x4
 409 005b 36030000 		.4byte	.LASF6
 410 005f 02       		.byte	0x2
 411 0060 4F       		.byte	0x4f
 412 0061 65000000 		.4byte	0x65
 413 0065 03       		.uleb128 0x3
 414 0066 04       		.byte	0x4
 415 0067 05       		.byte	0x5
 416 0068 42010000 		.4byte	.LASF7
 417 006c 04       		.uleb128 0x4
 418 006d A2030000 		.4byte	.LASF8
 419 0071 02       		.byte	0x2
 420 0072 50       		.byte	0x50
 421 0073 77000000 		.4byte	0x77
 422 0077 03       		.uleb128 0x3
 423 0078 04       		.byte	0x4
 424 0079 07       		.byte	0x7
 425 007a E2010000 		.4byte	.LASF9
 426 007e 03       		.uleb128 0x3
 427 007f 08       		.byte	0x8
 428 0080 05       		.byte	0x5
 429 0081 18010000 		.4byte	.LASF10
 430 0085 03       		.uleb128 0x3
 431 0086 08       		.byte	0x8
 432 0087 07       		.byte	0x7
 433 0088 EB000000 		.4byte	.LASF11
 434 008c 04       		.uleb128 0x4
 435 008d 59020000 		.4byte	.LASF12
 436 0091 03       		.byte	0x3
 437 0092 2F       		.byte	0x2f
 438 0093 3A000000 		.4byte	0x3a
 439 0097 04       		.uleb128 0x4
 440 0098 4B010000 		.4byte	.LASF13
 441 009c 03       		.byte	0x3
 442 009d 30       		.byte	0x30
 443 009e 3A000000 		.4byte	0x3a
 444 00a2 04       		.uleb128 0x4
 445 00a3 1A030000 		.4byte	.LASF14
 446 00a7 03       		.byte	0x3
 447 00a8 31       		.byte	0x31
 448 00a9 3A000000 		.4byte	0x3a
ARM GAS  /tmp/ccWGT2Rd.s 			page 9


 449 00ad 04       		.uleb128 0x4
 450 00ae 2E030000 		.4byte	.LASF15
 451 00b2 03       		.byte	0x3
 452 00b3 32       		.byte	0x32
 453 00b4 6C000000 		.4byte	0x6c
 454 00b8 04       		.uleb128 0x4
 455 00b9 2F020000 		.4byte	.LASF16
 456 00bd 03       		.byte	0x3
 457 00be 33       		.byte	0x33
 458 00bf 5A000000 		.4byte	0x5a
 459 00c3 04       		.uleb128 0x4
 460 00c4 6D020000 		.4byte	.LASF17
 461 00c8 03       		.byte	0x3
 462 00c9 35       		.byte	0x35
 463 00ca 6C000000 		.4byte	0x6c
 464 00ce 04       		.uleb128 0x4
 465 00cf D4030000 		.4byte	.LASF18
 466 00d3 03       		.byte	0x3
 467 00d4 36       		.byte	0x36
 468 00d5 6C000000 		.4byte	0x6c
 469 00d9 04       		.uleb128 0x4
 470 00da B4010000 		.4byte	.LASF19
 471 00de 03       		.byte	0x3
 472 00df 37       		.byte	0x37
 473 00e0 5A000000 		.4byte	0x5a
 474 00e4 04       		.uleb128 0x4
 475 00e5 90030000 		.4byte	.LASF20
 476 00e9 04       		.byte	0x4
 477 00ea 2A       		.byte	0x2a
 478 00eb EF000000 		.4byte	0xef
 479 00ef 05       		.uleb128 0x5
 480 00f0 90030000 		.4byte	.LASF20
 481 00f4 48       		.byte	0x48
 482 00f5 05       		.byte	0x5
 483 00f6 5E       		.byte	0x5e
 484 00f7 E0010000 		.4byte	0x1e0
 485 00fb 06       		.uleb128 0x6
 486 00fc 81030000 		.4byte	.LASF21
 487 0100 05       		.byte	0x5
 488 0101 5F       		.byte	0x5f
 489 0102 01020000 		.4byte	0x201
 490 0106 00       		.byte	0
 491 0107 06       		.uleb128 0x6
 492 0108 27030000 		.4byte	.LASF22
 493 010c 05       		.byte	0x5
 494 010d 61       		.byte	0x61
 495 010e 01020000 		.4byte	0x201
 496 0112 04       		.byte	0x4
 497 0113 06       		.uleb128 0x6
 498 0114 11010000 		.4byte	.LASF23
 499 0118 05       		.byte	0x5
 500 0119 63       		.byte	0x63
 501 011a AD000000 		.4byte	0xad
 502 011e 08       		.byte	0x8
 503 011f 06       		.uleb128 0x6
 504 0120 6E040000 		.4byte	.LASF24
 505 0124 05       		.byte	0x5
ARM GAS  /tmp/ccWGT2Rd.s 			page 10


 506 0125 64       		.byte	0x64
 507 0126 22030000 		.4byte	0x322
 508 012a 0C       		.byte	0xc
 509 012b 06       		.uleb128 0x6
 510 012c 67010000 		.4byte	.LASF25
 511 0130 05       		.byte	0x5
 512 0131 66       		.byte	0x66
 513 0132 01020000 		.4byte	0x201
 514 0136 10       		.byte	0x10
 515 0137 06       		.uleb128 0x6
 516 0138 C5020000 		.4byte	.LASF26
 517 013c 05       		.byte	0x5
 518 013d 67       		.byte	0x67
 519 013e 01020000 		.4byte	0x201
 520 0142 14       		.byte	0x14
 521 0143 06       		.uleb128 0x6
 522 0144 54040000 		.4byte	.LASF27
 523 0148 05       		.byte	0x5
 524 0149 6E       		.byte	0x6e
 525 014a A7050000 		.4byte	0x5a7
 526 014e 18       		.byte	0x18
 527 014f 06       		.uleb128 0x6
 528 0150 66030000 		.4byte	.LASF28
 529 0154 05       		.byte	0x5
 530 0155 79       		.byte	0x79
 531 0156 97000000 		.4byte	0x97
 532 015a 1C       		.byte	0x1c
 533 015b 06       		.uleb128 0x6
 534 015c 88030000 		.4byte	.LASF29
 535 0160 05       		.byte	0x5
 536 0161 7D       		.byte	0x7d
 537 0162 8C000000 		.4byte	0x8c
 538 0166 1D       		.byte	0x1d
 539 0167 06       		.uleb128 0x6
 540 0168 1E040000 		.4byte	.LASF30
 541 016c 05       		.byte	0x5
 542 016d 82       		.byte	0x82
 543 016e A2000000 		.4byte	0xa2
 544 0172 1E       		.byte	0x1e
 545 0173 06       		.uleb128 0x6
 546 0174 00040000 		.4byte	.LASF31
 547 0178 05       		.byte	0x5
 548 0179 89       		.byte	0x89
 549 017a C3040000 		.4byte	0x4c3
 550 017e 20       		.byte	0x20
 551 017f 07       		.uleb128 0x7
 552 0180 705F7500 		.ascii	"p_u\000"
 553 0184 05       		.byte	0x5
 554 0185 AE       		.byte	0xae
 555 0186 72050000 		.4byte	0x572
 556 018a 24       		.byte	0x24
 557 018b 06       		.uleb128 0x6
 558 018c 74040000 		.4byte	.LASF32
 559 0190 05       		.byte	0x5
 560 0191 B3       		.byte	0xb3
 561 0192 27020000 		.4byte	0x227
 562 0196 28       		.byte	0x28
ARM GAS  /tmp/ccWGT2Rd.s 			page 11


 563 0197 06       		.uleb128 0x6
 564 0198 13040000 		.4byte	.LASF33
 565 019c 05       		.byte	0x5
 566 019d B9       		.byte	0xb9
 567 019e 07020000 		.4byte	0x207
 568 01a2 2C       		.byte	0x2c
 569 01a3 06       		.uleb128 0x6
 570 01a4 0D000000 		.4byte	.LASF34
 571 01a8 05       		.byte	0x5
 572 01a9 BD       		.byte	0xbd
 573 01aa B8000000 		.4byte	0xb8
 574 01ae 34       		.byte	0x34
 575 01af 06       		.uleb128 0x6
 576 01b0 97030000 		.4byte	.LASF35
 577 01b4 05       		.byte	0x5
 578 01b5 C3       		.byte	0xc3
 579 01b6 C3000000 		.4byte	0xc3
 580 01ba 38       		.byte	0x38
 581 01bb 06       		.uleb128 0x6
 582 01bc 52030000 		.4byte	.LASF36
 583 01c0 05       		.byte	0x5
 584 01c1 CA       		.byte	0xca
 585 01c2 B9050000 		.4byte	0x5b9
 586 01c6 3C       		.byte	0x3c
 587 01c7 06       		.uleb128 0x6
 588 01c8 DE030000 		.4byte	.LASF37
 589 01cc 05       		.byte	0x5
 590 01cd CE       		.byte	0xce
 591 01ce AD000000 		.4byte	0xad
 592 01d2 40       		.byte	0x40
 593 01d3 06       		.uleb128 0x6
 594 01d4 32010000 		.4byte	.LASF38
 595 01d8 05       		.byte	0x5
 596 01d9 D4       		.byte	0xd4
 597 01da 3D020000 		.4byte	0x23d
 598 01de 44       		.byte	0x44
 599 01df 00       		.byte	0
 600 01e0 08       		.uleb128 0x8
 601 01e1 08       		.byte	0x8
 602 01e2 04       		.byte	0x4
 603 01e3 61       		.byte	0x61
 604 01e4 01020000 		.4byte	0x201
 605 01e8 06       		.uleb128 0x6
 606 01e9 81030000 		.4byte	.LASF21
 607 01ed 04       		.byte	0x4
 608 01ee 62       		.byte	0x62
 609 01ef 01020000 		.4byte	0x201
 610 01f3 00       		.byte	0
 611 01f4 06       		.uleb128 0x6
 612 01f5 27030000 		.4byte	.LASF22
 613 01f9 04       		.byte	0x4
 614 01fa 64       		.byte	0x64
 615 01fb 01020000 		.4byte	0x201
 616 01ff 04       		.byte	0x4
 617 0200 00       		.byte	0
 618 0201 09       		.uleb128 0x9
 619 0202 04       		.byte	0x4
ARM GAS  /tmp/ccWGT2Rd.s 			page 12


 620 0203 E4000000 		.4byte	0xe4
 621 0207 04       		.uleb128 0x4
 622 0208 00000000 		.4byte	.LASF39
 623 020c 04       		.byte	0x4
 624 020d 66       		.byte	0x66
 625 020e E0010000 		.4byte	0x1e0
 626 0212 08       		.uleb128 0x8
 627 0213 04       		.byte	0x4
 628 0214 04       		.byte	0x4
 629 0215 6B       		.byte	0x6b
 630 0216 27020000 		.4byte	0x227
 631 021a 06       		.uleb128 0x6
 632 021b 81030000 		.4byte	.LASF21
 633 021f 04       		.byte	0x4
 634 0220 6D       		.byte	0x6d
 635 0221 01020000 		.4byte	0x201
 636 0225 00       		.byte	0
 637 0226 00       		.byte	0
 638 0227 04       		.uleb128 0x4
 639 0228 61020000 		.4byte	.LASF40
 640 022c 04       		.byte	0x4
 641 022d 70       		.byte	0x70
 642 022e 12020000 		.4byte	0x212
 643 0232 04       		.uleb128 0x4
 644 0233 99010000 		.4byte	.LASF41
 645 0237 06       		.byte	0x6
 646 0238 D7       		.byte	0xd7
 647 0239 3D020000 		.4byte	0x23d
 648 023d 0A       		.uleb128 0xa
 649 023e 04       		.byte	0x4
 650 023f 05       		.uleb128 0x5
 651 0240 CE010000 		.4byte	.LASF42
 652 0244 20       		.byte	0x20
 653 0245 06       		.byte	0x6
 654 0246 DF       		.byte	0xdf
 655 0247 A7020000 		.4byte	0x2a7
 656 024b 07       		.uleb128 0x7
 657 024c 723000   		.ascii	"r0\000"
 658 024f 06       		.byte	0x6
 659 0250 E0       		.byte	0xe0
 660 0251 32020000 		.4byte	0x232
 661 0255 00       		.byte	0
 662 0256 07       		.uleb128 0x7
 663 0257 723100   		.ascii	"r1\000"
 664 025a 06       		.byte	0x6
 665 025b E1       		.byte	0xe1
 666 025c 32020000 		.4byte	0x232
 667 0260 04       		.byte	0x4
 668 0261 07       		.uleb128 0x7
 669 0262 723200   		.ascii	"r2\000"
 670 0265 06       		.byte	0x6
 671 0266 E2       		.byte	0xe2
 672 0267 32020000 		.4byte	0x232
 673 026b 08       		.byte	0x8
 674 026c 07       		.uleb128 0x7
 675 026d 723300   		.ascii	"r3\000"
 676 0270 06       		.byte	0x6
ARM GAS  /tmp/ccWGT2Rd.s 			page 13


 677 0271 E3       		.byte	0xe3
 678 0272 32020000 		.4byte	0x232
 679 0276 0C       		.byte	0xc
 680 0277 07       		.uleb128 0x7
 681 0278 72313200 		.ascii	"r12\000"
 682 027c 06       		.byte	0x6
 683 027d E4       		.byte	0xe4
 684 027e 32020000 		.4byte	0x232
 685 0282 10       		.byte	0x10
 686 0283 06       		.uleb128 0x6
 687 0284 C7010000 		.4byte	.LASF43
 688 0288 06       		.byte	0x6
 689 0289 E5       		.byte	0xe5
 690 028a 32020000 		.4byte	0x232
 691 028e 14       		.byte	0x14
 692 028f 07       		.uleb128 0x7
 693 0290 706300   		.ascii	"pc\000"
 694 0293 06       		.byte	0x6
 695 0294 E6       		.byte	0xe6
 696 0295 32020000 		.4byte	0x232
 697 0299 18       		.byte	0x18
 698 029a 06       		.uleb128 0x6
 699 029b 6E030000 		.4byte	.LASF44
 700 029f 06       		.byte	0x6
 701 02a0 E7       		.byte	0xe7
 702 02a1 32020000 		.4byte	0x232
 703 02a5 1C       		.byte	0x1c
 704 02a6 00       		.byte	0
 705 02a7 05       		.uleb128 0x5
 706 02a8 0C040000 		.4byte	.LASF45
 707 02ac 24       		.byte	0x24
 708 02ad 06       		.byte	0x6
 709 02ae FE       		.byte	0xfe
 710 02af 22030000 		.4byte	0x322
 711 02b3 0B       		.uleb128 0xb
 712 02b4 723400   		.ascii	"r4\000"
 713 02b7 06       		.byte	0x6
 714 02b8 1101     		.2byte	0x111
 715 02ba 32020000 		.4byte	0x232
 716 02be 00       		.byte	0
 717 02bf 0B       		.uleb128 0xb
 718 02c0 723500   		.ascii	"r5\000"
 719 02c3 06       		.byte	0x6
 720 02c4 1201     		.2byte	0x112
 721 02c6 32020000 		.4byte	0x232
 722 02ca 04       		.byte	0x4
 723 02cb 0B       		.uleb128 0xb
 724 02cc 723600   		.ascii	"r6\000"
 725 02cf 06       		.byte	0x6
 726 02d0 1301     		.2byte	0x113
 727 02d2 32020000 		.4byte	0x232
 728 02d6 08       		.byte	0x8
 729 02d7 0B       		.uleb128 0xb
 730 02d8 723700   		.ascii	"r7\000"
 731 02db 06       		.byte	0x6
 732 02dc 1401     		.2byte	0x114
 733 02de 32020000 		.4byte	0x232
ARM GAS  /tmp/ccWGT2Rd.s 			page 14


 734 02e2 0C       		.byte	0xc
 735 02e3 0B       		.uleb128 0xb
 736 02e4 723800   		.ascii	"r8\000"
 737 02e7 06       		.byte	0x6
 738 02e8 1501     		.2byte	0x115
 739 02ea 32020000 		.4byte	0x232
 740 02ee 10       		.byte	0x10
 741 02ef 0B       		.uleb128 0xb
 742 02f0 723900   		.ascii	"r9\000"
 743 02f3 06       		.byte	0x6
 744 02f4 1601     		.2byte	0x116
 745 02f6 32020000 		.4byte	0x232
 746 02fa 14       		.byte	0x14
 747 02fb 0B       		.uleb128 0xb
 748 02fc 72313000 		.ascii	"r10\000"
 749 0300 06       		.byte	0x6
 750 0301 1701     		.2byte	0x117
 751 0303 32020000 		.4byte	0x232
 752 0307 18       		.byte	0x18
 753 0308 0B       		.uleb128 0xb
 754 0309 72313100 		.ascii	"r11\000"
 755 030d 06       		.byte	0x6
 756 030e 1801     		.2byte	0x118
 757 0310 32020000 		.4byte	0x232
 758 0314 1C       		.byte	0x1c
 759 0315 0B       		.uleb128 0xb
 760 0316 6C7200   		.ascii	"lr\000"
 761 0319 06       		.byte	0x6
 762 031a 1901     		.2byte	0x119
 763 031c 32020000 		.4byte	0x232
 764 0320 20       		.byte	0x20
 765 0321 00       		.byte	0
 766 0322 0C       		.uleb128 0xc
 767 0323 0F020000 		.4byte	.LASF46
 768 0327 04       		.byte	0x4
 769 0328 06       		.byte	0x6
 770 0329 2301     		.2byte	0x123
 771 032b 3D030000 		.4byte	0x33d
 772 032f 0B       		.uleb128 0xb
 773 0330 72313300 		.ascii	"r13\000"
 774 0334 06       		.byte	0x6
 775 0335 2401     		.2byte	0x124
 776 0337 3D030000 		.4byte	0x33d
 777 033b 00       		.byte	0
 778 033c 00       		.byte	0
 779 033d 09       		.uleb128 0x9
 780 033e 04       		.byte	0x4
 781 033f A7020000 		.4byte	0x2a7
 782 0343 04       		.uleb128 0x4
 783 0344 C5030000 		.4byte	.LASF47
 784 0348 07       		.byte	0x7
 785 0349 3A       		.byte	0x3a
 786 034a 4E030000 		.4byte	0x34e
 787 034e 0D       		.uleb128 0xd
 788 034f 6C000000 		.4byte	0x6c
 789 0353 03       		.uleb128 0x3
 790 0354 04       		.byte	0x4
ARM GAS  /tmp/ccWGT2Rd.s 			page 15


 791 0355 07       		.byte	0x7
 792 0356 7F020000 		.4byte	.LASF48
 793 035a 08       		.uleb128 0x8
 794 035b 8C       		.byte	0x8c
 795 035c 07       		.byte	0x7
 796 035d 89       		.byte	0x89
 797 035e 5F040000 		.4byte	0x45f
 798 0362 06       		.uleb128 0x6
 799 0363 0B010000 		.4byte	.LASF49
 800 0367 07       		.byte	0x7
 801 0368 8A       		.byte	0x8a
 802 0369 43030000 		.4byte	0x343
 803 036d 00       		.byte	0
 804 036e 06       		.uleb128 0x6
 805 036f 2A020000 		.4byte	.LASF50
 806 0373 07       		.byte	0x7
 807 0374 8B       		.byte	0x8b
 808 0375 43030000 		.4byte	0x343
 809 0379 04       		.byte	0x4
 810 037a 06       		.uleb128 0x6
 811 037b F4010000 		.4byte	.LASF51
 812 037f 07       		.byte	0x7
 813 0380 8C       		.byte	0x8c
 814 0381 43030000 		.4byte	0x343
 815 0385 08       		.byte	0x8
 816 0386 06       		.uleb128 0x6
 817 0387 35020000 		.4byte	.LASF52
 818 038b 07       		.byte	0x7
 819 038c 8D       		.byte	0x8d
 820 038d 43030000 		.4byte	0x343
 821 0391 0C       		.byte	0xc
 822 0392 07       		.uleb128 0x7
 823 0393 53435200 		.ascii	"SCR\000"
 824 0397 07       		.byte	0x7
 825 0398 8E       		.byte	0x8e
 826 0399 43030000 		.4byte	0x343
 827 039d 10       		.byte	0x10
 828 039e 07       		.uleb128 0x7
 829 039f 43435200 		.ascii	"CCR\000"
 830 03a3 07       		.byte	0x7
 831 03a4 8F       		.byte	0x8f
 832 03a5 43030000 		.4byte	0x343
 833 03a9 14       		.byte	0x14
 834 03aa 06       		.uleb128 0x6
 835 03ab 07040000 		.4byte	.LASF53
 836 03af 07       		.byte	0x7
 837 03b0 90       		.byte	0x90
 838 03b1 6F040000 		.4byte	0x46f
 839 03b5 18       		.byte	0x18
 840 03b6 06       		.uleb128 0x6
 841 03b7 4C030000 		.4byte	.LASF54
 842 03bb 07       		.byte	0x7
 843 03bc 91       		.byte	0x91
 844 03bd 43030000 		.4byte	0x343
 845 03c1 24       		.byte	0x24
 846 03c2 06       		.uleb128 0x6
 847 03c3 88020000 		.4byte	.LASF55
ARM GAS  /tmp/ccWGT2Rd.s 			page 16


 848 03c7 07       		.byte	0x7
 849 03c8 92       		.byte	0x92
 850 03c9 43030000 		.4byte	0x343
 851 03cd 28       		.byte	0x28
 852 03ce 06       		.uleb128 0x6
 853 03cf 61040000 		.4byte	.LASF56
 854 03d3 07       		.byte	0x7
 855 03d4 93       		.byte	0x93
 856 03d5 43030000 		.4byte	0x343
 857 03d9 2C       		.byte	0x2c
 858 03da 06       		.uleb128 0x6
 859 03db 3B020000 		.4byte	.LASF57
 860 03df 07       		.byte	0x7
 861 03e0 94       		.byte	0x94
 862 03e1 43030000 		.4byte	0x343
 863 03e5 30       		.byte	0x30
 864 03e6 06       		.uleb128 0x6
 865 03e7 40020000 		.4byte	.LASF58
 866 03eb 07       		.byte	0x7
 867 03ec 95       		.byte	0x95
 868 03ed 43030000 		.4byte	0x343
 869 03f1 34       		.byte	0x34
 870 03f2 06       		.uleb128 0x6
 871 03f3 6F010000 		.4byte	.LASF59
 872 03f7 07       		.byte	0x7
 873 03f8 96       		.byte	0x96
 874 03f9 43030000 		.4byte	0x343
 875 03fd 38       		.byte	0x38
 876 03fe 06       		.uleb128 0x6
 877 03ff B3030000 		.4byte	.LASF60
 878 0403 07       		.byte	0x7
 879 0404 97       		.byte	0x97
 880 0405 43030000 		.4byte	0x343
 881 0409 3C       		.byte	0x3c
 882 040a 07       		.uleb128 0x7
 883 040b 50465200 		.ascii	"PFR\000"
 884 040f 07       		.byte	0x7
 885 0410 98       		.byte	0x98
 886 0411 84040000 		.4byte	0x484
 887 0415 40       		.byte	0x40
 888 0416 07       		.uleb128 0x7
 889 0417 44465200 		.ascii	"DFR\000"
 890 041b 07       		.byte	0x7
 891 041c 99       		.byte	0x99
 892 041d 43030000 		.4byte	0x343
 893 0421 48       		.byte	0x48
 894 0422 07       		.uleb128 0x7
 895 0423 41445200 		.ascii	"ADR\000"
 896 0427 07       		.byte	0x7
 897 0428 9A       		.byte	0x9a
 898 0429 43030000 		.4byte	0x343
 899 042d 4C       		.byte	0x4c
 900 042e 06       		.uleb128 0x6
 901 042f 2F040000 		.4byte	.LASF61
 902 0433 07       		.byte	0x7
 903 0434 9B       		.byte	0x9b
 904 0435 99040000 		.4byte	0x499
ARM GAS  /tmp/ccWGT2Rd.s 			page 17


 905 0439 50       		.byte	0x50
 906 043a 07       		.uleb128 0x7
 907 043b 53415200 		.ascii	"SAR\000"
 908 043f 07       		.byte	0x7
 909 0440 9C       		.byte	0x9c
 910 0441 AE040000 		.4byte	0x4ae
 911 0445 60       		.byte	0x60
 912 0446 06       		.uleb128 0x6
 913 0447 B8030000 		.4byte	.LASF62
 914 044b 07       		.byte	0x7
 915 044c 9D       		.byte	0x9d
 916 044d B3040000 		.4byte	0x4b3
 917 0451 74       		.byte	0x74
 918 0452 06       		.uleb128 0x6
 919 0453 5B040000 		.4byte	.LASF63
 920 0457 07       		.byte	0x7
 921 0458 9E       		.byte	0x9e
 922 0459 43030000 		.4byte	0x343
 923 045d 88       		.byte	0x88
 924 045e 00       		.byte	0
 925 045f 0E       		.uleb128 0xe
 926 0460 43030000 		.4byte	0x343
 927 0464 6F040000 		.4byte	0x46f
 928 0468 0F       		.uleb128 0xf
 929 0469 53030000 		.4byte	0x353
 930 046d 02       		.byte	0x2
 931 046e 00       		.byte	0
 932 046f 0D       		.uleb128 0xd
 933 0470 5F040000 		.4byte	0x45f
 934 0474 0E       		.uleb128 0xe
 935 0475 43030000 		.4byte	0x343
 936 0479 84040000 		.4byte	0x484
 937 047d 0F       		.uleb128 0xf
 938 047e 53030000 		.4byte	0x353
 939 0482 01       		.byte	0x1
 940 0483 00       		.byte	0
 941 0484 0D       		.uleb128 0xd
 942 0485 74040000 		.4byte	0x474
 943 0489 0E       		.uleb128 0xe
 944 048a 43030000 		.4byte	0x343
 945 048e 99040000 		.4byte	0x499
 946 0492 0F       		.uleb128 0xf
 947 0493 53030000 		.4byte	0x353
 948 0497 03       		.byte	0x3
 949 0498 00       		.byte	0
 950 0499 0D       		.uleb128 0xd
 951 049a 89040000 		.4byte	0x489
 952 049e 0E       		.uleb128 0xe
 953 049f 43030000 		.4byte	0x343
 954 04a3 AE040000 		.4byte	0x4ae
 955 04a7 0F       		.uleb128 0xf
 956 04a8 53030000 		.4byte	0x353
 957 04ac 04       		.byte	0x4
 958 04ad 00       		.byte	0
 959 04ae 0D       		.uleb128 0xd
 960 04af 9E040000 		.4byte	0x49e
 961 04b3 0D       		.uleb128 0xd
ARM GAS  /tmp/ccWGT2Rd.s 			page 18


 962 04b4 9E040000 		.4byte	0x49e
 963 04b8 04       		.uleb128 0x4
 964 04b9 1A000000 		.4byte	.LASF64
 965 04bd 07       		.byte	0x7
 966 04be 9F       		.byte	0x9f
 967 04bf 5A030000 		.4byte	0x35a
 968 04c3 0D       		.uleb128 0xd
 969 04c4 CE000000 		.4byte	0xce
 970 04c8 08       		.uleb128 0x8
 971 04c9 20       		.byte	0x20
 972 04ca 08       		.byte	0x8
 973 04cb 5E       		.byte	0x5e
 974 04cc 25050000 		.4byte	0x525
 975 04d0 06       		.uleb128 0x6
 976 04d1 AB030000 		.4byte	.LASF65
 977 04d5 08       		.byte	0x8
 978 04d6 5F       		.byte	0x5f
 979 04d7 07020000 		.4byte	0x207
 980 04db 00       		.byte	0
 981 04dc 06       		.uleb128 0x6
 982 04dd 73030000 		.4byte	.LASF66
 983 04e1 08       		.byte	0x8
 984 04e2 60       		.byte	0x60
 985 04e3 AD000000 		.4byte	0xad
 986 04e7 08       		.byte	0x8
 987 04e8 06       		.uleb128 0x6
 988 04e9 CD020000 		.4byte	.LASF67
 989 04ed 08       		.byte	0x8
 990 04ee 62       		.byte	0x62
 991 04ef 22030000 		.4byte	0x322
 992 04f3 0C       		.byte	0xc
 993 04f4 06       		.uleb128 0x6
 994 04f5 74010000 		.4byte	.LASF68
 995 04f9 08       		.byte	0x8
 996 04fa 65       		.byte	0x65
 997 04fb 01020000 		.4byte	0x201
 998 04ff 10       		.byte	0x10
 999 0500 06       		.uleb128 0x6
 1000 0501 12030000 		.4byte	.LASF69
 1001 0505 08       		.byte	0x8
 1002 0506 66       		.byte	0x66
 1003 0507 01020000 		.4byte	0x201
 1004 050b 14       		.byte	0x14
 1005 050c 06       		.uleb128 0x6
 1006 050d F6030000 		.4byte	.LASF70
 1007 0511 08       		.byte	0x8
 1008 0512 6A       		.byte	0x6a
 1009 0513 D9000000 		.4byte	0xd9
 1010 0517 18       		.byte	0x18
 1011 0518 06       		.uleb128 0x6
 1012 0519 08030000 		.4byte	.LASF71
 1013 051d 08       		.byte	0x8
 1014 051e 6C       		.byte	0x6c
 1015 051f 01020000 		.4byte	0x201
 1016 0523 1C       		.byte	0x1c
 1017 0524 00       		.byte	0
 1018 0525 04       		.uleb128 0x4
ARM GAS  /tmp/ccWGT2Rd.s 			page 19


 1019 0526 25040000 		.4byte	.LASF72
 1020 052a 08       		.byte	0x8
 1021 052b 6E       		.byte	0x6e
 1022 052c C8040000 		.4byte	0x4c8
 1023 0530 05       		.uleb128 0x5
 1024 0531 79020000 		.4byte	.LASF73
 1025 0535 10       		.byte	0x10
 1026 0536 09       		.byte	0x9
 1027 0537 2C       		.byte	0x2c
 1028 0538 61050000 		.4byte	0x561
 1029 053c 06       		.uleb128 0x6
 1030 053d 3A010000 		.4byte	.LASF74
 1031 0541 09       		.byte	0x9
 1032 0542 2D       		.byte	0x2d
 1033 0543 07020000 		.4byte	0x207
 1034 0547 00       		.byte	0
 1035 0548 06       		.uleb128 0x6
 1036 0549 66040000 		.4byte	.LASF75
 1037 054d 09       		.byte	0x9
 1038 054e 2F       		.byte	0x2f
 1039 054f 01020000 		.4byte	0x201
 1040 0553 08       		.byte	0x8
 1041 0554 06       		.uleb128 0x6
 1042 0555 CD030000 		.4byte	.LASF76
 1043 0559 09       		.byte	0x9
 1044 055a 31       		.byte	0x31
 1045 055b 61050000 		.4byte	0x561
 1046 055f 0C       		.byte	0xc
 1047 0560 00       		.byte	0
 1048 0561 09       		.uleb128 0x9
 1049 0562 04       		.byte	0x4
 1050 0563 30050000 		.4byte	0x530
 1051 0567 04       		.uleb128 0x4
 1052 0568 79020000 		.4byte	.LASF73
 1053 056c 09       		.byte	0x9
 1054 056d 33       		.byte	0x33
 1055 056e 30050000 		.4byte	0x530
 1056 0572 10       		.uleb128 0x10
 1057 0573 04       		.byte	0x4
 1058 0574 05       		.byte	0x5
 1059 0575 90       		.byte	0x90
 1060 0576 A7050000 		.4byte	0x5a7
 1061 057a 11       		.uleb128 0x11
 1062 057b 13000000 		.4byte	.LASF77
 1063 057f 05       		.byte	0x5
 1064 0580 97       		.byte	0x97
 1065 0581 B8000000 		.4byte	0xb8
 1066 0585 11       		.uleb128 0x11
 1067 0586 02010000 		.4byte	.LASF78
 1068 058a 05       		.byte	0x5
 1069 058b 9E       		.byte	0x9e
 1070 058c B8000000 		.4byte	0xb8
 1071 0590 11       		.uleb128 0x11
 1072 0591 4D040000 		.4byte	.LASF79
 1073 0595 05       		.byte	0x5
 1074 0596 A5       		.byte	0xa5
 1075 0597 3D020000 		.4byte	0x23d
ARM GAS  /tmp/ccWGT2Rd.s 			page 20


 1076 059b 11       		.uleb128 0x11
 1077 059c 7A030000 		.4byte	.LASF80
 1078 05a0 05       		.byte	0x5
 1079 05a1 AC       		.byte	0xac
 1080 05a2 C3000000 		.4byte	0xc3
 1081 05a6 00       		.byte	0
 1082 05a7 09       		.uleb128 0x9
 1083 05a8 04       		.byte	0x4
 1084 05a9 AD050000 		.4byte	0x5ad
 1085 05ad 12       		.uleb128 0x12
 1086 05ae B2050000 		.4byte	0x5b2
 1087 05b2 03       		.uleb128 0x3
 1088 05b3 01       		.byte	0x1
 1089 05b4 08       		.byte	0x8
 1090 05b5 C0030000 		.4byte	.LASF81
 1091 05b9 09       		.uleb128 0x9
 1092 05ba 04       		.byte	0x4
 1093 05bb 67050000 		.4byte	0x567
 1094 05bf 13       		.uleb128 0x13
 1095 05c0 F9010000 		.4byte	.LASF82
 1096 05c4 01       		.byte	0x1
 1097 05c5 CF       		.byte	0xcf
 1098 05c6 00000000 		.4byte	.LFB11
 1099 05ca 06000000 		.4byte	.LFE11-.LFB11
 1100 05ce 01       		.uleb128 0x1
 1101 05cf 9C       		.byte	0x9c
 1102 05d0 DE050000 		.4byte	0x5de
 1103 05d4 14       		.uleb128 0x14
 1104 05d5 04000000 		.4byte	.LVL0
 1105 05d9 A6070000 		.4byte	0x7a6
 1106 05dd 00       		.byte	0
 1107 05de 13       		.uleb128 0x13
 1108 05df E9030000 		.4byte	.LASF83
 1109 05e3 01       		.byte	0x1
 1110 05e4 41       		.byte	0x41
 1111 05e5 00000000 		.4byte	.LFB8
 1112 05e9 12000000 		.4byte	.LFE8-.LFB8
 1113 05ed 01       		.uleb128 0x1
 1114 05ee 9C       		.byte	0x9c
 1115 05ef 1A060000 		.4byte	0x61a
 1116 05f3 15       		.uleb128 0x15
 1117 05f4 22030000 		.4byte	.LASF84
 1118 05f8 01       		.byte	0x1
 1119 05f9 42       		.byte	0x42
 1120 05fa 1A060000 		.4byte	0x61a
 1121 05fe 00000000 		.4byte	.LLST0
 1122 0602 16       		.uleb128 0x16
 1123 0603 0A000000 		.4byte	.LBB2
 1124 0607 08000000 		.4byte	.LBE2-.LBB2
 1125 060b 17       		.uleb128 0x17
 1126 060c 746D7000 		.ascii	"tmp\000"
 1127 0610 01       		.byte	0x1
 1128 0611 51       		.byte	0x51
 1129 0612 6C000000 		.4byte	0x6c
 1130 0616 01       		.uleb128 0x1
 1131 0617 53       		.byte	0x53
 1132 0618 00       		.byte	0
ARM GAS  /tmp/ccWGT2Rd.s 			page 21


 1133 0619 00       		.byte	0
 1134 061a 09       		.uleb128 0x9
 1135 061b 04       		.byte	0x4
 1136 061c 3F020000 		.4byte	0x23f
 1137 0620 13       		.uleb128 0x13
 1138 0621 42040000 		.4byte	.LASF85
 1139 0625 01       		.byte	0x1
 1140 0626 76       		.byte	0x76
 1141 0627 00000000 		.4byte	.LFB9
 1142 062b 34000000 		.4byte	.LFE9-.LFB9
 1143 062f 01       		.uleb128 0x1
 1144 0630 9C       		.byte	0x9c
 1145 0631 7D060000 		.4byte	0x67d
 1146 0635 18       		.uleb128 0x18
 1147 0636 1E000000 		.4byte	.LVL4
 1148 063a AD070000 		.4byte	0x7ad
 1149 063e 4D060000 		.4byte	0x64d
 1150 0642 19       		.uleb128 0x19
 1151 0643 01       		.uleb128 0x1
 1152 0644 51       		.byte	0x51
 1153 0645 01       		.uleb128 0x1
 1154 0646 40       		.byte	0x40
 1155 0647 19       		.uleb128 0x19
 1156 0648 01       		.uleb128 0x1
 1157 0649 50       		.byte	0x50
 1158 064a 01       		.uleb128 0x1
 1159 064b 37       		.byte	0x37
 1160 064c 00       		.byte	0
 1161 064d 18       		.uleb128 0x18
 1162 064e 28000000 		.4byte	.LVL5
 1163 0652 AD070000 		.4byte	0x7ad
 1164 0656 67060000 		.4byte	0x667
 1165 065a 19       		.uleb128 0x19
 1166 065b 01       		.uleb128 0x1
 1167 065c 51       		.byte	0x51
 1168 065d 03       		.uleb128 0x3
 1169 065e 0A       		.byte	0xa
 1170 065f 0002     		.2byte	0x200
 1171 0661 19       		.uleb128 0x19
 1172 0662 01       		.uleb128 0x1
 1173 0663 50       		.byte	0x50
 1174 0664 01       		.uleb128 0x1
 1175 0665 3A       		.byte	0x3a
 1176 0666 00       		.byte	0
 1177 0667 1A       		.uleb128 0x1a
 1178 0668 34000000 		.4byte	.LVL6
 1179 066c AD070000 		.4byte	0x7ad
 1180 0670 19       		.uleb128 0x19
 1181 0671 01       		.uleb128 0x1
 1182 0672 51       		.byte	0x51
 1183 0673 02       		.uleb128 0x2
 1184 0674 08       		.byte	0x8
 1185 0675 80       		.byte	0x80
 1186 0676 19       		.uleb128 0x19
 1187 0677 01       		.uleb128 0x1
 1188 0678 50       		.byte	0x50
 1189 0679 01       		.uleb128 0x1
ARM GAS  /tmp/ccWGT2Rd.s 			page 22


 1190 067a 3B       		.byte	0x3b
 1191 067b 00       		.byte	0
 1192 067c 00       		.byte	0
 1193 067d 13       		.uleb128 0x13
 1194 067e 46020000 		.4byte	.LASF86
 1195 0682 01       		.byte	0x1
 1196 0683 94       		.byte	0x94
 1197 0684 00000000 		.4byte	.LFB10
 1198 0688 7E000000 		.4byte	.LFE10-.LFB10
 1199 068c 01       		.uleb128 0x1
 1200 068d 9C       		.byte	0x9c
 1201 068e DE060000 		.4byte	0x6de
 1202 0692 1B       		.uleb128 0x1b
 1203 0693 00000000 		.4byte	.LBB3
 1204 0697 06000000 		.4byte	.LBE3-.LBB3
 1205 069b AD060000 		.4byte	0x6ad
 1206 069f 17       		.uleb128 0x17
 1207 06a0 746D7000 		.ascii	"tmp\000"
 1208 06a4 01       		.byte	0x1
 1209 06a5 96       		.byte	0x96
 1210 06a6 6C000000 		.4byte	0x6c
 1211 06aa 01       		.uleb128 0x1
 1212 06ab 53       		.byte	0x53
 1213 06ac 00       		.byte	0
 1214 06ad 1C       		.uleb128 0x1c
 1215 06ae 00000000 		.4byte	.Ldebug_ranges0+0
 1216 06b2 C6060000 		.4byte	0x6c6
 1217 06b6 15       		.uleb128 0x15
 1218 06b7 22030000 		.4byte	.LASF84
 1219 06bb 01       		.byte	0x1
 1220 06bc 98       		.byte	0x98
 1221 06bd 1A060000 		.4byte	0x61a
 1222 06c1 20000000 		.4byte	.LLST1
 1223 06c5 00       		.byte	0
 1224 06c6 16       		.uleb128 0x16
 1225 06c7 56000000 		.4byte	.LBB5
 1226 06cb 06000000 		.4byte	.LBE5-.LBB5
 1227 06cf 17       		.uleb128 0x17
 1228 06d0 746D7000 		.ascii	"tmp\000"
 1229 06d4 01       		.byte	0x1
 1230 06d5 C5       		.byte	0xc5
 1231 06d6 6C000000 		.4byte	0x6c
 1232 06da 01       		.uleb128 0x1
 1233 06db 53       		.byte	0x53
 1234 06dc 00       		.byte	0
 1235 06dd 00       		.byte	0
 1236 06de 13       		.uleb128 0x13
 1237 06df DD000000 		.4byte	.LASF87
 1238 06e3 01       		.byte	0x1
 1239 06e4 2F       		.byte	0x2f
 1240 06e5 00000000 		.4byte	.LFB7
 1241 06e9 1A000000 		.4byte	.LFE7-.LFB7
 1242 06ed 01       		.uleb128 0x1
 1243 06ee 9C       		.byte	0x9c
 1244 06ef 3C070000 		.4byte	0x73c
 1245 06f3 1B       		.uleb128 0x1b
 1246 06f4 02000000 		.4byte	.LBB7
ARM GAS  /tmp/ccWGT2Rd.s 			page 23


 1247 06f8 06000000 		.4byte	.LBE7-.LBB7
 1248 06fc 0E070000 		.4byte	0x70e
 1249 0700 17       		.uleb128 0x17
 1250 0701 746D7000 		.ascii	"tmp\000"
 1251 0705 01       		.byte	0x1
 1252 0706 33       		.byte	0x33
 1253 0707 6C000000 		.4byte	0x6c
 1254 070b 01       		.uleb128 0x1
 1255 070c 53       		.byte	0x53
 1256 070d 00       		.byte	0
 1257 070e 1B       		.uleb128 0x1b
 1258 070f 0C000000 		.4byte	.LBB8
 1259 0713 06000000 		.4byte	.LBE8-.LBB8
 1260 0717 29070000 		.4byte	0x729
 1261 071b 17       		.uleb128 0x17
 1262 071c 746D7000 		.ascii	"tmp\000"
 1263 0720 01       		.byte	0x1
 1264 0721 35       		.byte	0x35
 1265 0722 6C000000 		.4byte	0x6c
 1266 0726 01       		.uleb128 0x1
 1267 0727 53       		.byte	0x53
 1268 0728 00       		.byte	0
 1269 0729 14       		.uleb128 0x14
 1270 072a 0C000000 		.4byte	.LVL12
 1271 072e C4070000 		.4byte	0x7c4
 1272 0732 1D       		.uleb128 0x1d
 1273 0733 1A000000 		.4byte	.LVL13
 1274 0737 7D060000 		.4byte	0x67d
 1275 073b 00       		.byte	0
 1276 073c 13       		.uleb128 0x13
 1277 073d D5010000 		.4byte	.LASF88
 1278 0741 01       		.byte	0x1
 1279 0742 EC       		.byte	0xec
 1280 0743 00000000 		.4byte	.LFB12
 1281 0747 10000000 		.4byte	.LFE12-.LFB12
 1282 074b 01       		.uleb128 0x1
 1283 074c 9C       		.byte	0x9c
 1284 074d 6C070000 		.4byte	0x76c
 1285 0751 1E       		.uleb128 0x1e
 1286 0752 6E747000 		.ascii	"ntp\000"
 1287 0756 01       		.byte	0x1
 1288 0757 EC       		.byte	0xec
 1289 0758 01020000 		.4byte	0x201
 1290 075c 01       		.uleb128 0x1
 1291 075d 50       		.byte	0x50
 1292 075e 1E       		.uleb128 0x1e
 1293 075f 6F747000 		.ascii	"otp\000"
 1294 0763 01       		.byte	0x1
 1295 0764 EC       		.byte	0xec
 1296 0765 01020000 		.4byte	0x201
 1297 0769 01       		.uleb128 0x1
 1298 076a 51       		.byte	0x51
 1299 076b 00       		.byte	0
 1300 076c 1F       		.uleb128 0x1f
 1301 076d 54010000 		.4byte	.LASF89
 1302 0771 01       		.byte	0x1
 1303 0772 0301     		.2byte	0x103
ARM GAS  /tmp/ccWGT2Rd.s 			page 24


 1304 0774 00000000 		.4byte	.LFB13
 1305 0778 10000000 		.4byte	.LFE13-.LFB13
 1306 077c 01       		.uleb128 0x1
 1307 077d 9C       		.byte	0x9c
 1308 077e 9B070000 		.4byte	0x79b
 1309 0782 16       		.uleb128 0x16
 1310 0783 00000000 		.4byte	.LBB9
 1311 0787 06000000 		.4byte	.LBE9-.LBB9
 1312 078b 20       		.uleb128 0x20
 1313 078c 746D7000 		.ascii	"tmp\000"
 1314 0790 01       		.byte	0x1
 1315 0791 0501     		.2byte	0x105
 1316 0793 6C000000 		.4byte	0x6c
 1317 0797 01       		.uleb128 0x1
 1318 0798 53       		.byte	0x53
 1319 0799 00       		.byte	0
 1320 079a 00       		.byte	0
 1321 079b 21       		.uleb128 0x21
 1322 079c 34040000 		.4byte	.LASF95
 1323 07a0 08       		.byte	0x8
 1324 07a1 72       		.byte	0x72
 1325 07a2 25050000 		.4byte	0x525
 1326 07a6 22       		.uleb128 0x22
 1327 07a7 A2010000 		.4byte	.LASF90
 1328 07ab 08       		.byte	0x8
 1329 07ac A5       		.byte	0xa5
 1330 07ad 23       		.uleb128 0x23
 1331 07ae 7C010000 		.4byte	.LASF96
 1332 07b2 07       		.byte	0x7
 1333 07b3 2501     		.2byte	0x125
 1334 07b5 C4070000 		.4byte	0x7c4
 1335 07b9 24       		.uleb128 0x24
 1336 07ba 6C000000 		.4byte	0x6c
 1337 07be 24       		.uleb128 0x24
 1338 07bf 6C000000 		.4byte	0x6c
 1339 07c3 00       		.byte	0
 1340 07c4 22       		.uleb128 0x22
 1341 07c5 22000000 		.4byte	.LASF91
 1342 07c9 0A       		.byte	0xa
 1343 07ca F7       		.byte	0xf7
 1344 07cb 00       		.byte	0
 1345              		.section	.debug_abbrev,"",%progbits
 1346              	.Ldebug_abbrev0:
 1347 0000 01       		.uleb128 0x1
 1348 0001 11       		.uleb128 0x11
 1349 0002 01       		.byte	0x1
 1350 0003 25       		.uleb128 0x25
 1351 0004 0E       		.uleb128 0xe
 1352 0005 13       		.uleb128 0x13
 1353 0006 0B       		.uleb128 0xb
 1354 0007 03       		.uleb128 0x3
 1355 0008 0E       		.uleb128 0xe
 1356 0009 1B       		.uleb128 0x1b
 1357 000a 0E       		.uleb128 0xe
 1358 000b 55       		.uleb128 0x55
 1359 000c 17       		.uleb128 0x17
 1360 000d 11       		.uleb128 0x11
ARM GAS  /tmp/ccWGT2Rd.s 			page 25


 1361 000e 01       		.uleb128 0x1
 1362 000f 10       		.uleb128 0x10
 1363 0010 17       		.uleb128 0x17
 1364 0011 00       		.byte	0
 1365 0012 00       		.byte	0
 1366 0013 02       		.uleb128 0x2
 1367 0014 24       		.uleb128 0x24
 1368 0015 00       		.byte	0
 1369 0016 0B       		.uleb128 0xb
 1370 0017 0B       		.uleb128 0xb
 1371 0018 3E       		.uleb128 0x3e
 1372 0019 0B       		.uleb128 0xb
 1373 001a 03       		.uleb128 0x3
 1374 001b 08       		.uleb128 0x8
 1375 001c 00       		.byte	0
 1376 001d 00       		.byte	0
 1377 001e 03       		.uleb128 0x3
 1378 001f 24       		.uleb128 0x24
 1379 0020 00       		.byte	0
 1380 0021 0B       		.uleb128 0xb
 1381 0022 0B       		.uleb128 0xb
 1382 0023 3E       		.uleb128 0x3e
 1383 0024 0B       		.uleb128 0xb
 1384 0025 03       		.uleb128 0x3
 1385 0026 0E       		.uleb128 0xe
 1386 0027 00       		.byte	0
 1387 0028 00       		.byte	0
 1388 0029 04       		.uleb128 0x4
 1389 002a 16       		.uleb128 0x16
 1390 002b 00       		.byte	0
 1391 002c 03       		.uleb128 0x3
 1392 002d 0E       		.uleb128 0xe
 1393 002e 3A       		.uleb128 0x3a
 1394 002f 0B       		.uleb128 0xb
 1395 0030 3B       		.uleb128 0x3b
 1396 0031 0B       		.uleb128 0xb
 1397 0032 49       		.uleb128 0x49
 1398 0033 13       		.uleb128 0x13
 1399 0034 00       		.byte	0
 1400 0035 00       		.byte	0
 1401 0036 05       		.uleb128 0x5
 1402 0037 13       		.uleb128 0x13
 1403 0038 01       		.byte	0x1
 1404 0039 03       		.uleb128 0x3
 1405 003a 0E       		.uleb128 0xe
 1406 003b 0B       		.uleb128 0xb
 1407 003c 0B       		.uleb128 0xb
 1408 003d 3A       		.uleb128 0x3a
 1409 003e 0B       		.uleb128 0xb
 1410 003f 3B       		.uleb128 0x3b
 1411 0040 0B       		.uleb128 0xb
 1412 0041 01       		.uleb128 0x1
 1413 0042 13       		.uleb128 0x13
 1414 0043 00       		.byte	0
 1415 0044 00       		.byte	0
 1416 0045 06       		.uleb128 0x6
 1417 0046 0D       		.uleb128 0xd
ARM GAS  /tmp/ccWGT2Rd.s 			page 26


 1418 0047 00       		.byte	0
 1419 0048 03       		.uleb128 0x3
 1420 0049 0E       		.uleb128 0xe
 1421 004a 3A       		.uleb128 0x3a
 1422 004b 0B       		.uleb128 0xb
 1423 004c 3B       		.uleb128 0x3b
 1424 004d 0B       		.uleb128 0xb
 1425 004e 49       		.uleb128 0x49
 1426 004f 13       		.uleb128 0x13
 1427 0050 38       		.uleb128 0x38
 1428 0051 0B       		.uleb128 0xb
 1429 0052 00       		.byte	0
 1430 0053 00       		.byte	0
 1431 0054 07       		.uleb128 0x7
 1432 0055 0D       		.uleb128 0xd
 1433 0056 00       		.byte	0
 1434 0057 03       		.uleb128 0x3
 1435 0058 08       		.uleb128 0x8
 1436 0059 3A       		.uleb128 0x3a
 1437 005a 0B       		.uleb128 0xb
 1438 005b 3B       		.uleb128 0x3b
 1439 005c 0B       		.uleb128 0xb
 1440 005d 49       		.uleb128 0x49
 1441 005e 13       		.uleb128 0x13
 1442 005f 38       		.uleb128 0x38
 1443 0060 0B       		.uleb128 0xb
 1444 0061 00       		.byte	0
 1445 0062 00       		.byte	0
 1446 0063 08       		.uleb128 0x8
 1447 0064 13       		.uleb128 0x13
 1448 0065 01       		.byte	0x1
 1449 0066 0B       		.uleb128 0xb
 1450 0067 0B       		.uleb128 0xb
 1451 0068 3A       		.uleb128 0x3a
 1452 0069 0B       		.uleb128 0xb
 1453 006a 3B       		.uleb128 0x3b
 1454 006b 0B       		.uleb128 0xb
 1455 006c 01       		.uleb128 0x1
 1456 006d 13       		.uleb128 0x13
 1457 006e 00       		.byte	0
 1458 006f 00       		.byte	0
 1459 0070 09       		.uleb128 0x9
 1460 0071 0F       		.uleb128 0xf
 1461 0072 00       		.byte	0
 1462 0073 0B       		.uleb128 0xb
 1463 0074 0B       		.uleb128 0xb
 1464 0075 49       		.uleb128 0x49
 1465 0076 13       		.uleb128 0x13
 1466 0077 00       		.byte	0
 1467 0078 00       		.byte	0
 1468 0079 0A       		.uleb128 0xa
 1469 007a 0F       		.uleb128 0xf
 1470 007b 00       		.byte	0
 1471 007c 0B       		.uleb128 0xb
 1472 007d 0B       		.uleb128 0xb
 1473 007e 00       		.byte	0
 1474 007f 00       		.byte	0
ARM GAS  /tmp/ccWGT2Rd.s 			page 27


 1475 0080 0B       		.uleb128 0xb
 1476 0081 0D       		.uleb128 0xd
 1477 0082 00       		.byte	0
 1478 0083 03       		.uleb128 0x3
 1479 0084 08       		.uleb128 0x8
 1480 0085 3A       		.uleb128 0x3a
 1481 0086 0B       		.uleb128 0xb
 1482 0087 3B       		.uleb128 0x3b
 1483 0088 05       		.uleb128 0x5
 1484 0089 49       		.uleb128 0x49
 1485 008a 13       		.uleb128 0x13
 1486 008b 38       		.uleb128 0x38
 1487 008c 0B       		.uleb128 0xb
 1488 008d 00       		.byte	0
 1489 008e 00       		.byte	0
 1490 008f 0C       		.uleb128 0xc
 1491 0090 13       		.uleb128 0x13
 1492 0091 01       		.byte	0x1
 1493 0092 03       		.uleb128 0x3
 1494 0093 0E       		.uleb128 0xe
 1495 0094 0B       		.uleb128 0xb
 1496 0095 0B       		.uleb128 0xb
 1497 0096 3A       		.uleb128 0x3a
 1498 0097 0B       		.uleb128 0xb
 1499 0098 3B       		.uleb128 0x3b
 1500 0099 05       		.uleb128 0x5
 1501 009a 01       		.uleb128 0x1
 1502 009b 13       		.uleb128 0x13
 1503 009c 00       		.byte	0
 1504 009d 00       		.byte	0
 1505 009e 0D       		.uleb128 0xd
 1506 009f 35       		.uleb128 0x35
 1507 00a0 00       		.byte	0
 1508 00a1 49       		.uleb128 0x49
 1509 00a2 13       		.uleb128 0x13
 1510 00a3 00       		.byte	0
 1511 00a4 00       		.byte	0
 1512 00a5 0E       		.uleb128 0xe
 1513 00a6 01       		.uleb128 0x1
 1514 00a7 01       		.byte	0x1
 1515 00a8 49       		.uleb128 0x49
 1516 00a9 13       		.uleb128 0x13
 1517 00aa 01       		.uleb128 0x1
 1518 00ab 13       		.uleb128 0x13
 1519 00ac 00       		.byte	0
 1520 00ad 00       		.byte	0
 1521 00ae 0F       		.uleb128 0xf
 1522 00af 21       		.uleb128 0x21
 1523 00b0 00       		.byte	0
 1524 00b1 49       		.uleb128 0x49
 1525 00b2 13       		.uleb128 0x13
 1526 00b3 2F       		.uleb128 0x2f
 1527 00b4 0B       		.uleb128 0xb
 1528 00b5 00       		.byte	0
 1529 00b6 00       		.byte	0
 1530 00b7 10       		.uleb128 0x10
 1531 00b8 17       		.uleb128 0x17
ARM GAS  /tmp/ccWGT2Rd.s 			page 28


 1532 00b9 01       		.byte	0x1
 1533 00ba 0B       		.uleb128 0xb
 1534 00bb 0B       		.uleb128 0xb
 1535 00bc 3A       		.uleb128 0x3a
 1536 00bd 0B       		.uleb128 0xb
 1537 00be 3B       		.uleb128 0x3b
 1538 00bf 0B       		.uleb128 0xb
 1539 00c0 01       		.uleb128 0x1
 1540 00c1 13       		.uleb128 0x13
 1541 00c2 00       		.byte	0
 1542 00c3 00       		.byte	0
 1543 00c4 11       		.uleb128 0x11
 1544 00c5 0D       		.uleb128 0xd
 1545 00c6 00       		.byte	0
 1546 00c7 03       		.uleb128 0x3
 1547 00c8 0E       		.uleb128 0xe
 1548 00c9 3A       		.uleb128 0x3a
 1549 00ca 0B       		.uleb128 0xb
 1550 00cb 3B       		.uleb128 0x3b
 1551 00cc 0B       		.uleb128 0xb
 1552 00cd 49       		.uleb128 0x49
 1553 00ce 13       		.uleb128 0x13
 1554 00cf 00       		.byte	0
 1555 00d0 00       		.byte	0
 1556 00d1 12       		.uleb128 0x12
 1557 00d2 26       		.uleb128 0x26
 1558 00d3 00       		.byte	0
 1559 00d4 49       		.uleb128 0x49
 1560 00d5 13       		.uleb128 0x13
 1561 00d6 00       		.byte	0
 1562 00d7 00       		.byte	0
 1563 00d8 13       		.uleb128 0x13
 1564 00d9 2E       		.uleb128 0x2e
 1565 00da 01       		.byte	0x1
 1566 00db 3F       		.uleb128 0x3f
 1567 00dc 19       		.uleb128 0x19
 1568 00dd 03       		.uleb128 0x3
 1569 00de 0E       		.uleb128 0xe
 1570 00df 3A       		.uleb128 0x3a
 1571 00e0 0B       		.uleb128 0xb
 1572 00e1 3B       		.uleb128 0x3b
 1573 00e2 0B       		.uleb128 0xb
 1574 00e3 27       		.uleb128 0x27
 1575 00e4 19       		.uleb128 0x19
 1576 00e5 11       		.uleb128 0x11
 1577 00e6 01       		.uleb128 0x1
 1578 00e7 12       		.uleb128 0x12
 1579 00e8 06       		.uleb128 0x6
 1580 00e9 40       		.uleb128 0x40
 1581 00ea 18       		.uleb128 0x18
 1582 00eb 9742     		.uleb128 0x2117
 1583 00ed 19       		.uleb128 0x19
 1584 00ee 01       		.uleb128 0x1
 1585 00ef 13       		.uleb128 0x13
 1586 00f0 00       		.byte	0
 1587 00f1 00       		.byte	0
 1588 00f2 14       		.uleb128 0x14
ARM GAS  /tmp/ccWGT2Rd.s 			page 29


 1589 00f3 898201   		.uleb128 0x4109
 1590 00f6 00       		.byte	0
 1591 00f7 11       		.uleb128 0x11
 1592 00f8 01       		.uleb128 0x1
 1593 00f9 31       		.uleb128 0x31
 1594 00fa 13       		.uleb128 0x13
 1595 00fb 00       		.byte	0
 1596 00fc 00       		.byte	0
 1597 00fd 15       		.uleb128 0x15
 1598 00fe 34       		.uleb128 0x34
 1599 00ff 00       		.byte	0
 1600 0100 03       		.uleb128 0x3
 1601 0101 0E       		.uleb128 0xe
 1602 0102 3A       		.uleb128 0x3a
 1603 0103 0B       		.uleb128 0xb
 1604 0104 3B       		.uleb128 0x3b
 1605 0105 0B       		.uleb128 0xb
 1606 0106 49       		.uleb128 0x49
 1607 0107 13       		.uleb128 0x13
 1608 0108 02       		.uleb128 0x2
 1609 0109 17       		.uleb128 0x17
 1610 010a 00       		.byte	0
 1611 010b 00       		.byte	0
 1612 010c 16       		.uleb128 0x16
 1613 010d 0B       		.uleb128 0xb
 1614 010e 01       		.byte	0x1
 1615 010f 11       		.uleb128 0x11
 1616 0110 01       		.uleb128 0x1
 1617 0111 12       		.uleb128 0x12
 1618 0112 06       		.uleb128 0x6
 1619 0113 00       		.byte	0
 1620 0114 00       		.byte	0
 1621 0115 17       		.uleb128 0x17
 1622 0116 34       		.uleb128 0x34
 1623 0117 00       		.byte	0
 1624 0118 03       		.uleb128 0x3
 1625 0119 08       		.uleb128 0x8
 1626 011a 3A       		.uleb128 0x3a
 1627 011b 0B       		.uleb128 0xb
 1628 011c 3B       		.uleb128 0x3b
 1629 011d 0B       		.uleb128 0xb
 1630 011e 49       		.uleb128 0x49
 1631 011f 13       		.uleb128 0x13
 1632 0120 02       		.uleb128 0x2
 1633 0121 18       		.uleb128 0x18
 1634 0122 00       		.byte	0
 1635 0123 00       		.byte	0
 1636 0124 18       		.uleb128 0x18
 1637 0125 898201   		.uleb128 0x4109
 1638 0128 01       		.byte	0x1
 1639 0129 11       		.uleb128 0x11
 1640 012a 01       		.uleb128 0x1
 1641 012b 31       		.uleb128 0x31
 1642 012c 13       		.uleb128 0x13
 1643 012d 01       		.uleb128 0x1
 1644 012e 13       		.uleb128 0x13
 1645 012f 00       		.byte	0
ARM GAS  /tmp/ccWGT2Rd.s 			page 30


 1646 0130 00       		.byte	0
 1647 0131 19       		.uleb128 0x19
 1648 0132 8A8201   		.uleb128 0x410a
 1649 0135 00       		.byte	0
 1650 0136 02       		.uleb128 0x2
 1651 0137 18       		.uleb128 0x18
 1652 0138 9142     		.uleb128 0x2111
 1653 013a 18       		.uleb128 0x18
 1654 013b 00       		.byte	0
 1655 013c 00       		.byte	0
 1656 013d 1A       		.uleb128 0x1a
 1657 013e 898201   		.uleb128 0x4109
 1658 0141 01       		.byte	0x1
 1659 0142 11       		.uleb128 0x11
 1660 0143 01       		.uleb128 0x1
 1661 0144 9542     		.uleb128 0x2115
 1662 0146 19       		.uleb128 0x19
 1663 0147 31       		.uleb128 0x31
 1664 0148 13       		.uleb128 0x13
 1665 0149 00       		.byte	0
 1666 014a 00       		.byte	0
 1667 014b 1B       		.uleb128 0x1b
 1668 014c 0B       		.uleb128 0xb
 1669 014d 01       		.byte	0x1
 1670 014e 11       		.uleb128 0x11
 1671 014f 01       		.uleb128 0x1
 1672 0150 12       		.uleb128 0x12
 1673 0151 06       		.uleb128 0x6
 1674 0152 01       		.uleb128 0x1
 1675 0153 13       		.uleb128 0x13
 1676 0154 00       		.byte	0
 1677 0155 00       		.byte	0
 1678 0156 1C       		.uleb128 0x1c
 1679 0157 0B       		.uleb128 0xb
 1680 0158 01       		.byte	0x1
 1681 0159 55       		.uleb128 0x55
 1682 015a 17       		.uleb128 0x17
 1683 015b 01       		.uleb128 0x1
 1684 015c 13       		.uleb128 0x13
 1685 015d 00       		.byte	0
 1686 015e 00       		.byte	0
 1687 015f 1D       		.uleb128 0x1d
 1688 0160 898201   		.uleb128 0x4109
 1689 0163 00       		.byte	0
 1690 0164 11       		.uleb128 0x11
 1691 0165 01       		.uleb128 0x1
 1692 0166 9542     		.uleb128 0x2115
 1693 0168 19       		.uleb128 0x19
 1694 0169 31       		.uleb128 0x31
 1695 016a 13       		.uleb128 0x13
 1696 016b 00       		.byte	0
 1697 016c 00       		.byte	0
 1698 016d 1E       		.uleb128 0x1e
 1699 016e 05       		.uleb128 0x5
 1700 016f 00       		.byte	0
 1701 0170 03       		.uleb128 0x3
 1702 0171 08       		.uleb128 0x8
ARM GAS  /tmp/ccWGT2Rd.s 			page 31


 1703 0172 3A       		.uleb128 0x3a
 1704 0173 0B       		.uleb128 0xb
 1705 0174 3B       		.uleb128 0x3b
 1706 0175 0B       		.uleb128 0xb
 1707 0176 49       		.uleb128 0x49
 1708 0177 13       		.uleb128 0x13
 1709 0178 02       		.uleb128 0x2
 1710 0179 18       		.uleb128 0x18
 1711 017a 00       		.byte	0
 1712 017b 00       		.byte	0
 1713 017c 1F       		.uleb128 0x1f
 1714 017d 2E       		.uleb128 0x2e
 1715 017e 01       		.byte	0x1
 1716 017f 3F       		.uleb128 0x3f
 1717 0180 19       		.uleb128 0x19
 1718 0181 03       		.uleb128 0x3
 1719 0182 0E       		.uleb128 0xe
 1720 0183 3A       		.uleb128 0x3a
 1721 0184 0B       		.uleb128 0xb
 1722 0185 3B       		.uleb128 0x3b
 1723 0186 05       		.uleb128 0x5
 1724 0187 27       		.uleb128 0x27
 1725 0188 19       		.uleb128 0x19
 1726 0189 11       		.uleb128 0x11
 1727 018a 01       		.uleb128 0x1
 1728 018b 12       		.uleb128 0x12
 1729 018c 06       		.uleb128 0x6
 1730 018d 40       		.uleb128 0x40
 1731 018e 18       		.uleb128 0x18
 1732 018f 9742     		.uleb128 0x2117
 1733 0191 19       		.uleb128 0x19
 1734 0192 01       		.uleb128 0x1
 1735 0193 13       		.uleb128 0x13
 1736 0194 00       		.byte	0
 1737 0195 00       		.byte	0
 1738 0196 20       		.uleb128 0x20
 1739 0197 34       		.uleb128 0x34
 1740 0198 00       		.byte	0
 1741 0199 03       		.uleb128 0x3
 1742 019a 08       		.uleb128 0x8
 1743 019b 3A       		.uleb128 0x3a
 1744 019c 0B       		.uleb128 0xb
 1745 019d 3B       		.uleb128 0x3b
 1746 019e 05       		.uleb128 0x5
 1747 019f 49       		.uleb128 0x49
 1748 01a0 13       		.uleb128 0x13
 1749 01a1 02       		.uleb128 0x2
 1750 01a2 18       		.uleb128 0x18
 1751 01a3 00       		.byte	0
 1752 01a4 00       		.byte	0
 1753 01a5 21       		.uleb128 0x21
 1754 01a6 34       		.uleb128 0x34
 1755 01a7 00       		.byte	0
 1756 01a8 03       		.uleb128 0x3
 1757 01a9 0E       		.uleb128 0xe
 1758 01aa 3A       		.uleb128 0x3a
 1759 01ab 0B       		.uleb128 0xb
ARM GAS  /tmp/ccWGT2Rd.s 			page 32


 1760 01ac 3B       		.uleb128 0x3b
 1761 01ad 0B       		.uleb128 0xb
 1762 01ae 49       		.uleb128 0x49
 1763 01af 13       		.uleb128 0x13
 1764 01b0 3F       		.uleb128 0x3f
 1765 01b1 19       		.uleb128 0x19
 1766 01b2 3C       		.uleb128 0x3c
 1767 01b3 19       		.uleb128 0x19
 1768 01b4 00       		.byte	0
 1769 01b5 00       		.byte	0
 1770 01b6 22       		.uleb128 0x22
 1771 01b7 2E       		.uleb128 0x2e
 1772 01b8 00       		.byte	0
 1773 01b9 3F       		.uleb128 0x3f
 1774 01ba 19       		.uleb128 0x19
 1775 01bb 03       		.uleb128 0x3
 1776 01bc 0E       		.uleb128 0xe
 1777 01bd 3A       		.uleb128 0x3a
 1778 01be 0B       		.uleb128 0xb
 1779 01bf 3B       		.uleb128 0x3b
 1780 01c0 0B       		.uleb128 0xb
 1781 01c1 27       		.uleb128 0x27
 1782 01c2 19       		.uleb128 0x19
 1783 01c3 3C       		.uleb128 0x3c
 1784 01c4 19       		.uleb128 0x19
 1785 01c5 00       		.byte	0
 1786 01c6 00       		.byte	0
 1787 01c7 23       		.uleb128 0x23
 1788 01c8 2E       		.uleb128 0x2e
 1789 01c9 01       		.byte	0x1
 1790 01ca 3F       		.uleb128 0x3f
 1791 01cb 19       		.uleb128 0x19
 1792 01cc 03       		.uleb128 0x3
 1793 01cd 0E       		.uleb128 0xe
 1794 01ce 3A       		.uleb128 0x3a
 1795 01cf 0B       		.uleb128 0xb
 1796 01d0 3B       		.uleb128 0x3b
 1797 01d1 05       		.uleb128 0x5
 1798 01d2 27       		.uleb128 0x27
 1799 01d3 19       		.uleb128 0x19
 1800 01d4 3C       		.uleb128 0x3c
 1801 01d5 19       		.uleb128 0x19
 1802 01d6 01       		.uleb128 0x1
 1803 01d7 13       		.uleb128 0x13
 1804 01d8 00       		.byte	0
 1805 01d9 00       		.byte	0
 1806 01da 24       		.uleb128 0x24
 1807 01db 05       		.uleb128 0x5
 1808 01dc 00       		.byte	0
 1809 01dd 49       		.uleb128 0x49
 1810 01de 13       		.uleb128 0x13
 1811 01df 00       		.byte	0
 1812 01e0 00       		.byte	0
 1813 01e1 00       		.byte	0
 1814              		.section	.debug_loc,"",%progbits
 1815              	.Ldebug_loc0:
 1816              	.LLST0:
ARM GAS  /tmp/ccWGT2Rd.s 			page 33


 1817 0000 04000000 		.4byte	.LVL1
 1818 0004 06000000 		.4byte	.LVL2
 1819 0008 0300     		.2byte	0x3
 1820 000a 73       		.byte	0x73
 1821 000b 20       		.sleb128 32
 1822 000c 9F       		.byte	0x9f
 1823 000d 06000000 		.4byte	.LVL2
 1824 0011 0C000000 		.4byte	.LVL3
 1825 0015 0100     		.2byte	0x1
 1826 0017 53       		.byte	0x53
 1827 0018 00000000 		.4byte	0
 1828 001c 00000000 		.4byte	0
 1829              	.LLST1:
 1830 0020 1A000000 		.4byte	.LVL7
 1831 0024 1E000000 		.4byte	.LVL8
 1832 0028 0300     		.2byte	0x3
 1833 002a 72       		.byte	0x72
 1834 002b 60       		.sleb128 -32
 1835 002c 9F       		.byte	0x9f
 1836 002d 1E000000 		.4byte	.LVL8
 1837 0031 26000000 		.4byte	.LVL9
 1838 0035 0100     		.2byte	0x1
 1839 0037 53       		.byte	0x53
 1840 0038 26000000 		.4byte	.LVL9
 1841 003c 56000000 		.4byte	.LVL10
 1842 0040 0300     		.2byte	0x3
 1843 0042 72       		.byte	0x72
 1844 0043 60       		.sleb128 -32
 1845 0044 9F       		.byte	0x9f
 1846 0045 5C000000 		.4byte	.LVL11
 1847 0049 7E000000 		.4byte	.LFE10
 1848 004d 0300     		.2byte	0x3
 1849 004f 72       		.byte	0x72
 1850 0050 60       		.sleb128 -32
 1851 0051 9F       		.byte	0x9f
 1852 0052 00000000 		.4byte	0
 1853 0056 00000000 		.4byte	0
 1854              		.section	.debug_aranges,"",%progbits
 1855 0000 4C000000 		.4byte	0x4c
 1856 0004 0200     		.2byte	0x2
 1857 0006 00000000 		.4byte	.Ldebug_info0
 1858 000a 04       		.byte	0x4
 1859 000b 00       		.byte	0
 1860 000c 0000     		.2byte	0
 1861 000e 0000     		.2byte	0
 1862 0010 00000000 		.4byte	.LFB11
 1863 0014 06000000 		.4byte	.LFE11-.LFB11
 1864 0018 00000000 		.4byte	.LFB8
 1865 001c 12000000 		.4byte	.LFE8-.LFB8
 1866 0020 00000000 		.4byte	.LFB9
 1867 0024 34000000 		.4byte	.LFE9-.LFB9
 1868 0028 00000000 		.4byte	.LFB10
 1869 002c 7E000000 		.4byte	.LFE10-.LFB10
 1870 0030 00000000 		.4byte	.LFB7
 1871 0034 1A000000 		.4byte	.LFE7-.LFB7
 1872 0038 00000000 		.4byte	.LFB12
 1873 003c 10000000 		.4byte	.LFE12-.LFB12
ARM GAS  /tmp/ccWGT2Rd.s 			page 34


 1874 0040 00000000 		.4byte	.LFB13
 1875 0044 10000000 		.4byte	.LFE13-.LFB13
 1876 0048 00000000 		.4byte	0
 1877 004c 00000000 		.4byte	0
 1878              		.section	.debug_ranges,"",%progbits
 1879              	.Ldebug_ranges0:
 1880 0000 16000000 		.4byte	.LBB4
 1881 0004 56000000 		.4byte	.LBE4
 1882 0008 5C000000 		.4byte	.LBB6
 1883 000c 7E000000 		.4byte	.LBE6
 1884 0010 00000000 		.4byte	0
 1885 0014 00000000 		.4byte	0
 1886 0018 00000000 		.4byte	.LFB11
 1887 001c 06000000 		.4byte	.LFE11
 1888 0020 00000000 		.4byte	.LFB8
 1889 0024 12000000 		.4byte	.LFE8
 1890 0028 00000000 		.4byte	.LFB9
 1891 002c 34000000 		.4byte	.LFE9
 1892 0030 00000000 		.4byte	.LFB10
 1893 0034 7E000000 		.4byte	.LFE10
 1894 0038 00000000 		.4byte	.LFB7
 1895 003c 1A000000 		.4byte	.LFE7
 1896 0040 00000000 		.4byte	.LFB12
 1897 0044 10000000 		.4byte	.LFE12
 1898 0048 00000000 		.4byte	.LFB13
 1899 004c 10000000 		.4byte	.LFE13
 1900 0050 00000000 		.4byte	0
 1901 0054 00000000 		.4byte	0
 1902              		.section	.debug_line,"",%progbits
 1903              	.Ldebug_line0:
 1904 0000 F6010000 		.section	.debug_str,"MS",%progbits,1
 1904      02004401 
 1904      00000201 
 1904      FB0E0D00 
 1904      01010101 
 1905              	.LASF39:
 1906 0000 54687265 		.ascii	"ThreadsQueue\000"
 1906      61647351 
 1906      75657565 
 1906      00
 1907              	.LASF34:
 1908 000d 705F6D73 		.ascii	"p_msg\000"
 1908      6700
 1909              	.LASF77:
 1910 0013 7264796D 		.ascii	"rdymsg\000"
 1910      736700
 1911              	.LASF64:
 1912 001a 434D785F 		.ascii	"CMx_SCB\000"
 1912      53434200 
 1913              	.LASF91:
 1914 0022 63685379 		.ascii	"chSysTimerHandlerI\000"
 1914      7354696D 
 1914      65724861 
 1914      6E646C65 
 1914      724900
 1915              	.LASF92:
 1916 0035 474E5520 		.ascii	"GNU C 4.8.1 -mcpu=cortex-m3 -mno-thumb-interwork -m"
ARM GAS  /tmp/ccWGT2Rd.s 			page 35


 1916      4320342E 
 1916      382E3120 
 1916      2D6D6370 
 1916      753D636F 
 1917 0068 7468756D 		.ascii	"thumb -ggdb -O2 -std=gnu99 -fomit-frame-pointer -fa"
 1917      62202D67 
 1917      67646220 
 1917      2D4F3220 
 1917      2D737464 
 1918 009b 6C69676E 		.ascii	"lign-functions=16 -ffunction-sections -fdata-sectio"
 1918      2D66756E 
 1918      6374696F 
 1918      6E733D31 
 1918      36202D66 
 1919 00ce 6E73202D 		.ascii	"ns -fno-common\000"
 1919      666E6F2D 
 1919      636F6D6D 
 1919      6F6E00
 1920              	.LASF87:
 1921 00dd 53797354 		.ascii	"SysTickVector\000"
 1921      69636B56 
 1921      6563746F 
 1921      7200
 1922              	.LASF11:
 1923 00eb 6C6F6E67 		.ascii	"long long unsigned int\000"
 1923      206C6F6E 
 1923      6720756E 
 1923      7369676E 
 1923      65642069 
 1924              	.LASF78:
 1925 0102 65786974 		.ascii	"exitcode\000"
 1925      636F6465 
 1925      00
 1926              	.LASF49:
 1927 010b 43505549 		.ascii	"CPUID\000"
 1927      4400
 1928              	.LASF23:
 1929 0111 705F7072 		.ascii	"p_prio\000"
 1929      696F00
 1930              	.LASF10:
 1931 0118 6C6F6E67 		.ascii	"long long int\000"
 1931      206C6F6E 
 1931      6720696E 
 1931      7400
 1932              	.LASF1:
 1933 0126 7369676E 		.ascii	"signed char\000"
 1933      65642063 
 1933      68617200 
 1934              	.LASF38:
 1935 0132 705F6D70 		.ascii	"p_mpool\000"
 1935      6F6F6C00 
 1936              	.LASF74:
 1937 013a 6D5F7175 		.ascii	"m_queue\000"
 1937      65756500 
 1938              	.LASF7:
 1939 0142 6C6F6E67 		.ascii	"long int\000"
 1939      20696E74 
ARM GAS  /tmp/ccWGT2Rd.s 			page 36


 1939      00
 1940              	.LASF13:
 1941 014b 74737461 		.ascii	"tstate_t\000"
 1941      74655F74 
 1941      00
 1942              	.LASF89:
 1943 0154 5F706F72 		.ascii	"_port_thread_start\000"
 1943      745F7468 
 1943      72656164 
 1943      5F737461 
 1943      727400
 1944              	.LASF25:
 1945 0167 705F6E65 		.ascii	"p_newer\000"
 1945      77657200 
 1946              	.LASF59:
 1947 016f 42464152 		.ascii	"BFAR\000"
 1947      00
 1948              	.LASF68:
 1949 0174 725F6E65 		.ascii	"r_newer\000"
 1949      77657200 
 1950              	.LASF96:
 1951 017c 6E766963 		.ascii	"nvicSetSystemHandlerPriority\000"
 1951      53657453 
 1951      79737465 
 1951      6D48616E 
 1951      646C6572 
 1952              	.LASF41:
 1953 0199 72656761 		.ascii	"regarm_t\000"
 1953      726D5F74 
 1953      00
 1954              	.LASF90:
 1955 01a2 63685363 		.ascii	"chSchDoReschedule\000"
 1955      68446F52 
 1955      65736368 
 1955      6564756C 
 1955      6500
 1956              	.LASF19:
 1957 01b4 636E745F 		.ascii	"cnt_t\000"
 1957      7400
 1958              	.LASF0:
 1959 01ba 756E7369 		.ascii	"unsigned int\000"
 1959      676E6564 
 1959      20696E74 
 1959      00
 1960              	.LASF43:
 1961 01c7 6C725F74 		.ascii	"lr_thd\000"
 1961      686400
 1962              	.LASF42:
 1963 01ce 65787463 		.ascii	"extctx\000"
 1963      747800
 1964              	.LASF88:
 1965 01d5 5F706F72 		.ascii	"_port_switch\000"
 1965      745F7377 
 1965      69746368 
 1965      00
 1966              	.LASF9:
 1967 01e2 6C6F6E67 		.ascii	"long unsigned int\000"
ARM GAS  /tmp/ccWGT2Rd.s 			page 37


 1967      20756E73 
 1967      69676E65 
 1967      6420696E 
 1967      7400
 1968              	.LASF51:
 1969 01f4 56544F52 		.ascii	"VTOR\000"
 1969      00
 1970              	.LASF82:
 1971 01f9 5F706F72 		.ascii	"_port_switch_from_isr\000"
 1971      745F7377 
 1971      69746368 
 1971      5F66726F 
 1971      6D5F6973 
 1972              	.LASF46:
 1973 020f 636F6E74 		.ascii	"context\000"
 1973      65787400 
 1974              	.LASF4:
 1975 0217 73686F72 		.ascii	"short unsigned int\000"
 1975      7420756E 
 1975      7369676E 
 1975      65642069 
 1975      6E7400
 1976              	.LASF50:
 1977 022a 49435352 		.ascii	"ICSR\000"
 1977      00
 1978              	.LASF16:
 1979 022f 6D73675F 		.ascii	"msg_t\000"
 1979      7400
 1980              	.LASF52:
 1981 0235 41495243 		.ascii	"AIRCR\000"
 1981      5200
 1982              	.LASF57:
 1983 023b 44465352 		.ascii	"DFSR\000"
 1983      00
 1984              	.LASF58:
 1985 0240 4D4D4641 		.ascii	"MMFAR\000"
 1985      5200
 1986              	.LASF86:
 1987 0246 5F706F72 		.ascii	"_port_irq_epilogue\000"
 1987      745F6972 
 1987      715F6570 
 1987      696C6F67 
 1987      756500
 1988              	.LASF12:
 1989 0259 746D6F64 		.ascii	"tmode_t\000"
 1989      655F7400 
 1990              	.LASF40:
 1991 0261 54687265 		.ascii	"ThreadsList\000"
 1991      6164734C 
 1991      69737400 
 1992              	.LASF17:
 1993 026d 6576656E 		.ascii	"eventmask_t\000"
 1993      746D6173 
 1993      6B5F7400 
 1994              	.LASF73:
 1995 0279 4D757465 		.ascii	"Mutex\000"
 1995      7800
ARM GAS  /tmp/ccWGT2Rd.s 			page 38


 1996              	.LASF48:
 1997 027f 73697A65 		.ascii	"sizetype\000"
 1997      74797065 
 1997      00
 1998              	.LASF55:
 1999 0288 43465352 		.ascii	"CFSR\000"
 1999      00
 2000              	.LASF93:
 2001 028d 2E2E2F74 		.ascii	"../third_party/ChibiOS/os/ports/GCC/ARMCMx/chcore_v"
 2001      68697264 
 2001      5F706172 
 2001      74792F43 
 2001      68696269 
 2002 02c0 376D2E63 		.ascii	"7m.c\000"
 2002      00
 2003              	.LASF26:
 2004 02c5 705F6F6C 		.ascii	"p_older\000"
 2004      64657200 
 2005              	.LASF67:
 2006 02cd 725F6374 		.ascii	"r_ctx\000"
 2006      7800
 2007              	.LASF94:
 2008 02d3 2F686F6D 		.ascii	"/home/santi/Documentos/ProyectoDron_2018/MCU/creato"
 2008      652F7361 
 2008      6E74692F 
 2008      446F6375 
 2008      6D656E74 
 2009 0306 7200     		.ascii	"r\000"
 2010              	.LASF71:
 2011 0308 725F6375 		.ascii	"r_current\000"
 2011      7272656E 
 2011      7400
 2012              	.LASF69:
 2013 0312 725F6F6C 		.ascii	"r_older\000"
 2013      64657200 
 2014              	.LASF14:
 2015 031a 74726566 		.ascii	"trefs_t\000"
 2015      735F7400 
 2016              	.LASF84:
 2017 0322 63747870 		.ascii	"ctxp\000"
 2017      00
 2018              	.LASF22:
 2019 0327 705F7072 		.ascii	"p_prev\000"
 2019      657600
 2020              	.LASF15:
 2021 032e 74707269 		.ascii	"tprio_t\000"
 2021      6F5F7400 
 2022              	.LASF6:
 2023 0336 696E7433 		.ascii	"int32_t\000"
 2023      325F7400 
 2024              	.LASF2:
 2025 033e 756E7369 		.ascii	"unsigned char\000"
 2025      676E6564 
 2025      20636861 
 2025      7200
 2026              	.LASF54:
 2027 034c 53484353 		.ascii	"SHCSR\000"
ARM GAS  /tmp/ccWGT2Rd.s 			page 39


 2027      5200
 2028              	.LASF36:
 2029 0352 705F6D74 		.ascii	"p_mtxlist\000"
 2029      786C6973 
 2029      7400
 2030              	.LASF3:
 2031 035c 73686F72 		.ascii	"short int\000"
 2031      7420696E 
 2031      7400
 2032              	.LASF28:
 2033 0366 705F7374 		.ascii	"p_state\000"
 2033      61746500 
 2034              	.LASF44:
 2035 036e 78707372 		.ascii	"xpsr\000"
 2035      00
 2036              	.LASF66:
 2037 0373 725F7072 		.ascii	"r_prio\000"
 2037      696F00
 2038              	.LASF80:
 2039 037a 65776D61 		.ascii	"ewmask\000"
 2039      736B00
 2040              	.LASF21:
 2041 0381 705F6E65 		.ascii	"p_next\000"
 2041      787400
 2042              	.LASF29:
 2043 0388 705F666C 		.ascii	"p_flags\000"
 2043      61677300 
 2044              	.LASF20:
 2045 0390 54687265 		.ascii	"Thread\000"
 2045      616400
 2046              	.LASF35:
 2047 0397 705F6570 		.ascii	"p_epending\000"
 2047      656E6469 
 2047      6E6700
 2048              	.LASF8:
 2049 03a2 75696E74 		.ascii	"uint32_t\000"
 2049      33325F74 
 2049      00
 2050              	.LASF65:
 2051 03ab 725F7175 		.ascii	"r_queue\000"
 2051      65756500 
 2052              	.LASF60:
 2053 03b3 41465352 		.ascii	"AFSR\000"
 2053      00
 2054              	.LASF62:
 2055 03b8 756E7573 		.ascii	"unused1\000"
 2055      65643100 
 2056              	.LASF81:
 2057 03c0 63686172 		.ascii	"char\000"
 2057      00
 2058              	.LASF47:
 2059 03c5 494F5245 		.ascii	"IOREG32\000"
 2059      47333200 
 2060              	.LASF76:
 2061 03cd 6D5F6E65 		.ascii	"m_next\000"
 2061      787400
 2062              	.LASF18:
ARM GAS  /tmp/ccWGT2Rd.s 			page 40


 2063 03d4 73797374 		.ascii	"systime_t\000"
 2063      696D655F 
 2063      7400
 2064              	.LASF37:
 2065 03de 705F7265 		.ascii	"p_realprio\000"
 2065      616C7072 
 2065      696F00
 2066              	.LASF83:
 2067 03e9 53564361 		.ascii	"SVCallVector\000"
 2067      6C6C5665 
 2067      63746F72 
 2067      00
 2068              	.LASF70:
 2069 03f6 725F7072 		.ascii	"r_preempt\000"
 2069      65656D70 
 2069      7400
 2070              	.LASF31:
 2071 0400 705F7469 		.ascii	"p_time\000"
 2071      6D6500
 2072              	.LASF53:
 2073 0407 53485052 		.ascii	"SHPR\000"
 2073      00
 2074              	.LASF45:
 2075 040c 696E7463 		.ascii	"intctx\000"
 2075      747800
 2076              	.LASF33:
 2077 0413 705F6D73 		.ascii	"p_msgqueue\000"
 2077      67717565 
 2077      756500
 2078              	.LASF30:
 2079 041e 705F7265 		.ascii	"p_refs\000"
 2079      667300
 2080              	.LASF72:
 2081 0425 52656164 		.ascii	"ReadyList\000"
 2081      794C6973 
 2081      7400
 2082              	.LASF61:
 2083 042f 4D4D4652 		.ascii	"MMFR\000"
 2083      00
 2084              	.LASF95:
 2085 0434 726C6973 		.ascii	"rlist\000"
 2085      7400
 2086              	.LASF5:
 2087 043a 75696E74 		.ascii	"uint8_t\000"
 2087      385F7400 
 2088              	.LASF85:
 2089 0442 5F706F72 		.ascii	"_port_init\000"
 2089      745F696E 
 2089      697400
 2090              	.LASF79:
 2091 044d 77746F62 		.ascii	"wtobjp\000"
 2091      6A7000
 2092              	.LASF27:
 2093 0454 705F6E61 		.ascii	"p_name\000"
 2093      6D6500
 2094              	.LASF63:
 2095 045b 43504143 		.ascii	"CPACR\000"
ARM GAS  /tmp/ccWGT2Rd.s 			page 41


 2095      5200
 2096              	.LASF56:
 2097 0461 48465352 		.ascii	"HFSR\000"
 2097      00
 2098              	.LASF75:
 2099 0466 6D5F6F77 		.ascii	"m_owner\000"
 2099      6E657200 
 2100              	.LASF24:
 2101 046e 705F6374 		.ascii	"p_ctx\000"
 2101      7800
 2102              	.LASF32:
 2103 0474 705F7761 		.ascii	"p_waiting\000"
 2103      6974696E 
 2103      6700
 2104              		.ident	"GCC: (Sourcery CodeBench Lite 2013.11-24) 4.8.1"
ARM GAS  /tmp/ccWGT2Rd.s 			page 42


DEFINED SYMBOLS
                            *ABS*:00000000 chcore_v7m.c
     /tmp/ccWGT2Rd.s:19     .text._port_switch_from_isr:00000000 $t
     /tmp/ccWGT2Rd.s:25     .text._port_switch_from_isr:00000000 _port_switch_from_isr
     /tmp/ccWGT2Rd.s:38     .text._port_switch_from_isr:00000004 _port_exit_from_isr
     /tmp/ccWGT2Rd.s:50     .text.SVCallVector:00000000 $t
     /tmp/ccWGT2Rd.s:56     .text.SVCallVector:00000000 SVCallVector
     /tmp/ccWGT2Rd.s:91     .text._port_init:00000000 $t
     /tmp/ccWGT2Rd.s:97     .text._port_init:00000000 _port_init
     /tmp/ccWGT2Rd.s:141    .text._port_irq_epilogue:00000000 $t
     /tmp/ccWGT2Rd.s:147    .text._port_irq_epilogue:00000000 _port_irq_epilogue
     /tmp/ccWGT2Rd.s:245    .text.SysTickVector:00000000 $t
     /tmp/ccWGT2Rd.s:251    .text.SysTickVector:00000000 SysTickVector
     /tmp/ccWGT2Rd.s:289    .text._port_switch:00000000 $t
     /tmp/ccWGT2Rd.s:295    .text._port_switch:00000000 _port_switch
     /tmp/ccWGT2Rd.s:322    .text._port_thread_start:00000000 $t
     /tmp/ccWGT2Rd.s:328    .text._port_thread_start:00000000 _port_thread_start
                     .debug_frame:00000010 $d

UNDEFINED SYMBOLS
chSchDoReschedule
nvicSetSystemHandlerPriority
rlist
chSysTimerHandlerI
chThdExit
