ARM GAS  /tmp/ccg5Ptqf.s 			page 1


   1              		.syntax unified
   2              		.cpu cortex-m3
   3              		.fpu softvfp
   4              		.eabi_attribute 20, 1
   5              		.eabi_attribute 21, 1
   6              		.eabi_attribute 23, 3
   7              		.eabi_attribute 24, 1
   8              		.eabi_attribute 25, 1
   9              		.eabi_attribute 26, 1
  10              		.eabi_attribute 30, 2
  11              		.eabi_attribute 34, 1
  12              		.eabi_attribute 18, 4
  13              		.thumb
  14              		.file	"chcore.c"
  15              		.text
  16              	.Ltext0:
  17              		.cfi_sections	.debug_frame
  18              		.section	.text.port_halt,"ax",%progbits
  19              		.align	2
  20              		.p2align 4,,15
  21              		.weak	port_halt
  22              		.thumb
  23              		.thumb_func
  24              		.type	port_halt, %function
  25              	port_halt:
  26              	.LFB7:
  27              		.file 1 "../third_party/ChibiOS/os/ports/GCC/ARMCMx/chcore.c"
  28              		.loc 1 46 0
  29              		.cfi_startproc
  30              		@ args = 0, pretend = 0, frame = 0
  31              		@ frame_needed = 0, uses_anonymous_args = 0
  32              		@ link register save eliminated.
  33              		.loc 1 48 0
  34              	@ 48 "../third_party/ChibiOS/os/ports/GCC/ARMCMx/chcore.c" 1
  35 0000 72B6     		cpsid   i
  36              	@ 0 "" 2
  37              		.thumb
  38              	.L2:
  39 0002 FEE7     		b	.L2
  40              		.cfi_endproc
  41              	.LFE7:
  42              		.size	port_halt, .-port_halt
  43 0004 AFF30080 		.text
  43      AFF30080 
  43      AFF30080 
  44              	.Letext0:
  45              		.section	.debug_info,"",%progbits
  46              	.Ldebug_info0:
  47 0000 87000000 		.4byte	0x87
  48 0004 0400     		.2byte	0x4
  49 0006 00000000 		.4byte	.Ldebug_abbrev0
  50 000a 04       		.byte	0x4
  51 000b 01       		.uleb128 0x1
  52 000c 62000000 		.4byte	.LASF11
  53 0010 01       		.byte	0x1
  54 0011 5C010000 		.4byte	.LASF12
  55 0015 0E000000 		.4byte	.LASF13
ARM GAS  /tmp/ccg5Ptqf.s 			page 2


  56 0019 00000000 		.4byte	.Ldebug_ranges0+0
  57 001d 00000000 		.4byte	0
  58 0021 00000000 		.4byte	.Ldebug_line0
  59 0025 02       		.uleb128 0x2
  60 0026 04       		.byte	0x4
  61 0027 05       		.byte	0x5
  62 0028 696E7400 		.ascii	"int\000"
  63 002c 03       		.uleb128 0x3
  64 002d 04       		.byte	0x4
  65 002e 07       		.byte	0x7
  66 002f 43000000 		.4byte	.LASF0
  67 0033 03       		.uleb128 0x3
  68 0034 01       		.byte	0x1
  69 0035 06       		.byte	0x6
  70 0036 50010000 		.4byte	.LASF1
  71 003a 03       		.uleb128 0x3
  72 003b 01       		.byte	0x1
  73 003c 08       		.byte	0x8
  74 003d 21010000 		.4byte	.LASF2
  75 0041 03       		.uleb128 0x3
  76 0042 02       		.byte	0x2
  77 0043 05       		.byte	0x5
  78 0044 9A010000 		.4byte	.LASF3
  79 0048 03       		.uleb128 0x3
  80 0049 02       		.byte	0x2
  81 004a 07       		.byte	0x7
  82 004b 3D010000 		.4byte	.LASF4
  83 004f 03       		.uleb128 0x3
  84 0050 04       		.byte	0x4
  85 0051 05       		.byte	0x5
  86 0052 34010000 		.4byte	.LASF5
  87 0056 03       		.uleb128 0x3
  88 0057 04       		.byte	0x4
  89 0058 07       		.byte	0x7
  90 0059 50000000 		.4byte	.LASF6
  91 005d 03       		.uleb128 0x3
  92 005e 08       		.byte	0x8
  93 005f 05       		.byte	0x5
  94 0060 00000000 		.4byte	.LASF7
  95 0064 03       		.uleb128 0x3
  96 0065 08       		.byte	0x8
  97 0066 07       		.byte	0x7
  98 0067 0A010000 		.4byte	.LASF8
  99 006b 03       		.uleb128 0x3
 100 006c 04       		.byte	0x4
 101 006d 07       		.byte	0x7
 102 006e A4010000 		.4byte	.LASF9
 103 0072 03       		.uleb128 0x3
 104 0073 01       		.byte	0x1
 105 0074 08       		.byte	0x8
 106 0075 2F010000 		.4byte	.LASF10
 107 0079 04       		.uleb128 0x4
 108 007a 90010000 		.4byte	.LASF14
 109 007e 01       		.byte	0x1
 110 007f 2E       		.byte	0x2e
 111 0080 00000000 		.4byte	.LFB7
 112 0084 04000000 		.4byte	.LFE7-.LFB7
ARM GAS  /tmp/ccg5Ptqf.s 			page 3


 113 0088 01       		.uleb128 0x1
 114 0089 9C       		.byte	0x9c
 115 008a 00       		.byte	0
 116              		.section	.debug_abbrev,"",%progbits
 117              	.Ldebug_abbrev0:
 118 0000 01       		.uleb128 0x1
 119 0001 11       		.uleb128 0x11
 120 0002 01       		.byte	0x1
 121 0003 25       		.uleb128 0x25
 122 0004 0E       		.uleb128 0xe
 123 0005 13       		.uleb128 0x13
 124 0006 0B       		.uleb128 0xb
 125 0007 03       		.uleb128 0x3
 126 0008 0E       		.uleb128 0xe
 127 0009 1B       		.uleb128 0x1b
 128 000a 0E       		.uleb128 0xe
 129 000b 55       		.uleb128 0x55
 130 000c 17       		.uleb128 0x17
 131 000d 11       		.uleb128 0x11
 132 000e 01       		.uleb128 0x1
 133 000f 10       		.uleb128 0x10
 134 0010 17       		.uleb128 0x17
 135 0011 00       		.byte	0
 136 0012 00       		.byte	0
 137 0013 02       		.uleb128 0x2
 138 0014 24       		.uleb128 0x24
 139 0015 00       		.byte	0
 140 0016 0B       		.uleb128 0xb
 141 0017 0B       		.uleb128 0xb
 142 0018 3E       		.uleb128 0x3e
 143 0019 0B       		.uleb128 0xb
 144 001a 03       		.uleb128 0x3
 145 001b 08       		.uleb128 0x8
 146 001c 00       		.byte	0
 147 001d 00       		.byte	0
 148 001e 03       		.uleb128 0x3
 149 001f 24       		.uleb128 0x24
 150 0020 00       		.byte	0
 151 0021 0B       		.uleb128 0xb
 152 0022 0B       		.uleb128 0xb
 153 0023 3E       		.uleb128 0x3e
 154 0024 0B       		.uleb128 0xb
 155 0025 03       		.uleb128 0x3
 156 0026 0E       		.uleb128 0xe
 157 0027 00       		.byte	0
 158 0028 00       		.byte	0
 159 0029 04       		.uleb128 0x4
 160 002a 2E       		.uleb128 0x2e
 161 002b 00       		.byte	0
 162 002c 3F       		.uleb128 0x3f
 163 002d 19       		.uleb128 0x19
 164 002e 03       		.uleb128 0x3
 165 002f 0E       		.uleb128 0xe
 166 0030 3A       		.uleb128 0x3a
 167 0031 0B       		.uleb128 0xb
 168 0032 3B       		.uleb128 0x3b
 169 0033 0B       		.uleb128 0xb
ARM GAS  /tmp/ccg5Ptqf.s 			page 4


 170 0034 27       		.uleb128 0x27
 171 0035 19       		.uleb128 0x19
 172 0036 11       		.uleb128 0x11
 173 0037 01       		.uleb128 0x1
 174 0038 12       		.uleb128 0x12
 175 0039 06       		.uleb128 0x6
 176 003a 40       		.uleb128 0x40
 177 003b 18       		.uleb128 0x18
 178 003c 9742     		.uleb128 0x2117
 179 003e 19       		.uleb128 0x19
 180 003f 00       		.byte	0
 181 0040 00       		.byte	0
 182 0041 00       		.byte	0
 183              		.section	.debug_aranges,"",%progbits
 184 0000 1C000000 		.4byte	0x1c
 185 0004 0200     		.2byte	0x2
 186 0006 00000000 		.4byte	.Ldebug_info0
 187 000a 04       		.byte	0x4
 188 000b 00       		.byte	0
 189 000c 0000     		.2byte	0
 190 000e 0000     		.2byte	0
 191 0010 00000000 		.4byte	.LFB7
 192 0014 04000000 		.4byte	.LFE7-.LFB7
 193 0018 00000000 		.4byte	0
 194 001c 00000000 		.4byte	0
 195              		.section	.debug_ranges,"",%progbits
 196              	.Ldebug_ranges0:
 197 0000 00000000 		.4byte	.LFB7
 198 0004 04000000 		.4byte	.LFE7
 199 0008 00000000 		.4byte	0
 200 000c 00000000 		.4byte	0
 201              		.section	.debug_line,"",%progbits
 202              	.Ldebug_line0:
 203 0000 60000000 		.section	.debug_str,"MS",%progbits,1
 203      02004A00 
 203      00000201 
 203      FB0E0D00 
 203      01010101 
 204              	.LASF7:
 205 0000 6C6F6E67 		.ascii	"long long int\000"
 205      206C6F6E 
 205      6720696E 
 205      7400
 206              	.LASF13:
 207 000e 2F686F6D 		.ascii	"/home/santi/Documentos/ProyectoDron_2018/MCU/creato"
 207      652F7361 
 207      6E74692F 
 207      446F6375 
 207      6D656E74 
 208 0041 7200     		.ascii	"r\000"
 209              	.LASF0:
 210 0043 756E7369 		.ascii	"unsigned int\000"
 210      676E6564 
 210      20696E74 
 210      00
 211              	.LASF6:
 212 0050 6C6F6E67 		.ascii	"long unsigned int\000"
ARM GAS  /tmp/ccg5Ptqf.s 			page 5


 212      20756E73 
 212      69676E65 
 212      6420696E 
 212      7400
 213              	.LASF11:
 214 0062 474E5520 		.ascii	"GNU C 4.8.1 -mcpu=cortex-m3 -mno-thumb-interwork -m"
 214      4320342E 
 214      382E3120 
 214      2D6D6370 
 214      753D636F 
 215 0095 7468756D 		.ascii	"thumb -ggdb -O2 -std=gnu99 -fomit-frame-pointer -fa"
 215      62202D67 
 215      67646220 
 215      2D4F3220 
 215      2D737464 
 216 00c8 6C69676E 		.ascii	"lign-functions=16 -ffunction-sections -fdata-sectio"
 216      2D66756E 
 216      6374696F 
 216      6E733D31 
 216      36202D66 
 217 00fb 6E73202D 		.ascii	"ns -fno-common\000"
 217      666E6F2D 
 217      636F6D6D 
 217      6F6E00
 218              	.LASF8:
 219 010a 6C6F6E67 		.ascii	"long long unsigned int\000"
 219      206C6F6E 
 219      6720756E 
 219      7369676E 
 219      65642069 
 220              	.LASF2:
 221 0121 756E7369 		.ascii	"unsigned char\000"
 221      676E6564 
 221      20636861 
 221      7200
 222              	.LASF10:
 223 012f 63686172 		.ascii	"char\000"
 223      00
 224              	.LASF5:
 225 0134 6C6F6E67 		.ascii	"long int\000"
 225      20696E74 
 225      00
 226              	.LASF4:
 227 013d 73686F72 		.ascii	"short unsigned int\000"
 227      7420756E 
 227      7369676E 
 227      65642069 
 227      6E7400
 228              	.LASF1:
 229 0150 7369676E 		.ascii	"signed char\000"
 229      65642063 
 229      68617200 
 230              	.LASF12:
 231 015c 2E2E2F74 		.ascii	"../third_party/ChibiOS/os/ports/GCC/ARMCMx/chcore.c"
 231      68697264 
 231      5F706172 
 231      74792F43 
ARM GAS  /tmp/ccg5Ptqf.s 			page 6


 231      68696269 
 232 018f 00       		.ascii	"\000"
 233              	.LASF14:
 234 0190 706F7274 		.ascii	"port_halt\000"
 234      5F68616C 
 234      7400
 235              	.LASF3:
 236 019a 73686F72 		.ascii	"short int\000"
 236      7420696E 
 236      7400
 237              	.LASF9:
 238 01a4 73697A65 		.ascii	"sizetype\000"
 238      74797065 
 238      00
 239              		.ident	"GCC: (Sourcery CodeBench Lite 2013.11-24) 4.8.1"
ARM GAS  /tmp/ccg5Ptqf.s 			page 7


DEFINED SYMBOLS
                            *ABS*:00000000 chcore.c
     /tmp/ccg5Ptqf.s:19     .text.port_halt:00000000 $t
     /tmp/ccg5Ptqf.s:25     .text.port_halt:00000000 port_halt
                     .debug_frame:00000010 $d

NO UNDEFINED SYMBOLS
