ARM GAS  /tmp/cclnpLQ1.s 			page 1


   1              		.syntax unified
   2              		.cpu cortex-m3
   3              		.fpu softvfp
   4              		.eabi_attribute 20, 1
   5              		.eabi_attribute 21, 1
   6              		.eabi_attribute 23, 3
   7              		.eabi_attribute 24, 1
   8              		.eabi_attribute 25, 1
   9              		.eabi_attribute 26, 1
  10              		.eabi_attribute 30, 2
  11              		.eabi_attribute 34, 1
  12              		.eabi_attribute 18, 4
  13              		.thumb
  14              		.file	"chmemcore.c"
  15              		.text
  16              	.Ltext0:
  17              		.cfi_sections	.debug_frame
  18              		.section	.text._core_init,"ax",%progbits
  19              		.align	2
  20              		.p2align 4,,15
  21              		.global	_core_init
  22              		.thumb
  23              		.thumb_func
  24              		.type	_core_init, %function
  25              	_core_init:
  26              	.LFB7:
  27              		.file 1 "../third_party/ChibiOS/os/kernel/src/chmemcore.c"
  28              		.loc 1 66 0
  29              		.cfi_startproc
  30              		@ args = 0, pretend = 0, frame = 0
  31              		@ frame_needed = 0, uses_anonymous_args = 0
  32              		@ link register save eliminated.
  33              		.loc 1 71 0
  34 0000 40F20001 		movw	r1, #:lower16:__heap_end__
  35              		.loc 1 70 0
  36 0004 0848     		ldr	r0, .L2
  37              		.loc 1 71 0
  38 0006 C0F20001 		movt	r1, #:upper16:__heap_end__
  39 000a 40F20002 		movw	r2, #:lower16:.LANCHOR1
  40              		.loc 1 70 0
  41 000e 40F20003 		movw	r3, #:lower16:.LANCHOR0
  42              		.loc 1 71 0
  43 0012 21F00701 		bic	r1, r1, #7
  44 0016 C0F20002 		movt	r2, #:upper16:.LANCHOR1
  45              		.loc 1 70 0
  46 001a 20F00700 		bic	r0, r0, #7
  47 001e C0F20003 		movt	r3, #:upper16:.LANCHOR0
  48              		.loc 1 71 0
  49 0022 1160     		str	r1, [r2]
  50              		.loc 1 70 0
  51 0024 1860     		str	r0, [r3]
  52 0026 7047     		bx	lr
  53              	.L3:
  54              		.align	2
  55              	.L2:
  56 0028 07000000 		.word	__heap_base__+7
  57              		.cfi_endproc
ARM GAS  /tmp/cclnpLQ1.s 			page 2


  58              	.LFE7:
  59              		.size	_core_init, .-_core_init
  60 002c AFF30080 		.section	.text.chCoreAlloc,"ax",%progbits
  61              		.align	2
  62              		.p2align 4,,15
  63              		.global	chCoreAlloc
  64              		.thumb
  65              		.thumb_func
  66              		.type	chCoreAlloc, %function
  67              	chCoreAlloc:
  68              	.LFB8:
  69              		.loc 1 91 0
  70              		.cfi_startproc
  71              		@ args = 0, pretend = 0, frame = 0
  72              		@ frame_needed = 0, uses_anonymous_args = 0
  73              		@ link register save eliminated.
  74              	.LVL0:
  75              	.LBB6:
  76              		.loc 1 94 0
  77 0000 2023     		movs	r3, #32
  78              	@ 94 "../third_party/ChibiOS/os/kernel/src/chmemcore.c" 1
  79 0002 83F31188 		msr     BASEPRI, r3
  80              	@ 0 "" 2
  81              	.LVL1:
  82              		.thumb
  83              	.LBE6:
  84              	.LBB7:
  85              	.LBB8:
  86              		.loc 1 118 0
  87 0006 40F20003 		movw	r3, #:lower16:.LANCHOR0
  88 000a 40F20002 		movw	r2, #:lower16:.LANCHOR1
  89 000e C0F20003 		movt	r3, #:upper16:.LANCHOR0
  90 0012 C0F20002 		movt	r2, #:upper16:.LANCHOR1
  91 0016 1968     		ldr	r1, [r3]
  92 0018 1268     		ldr	r2, [r2]
  93              		.loc 1 117 0
  94 001a 0730     		adds	r0, r0, #7
  95              	.LVL2:
  96 001c 20F00700 		bic	r0, r0, #7
  97              	.LVL3:
  98              		.loc 1 118 0
  99 0020 521A     		subs	r2, r2, r1
 100 0022 9042     		cmp	r0, r2
 101              	.LVL4:
 102              		.loc 1 121 0
 103 0024 9BBF     		ittet	ls
 104 0026 4018     		addls	r0, r0, r1
 105              	.LVL5:
 106 0028 1860     		strls	r0, [r3]
 107              		.loc 1 119 0
 108 002a 0020     		movhi	r0, #0
 109              		.loc 1 122 0
 110 002c 0846     		movls	r0, r1
 111              	.LBE8:
 112              	.LBE7:
 113              	.LBB9:
 114              		.loc 1 96 0
ARM GAS  /tmp/cclnpLQ1.s 			page 3


 115 002e 0023     		movs	r3, #0
 116              	@ 96 "../third_party/ChibiOS/os/kernel/src/chmemcore.c" 1
 117 0030 83F31188 		msr     BASEPRI, r3
 118              	@ 0 "" 2
 119              		.thumb
 120              	.LBE9:
 121              		.loc 1 98 0
 122 0034 7047     		bx	lr
 123              		.cfi_endproc
 124              	.LFE8:
 125              		.size	chCoreAlloc, .-chCoreAlloc
 126 0036 00BFAFF3 		.section	.text.chCoreAllocI,"ax",%progbits
 126      0080AFF3 
 126      0080
 127              		.align	2
 128              		.p2align 4,,15
 129              		.global	chCoreAllocI
 130              		.thumb
 131              		.thumb_func
 132              		.type	chCoreAllocI, %function
 133              	chCoreAllocI:
 134              	.LFB9:
 135              		.loc 1 112 0
 136              		.cfi_startproc
 137              		@ args = 0, pretend = 0, frame = 0
 138              		@ frame_needed = 0, uses_anonymous_args = 0
 139              		@ link register save eliminated.
 140              	.LVL6:
 141              		.loc 1 118 0
 142 0000 40F20003 		movw	r3, #:lower16:.LANCHOR0
 143 0004 40F20002 		movw	r2, #:lower16:.LANCHOR1
 144 0008 C0F20003 		movt	r3, #:upper16:.LANCHOR0
 145 000c C0F20002 		movt	r2, #:upper16:.LANCHOR1
 146 0010 1968     		ldr	r1, [r3]
 147 0012 1268     		ldr	r2, [r2]
 148              		.loc 1 117 0
 149 0014 0730     		adds	r0, r0, #7
 150              	.LVL7:
 151 0016 20F00700 		bic	r0, r0, #7
 152              	.LVL8:
 153              		.loc 1 118 0
 154 001a 521A     		subs	r2, r2, r1
 155 001c 9042     		cmp	r0, r2
 156              	.LVL9:
 157              		.loc 1 121 0
 158 001e 9DBF     		ittte	ls
 159 0020 4018     		addls	r0, r0, r1
 160              	.LVL10:
 161 0022 1860     		strls	r0, [r3]
 162              		.loc 1 122 0
 163 0024 0846     		movls	r0, r1
 164              		.loc 1 119 0
 165 0026 0020     		movhi	r0, #0
 166              		.loc 1 123 0
 167 0028 7047     		bx	lr
 168              		.cfi_endproc
 169              	.LFE9:
ARM GAS  /tmp/cclnpLQ1.s 			page 4


 170              		.size	chCoreAllocI, .-chCoreAllocI
 171 002a 00BFAFF3 		.section	.text.chCoreStatus,"ax",%progbits
 171      0080
 172              		.align	2
 173              		.p2align 4,,15
 174              		.global	chCoreStatus
 175              		.thumb
 176              		.thumb_func
 177              		.type	chCoreStatus, %function
 178              	chCoreStatus:
 179              	.LFB10:
 180              		.loc 1 132 0
 181              		.cfi_startproc
 182              		@ args = 0, pretend = 0, frame = 0
 183              		@ frame_needed = 0, uses_anonymous_args = 0
 184              		@ link register save eliminated.
 185              		.loc 1 134 0
 186 0000 40F20002 		movw	r2, #:lower16:.LANCHOR1
 187 0004 40F20003 		movw	r3, #:lower16:.LANCHOR0
 188 0008 C0F20002 		movt	r2, #:upper16:.LANCHOR1
 189 000c C0F20003 		movt	r3, #:upper16:.LANCHOR0
 190 0010 1068     		ldr	r0, [r2]
 191 0012 1B68     		ldr	r3, [r3]
 192              		.loc 1 135 0
 193 0014 C01A     		subs	r0, r0, r3
 194 0016 7047     		bx	lr
 195              		.cfi_endproc
 196              	.LFE10:
 197              		.size	chCoreStatus, .-chCoreStatus
 198 0018 AFF30080 		.section	.bss.endmem,"aw",%nobits
 198      AFF30080 
 199              		.align	2
 200              		.set	.LANCHOR1,. + 0
 201              		.type	endmem, %object
 202              		.size	endmem, 4
 203              	endmem:
 204 0000 00000000 		.space	4
 205              		.section	.bss.nextmem,"aw",%nobits
 206              		.align	2
 207              		.set	.LANCHOR0,. + 0
 208              		.type	nextmem, %object
 209              		.size	nextmem, 4
 210              	nextmem:
 211 0000 00000000 		.space	4
 212              		.text
 213              	.Letext0:
 214              		.file 2 "/home/santi/arm-2013.11/lib/gcc/arm-none-eabi/4.8.1/include/stddef.h"
 215              		.file 3 "/home/santi/arm-2013.11/arm-none-eabi/include/stdint.h"
 216              		.section	.debug_info,"",%progbits
 217              	.Ldebug_info0:
 218 0000 FE010000 		.4byte	0x1fe
 219 0004 0400     		.2byte	0x4
 220 0006 00000000 		.4byte	.Ldebug_abbrev0
 221 000a 04       		.byte	0x4
 222 000b 01       		.uleb128 0x1
 223 000c 5D000000 		.4byte	.LASF18
 224 0010 01       		.byte	0x1
ARM GAS  /tmp/cclnpLQ1.s 			page 5


 225 0011 1C010000 		.4byte	.LASF19
 226 0015 86010000 		.4byte	.LASF20
 227 0019 00000000 		.4byte	.Ldebug_ranges0+0
 228 001d 00000000 		.4byte	0
 229 0021 00000000 		.4byte	.Ldebug_line0
 230 0025 02       		.uleb128 0x2
 231 0026 04       		.byte	0x4
 232 0027 05       		.byte	0x5
 233 0028 696E7400 		.ascii	"int\000"
 234 002c 03       		.uleb128 0x3
 235 002d 21000000 		.4byte	.LASF2
 236 0031 02       		.byte	0x2
 237 0032 D4       		.byte	0xd4
 238 0033 37000000 		.4byte	0x37
 239 0037 04       		.uleb128 0x4
 240 0038 04       		.byte	0x4
 241 0039 07       		.byte	0x7
 242 003a F5010000 		.4byte	.LASF0
 243 003e 04       		.uleb128 0x4
 244 003f 01       		.byte	0x1
 245 0040 06       		.byte	0x6
 246 0041 CF010000 		.4byte	.LASF1
 247 0045 03       		.uleb128 0x3
 248 0046 4D010000 		.4byte	.LASF3
 249 004a 03       		.byte	0x3
 250 004b 2A       		.byte	0x2a
 251 004c 50000000 		.4byte	0x50
 252 0050 04       		.uleb128 0x4
 253 0051 01       		.byte	0x1
 254 0052 08       		.byte	0x8
 255 0053 55010000 		.4byte	.LASF4
 256 0057 04       		.uleb128 0x4
 257 0058 02       		.byte	0x2
 258 0059 05       		.byte	0x5
 259 005a EB010000 		.4byte	.LASF5
 260 005e 04       		.uleb128 0x4
 261 005f 02       		.byte	0x2
 262 0060 07       		.byte	0x7
 263 0061 0E000000 		.4byte	.LASF6
 264 0065 04       		.uleb128 0x4
 265 0066 04       		.byte	0x4
 266 0067 05       		.byte	0x5
 267 0068 7D010000 		.4byte	.LASF7
 268 006c 03       		.uleb128 0x3
 269 006d 74010000 		.4byte	.LASF8
 270 0071 03       		.byte	0x3
 271 0072 50       		.byte	0x50
 272 0073 77000000 		.4byte	0x77
 273 0077 04       		.uleb128 0x4
 274 0078 04       		.byte	0x4
 275 0079 07       		.byte	0x7
 276 007a 4B000000 		.4byte	.LASF9
 277 007e 04       		.uleb128 0x4
 278 007f 08       		.byte	0x8
 279 0080 05       		.byte	0x5
 280 0081 00000000 		.4byte	.LASF10
 281 0085 04       		.uleb128 0x4
ARM GAS  /tmp/cclnpLQ1.s 			page 6


 282 0086 08       		.byte	0x8
 283 0087 07       		.byte	0x7
 284 0088 05010000 		.4byte	.LASF11
 285 008c 05       		.uleb128 0x5
 286 008d 04       		.byte	0x4
 287 008e 04       		.uleb128 0x4
 288 008f 04       		.byte	0x4
 289 0090 07       		.byte	0x7
 290 0091 02020000 		.4byte	.LASF12
 291 0095 04       		.uleb128 0x4
 292 0096 01       		.byte	0x1
 293 0097 08       		.byte	0x8
 294 0098 63010000 		.4byte	.LASF13
 295 009c 06       		.uleb128 0x6
 296 009d 04       		.byte	0x4
 297 009e 45000000 		.4byte	0x45
 298 00a2 07       		.uleb128 0x7
 299 00a3 C2010000 		.4byte	.LASF21
 300 00a7 01       		.byte	0x1
 301 00a8 70       		.byte	0x70
 302 00a9 8C000000 		.4byte	0x8c
 303 00ad 01       		.byte	0x1
 304 00ae C7000000 		.4byte	0xc7
 305 00b2 08       		.uleb128 0x8
 306 00b3 DB010000 		.4byte	.LASF22
 307 00b7 01       		.byte	0x1
 308 00b8 70       		.byte	0x70
 309 00b9 2C000000 		.4byte	0x2c
 310 00bd 09       		.uleb128 0x9
 311 00be 7000     		.ascii	"p\000"
 312 00c0 01       		.byte	0x1
 313 00c1 71       		.byte	0x71
 314 00c2 8C000000 		.4byte	0x8c
 315 00c6 00       		.byte	0
 316 00c7 0A       		.uleb128 0xa
 317 00c8 E0010000 		.4byte	.LASF23
 318 00cc 01       		.byte	0x1
 319 00cd 42       		.byte	0x42
 320 00ce 00000000 		.4byte	.LFB7
 321 00d2 2C000000 		.4byte	.LFE7-.LFB7
 322 00d6 01       		.uleb128 0x1
 323 00d7 9C       		.byte	0x9c
 324 00d8 F3000000 		.4byte	0xf3
 325 00dc 0B       		.uleb128 0xb
 326 00dd 3D000000 		.4byte	.LASF14
 327 00e1 01       		.byte	0x1
 328 00e2 44       		.byte	0x44
 329 00e3 F3000000 		.4byte	0xf3
 330 00e7 0B       		.uleb128 0xb
 331 00e8 30000000 		.4byte	.LASF15
 332 00ec 01       		.byte	0x1
 333 00ed 45       		.byte	0x45
 334 00ee F3000000 		.4byte	0xf3
 335 00f2 00       		.byte	0
 336 00f3 0C       		.uleb128 0xc
 337 00f4 45000000 		.4byte	0x45
 338 00f8 FE000000 		.4byte	0xfe
ARM GAS  /tmp/cclnpLQ1.s 			page 7


 339 00fc 0D       		.uleb128 0xd
 340 00fd 00       		.byte	0
 341 00fe 0E       		.uleb128 0xe
 342 00ff 68010000 		.4byte	.LASF24
 343 0103 01       		.byte	0x1
 344 0104 5B       		.byte	0x5b
 345 0105 8C000000 		.4byte	0x8c
 346 0109 00000000 		.4byte	.LFB8
 347 010d 36000000 		.4byte	.LFE8-.LFB8
 348 0111 01       		.uleb128 0x1
 349 0112 9C       		.byte	0x9c
 350 0113 90010000 		.4byte	0x190
 351 0117 0F       		.uleb128 0xf
 352 0118 DB010000 		.4byte	.LASF22
 353 011c 01       		.byte	0x1
 354 011d 5B       		.byte	0x5b
 355 011e 2C000000 		.4byte	0x2c
 356 0122 00000000 		.4byte	.LLST0
 357 0126 09       		.uleb128 0x9
 358 0127 7000     		.ascii	"p\000"
 359 0129 01       		.byte	0x1
 360 012a 5C       		.byte	0x5c
 361 012b 8C000000 		.4byte	0x8c
 362 012f 10       		.uleb128 0x10
 363 0130 00000000 		.4byte	.LBB6
 364 0134 06000000 		.4byte	.LBE6-.LBB6
 365 0138 4A010000 		.4byte	0x14a
 366 013c 11       		.uleb128 0x11
 367 013d 746D7000 		.ascii	"tmp\000"
 368 0141 01       		.byte	0x1
 369 0142 5E       		.byte	0x5e
 370 0143 6C000000 		.4byte	0x6c
 371 0147 01       		.uleb128 0x1
 372 0148 53       		.byte	0x53
 373 0149 00       		.byte	0
 374 014a 12       		.uleb128 0x12
 375 014b A2000000 		.4byte	0xa2
 376 014f 06000000 		.4byte	.LBB7
 377 0153 28000000 		.4byte	.LBE7-.LBB7
 378 0157 01       		.byte	0x1
 379 0158 5F       		.byte	0x5f
 380 0159 78010000 		.4byte	0x178
 381 015d 13       		.uleb128 0x13
 382 015e B2000000 		.4byte	0xb2
 383 0162 2E000000 		.4byte	.LLST1
 384 0166 14       		.uleb128 0x14
 385 0167 06000000 		.4byte	.LBB8
 386 016b 28000000 		.4byte	.LBE8-.LBB8
 387 016f 15       		.uleb128 0x15
 388 0170 BD000000 		.4byte	0xbd
 389 0174 01       		.uleb128 0x1
 390 0175 51       		.byte	0x51
 391 0176 00       		.byte	0
 392 0177 00       		.byte	0
 393 0178 14       		.uleb128 0x14
 394 0179 2E000000 		.4byte	.LBB9
 395 017d 06000000 		.4byte	.LBE9-.LBB9
ARM GAS  /tmp/cclnpLQ1.s 			page 8


 396 0181 11       		.uleb128 0x11
 397 0182 746D7000 		.ascii	"tmp\000"
 398 0186 01       		.byte	0x1
 399 0187 60       		.byte	0x60
 400 0188 6C000000 		.4byte	0x6c
 401 018c 01       		.uleb128 0x1
 402 018d 53       		.byte	0x53
 403 018e 00       		.byte	0
 404 018f 00       		.byte	0
 405 0190 16       		.uleb128 0x16
 406 0191 A2000000 		.4byte	0xa2
 407 0195 00000000 		.4byte	.LFB9
 408 0199 2A000000 		.4byte	.LFE9-.LFB9
 409 019d 01       		.uleb128 0x1
 410 019e 9C       		.byte	0x9c
 411 019f B4010000 		.4byte	0x1b4
 412 01a3 13       		.uleb128 0x13
 413 01a4 B2000000 		.4byte	0xb2
 414 01a8 6C000000 		.4byte	.LLST2
 415 01ac 15       		.uleb128 0x15
 416 01ad BD000000 		.4byte	0xbd
 417 01b1 01       		.uleb128 0x1
 418 01b2 51       		.byte	0x51
 419 01b3 00       		.byte	0
 420 01b4 17       		.uleb128 0x17
 421 01b5 0B020000 		.4byte	.LASF25
 422 01b9 01       		.byte	0x1
 423 01ba 84       		.byte	0x84
 424 01bb 2C000000 		.4byte	0x2c
 425 01bf 00000000 		.4byte	.LFB10
 426 01c3 18000000 		.4byte	.LFE10-.LFB10
 427 01c7 01       		.uleb128 0x1
 428 01c8 9C       		.byte	0x9c
 429 01c9 18       		.uleb128 0x18
 430 01ca 28000000 		.4byte	.LASF16
 431 01ce 01       		.byte	0x1
 432 01cf 3A       		.byte	0x3a
 433 01d0 9C000000 		.4byte	0x9c
 434 01d4 05       		.uleb128 0x5
 435 01d5 03       		.byte	0x3
 436 01d6 00000000 		.4byte	nextmem
 437 01da 18       		.uleb128 0x18
 438 01db BB010000 		.4byte	.LASF17
 439 01df 01       		.byte	0x1
 440 01e0 3B       		.byte	0x3b
 441 01e1 9C000000 		.4byte	0x9c
 442 01e5 05       		.uleb128 0x5
 443 01e6 03       		.byte	0x3
 444 01e7 00000000 		.4byte	endmem
 445 01eb 0B       		.uleb128 0xb
 446 01ec 3D000000 		.4byte	.LASF14
 447 01f0 01       		.byte	0x1
 448 01f1 44       		.byte	0x44
 449 01f2 F3000000 		.4byte	0xf3
 450 01f6 0B       		.uleb128 0xb
 451 01f7 30000000 		.4byte	.LASF15
 452 01fb 01       		.byte	0x1
ARM GAS  /tmp/cclnpLQ1.s 			page 9


 453 01fc 45       		.byte	0x45
 454 01fd F3000000 		.4byte	0xf3
 455 0201 00       		.byte	0
 456              		.section	.debug_abbrev,"",%progbits
 457              	.Ldebug_abbrev0:
 458 0000 01       		.uleb128 0x1
 459 0001 11       		.uleb128 0x11
 460 0002 01       		.byte	0x1
 461 0003 25       		.uleb128 0x25
 462 0004 0E       		.uleb128 0xe
 463 0005 13       		.uleb128 0x13
 464 0006 0B       		.uleb128 0xb
 465 0007 03       		.uleb128 0x3
 466 0008 0E       		.uleb128 0xe
 467 0009 1B       		.uleb128 0x1b
 468 000a 0E       		.uleb128 0xe
 469 000b 55       		.uleb128 0x55
 470 000c 17       		.uleb128 0x17
 471 000d 11       		.uleb128 0x11
 472 000e 01       		.uleb128 0x1
 473 000f 10       		.uleb128 0x10
 474 0010 17       		.uleb128 0x17
 475 0011 00       		.byte	0
 476 0012 00       		.byte	0
 477 0013 02       		.uleb128 0x2
 478 0014 24       		.uleb128 0x24
 479 0015 00       		.byte	0
 480 0016 0B       		.uleb128 0xb
 481 0017 0B       		.uleb128 0xb
 482 0018 3E       		.uleb128 0x3e
 483 0019 0B       		.uleb128 0xb
 484 001a 03       		.uleb128 0x3
 485 001b 08       		.uleb128 0x8
 486 001c 00       		.byte	0
 487 001d 00       		.byte	0
 488 001e 03       		.uleb128 0x3
 489 001f 16       		.uleb128 0x16
 490 0020 00       		.byte	0
 491 0021 03       		.uleb128 0x3
 492 0022 0E       		.uleb128 0xe
 493 0023 3A       		.uleb128 0x3a
 494 0024 0B       		.uleb128 0xb
 495 0025 3B       		.uleb128 0x3b
 496 0026 0B       		.uleb128 0xb
 497 0027 49       		.uleb128 0x49
 498 0028 13       		.uleb128 0x13
 499 0029 00       		.byte	0
 500 002a 00       		.byte	0
 501 002b 04       		.uleb128 0x4
 502 002c 24       		.uleb128 0x24
 503 002d 00       		.byte	0
 504 002e 0B       		.uleb128 0xb
 505 002f 0B       		.uleb128 0xb
 506 0030 3E       		.uleb128 0x3e
 507 0031 0B       		.uleb128 0xb
 508 0032 03       		.uleb128 0x3
 509 0033 0E       		.uleb128 0xe
ARM GAS  /tmp/cclnpLQ1.s 			page 10


 510 0034 00       		.byte	0
 511 0035 00       		.byte	0
 512 0036 05       		.uleb128 0x5
 513 0037 0F       		.uleb128 0xf
 514 0038 00       		.byte	0
 515 0039 0B       		.uleb128 0xb
 516 003a 0B       		.uleb128 0xb
 517 003b 00       		.byte	0
 518 003c 00       		.byte	0
 519 003d 06       		.uleb128 0x6
 520 003e 0F       		.uleb128 0xf
 521 003f 00       		.byte	0
 522 0040 0B       		.uleb128 0xb
 523 0041 0B       		.uleb128 0xb
 524 0042 49       		.uleb128 0x49
 525 0043 13       		.uleb128 0x13
 526 0044 00       		.byte	0
 527 0045 00       		.byte	0
 528 0046 07       		.uleb128 0x7
 529 0047 2E       		.uleb128 0x2e
 530 0048 01       		.byte	0x1
 531 0049 3F       		.uleb128 0x3f
 532 004a 19       		.uleb128 0x19
 533 004b 03       		.uleb128 0x3
 534 004c 0E       		.uleb128 0xe
 535 004d 3A       		.uleb128 0x3a
 536 004e 0B       		.uleb128 0xb
 537 004f 3B       		.uleb128 0x3b
 538 0050 0B       		.uleb128 0xb
 539 0051 27       		.uleb128 0x27
 540 0052 19       		.uleb128 0x19
 541 0053 49       		.uleb128 0x49
 542 0054 13       		.uleb128 0x13
 543 0055 20       		.uleb128 0x20
 544 0056 0B       		.uleb128 0xb
 545 0057 01       		.uleb128 0x1
 546 0058 13       		.uleb128 0x13
 547 0059 00       		.byte	0
 548 005a 00       		.byte	0
 549 005b 08       		.uleb128 0x8
 550 005c 05       		.uleb128 0x5
 551 005d 00       		.byte	0
 552 005e 03       		.uleb128 0x3
 553 005f 0E       		.uleb128 0xe
 554 0060 3A       		.uleb128 0x3a
 555 0061 0B       		.uleb128 0xb
 556 0062 3B       		.uleb128 0x3b
 557 0063 0B       		.uleb128 0xb
 558 0064 49       		.uleb128 0x49
 559 0065 13       		.uleb128 0x13
 560 0066 00       		.byte	0
 561 0067 00       		.byte	0
 562 0068 09       		.uleb128 0x9
 563 0069 34       		.uleb128 0x34
 564 006a 00       		.byte	0
 565 006b 03       		.uleb128 0x3
 566 006c 08       		.uleb128 0x8
ARM GAS  /tmp/cclnpLQ1.s 			page 11


 567 006d 3A       		.uleb128 0x3a
 568 006e 0B       		.uleb128 0xb
 569 006f 3B       		.uleb128 0x3b
 570 0070 0B       		.uleb128 0xb
 571 0071 49       		.uleb128 0x49
 572 0072 13       		.uleb128 0x13
 573 0073 00       		.byte	0
 574 0074 00       		.byte	0
 575 0075 0A       		.uleb128 0xa
 576 0076 2E       		.uleb128 0x2e
 577 0077 01       		.byte	0x1
 578 0078 3F       		.uleb128 0x3f
 579 0079 19       		.uleb128 0x19
 580 007a 03       		.uleb128 0x3
 581 007b 0E       		.uleb128 0xe
 582 007c 3A       		.uleb128 0x3a
 583 007d 0B       		.uleb128 0xb
 584 007e 3B       		.uleb128 0x3b
 585 007f 0B       		.uleb128 0xb
 586 0080 27       		.uleb128 0x27
 587 0081 19       		.uleb128 0x19
 588 0082 11       		.uleb128 0x11
 589 0083 01       		.uleb128 0x1
 590 0084 12       		.uleb128 0x12
 591 0085 06       		.uleb128 0x6
 592 0086 40       		.uleb128 0x40
 593 0087 18       		.uleb128 0x18
 594 0088 9742     		.uleb128 0x2117
 595 008a 19       		.uleb128 0x19
 596 008b 01       		.uleb128 0x1
 597 008c 13       		.uleb128 0x13
 598 008d 00       		.byte	0
 599 008e 00       		.byte	0
 600 008f 0B       		.uleb128 0xb
 601 0090 34       		.uleb128 0x34
 602 0091 00       		.byte	0
 603 0092 03       		.uleb128 0x3
 604 0093 0E       		.uleb128 0xe
 605 0094 3A       		.uleb128 0x3a
 606 0095 0B       		.uleb128 0xb
 607 0096 3B       		.uleb128 0x3b
 608 0097 0B       		.uleb128 0xb
 609 0098 49       		.uleb128 0x49
 610 0099 13       		.uleb128 0x13
 611 009a 3F       		.uleb128 0x3f
 612 009b 19       		.uleb128 0x19
 613 009c 3C       		.uleb128 0x3c
 614 009d 19       		.uleb128 0x19
 615 009e 00       		.byte	0
 616 009f 00       		.byte	0
 617 00a0 0C       		.uleb128 0xc
 618 00a1 01       		.uleb128 0x1
 619 00a2 01       		.byte	0x1
 620 00a3 49       		.uleb128 0x49
 621 00a4 13       		.uleb128 0x13
 622 00a5 01       		.uleb128 0x1
 623 00a6 13       		.uleb128 0x13
ARM GAS  /tmp/cclnpLQ1.s 			page 12


 624 00a7 00       		.byte	0
 625 00a8 00       		.byte	0
 626 00a9 0D       		.uleb128 0xd
 627 00aa 21       		.uleb128 0x21
 628 00ab 00       		.byte	0
 629 00ac 00       		.byte	0
 630 00ad 00       		.byte	0
 631 00ae 0E       		.uleb128 0xe
 632 00af 2E       		.uleb128 0x2e
 633 00b0 01       		.byte	0x1
 634 00b1 3F       		.uleb128 0x3f
 635 00b2 19       		.uleb128 0x19
 636 00b3 03       		.uleb128 0x3
 637 00b4 0E       		.uleb128 0xe
 638 00b5 3A       		.uleb128 0x3a
 639 00b6 0B       		.uleb128 0xb
 640 00b7 3B       		.uleb128 0x3b
 641 00b8 0B       		.uleb128 0xb
 642 00b9 27       		.uleb128 0x27
 643 00ba 19       		.uleb128 0x19
 644 00bb 49       		.uleb128 0x49
 645 00bc 13       		.uleb128 0x13
 646 00bd 11       		.uleb128 0x11
 647 00be 01       		.uleb128 0x1
 648 00bf 12       		.uleb128 0x12
 649 00c0 06       		.uleb128 0x6
 650 00c1 40       		.uleb128 0x40
 651 00c2 18       		.uleb128 0x18
 652 00c3 9742     		.uleb128 0x2117
 653 00c5 19       		.uleb128 0x19
 654 00c6 01       		.uleb128 0x1
 655 00c7 13       		.uleb128 0x13
 656 00c8 00       		.byte	0
 657 00c9 00       		.byte	0
 658 00ca 0F       		.uleb128 0xf
 659 00cb 05       		.uleb128 0x5
 660 00cc 00       		.byte	0
 661 00cd 03       		.uleb128 0x3
 662 00ce 0E       		.uleb128 0xe
 663 00cf 3A       		.uleb128 0x3a
 664 00d0 0B       		.uleb128 0xb
 665 00d1 3B       		.uleb128 0x3b
 666 00d2 0B       		.uleb128 0xb
 667 00d3 49       		.uleb128 0x49
 668 00d4 13       		.uleb128 0x13
 669 00d5 02       		.uleb128 0x2
 670 00d6 17       		.uleb128 0x17
 671 00d7 00       		.byte	0
 672 00d8 00       		.byte	0
 673 00d9 10       		.uleb128 0x10
 674 00da 0B       		.uleb128 0xb
 675 00db 01       		.byte	0x1
 676 00dc 11       		.uleb128 0x11
 677 00dd 01       		.uleb128 0x1
 678 00de 12       		.uleb128 0x12
 679 00df 06       		.uleb128 0x6
 680 00e0 01       		.uleb128 0x1
ARM GAS  /tmp/cclnpLQ1.s 			page 13


 681 00e1 13       		.uleb128 0x13
 682 00e2 00       		.byte	0
 683 00e3 00       		.byte	0
 684 00e4 11       		.uleb128 0x11
 685 00e5 34       		.uleb128 0x34
 686 00e6 00       		.byte	0
 687 00e7 03       		.uleb128 0x3
 688 00e8 08       		.uleb128 0x8
 689 00e9 3A       		.uleb128 0x3a
 690 00ea 0B       		.uleb128 0xb
 691 00eb 3B       		.uleb128 0x3b
 692 00ec 0B       		.uleb128 0xb
 693 00ed 49       		.uleb128 0x49
 694 00ee 13       		.uleb128 0x13
 695 00ef 02       		.uleb128 0x2
 696 00f0 18       		.uleb128 0x18
 697 00f1 00       		.byte	0
 698 00f2 00       		.byte	0
 699 00f3 12       		.uleb128 0x12
 700 00f4 1D       		.uleb128 0x1d
 701 00f5 01       		.byte	0x1
 702 00f6 31       		.uleb128 0x31
 703 00f7 13       		.uleb128 0x13
 704 00f8 11       		.uleb128 0x11
 705 00f9 01       		.uleb128 0x1
 706 00fa 12       		.uleb128 0x12
 707 00fb 06       		.uleb128 0x6
 708 00fc 58       		.uleb128 0x58
 709 00fd 0B       		.uleb128 0xb
 710 00fe 59       		.uleb128 0x59
 711 00ff 0B       		.uleb128 0xb
 712 0100 01       		.uleb128 0x1
 713 0101 13       		.uleb128 0x13
 714 0102 00       		.byte	0
 715 0103 00       		.byte	0
 716 0104 13       		.uleb128 0x13
 717 0105 05       		.uleb128 0x5
 718 0106 00       		.byte	0
 719 0107 31       		.uleb128 0x31
 720 0108 13       		.uleb128 0x13
 721 0109 02       		.uleb128 0x2
 722 010a 17       		.uleb128 0x17
 723 010b 00       		.byte	0
 724 010c 00       		.byte	0
 725 010d 14       		.uleb128 0x14
 726 010e 0B       		.uleb128 0xb
 727 010f 01       		.byte	0x1
 728 0110 11       		.uleb128 0x11
 729 0111 01       		.uleb128 0x1
 730 0112 12       		.uleb128 0x12
 731 0113 06       		.uleb128 0x6
 732 0114 00       		.byte	0
 733 0115 00       		.byte	0
 734 0116 15       		.uleb128 0x15
 735 0117 34       		.uleb128 0x34
 736 0118 00       		.byte	0
 737 0119 31       		.uleb128 0x31
ARM GAS  /tmp/cclnpLQ1.s 			page 14


 738 011a 13       		.uleb128 0x13
 739 011b 02       		.uleb128 0x2
 740 011c 18       		.uleb128 0x18
 741 011d 00       		.byte	0
 742 011e 00       		.byte	0
 743 011f 16       		.uleb128 0x16
 744 0120 2E       		.uleb128 0x2e
 745 0121 01       		.byte	0x1
 746 0122 31       		.uleb128 0x31
 747 0123 13       		.uleb128 0x13
 748 0124 11       		.uleb128 0x11
 749 0125 01       		.uleb128 0x1
 750 0126 12       		.uleb128 0x12
 751 0127 06       		.uleb128 0x6
 752 0128 40       		.uleb128 0x40
 753 0129 18       		.uleb128 0x18
 754 012a 9742     		.uleb128 0x2117
 755 012c 19       		.uleb128 0x19
 756 012d 01       		.uleb128 0x1
 757 012e 13       		.uleb128 0x13
 758 012f 00       		.byte	0
 759 0130 00       		.byte	0
 760 0131 17       		.uleb128 0x17
 761 0132 2E       		.uleb128 0x2e
 762 0133 00       		.byte	0
 763 0134 3F       		.uleb128 0x3f
 764 0135 19       		.uleb128 0x19
 765 0136 03       		.uleb128 0x3
 766 0137 0E       		.uleb128 0xe
 767 0138 3A       		.uleb128 0x3a
 768 0139 0B       		.uleb128 0xb
 769 013a 3B       		.uleb128 0x3b
 770 013b 0B       		.uleb128 0xb
 771 013c 27       		.uleb128 0x27
 772 013d 19       		.uleb128 0x19
 773 013e 49       		.uleb128 0x49
 774 013f 13       		.uleb128 0x13
 775 0140 11       		.uleb128 0x11
 776 0141 01       		.uleb128 0x1
 777 0142 12       		.uleb128 0x12
 778 0143 06       		.uleb128 0x6
 779 0144 40       		.uleb128 0x40
 780 0145 18       		.uleb128 0x18
 781 0146 9742     		.uleb128 0x2117
 782 0148 19       		.uleb128 0x19
 783 0149 00       		.byte	0
 784 014a 00       		.byte	0
 785 014b 18       		.uleb128 0x18
 786 014c 34       		.uleb128 0x34
 787 014d 00       		.byte	0
 788 014e 03       		.uleb128 0x3
 789 014f 0E       		.uleb128 0xe
 790 0150 3A       		.uleb128 0x3a
 791 0151 0B       		.uleb128 0xb
 792 0152 3B       		.uleb128 0x3b
 793 0153 0B       		.uleb128 0xb
 794 0154 49       		.uleb128 0x49
ARM GAS  /tmp/cclnpLQ1.s 			page 15


 795 0155 13       		.uleb128 0x13
 796 0156 02       		.uleb128 0x2
 797 0157 18       		.uleb128 0x18
 798 0158 00       		.byte	0
 799 0159 00       		.byte	0
 800 015a 00       		.byte	0
 801              		.section	.debug_loc,"",%progbits
 802              	.Ldebug_loc0:
 803              	.LLST0:
 804 0000 00000000 		.4byte	.LVL0
 805 0004 1C000000 		.4byte	.LVL2
 806 0008 0100     		.2byte	0x1
 807 000a 50       		.byte	0x50
 808 000b 1C000000 		.4byte	.LVL2
 809 000f 20000000 		.4byte	.LVL3
 810 0013 0300     		.2byte	0x3
 811 0015 70       		.byte	0x70
 812 0016 79       		.sleb128 -7
 813 0017 9F       		.byte	0x9f
 814 0018 20000000 		.4byte	.LVL3
 815 001c 36000000 		.4byte	.LFE8
 816 0020 0400     		.2byte	0x4
 817 0022 F3       		.byte	0xf3
 818 0023 01       		.uleb128 0x1
 819 0024 50       		.byte	0x50
 820 0025 9F       		.byte	0x9f
 821 0026 00000000 		.4byte	0
 822 002a 00000000 		.4byte	0
 823              	.LLST1:
 824 002e 06000000 		.4byte	.LVL1
 825 0032 1C000000 		.4byte	.LVL2
 826 0036 0100     		.2byte	0x1
 827 0038 50       		.byte	0x50
 828 0039 1C000000 		.4byte	.LVL2
 829 003d 20000000 		.4byte	.LVL3
 830 0041 0300     		.2byte	0x3
 831 0043 70       		.byte	0x70
 832 0044 79       		.sleb128 -7
 833 0045 9F       		.byte	0x9f
 834 0046 20000000 		.4byte	.LVL3
 835 004a 28000000 		.4byte	.LVL5
 836 004e 0100     		.2byte	0x1
 837 0050 50       		.byte	0x50
 838 0051 28000000 		.4byte	.LVL5
 839 0055 36000000 		.4byte	.LFE8
 840 0059 0900     		.2byte	0x9
 841 005b F3       		.byte	0xf3
 842 005c 01       		.uleb128 0x1
 843 005d 50       		.byte	0x50
 844 005e 23       		.byte	0x23
 845 005f 07       		.uleb128 0x7
 846 0060 09       		.byte	0x9
 847 0061 F8       		.byte	0xf8
 848 0062 1A       		.byte	0x1a
 849 0063 9F       		.byte	0x9f
 850 0064 00000000 		.4byte	0
 851 0068 00000000 		.4byte	0
ARM GAS  /tmp/cclnpLQ1.s 			page 16


 852              	.LLST2:
 853 006c 00000000 		.4byte	.LVL6
 854 0070 16000000 		.4byte	.LVL7
 855 0074 0100     		.2byte	0x1
 856 0076 50       		.byte	0x50
 857 0077 16000000 		.4byte	.LVL7
 858 007b 1A000000 		.4byte	.LVL8
 859 007f 0300     		.2byte	0x3
 860 0081 70       		.byte	0x70
 861 0082 79       		.sleb128 -7
 862 0083 9F       		.byte	0x9f
 863 0084 1A000000 		.4byte	.LVL8
 864 0088 22000000 		.4byte	.LVL10
 865 008c 0100     		.2byte	0x1
 866 008e 50       		.byte	0x50
 867 008f 22000000 		.4byte	.LVL10
 868 0093 2A000000 		.4byte	.LFE9
 869 0097 0900     		.2byte	0x9
 870 0099 F3       		.byte	0xf3
 871 009a 01       		.uleb128 0x1
 872 009b 50       		.byte	0x50
 873 009c 23       		.byte	0x23
 874 009d 07       		.uleb128 0x7
 875 009e 09       		.byte	0x9
 876 009f F8       		.byte	0xf8
 877 00a0 1A       		.byte	0x1a
 878 00a1 9F       		.byte	0x9f
 879 00a2 00000000 		.4byte	0
 880 00a6 00000000 		.4byte	0
 881              		.section	.debug_aranges,"",%progbits
 882 0000 34000000 		.4byte	0x34
 883 0004 0200     		.2byte	0x2
 884 0006 00000000 		.4byte	.Ldebug_info0
 885 000a 04       		.byte	0x4
 886 000b 00       		.byte	0
 887 000c 0000     		.2byte	0
 888 000e 0000     		.2byte	0
 889 0010 00000000 		.4byte	.LFB7
 890 0014 2C000000 		.4byte	.LFE7-.LFB7
 891 0018 00000000 		.4byte	.LFB8
 892 001c 36000000 		.4byte	.LFE8-.LFB8
 893 0020 00000000 		.4byte	.LFB9
 894 0024 2A000000 		.4byte	.LFE9-.LFB9
 895 0028 00000000 		.4byte	.LFB10
 896 002c 18000000 		.4byte	.LFE10-.LFB10
 897 0030 00000000 		.4byte	0
 898 0034 00000000 		.4byte	0
 899              		.section	.debug_ranges,"",%progbits
 900              	.Ldebug_ranges0:
 901 0000 00000000 		.4byte	.LFB7
 902 0004 2C000000 		.4byte	.LFE7
 903 0008 00000000 		.4byte	.LFB8
 904 000c 36000000 		.4byte	.LFE8
 905 0010 00000000 		.4byte	.LFB9
 906 0014 2A000000 		.4byte	.LFE9
 907 0018 00000000 		.4byte	.LFB10
 908 001c 18000000 		.4byte	.LFE10
ARM GAS  /tmp/cclnpLQ1.s 			page 17


 909 0020 00000000 		.4byte	0
 910 0024 00000000 		.4byte	0
 911              		.section	.debug_line,"",%progbits
 912              	.Ldebug_line0:
 913 0000 2D010000 		.section	.debug_str,"MS",%progbits,1
 913      0200C900 
 913      00000201 
 913      FB0E0D00 
 913      01010101 
 914              	.LASF10:
 915 0000 6C6F6E67 		.ascii	"long long int\000"
 915      206C6F6E 
 915      6720696E 
 915      7400
 916              	.LASF6:
 917 000e 73686F72 		.ascii	"short unsigned int\000"
 917      7420756E 
 917      7369676E 
 917      65642069 
 917      6E7400
 918              	.LASF2:
 919 0021 73697A65 		.ascii	"size_t\000"
 919      5F7400
 920              	.LASF16:
 921 0028 6E657874 		.ascii	"nextmem\000"
 921      6D656D00 
 922              	.LASF15:
 923 0030 5F5F6865 		.ascii	"__heap_end__\000"
 923      61705F65 
 923      6E645F5F 
 923      00
 924              	.LASF14:
 925 003d 5F5F6865 		.ascii	"__heap_base__\000"
 925      61705F62 
 925      6173655F 
 925      5F00
 926              	.LASF9:
 927 004b 6C6F6E67 		.ascii	"long unsigned int\000"
 927      20756E73 
 927      69676E65 
 927      6420696E 
 927      7400
 928              	.LASF18:
 929 005d 474E5520 		.ascii	"GNU C 4.8.1 -mcpu=cortex-m3 -mno-thumb-interwork -m"
 929      4320342E 
 929      382E3120 
 929      2D6D6370 
 929      753D636F 
 930 0090 7468756D 		.ascii	"thumb -ggdb -O2 -std=gnu99 -fomit-frame-pointer -fa"
 930      62202D67 
 930      67646220 
 930      2D4F3220 
 930      2D737464 
 931 00c3 6C69676E 		.ascii	"lign-functions=16 -ffunction-sections -fdata-sectio"
 931      2D66756E 
 931      6374696F 
 931      6E733D31 
ARM GAS  /tmp/cclnpLQ1.s 			page 18


 931      36202D66 
 932 00f6 6E73202D 		.ascii	"ns -fno-common\000"
 932      666E6F2D 
 932      636F6D6D 
 932      6F6E00
 933              	.LASF11:
 934 0105 6C6F6E67 		.ascii	"long long unsigned int\000"
 934      206C6F6E 
 934      6720756E 
 934      7369676E 
 934      65642069 
 935              	.LASF19:
 936 011c 2E2E2F74 		.ascii	"../third_party/ChibiOS/os/kernel/src/chmemcore.c\000"
 936      68697264 
 936      5F706172 
 936      74792F43 
 936      68696269 
 937              	.LASF3:
 938 014d 75696E74 		.ascii	"uint8_t\000"
 938      385F7400 
 939              	.LASF4:
 940 0155 756E7369 		.ascii	"unsigned char\000"
 940      676E6564 
 940      20636861 
 940      7200
 941              	.LASF13:
 942 0163 63686172 		.ascii	"char\000"
 942      00
 943              	.LASF24:
 944 0168 6368436F 		.ascii	"chCoreAlloc\000"
 944      7265416C 
 944      6C6F6300 
 945              	.LASF8:
 946 0174 75696E74 		.ascii	"uint32_t\000"
 946      33325F74 
 946      00
 947              	.LASF7:
 948 017d 6C6F6E67 		.ascii	"long int\000"
 948      20696E74 
 948      00
 949              	.LASF20:
 950 0186 2F686F6D 		.ascii	"/home/santi/Documentos/ProyectoDron_2018/MCU/creato"
 950      652F7361 
 950      6E74692F 
 950      446F6375 
 950      6D656E74 
 951 01b9 7200     		.ascii	"r\000"
 952              	.LASF17:
 953 01bb 656E646D 		.ascii	"endmem\000"
 953      656D00
 954              	.LASF21:
 955 01c2 6368436F 		.ascii	"chCoreAllocI\000"
 955      7265416C 
 955      6C6F6349 
 955      00
 956              	.LASF1:
 957 01cf 7369676E 		.ascii	"signed char\000"
ARM GAS  /tmp/cclnpLQ1.s 			page 19


 957      65642063 
 957      68617200 
 958              	.LASF22:
 959 01db 73697A65 		.ascii	"size\000"
 959      00
 960              	.LASF23:
 961 01e0 5F636F72 		.ascii	"_core_init\000"
 961      655F696E 
 961      697400
 962              	.LASF5:
 963 01eb 73686F72 		.ascii	"short int\000"
 963      7420696E 
 963      7400
 964              	.LASF0:
 965 01f5 756E7369 		.ascii	"unsigned int\000"
 965      676E6564 
 965      20696E74 
 965      00
 966              	.LASF12:
 967 0202 73697A65 		.ascii	"sizetype\000"
 967      74797065 
 967      00
 968              	.LASF25:
 969 020b 6368436F 		.ascii	"chCoreStatus\000"
 969      72655374 
 969      61747573 
 969      00
 970              		.ident	"GCC: (Sourcery CodeBench Lite 2013.11-24) 4.8.1"
ARM GAS  /tmp/cclnpLQ1.s 			page 20


DEFINED SYMBOLS
                            *ABS*:00000000 chmemcore.c
     /tmp/cclnpLQ1.s:19     .text._core_init:00000000 $t
     /tmp/cclnpLQ1.s:25     .text._core_init:00000000 _core_init
     /tmp/cclnpLQ1.s:200    .bss.endmem:00000000 .LANCHOR1
     /tmp/cclnpLQ1.s:207    .bss.nextmem:00000000 .LANCHOR0
     /tmp/cclnpLQ1.s:56     .text._core_init:00000028 $d
     /tmp/cclnpLQ1.s:61     .text.chCoreAlloc:00000000 $t
     /tmp/cclnpLQ1.s:67     .text.chCoreAlloc:00000000 chCoreAlloc
     /tmp/cclnpLQ1.s:127    .text.chCoreAllocI:00000000 $t
     /tmp/cclnpLQ1.s:133    .text.chCoreAllocI:00000000 chCoreAllocI
     /tmp/cclnpLQ1.s:172    .text.chCoreStatus:00000000 $t
     /tmp/cclnpLQ1.s:178    .text.chCoreStatus:00000000 chCoreStatus
     /tmp/cclnpLQ1.s:199    .bss.endmem:00000000 $d
     /tmp/cclnpLQ1.s:203    .bss.endmem:00000000 endmem
     /tmp/cclnpLQ1.s:206    .bss.nextmem:00000000 $d
     /tmp/cclnpLQ1.s:210    .bss.nextmem:00000000 nextmem
                     .debug_frame:00000010 $d
     /tmp/cclnpLQ1.s:60     .text._core_init:0000002c $t

UNDEFINED SYMBOLS
__heap_end__
__heap_base__
