ARM GAS  /tmp/cciSkU0Z.s 			page 1


   1              		.syntax unified
   2              		.cpu cortex-m3
   3              		.fpu softvfp
   4              		.eabi_attribute 20, 1
   5              		.eabi_attribute 21, 1
   6              		.eabi_attribute 23, 3
   7              		.eabi_attribute 24, 1
   8              		.eabi_attribute 25, 1
   9              		.eabi_attribute 26, 1
  10              		.eabi_attribute 30, 2
  11              		.eabi_attribute 34, 1
  12              		.eabi_attribute 18, 4
  13              		.thumb
  14              		.file	"chregistry.c"
  15              		.text
  16              	.Ltext0:
  17              		.cfi_sections	.debug_frame
  18              		.section	.text.chRegFirstThread,"ax",%progbits
  19              		.align	2
  20              		.p2align 4,,15
  21              		.global	chRegFirstThread
  22              		.thumb
  23              		.thumb_func
  24              		.type	chRegFirstThread, %function
  25              	chRegFirstThread:
  26              	.LFB7:
  27              		.file 1 "../third_party/ChibiOS/os/kernel/src/chregistry.c"
  28              		.loc 1 72 0
  29              		.cfi_startproc
  30              		@ args = 0, pretend = 0, frame = 0
  31              		@ frame_needed = 0, uses_anonymous_args = 0
  32              		@ link register save eliminated.
  33              	.LBB2:
  34              		.loc 1 75 0
  35 0000 2023     		movs	r3, #32
  36              	@ 75 "../third_party/ChibiOS/os/kernel/src/chregistry.c" 1
  37 0002 83F31188 		msr     BASEPRI, r3
  38              	@ 0 "" 2
  39              		.thumb
  40              	.LBE2:
  41              		.loc 1 76 0
  42 0006 40F20003 		movw	r3, #:lower16:rlist
  43 000a C0F20003 		movt	r3, #:upper16:rlist
  44 000e 1869     		ldr	r0, [r3, #16]
  45              	.LVL0:
  46              	.LBB3:
  47              		.loc 1 80 0
  48 0010 0023     		movs	r3, #0
  49              	.LBE3:
  50              		.loc 1 78 0
  51 0012 827F     		ldrb	r2, [r0, #30]	@ zero_extendqisi2
  52 0014 0132     		adds	r2, r2, #1
  53 0016 8277     		strb	r2, [r0, #30]
  54              	.LBB4:
  55              		.loc 1 80 0
  56              	@ 80 "../third_party/ChibiOS/os/kernel/src/chregistry.c" 1
  57 0018 83F31188 		msr     BASEPRI, r3
ARM GAS  /tmp/cciSkU0Z.s 			page 2


  58              	@ 0 "" 2
  59              		.thumb
  60              	.LBE4:
  61              		.loc 1 82 0
  62 001c 7047     		bx	lr
  63              		.cfi_endproc
  64              	.LFE7:
  65              		.size	chRegFirstThread, .-chRegFirstThread
  66 001e 00BF     		.section	.text.chRegNextThread,"ax",%progbits
  67              		.align	2
  68              		.p2align 4,,15
  69              		.global	chRegNextThread
  70              		.thumb
  71              		.thumb_func
  72              		.type	chRegNextThread, %function
  73              	chRegNextThread:
  74              	.LFB8:
  75              		.loc 1 95 0
  76              		.cfi_startproc
  77              		@ args = 0, pretend = 0, frame = 0
  78              		@ frame_needed = 0, uses_anonymous_args = 0
  79              	.LVL1:
  80 0000 10B5     		push	{r4, lr}
  81              		.cfi_def_cfa_offset 8
  82              		.cfi_offset 4, -8
  83              		.cfi_offset 14, -4
  84              	.LBB5:
  85              		.loc 1 98 0
  86 0002 2023     		movs	r3, #32
  87              	@ 98 "../third_party/ChibiOS/os/kernel/src/chregistry.c" 1
  88 0004 83F31188 		msr     BASEPRI, r3
  89              	@ 0 "" 2
  90              		.thumb
  91              	.LBE5:
  92              		.loc 1 100 0
  93 0008 40F20003 		movw	r3, #:lower16:rlist
  94              		.loc 1 99 0
  95 000c 0469     		ldr	r4, [r0, #16]
  96              	.LVL2:
  97              		.loc 1 100 0
  98 000e C0F20003 		movt	r3, #:upper16:rlist
  99 0012 9C42     		cmp	r4, r3
 100              		.loc 1 106 0
 101 0014 17BF     		itett	ne
 102 0016 A37F     		ldrbne	r3, [r4, #30]	@ zero_extendqisi2
 103              		.loc 1 101 0
 104 0018 0024     		moveq	r4, #0
 105              	.LVL3:
 106              		.loc 1 106 0
 107 001a 0133     		addne	r3, r3, #1
 108 001c A377     		strbne	r3, [r4, #30]
 109              	.LBB6:
 110              		.loc 1 109 0
 111 001e 0023     		movs	r3, #0
 112              	@ 109 "../third_party/ChibiOS/os/kernel/src/chregistry.c" 1
 113 0020 83F31188 		msr     BASEPRI, r3
 114              	@ 0 "" 2
ARM GAS  /tmp/cciSkU0Z.s 			page 3


 115              		.thumb
 116              	.LBE6:
 117              		.loc 1 111 0
 118 0024 FFF7FEFF 		bl	chThdRelease
 119              	.LVL4:
 120              		.loc 1 114 0
 121 0028 2046     		mov	r0, r4
 122 002a 10BD     		pop	{r4, pc}
 123              		.cfi_endproc
 124              	.LFE8:
 125              		.size	chRegNextThread, .-chRegNextThread
 126 002c AFF30080 		.text
 127              	.Letext0:
 128              		.file 2 "/home/santi/arm-2013.11/arm-none-eabi/include/stdint.h"
 129              		.file 3 "../third_party/ChibiOS/os/ports/GCC/ARMCMx/chtypes.h"
 130              		.file 4 "../third_party/ChibiOS/os/kernel/include/chlists.h"
 131              		.file 5 "../third_party/ChibiOS/os/kernel/include/chthreads.h"
 132              		.file 6 "../third_party/ChibiOS/os/ports/GCC/ARMCMx/chcore_v7m.h"
 133              		.file 7 "../third_party/ChibiOS/os/kernel/include/chschd.h"
 134              		.file 8 "../third_party/ChibiOS/os/kernel/include/chmtx.h"
 135              		.file 9 "../third_party/ChibiOS/os/kernel/include/chdynamic.h"
 136              		.section	.debug_info,"",%progbits
 137              	.Ldebug_info0:
 138 0000 C3040000 		.4byte	0x4c3
 139 0004 0400     		.2byte	0x4
 140 0006 00000000 		.4byte	.Ldebug_abbrev0
 141 000a 04       		.byte	0x4
 142 000b 01       		.uleb128 0x1
 143 000c 1A000000 		.4byte	.LASF64
 144 0010 01       		.byte	0x1
 145 0011 7F020000 		.4byte	.LASF65
 146 0015 D2010000 		.4byte	.LASF66
 147 0019 18000000 		.4byte	.Ldebug_ranges0+0x18
 148 001d 00000000 		.4byte	0
 149 0021 00000000 		.4byte	.Ldebug_line0
 150 0025 02       		.uleb128 0x2
 151 0026 04       		.byte	0x4
 152 0027 05       		.byte	0x5
 153 0028 696E7400 		.ascii	"int\000"
 154 002c 03       		.uleb128 0x3
 155 002d 04       		.byte	0x4
 156 002e 07       		.byte	0x7
 157 002f 55010000 		.4byte	.LASF0
 158 0033 03       		.uleb128 0x3
 159 0034 01       		.byte	0x1
 160 0035 06       		.byte	0x6
 161 0036 08010000 		.4byte	.LASF1
 162 003a 04       		.uleb128 0x4
 163 003b 42030000 		.4byte	.LASF5
 164 003f 02       		.byte	0x2
 165 0040 2A       		.byte	0x2a
 166 0041 45000000 		.4byte	0x45
 167 0045 03       		.uleb128 0x3
 168 0046 01       		.byte	0x1
 169 0047 08       		.byte	0x8
 170 0048 38020000 		.4byte	.LASF2
 171 004c 03       		.uleb128 0x3
ARM GAS  /tmp/cciSkU0Z.s 			page 4


 172 004d 02       		.byte	0x2
 173 004e 05       		.byte	0x5
 174 004f 50020000 		.4byte	.LASF3
 175 0053 03       		.uleb128 0x3
 176 0054 02       		.byte	0x2
 177 0055 07       		.byte	0x7
 178 0056 7C010000 		.4byte	.LASF4
 179 005a 04       		.uleb128 0x4
 180 005b 30020000 		.4byte	.LASF6
 181 005f 02       		.byte	0x2
 182 0060 4F       		.byte	0x4f
 183 0061 65000000 		.4byte	0x65
 184 0065 03       		.uleb128 0x3
 185 0066 04       		.byte	0x4
 186 0067 05       		.byte	0x5
 187 0068 24010000 		.4byte	.LASF7
 188 006c 04       		.uleb128 0x4
 189 006d D0020000 		.4byte	.LASF8
 190 0071 02       		.byte	0x2
 191 0072 50       		.byte	0x50
 192 0073 77000000 		.4byte	0x77
 193 0077 03       		.uleb128 0x3
 194 0078 04       		.byte	0x4
 195 0079 07       		.byte	0x7
 196 007a 62010000 		.4byte	.LASF9
 197 007e 03       		.uleb128 0x3
 198 007f 08       		.byte	0x8
 199 0080 05       		.byte	0x5
 200 0081 FA000000 		.4byte	.LASF10
 201 0085 03       		.uleb128 0x3
 202 0086 08       		.byte	0x8
 203 0087 07       		.byte	0x7
 204 0088 C2000000 		.4byte	.LASF11
 205 008c 04       		.uleb128 0x4
 206 008d 95010000 		.4byte	.LASF12
 207 0091 03       		.byte	0x3
 208 0092 2F       		.byte	0x2f
 209 0093 3A000000 		.4byte	0x3a
 210 0097 04       		.uleb128 0x4
 211 0098 2D010000 		.4byte	.LASF13
 212 009c 03       		.byte	0x3
 213 009d 30       		.byte	0x30
 214 009e 3A000000 		.4byte	0x3a
 215 00a2 04       		.uleb128 0x4
 216 00a3 19020000 		.4byte	.LASF14
 217 00a7 03       		.byte	0x3
 218 00a8 31       		.byte	0x31
 219 00a9 3A000000 		.4byte	0x3a
 220 00ad 04       		.uleb128 0x4
 221 00ae 28020000 		.4byte	.LASF15
 222 00b2 03       		.byte	0x3
 223 00b3 32       		.byte	0x32
 224 00b4 6C000000 		.4byte	0x6c
 225 00b8 04       		.uleb128 0x4
 226 00b9 8F010000 		.4byte	.LASF16
 227 00bd 03       		.byte	0x3
 228 00be 33       		.byte	0x33
ARM GAS  /tmp/cciSkU0Z.s 			page 5


 229 00bf 5A000000 		.4byte	0x5a
 230 00c3 04       		.uleb128 0x4
 231 00c4 A9010000 		.4byte	.LASF17
 232 00c8 03       		.byte	0x3
 233 00c9 35       		.byte	0x35
 234 00ca 6C000000 		.4byte	0x6c
 235 00ce 04       		.uleb128 0x4
 236 00cf FD020000 		.4byte	.LASF18
 237 00d3 03       		.byte	0x3
 238 00d4 36       		.byte	0x36
 239 00d5 6C000000 		.4byte	0x6c
 240 00d9 04       		.uleb128 0x4
 241 00da 4F010000 		.4byte	.LASF19
 242 00de 03       		.byte	0x3
 243 00df 37       		.byte	0x37
 244 00e0 5A000000 		.4byte	0x5a
 245 00e4 04       		.uleb128 0x4
 246 00e5 BE020000 		.4byte	.LASF20
 247 00e9 04       		.byte	0x4
 248 00ea 2A       		.byte	0x2a
 249 00eb EF000000 		.4byte	0xef
 250 00ef 05       		.uleb128 0x5
 251 00f0 BE020000 		.4byte	.LASF20
 252 00f4 48       		.byte	0x48
 253 00f5 05       		.byte	0x5
 254 00f6 5E       		.byte	0x5e
 255 00f7 E0010000 		.4byte	0x1e0
 256 00fb 06       		.uleb128 0x6
 257 00fc 70020000 		.4byte	.LASF21
 258 0100 05       		.byte	0x5
 259 0101 5F       		.byte	0x5f
 260 0102 01020000 		.4byte	0x201
 261 0106 00       		.byte	0
 262 0107 06       		.uleb128 0x6
 263 0108 21020000 		.4byte	.LASF22
 264 010c 05       		.byte	0x5
 265 010d 61       		.byte	0x61
 266 010e 01020000 		.4byte	0x201
 267 0112 04       		.byte	0x4
 268 0113 06       		.uleb128 0x6
 269 0114 F3000000 		.4byte	.LASF23
 270 0118 05       		.byte	0x5
 271 0119 63       		.byte	0x63
 272 011a AD000000 		.4byte	0xad
 273 011e 08       		.byte	0x8
 274 011f 06       		.uleb128 0x6
 275 0120 6A030000 		.4byte	.LASF24
 276 0124 05       		.byte	0x5
 277 0125 64       		.byte	0x64
 278 0126 BA020000 		.4byte	0x2ba
 279 012a 0C       		.byte	0xc
 280 012b 06       		.uleb128 0x6
 281 012c 36010000 		.4byte	.LASF25
 282 0130 05       		.byte	0x5
 283 0131 66       		.byte	0x66
 284 0132 01020000 		.4byte	0x201
 285 0136 10       		.byte	0x10
ARM GAS  /tmp/cciSkU0Z.s 			page 6


 286 0137 06       		.uleb128 0x6
 287 0138 C4010000 		.4byte	.LASF26
 288 013c 05       		.byte	0x5
 289 013d 67       		.byte	0x67
 290 013e 01020000 		.4byte	0x201
 291 0142 14       		.byte	0x14
 292 0143 06       		.uleb128 0x6
 293 0144 51030000 		.4byte	.LASF27
 294 0148 05       		.byte	0x5
 295 0149 6E       		.byte	0x6e
 296 014a C6030000 		.4byte	0x3c6
 297 014e 18       		.byte	0x18
 298 014f 06       		.uleb128 0x6
 299 0150 5A020000 		.4byte	.LASF28
 300 0154 05       		.byte	0x5
 301 0155 79       		.byte	0x79
 302 0156 97000000 		.4byte	0x97
 303 015a 1C       		.byte	0x1c
 304 015b 06       		.uleb128 0x6
 305 015c 77020000 		.4byte	.LASF29
 306 0160 05       		.byte	0x5
 307 0161 7D       		.byte	0x7d
 308 0162 8C000000 		.4byte	0x8c
 309 0166 1D       		.byte	0x1d
 310 0167 06       		.uleb128 0x6
 311 0168 2B030000 		.4byte	.LASF30
 312 016c 05       		.byte	0x5
 313 016d 82       		.byte	0x82
 314 016e A2000000 		.4byte	0xa2
 315 0172 1E       		.byte	0x1e
 316 0173 06       		.uleb128 0x6
 317 0174 12030000 		.4byte	.LASF31
 318 0178 05       		.byte	0x5
 319 0179 89       		.byte	0x89
 320 017a E2020000 		.4byte	0x2e2
 321 017e 20       		.byte	0x20
 322 017f 07       		.uleb128 0x7
 323 0180 705F7500 		.ascii	"p_u\000"
 324 0184 05       		.byte	0x5
 325 0185 AE       		.byte	0xae
 326 0186 91030000 		.4byte	0x391
 327 018a 24       		.byte	0x24
 328 018b 06       		.uleb128 0x6
 329 018c 70030000 		.4byte	.LASF32
 330 0190 05       		.byte	0x5
 331 0191 B3       		.byte	0xb3
 332 0192 27020000 		.4byte	0x227
 333 0196 28       		.byte	0x28
 334 0197 06       		.uleb128 0x6
 335 0198 20030000 		.4byte	.LASF33
 336 019c 05       		.byte	0x5
 337 019d B9       		.byte	0xb9
 338 019e 07020000 		.4byte	0x207
 339 01a2 2C       		.byte	0x2c
 340 01a3 06       		.uleb128 0x6
 341 01a4 0D000000 		.4byte	.LASF34
 342 01a8 05       		.byte	0x5
ARM GAS  /tmp/cciSkU0Z.s 			page 7


 343 01a9 BD       		.byte	0xbd
 344 01aa B8000000 		.4byte	0xb8
 345 01ae 34       		.byte	0x34
 346 01af 06       		.uleb128 0x6
 347 01b0 C5020000 		.4byte	.LASF35
 348 01b4 05       		.byte	0x5
 349 01b5 C3       		.byte	0xc3
 350 01b6 C3000000 		.4byte	0xc3
 351 01ba 38       		.byte	0x38
 352 01bb 06       		.uleb128 0x6
 353 01bc 46020000 		.4byte	.LASF36
 354 01c0 05       		.byte	0x5
 355 01c1 CA       		.byte	0xca
 356 01c2 D8030000 		.4byte	0x3d8
 357 01c6 3C       		.byte	0x3c
 358 01c7 06       		.uleb128 0x6
 359 01c8 07030000 		.4byte	.LASF37
 360 01cc 05       		.byte	0x5
 361 01cd CE       		.byte	0xce
 362 01ce AD000000 		.4byte	0xad
 363 01d2 40       		.byte	0x40
 364 01d3 06       		.uleb128 0x6
 365 01d4 14010000 		.4byte	.LASF38
 366 01d8 05       		.byte	0x5
 367 01d9 D4       		.byte	0xd4
 368 01da 3D020000 		.4byte	0x23d
 369 01de 44       		.byte	0x44
 370 01df 00       		.byte	0
 371 01e0 08       		.uleb128 0x8
 372 01e1 08       		.byte	0x8
 373 01e2 04       		.byte	0x4
 374 01e3 61       		.byte	0x61
 375 01e4 01020000 		.4byte	0x201
 376 01e8 06       		.uleb128 0x6
 377 01e9 70020000 		.4byte	.LASF21
 378 01ed 04       		.byte	0x4
 379 01ee 62       		.byte	0x62
 380 01ef 01020000 		.4byte	0x201
 381 01f3 00       		.byte	0
 382 01f4 06       		.uleb128 0x6
 383 01f5 21020000 		.4byte	.LASF22
 384 01f9 04       		.byte	0x4
 385 01fa 64       		.byte	0x64
 386 01fb 01020000 		.4byte	0x201
 387 01ff 04       		.byte	0x4
 388 0200 00       		.byte	0
 389 0201 09       		.uleb128 0x9
 390 0202 04       		.byte	0x4
 391 0203 E4000000 		.4byte	0xe4
 392 0207 04       		.uleb128 0x4
 393 0208 00000000 		.4byte	.LASF39
 394 020c 04       		.byte	0x4
 395 020d 66       		.byte	0x66
 396 020e E0010000 		.4byte	0x1e0
 397 0212 08       		.uleb128 0x8
 398 0213 04       		.byte	0x4
 399 0214 04       		.byte	0x4
ARM GAS  /tmp/cciSkU0Z.s 			page 8


 400 0215 6B       		.byte	0x6b
 401 0216 27020000 		.4byte	0x227
 402 021a 06       		.uleb128 0x6
 403 021b 70020000 		.4byte	.LASF21
 404 021f 04       		.byte	0x4
 405 0220 6D       		.byte	0x6d
 406 0221 01020000 		.4byte	0x201
 407 0225 00       		.byte	0
 408 0226 00       		.byte	0
 409 0227 04       		.uleb128 0x4
 410 0228 9D010000 		.4byte	.LASF40
 411 022c 04       		.byte	0x4
 412 022d 70       		.byte	0x70
 413 022e 12020000 		.4byte	0x212
 414 0232 04       		.uleb128 0x4
 415 0233 46010000 		.4byte	.LASF41
 416 0237 06       		.byte	0x6
 417 0238 D7       		.byte	0xd7
 418 0239 3D020000 		.4byte	0x23d
 419 023d 0A       		.uleb128 0xa
 420 023e 04       		.byte	0x4
 421 023f 05       		.uleb128 0x5
 422 0240 19030000 		.4byte	.LASF42
 423 0244 24       		.byte	0x24
 424 0245 06       		.byte	0x6
 425 0246 FE       		.byte	0xfe
 426 0247 BA020000 		.4byte	0x2ba
 427 024b 0B       		.uleb128 0xb
 428 024c 723400   		.ascii	"r4\000"
 429 024f 06       		.byte	0x6
 430 0250 1101     		.2byte	0x111
 431 0252 32020000 		.4byte	0x232
 432 0256 00       		.byte	0
 433 0257 0B       		.uleb128 0xb
 434 0258 723500   		.ascii	"r5\000"
 435 025b 06       		.byte	0x6
 436 025c 1201     		.2byte	0x112
 437 025e 32020000 		.4byte	0x232
 438 0262 04       		.byte	0x4
 439 0263 0B       		.uleb128 0xb
 440 0264 723600   		.ascii	"r6\000"
 441 0267 06       		.byte	0x6
 442 0268 1301     		.2byte	0x113
 443 026a 32020000 		.4byte	0x232
 444 026e 08       		.byte	0x8
 445 026f 0B       		.uleb128 0xb
 446 0270 723700   		.ascii	"r7\000"
 447 0273 06       		.byte	0x6
 448 0274 1401     		.2byte	0x114
 449 0276 32020000 		.4byte	0x232
 450 027a 0C       		.byte	0xc
 451 027b 0B       		.uleb128 0xb
 452 027c 723800   		.ascii	"r8\000"
 453 027f 06       		.byte	0x6
 454 0280 1501     		.2byte	0x115
 455 0282 32020000 		.4byte	0x232
 456 0286 10       		.byte	0x10
ARM GAS  /tmp/cciSkU0Z.s 			page 9


 457 0287 0B       		.uleb128 0xb
 458 0288 723900   		.ascii	"r9\000"
 459 028b 06       		.byte	0x6
 460 028c 1601     		.2byte	0x116
 461 028e 32020000 		.4byte	0x232
 462 0292 14       		.byte	0x14
 463 0293 0B       		.uleb128 0xb
 464 0294 72313000 		.ascii	"r10\000"
 465 0298 06       		.byte	0x6
 466 0299 1701     		.2byte	0x117
 467 029b 32020000 		.4byte	0x232
 468 029f 18       		.byte	0x18
 469 02a0 0B       		.uleb128 0xb
 470 02a1 72313100 		.ascii	"r11\000"
 471 02a5 06       		.byte	0x6
 472 02a6 1801     		.2byte	0x118
 473 02a8 32020000 		.4byte	0x232
 474 02ac 1C       		.byte	0x1c
 475 02ad 0B       		.uleb128 0xb
 476 02ae 6C7200   		.ascii	"lr\000"
 477 02b1 06       		.byte	0x6
 478 02b2 1901     		.2byte	0x119
 479 02b4 32020000 		.4byte	0x232
 480 02b8 20       		.byte	0x20
 481 02b9 00       		.byte	0
 482 02ba 0C       		.uleb128 0xc
 483 02bb 74010000 		.4byte	.LASF43
 484 02bf 04       		.byte	0x4
 485 02c0 06       		.byte	0x6
 486 02c1 2301     		.2byte	0x123
 487 02c3 D5020000 		.4byte	0x2d5
 488 02c7 0B       		.uleb128 0xb
 489 02c8 72313300 		.ascii	"r13\000"
 490 02cc 06       		.byte	0x6
 491 02cd 2401     		.2byte	0x124
 492 02cf D5020000 		.4byte	0x2d5
 493 02d3 00       		.byte	0
 494 02d4 00       		.byte	0
 495 02d5 09       		.uleb128 0x9
 496 02d6 04       		.byte	0x4
 497 02d7 3F020000 		.4byte	0x23f
 498 02db 03       		.uleb128 0x3
 499 02dc 04       		.byte	0x4
 500 02dd 07       		.byte	0x7
 501 02de BB010000 		.4byte	.LASF44
 502 02e2 0D       		.uleb128 0xd
 503 02e3 CE000000 		.4byte	0xce
 504 02e7 08       		.uleb128 0x8
 505 02e8 20       		.byte	0x20
 506 02e9 07       		.byte	0x7
 507 02ea 5E       		.byte	0x5e
 508 02eb 44030000 		.4byte	0x344
 509 02ef 06       		.uleb128 0x6
 510 02f0 D9020000 		.4byte	.LASF45
 511 02f4 07       		.byte	0x7
 512 02f5 5F       		.byte	0x5f
 513 02f6 07020000 		.4byte	0x207
ARM GAS  /tmp/cciSkU0Z.s 			page 10


 514 02fa 00       		.byte	0
 515 02fb 06       		.uleb128 0x6
 516 02fc 62020000 		.4byte	.LASF46
 517 0300 07       		.byte	0x7
 518 0301 60       		.byte	0x60
 519 0302 AD000000 		.4byte	0xad
 520 0306 08       		.byte	0x8
 521 0307 06       		.uleb128 0x6
 522 0308 CC010000 		.4byte	.LASF47
 523 030c 07       		.byte	0x7
 524 030d 62       		.byte	0x62
 525 030e BA020000 		.4byte	0x2ba
 526 0312 0C       		.byte	0xc
 527 0313 06       		.uleb128 0x6
 528 0314 3E010000 		.4byte	.LASF48
 529 0318 07       		.byte	0x7
 530 0319 65       		.byte	0x65
 531 031a 01020000 		.4byte	0x201
 532 031e 10       		.byte	0x10
 533 031f 06       		.uleb128 0x6
 534 0320 11020000 		.4byte	.LASF49
 535 0324 07       		.byte	0x7
 536 0325 66       		.byte	0x66
 537 0326 01020000 		.4byte	0x201
 538 032a 14       		.byte	0x14
 539 032b 06       		.uleb128 0x6
 540 032c 58030000 		.4byte	.LASF50
 541 0330 07       		.byte	0x7
 542 0331 6A       		.byte	0x6a
 543 0332 D9000000 		.4byte	0xd9
 544 0336 18       		.byte	0x18
 545 0337 06       		.uleb128 0x6
 546 0338 07020000 		.4byte	.LASF51
 547 033c 07       		.byte	0x7
 548 033d 6C       		.byte	0x6c
 549 033e 01020000 		.4byte	0x201
 550 0342 1C       		.byte	0x1c
 551 0343 00       		.byte	0
 552 0344 04       		.uleb128 0x4
 553 0345 32030000 		.4byte	.LASF52
 554 0349 07       		.byte	0x7
 555 034a 6E       		.byte	0x6e
 556 034b E7020000 		.4byte	0x2e7
 557 034f 05       		.uleb128 0x5
 558 0350 B5010000 		.4byte	.LASF53
 559 0354 10       		.byte	0x10
 560 0355 08       		.byte	0x8
 561 0356 2C       		.byte	0x2c
 562 0357 80030000 		.4byte	0x380
 563 035b 06       		.uleb128 0x6
 564 035c 1C010000 		.4byte	.LASF54
 565 0360 08       		.byte	0x8
 566 0361 2D       		.byte	0x2d
 567 0362 07020000 		.4byte	0x207
 568 0366 00       		.byte	0
 569 0367 06       		.uleb128 0x6
 570 0368 62030000 		.4byte	.LASF55
ARM GAS  /tmp/cciSkU0Z.s 			page 11


 571 036c 08       		.byte	0x8
 572 036d 2F       		.byte	0x2f
 573 036e 01020000 		.4byte	0x201
 574 0372 08       		.byte	0x8
 575 0373 06       		.uleb128 0x6
 576 0374 F6020000 		.4byte	.LASF56
 577 0378 08       		.byte	0x8
 578 0379 31       		.byte	0x31
 579 037a 80030000 		.4byte	0x380
 580 037e 0C       		.byte	0xc
 581 037f 00       		.byte	0
 582 0380 09       		.uleb128 0x9
 583 0381 04       		.byte	0x4
 584 0382 4F030000 		.4byte	0x34f
 585 0386 04       		.uleb128 0x4
 586 0387 B5010000 		.4byte	.LASF53
 587 038b 08       		.byte	0x8
 588 038c 33       		.byte	0x33
 589 038d 4F030000 		.4byte	0x34f
 590 0391 0E       		.uleb128 0xe
 591 0392 04       		.byte	0x4
 592 0393 05       		.byte	0x5
 593 0394 90       		.byte	0x90
 594 0395 C6030000 		.4byte	0x3c6
 595 0399 0F       		.uleb128 0xf
 596 039a 13000000 		.4byte	.LASF57
 597 039e 05       		.byte	0x5
 598 039f 97       		.byte	0x97
 599 03a0 B8000000 		.4byte	0xb8
 600 03a4 0F       		.uleb128 0xf
 601 03a5 D9000000 		.4byte	.LASF58
 602 03a9 05       		.byte	0x5
 603 03aa 9E       		.byte	0x9e
 604 03ab B8000000 		.4byte	0xb8
 605 03af 0F       		.uleb128 0xf
 606 03b0 4A030000 		.4byte	.LASF59
 607 03b4 05       		.byte	0x5
 608 03b5 A5       		.byte	0xa5
 609 03b6 3D020000 		.4byte	0x23d
 610 03ba 0F       		.uleb128 0xf
 611 03bb 69020000 		.4byte	.LASF60
 612 03bf 05       		.byte	0x5
 613 03c0 AC       		.byte	0xac
 614 03c1 C3000000 		.4byte	0xc3
 615 03c5 00       		.byte	0
 616 03c6 09       		.uleb128 0x9
 617 03c7 04       		.byte	0x4
 618 03c8 CC030000 		.4byte	0x3cc
 619 03cc 10       		.uleb128 0x10
 620 03cd D1030000 		.4byte	0x3d1
 621 03d1 03       		.uleb128 0x3
 622 03d2 01       		.byte	0x1
 623 03d3 08       		.byte	0x8
 624 03d4 E1020000 		.4byte	.LASF61
 625 03d8 09       		.uleb128 0x9
 626 03d9 04       		.byte	0x4
 627 03da 86030000 		.4byte	0x386
ARM GAS  /tmp/cciSkU0Z.s 			page 12


 628 03de 11       		.uleb128 0x11
 629 03df E2000000 		.4byte	.LASF62
 630 03e3 01       		.byte	0x1
 631 03e4 48       		.byte	0x48
 632 03e5 01020000 		.4byte	0x201
 633 03e9 00000000 		.4byte	.LFB7
 634 03ed 1E000000 		.4byte	.LFE7-.LFB7
 635 03f1 01       		.uleb128 0x1
 636 03f2 9C       		.byte	0x9c
 637 03f3 32040000 		.4byte	0x432
 638 03f7 12       		.uleb128 0x12
 639 03f8 747000   		.ascii	"tp\000"
 640 03fb 01       		.byte	0x1
 641 03fc 49       		.byte	0x49
 642 03fd 01020000 		.4byte	0x201
 643 0401 01       		.uleb128 0x1
 644 0402 50       		.byte	0x50
 645 0403 13       		.uleb128 0x13
 646 0404 00000000 		.4byte	.LBB2
 647 0408 06000000 		.4byte	.LBE2-.LBB2
 648 040c 1E040000 		.4byte	0x41e
 649 0410 12       		.uleb128 0x12
 650 0411 746D7000 		.ascii	"tmp\000"
 651 0415 01       		.byte	0x1
 652 0416 4B       		.byte	0x4b
 653 0417 6C000000 		.4byte	0x6c
 654 041b 01       		.uleb128 0x1
 655 041c 53       		.byte	0x53
 656 041d 00       		.byte	0
 657 041e 14       		.uleb128 0x14
 658 041f 00000000 		.4byte	.Ldebug_ranges0+0
 659 0423 12       		.uleb128 0x12
 660 0424 746D7000 		.ascii	"tmp\000"
 661 0428 01       		.byte	0x1
 662 0429 50       		.byte	0x50
 663 042a 6C000000 		.4byte	0x6c
 664 042e 01       		.uleb128 0x1
 665 042f 53       		.byte	0x53
 666 0430 00       		.byte	0
 667 0431 00       		.byte	0
 668 0432 11       		.uleb128 0x11
 669 0433 E6020000 		.4byte	.LASF63
 670 0437 01       		.byte	0x1
 671 0438 5F       		.byte	0x5f
 672 0439 01020000 		.4byte	0x201
 673 043d 00000000 		.4byte	.LFB8
 674 0441 2C000000 		.4byte	.LFE8-.LFB8
 675 0445 01       		.uleb128 0x1
 676 0446 9C       		.byte	0x9c
 677 0447 AE040000 		.4byte	0x4ae
 678 044b 15       		.uleb128 0x15
 679 044c 747000   		.ascii	"tp\000"
 680 044f 01       		.byte	0x1
 681 0450 5F       		.byte	0x5f
 682 0451 01020000 		.4byte	0x201
 683 0455 00000000 		.4byte	.LLST0
 684 0459 12       		.uleb128 0x12
ARM GAS  /tmp/cciSkU0Z.s 			page 13


 685 045a 6E747000 		.ascii	"ntp\000"
 686 045e 01       		.byte	0x1
 687 045f 60       		.byte	0x60
 688 0460 01020000 		.4byte	0x201
 689 0464 01       		.uleb128 0x1
 690 0465 54       		.byte	0x54
 691 0466 13       		.uleb128 0x13
 692 0467 02000000 		.4byte	.LBB5
 693 046b 06000000 		.4byte	.LBE5-.LBB5
 694 046f 81040000 		.4byte	0x481
 695 0473 12       		.uleb128 0x12
 696 0474 746D7000 		.ascii	"tmp\000"
 697 0478 01       		.byte	0x1
 698 0479 62       		.byte	0x62
 699 047a 6C000000 		.4byte	0x6c
 700 047e 01       		.uleb128 0x1
 701 047f 53       		.byte	0x53
 702 0480 00       		.byte	0
 703 0481 13       		.uleb128 0x13
 704 0482 1E000000 		.4byte	.LBB6
 705 0486 06000000 		.4byte	.LBE6-.LBB6
 706 048a 9C040000 		.4byte	0x49c
 707 048e 12       		.uleb128 0x12
 708 048f 746D7000 		.ascii	"tmp\000"
 709 0493 01       		.byte	0x1
 710 0494 6D       		.byte	0x6d
 711 0495 6C000000 		.4byte	0x6c
 712 0499 01       		.uleb128 0x1
 713 049a 53       		.byte	0x53
 714 049b 00       		.byte	0
 715 049c 16       		.uleb128 0x16
 716 049d 28000000 		.4byte	.LVL4
 717 04a1 B9040000 		.4byte	0x4b9
 718 04a5 17       		.uleb128 0x17
 719 04a6 01       		.uleb128 0x1
 720 04a7 50       		.byte	0x50
 721 04a8 03       		.uleb128 0x3
 722 04a9 F3       		.byte	0xf3
 723 04aa 01       		.uleb128 0x1
 724 04ab 50       		.byte	0x50
 725 04ac 00       		.byte	0
 726 04ad 00       		.byte	0
 727 04ae 18       		.uleb128 0x18
 728 04af 3C030000 		.4byte	.LASF67
 729 04b3 07       		.byte	0x7
 730 04b4 72       		.byte	0x72
 731 04b5 44030000 		.4byte	0x344
 732 04b9 19       		.uleb128 0x19
 733 04ba B1020000 		.4byte	.LASF68
 734 04be 09       		.byte	0x9
 735 04bf 3A       		.byte	0x3a
 736 04c0 1A       		.uleb128 0x1a
 737 04c1 01020000 		.4byte	0x201
 738 04c5 00       		.byte	0
 739 04c6 00       		.byte	0
 740              		.section	.debug_abbrev,"",%progbits
 741              	.Ldebug_abbrev0:
ARM GAS  /tmp/cciSkU0Z.s 			page 14


 742 0000 01       		.uleb128 0x1
 743 0001 11       		.uleb128 0x11
 744 0002 01       		.byte	0x1
 745 0003 25       		.uleb128 0x25
 746 0004 0E       		.uleb128 0xe
 747 0005 13       		.uleb128 0x13
 748 0006 0B       		.uleb128 0xb
 749 0007 03       		.uleb128 0x3
 750 0008 0E       		.uleb128 0xe
 751 0009 1B       		.uleb128 0x1b
 752 000a 0E       		.uleb128 0xe
 753 000b 55       		.uleb128 0x55
 754 000c 17       		.uleb128 0x17
 755 000d 11       		.uleb128 0x11
 756 000e 01       		.uleb128 0x1
 757 000f 10       		.uleb128 0x10
 758 0010 17       		.uleb128 0x17
 759 0011 00       		.byte	0
 760 0012 00       		.byte	0
 761 0013 02       		.uleb128 0x2
 762 0014 24       		.uleb128 0x24
 763 0015 00       		.byte	0
 764 0016 0B       		.uleb128 0xb
 765 0017 0B       		.uleb128 0xb
 766 0018 3E       		.uleb128 0x3e
 767 0019 0B       		.uleb128 0xb
 768 001a 03       		.uleb128 0x3
 769 001b 08       		.uleb128 0x8
 770 001c 00       		.byte	0
 771 001d 00       		.byte	0
 772 001e 03       		.uleb128 0x3
 773 001f 24       		.uleb128 0x24
 774 0020 00       		.byte	0
 775 0021 0B       		.uleb128 0xb
 776 0022 0B       		.uleb128 0xb
 777 0023 3E       		.uleb128 0x3e
 778 0024 0B       		.uleb128 0xb
 779 0025 03       		.uleb128 0x3
 780 0026 0E       		.uleb128 0xe
 781 0027 00       		.byte	0
 782 0028 00       		.byte	0
 783 0029 04       		.uleb128 0x4
 784 002a 16       		.uleb128 0x16
 785 002b 00       		.byte	0
 786 002c 03       		.uleb128 0x3
 787 002d 0E       		.uleb128 0xe
 788 002e 3A       		.uleb128 0x3a
 789 002f 0B       		.uleb128 0xb
 790 0030 3B       		.uleb128 0x3b
 791 0031 0B       		.uleb128 0xb
 792 0032 49       		.uleb128 0x49
 793 0033 13       		.uleb128 0x13
 794 0034 00       		.byte	0
 795 0035 00       		.byte	0
 796 0036 05       		.uleb128 0x5
 797 0037 13       		.uleb128 0x13
 798 0038 01       		.byte	0x1
ARM GAS  /tmp/cciSkU0Z.s 			page 15


 799 0039 03       		.uleb128 0x3
 800 003a 0E       		.uleb128 0xe
 801 003b 0B       		.uleb128 0xb
 802 003c 0B       		.uleb128 0xb
 803 003d 3A       		.uleb128 0x3a
 804 003e 0B       		.uleb128 0xb
 805 003f 3B       		.uleb128 0x3b
 806 0040 0B       		.uleb128 0xb
 807 0041 01       		.uleb128 0x1
 808 0042 13       		.uleb128 0x13
 809 0043 00       		.byte	0
 810 0044 00       		.byte	0
 811 0045 06       		.uleb128 0x6
 812 0046 0D       		.uleb128 0xd
 813 0047 00       		.byte	0
 814 0048 03       		.uleb128 0x3
 815 0049 0E       		.uleb128 0xe
 816 004a 3A       		.uleb128 0x3a
 817 004b 0B       		.uleb128 0xb
 818 004c 3B       		.uleb128 0x3b
 819 004d 0B       		.uleb128 0xb
 820 004e 49       		.uleb128 0x49
 821 004f 13       		.uleb128 0x13
 822 0050 38       		.uleb128 0x38
 823 0051 0B       		.uleb128 0xb
 824 0052 00       		.byte	0
 825 0053 00       		.byte	0
 826 0054 07       		.uleb128 0x7
 827 0055 0D       		.uleb128 0xd
 828 0056 00       		.byte	0
 829 0057 03       		.uleb128 0x3
 830 0058 08       		.uleb128 0x8
 831 0059 3A       		.uleb128 0x3a
 832 005a 0B       		.uleb128 0xb
 833 005b 3B       		.uleb128 0x3b
 834 005c 0B       		.uleb128 0xb
 835 005d 49       		.uleb128 0x49
 836 005e 13       		.uleb128 0x13
 837 005f 38       		.uleb128 0x38
 838 0060 0B       		.uleb128 0xb
 839 0061 00       		.byte	0
 840 0062 00       		.byte	0
 841 0063 08       		.uleb128 0x8
 842 0064 13       		.uleb128 0x13
 843 0065 01       		.byte	0x1
 844 0066 0B       		.uleb128 0xb
 845 0067 0B       		.uleb128 0xb
 846 0068 3A       		.uleb128 0x3a
 847 0069 0B       		.uleb128 0xb
 848 006a 3B       		.uleb128 0x3b
 849 006b 0B       		.uleb128 0xb
 850 006c 01       		.uleb128 0x1
 851 006d 13       		.uleb128 0x13
 852 006e 00       		.byte	0
 853 006f 00       		.byte	0
 854 0070 09       		.uleb128 0x9
 855 0071 0F       		.uleb128 0xf
ARM GAS  /tmp/cciSkU0Z.s 			page 16


 856 0072 00       		.byte	0
 857 0073 0B       		.uleb128 0xb
 858 0074 0B       		.uleb128 0xb
 859 0075 49       		.uleb128 0x49
 860 0076 13       		.uleb128 0x13
 861 0077 00       		.byte	0
 862 0078 00       		.byte	0
 863 0079 0A       		.uleb128 0xa
 864 007a 0F       		.uleb128 0xf
 865 007b 00       		.byte	0
 866 007c 0B       		.uleb128 0xb
 867 007d 0B       		.uleb128 0xb
 868 007e 00       		.byte	0
 869 007f 00       		.byte	0
 870 0080 0B       		.uleb128 0xb
 871 0081 0D       		.uleb128 0xd
 872 0082 00       		.byte	0
 873 0083 03       		.uleb128 0x3
 874 0084 08       		.uleb128 0x8
 875 0085 3A       		.uleb128 0x3a
 876 0086 0B       		.uleb128 0xb
 877 0087 3B       		.uleb128 0x3b
 878 0088 05       		.uleb128 0x5
 879 0089 49       		.uleb128 0x49
 880 008a 13       		.uleb128 0x13
 881 008b 38       		.uleb128 0x38
 882 008c 0B       		.uleb128 0xb
 883 008d 00       		.byte	0
 884 008e 00       		.byte	0
 885 008f 0C       		.uleb128 0xc
 886 0090 13       		.uleb128 0x13
 887 0091 01       		.byte	0x1
 888 0092 03       		.uleb128 0x3
 889 0093 0E       		.uleb128 0xe
 890 0094 0B       		.uleb128 0xb
 891 0095 0B       		.uleb128 0xb
 892 0096 3A       		.uleb128 0x3a
 893 0097 0B       		.uleb128 0xb
 894 0098 3B       		.uleb128 0x3b
 895 0099 05       		.uleb128 0x5
 896 009a 01       		.uleb128 0x1
 897 009b 13       		.uleb128 0x13
 898 009c 00       		.byte	0
 899 009d 00       		.byte	0
 900 009e 0D       		.uleb128 0xd
 901 009f 35       		.uleb128 0x35
 902 00a0 00       		.byte	0
 903 00a1 49       		.uleb128 0x49
 904 00a2 13       		.uleb128 0x13
 905 00a3 00       		.byte	0
 906 00a4 00       		.byte	0
 907 00a5 0E       		.uleb128 0xe
 908 00a6 17       		.uleb128 0x17
 909 00a7 01       		.byte	0x1
 910 00a8 0B       		.uleb128 0xb
 911 00a9 0B       		.uleb128 0xb
 912 00aa 3A       		.uleb128 0x3a
ARM GAS  /tmp/cciSkU0Z.s 			page 17


 913 00ab 0B       		.uleb128 0xb
 914 00ac 3B       		.uleb128 0x3b
 915 00ad 0B       		.uleb128 0xb
 916 00ae 01       		.uleb128 0x1
 917 00af 13       		.uleb128 0x13
 918 00b0 00       		.byte	0
 919 00b1 00       		.byte	0
 920 00b2 0F       		.uleb128 0xf
 921 00b3 0D       		.uleb128 0xd
 922 00b4 00       		.byte	0
 923 00b5 03       		.uleb128 0x3
 924 00b6 0E       		.uleb128 0xe
 925 00b7 3A       		.uleb128 0x3a
 926 00b8 0B       		.uleb128 0xb
 927 00b9 3B       		.uleb128 0x3b
 928 00ba 0B       		.uleb128 0xb
 929 00bb 49       		.uleb128 0x49
 930 00bc 13       		.uleb128 0x13
 931 00bd 00       		.byte	0
 932 00be 00       		.byte	0
 933 00bf 10       		.uleb128 0x10
 934 00c0 26       		.uleb128 0x26
 935 00c1 00       		.byte	0
 936 00c2 49       		.uleb128 0x49
 937 00c3 13       		.uleb128 0x13
 938 00c4 00       		.byte	0
 939 00c5 00       		.byte	0
 940 00c6 11       		.uleb128 0x11
 941 00c7 2E       		.uleb128 0x2e
 942 00c8 01       		.byte	0x1
 943 00c9 3F       		.uleb128 0x3f
 944 00ca 19       		.uleb128 0x19
 945 00cb 03       		.uleb128 0x3
 946 00cc 0E       		.uleb128 0xe
 947 00cd 3A       		.uleb128 0x3a
 948 00ce 0B       		.uleb128 0xb
 949 00cf 3B       		.uleb128 0x3b
 950 00d0 0B       		.uleb128 0xb
 951 00d1 27       		.uleb128 0x27
 952 00d2 19       		.uleb128 0x19
 953 00d3 49       		.uleb128 0x49
 954 00d4 13       		.uleb128 0x13
 955 00d5 11       		.uleb128 0x11
 956 00d6 01       		.uleb128 0x1
 957 00d7 12       		.uleb128 0x12
 958 00d8 06       		.uleb128 0x6
 959 00d9 40       		.uleb128 0x40
 960 00da 18       		.uleb128 0x18
 961 00db 9742     		.uleb128 0x2117
 962 00dd 19       		.uleb128 0x19
 963 00de 01       		.uleb128 0x1
 964 00df 13       		.uleb128 0x13
 965 00e0 00       		.byte	0
 966 00e1 00       		.byte	0
 967 00e2 12       		.uleb128 0x12
 968 00e3 34       		.uleb128 0x34
 969 00e4 00       		.byte	0
ARM GAS  /tmp/cciSkU0Z.s 			page 18


 970 00e5 03       		.uleb128 0x3
 971 00e6 08       		.uleb128 0x8
 972 00e7 3A       		.uleb128 0x3a
 973 00e8 0B       		.uleb128 0xb
 974 00e9 3B       		.uleb128 0x3b
 975 00ea 0B       		.uleb128 0xb
 976 00eb 49       		.uleb128 0x49
 977 00ec 13       		.uleb128 0x13
 978 00ed 02       		.uleb128 0x2
 979 00ee 18       		.uleb128 0x18
 980 00ef 00       		.byte	0
 981 00f0 00       		.byte	0
 982 00f1 13       		.uleb128 0x13
 983 00f2 0B       		.uleb128 0xb
 984 00f3 01       		.byte	0x1
 985 00f4 11       		.uleb128 0x11
 986 00f5 01       		.uleb128 0x1
 987 00f6 12       		.uleb128 0x12
 988 00f7 06       		.uleb128 0x6
 989 00f8 01       		.uleb128 0x1
 990 00f9 13       		.uleb128 0x13
 991 00fa 00       		.byte	0
 992 00fb 00       		.byte	0
 993 00fc 14       		.uleb128 0x14
 994 00fd 0B       		.uleb128 0xb
 995 00fe 01       		.byte	0x1
 996 00ff 55       		.uleb128 0x55
 997 0100 17       		.uleb128 0x17
 998 0101 00       		.byte	0
 999 0102 00       		.byte	0
 1000 0103 15       		.uleb128 0x15
 1001 0104 05       		.uleb128 0x5
 1002 0105 00       		.byte	0
 1003 0106 03       		.uleb128 0x3
 1004 0107 08       		.uleb128 0x8
 1005 0108 3A       		.uleb128 0x3a
 1006 0109 0B       		.uleb128 0xb
 1007 010a 3B       		.uleb128 0x3b
 1008 010b 0B       		.uleb128 0xb
 1009 010c 49       		.uleb128 0x49
 1010 010d 13       		.uleb128 0x13
 1011 010e 02       		.uleb128 0x2
 1012 010f 17       		.uleb128 0x17
 1013 0110 00       		.byte	0
 1014 0111 00       		.byte	0
 1015 0112 16       		.uleb128 0x16
 1016 0113 898201   		.uleb128 0x4109
 1017 0116 01       		.byte	0x1
 1018 0117 11       		.uleb128 0x11
 1019 0118 01       		.uleb128 0x1
 1020 0119 31       		.uleb128 0x31
 1021 011a 13       		.uleb128 0x13
 1022 011b 00       		.byte	0
 1023 011c 00       		.byte	0
 1024 011d 17       		.uleb128 0x17
 1025 011e 8A8201   		.uleb128 0x410a
 1026 0121 00       		.byte	0
ARM GAS  /tmp/cciSkU0Z.s 			page 19


 1027 0122 02       		.uleb128 0x2
 1028 0123 18       		.uleb128 0x18
 1029 0124 9142     		.uleb128 0x2111
 1030 0126 18       		.uleb128 0x18
 1031 0127 00       		.byte	0
 1032 0128 00       		.byte	0
 1033 0129 18       		.uleb128 0x18
 1034 012a 34       		.uleb128 0x34
 1035 012b 00       		.byte	0
 1036 012c 03       		.uleb128 0x3
 1037 012d 0E       		.uleb128 0xe
 1038 012e 3A       		.uleb128 0x3a
 1039 012f 0B       		.uleb128 0xb
 1040 0130 3B       		.uleb128 0x3b
 1041 0131 0B       		.uleb128 0xb
 1042 0132 49       		.uleb128 0x49
 1043 0133 13       		.uleb128 0x13
 1044 0134 3F       		.uleb128 0x3f
 1045 0135 19       		.uleb128 0x19
 1046 0136 3C       		.uleb128 0x3c
 1047 0137 19       		.uleb128 0x19
 1048 0138 00       		.byte	0
 1049 0139 00       		.byte	0
 1050 013a 19       		.uleb128 0x19
 1051 013b 2E       		.uleb128 0x2e
 1052 013c 01       		.byte	0x1
 1053 013d 3F       		.uleb128 0x3f
 1054 013e 19       		.uleb128 0x19
 1055 013f 03       		.uleb128 0x3
 1056 0140 0E       		.uleb128 0xe
 1057 0141 3A       		.uleb128 0x3a
 1058 0142 0B       		.uleb128 0xb
 1059 0143 3B       		.uleb128 0x3b
 1060 0144 0B       		.uleb128 0xb
 1061 0145 27       		.uleb128 0x27
 1062 0146 19       		.uleb128 0x19
 1063 0147 3C       		.uleb128 0x3c
 1064 0148 19       		.uleb128 0x19
 1065 0149 00       		.byte	0
 1066 014a 00       		.byte	0
 1067 014b 1A       		.uleb128 0x1a
 1068 014c 05       		.uleb128 0x5
 1069 014d 00       		.byte	0
 1070 014e 49       		.uleb128 0x49
 1071 014f 13       		.uleb128 0x13
 1072 0150 00       		.byte	0
 1073 0151 00       		.byte	0
 1074 0152 00       		.byte	0
 1075              		.section	.debug_loc,"",%progbits
 1076              	.Ldebug_loc0:
 1077              	.LLST0:
 1078 0000 00000000 		.4byte	.LVL1
 1079 0004 27000000 		.4byte	.LVL4-1
 1080 0008 0100     		.2byte	0x1
 1081 000a 50       		.byte	0x50
 1082 000b 27000000 		.4byte	.LVL4-1
 1083 000f 2C000000 		.4byte	.LFE8
ARM GAS  /tmp/cciSkU0Z.s 			page 20


 1084 0013 0400     		.2byte	0x4
 1085 0015 F3       		.byte	0xf3
 1086 0016 01       		.uleb128 0x1
 1087 0017 50       		.byte	0x50
 1088 0018 9F       		.byte	0x9f
 1089 0019 00000000 		.4byte	0
 1090 001d 00000000 		.4byte	0
 1091              		.section	.debug_aranges,"",%progbits
 1092 0000 24000000 		.4byte	0x24
 1093 0004 0200     		.2byte	0x2
 1094 0006 00000000 		.4byte	.Ldebug_info0
 1095 000a 04       		.byte	0x4
 1096 000b 00       		.byte	0
 1097 000c 0000     		.2byte	0
 1098 000e 0000     		.2byte	0
 1099 0010 00000000 		.4byte	.LFB7
 1100 0014 1E000000 		.4byte	.LFE7-.LFB7
 1101 0018 00000000 		.4byte	.LFB8
 1102 001c 2C000000 		.4byte	.LFE8-.LFB8
 1103 0020 00000000 		.4byte	0
 1104 0024 00000000 		.4byte	0
 1105              		.section	.debug_ranges,"",%progbits
 1106              	.Ldebug_ranges0:
 1107 0000 10000000 		.4byte	.LBB3
 1108 0004 12000000 		.4byte	.LBE3
 1109 0008 18000000 		.4byte	.LBB4
 1110 000c 1C000000 		.4byte	.LBE4
 1111 0010 00000000 		.4byte	0
 1112 0014 00000000 		.4byte	0
 1113 0018 00000000 		.4byte	.LFB7
 1114 001c 1E000000 		.4byte	.LFE7
 1115 0020 00000000 		.4byte	.LFB8
 1116 0024 2C000000 		.4byte	.LFE8
 1117 0028 00000000 		.4byte	0
 1118 002c 00000000 		.4byte	0
 1119              		.section	.debug_line,"",%progbits
 1120              	.Ldebug_line0:
 1121 0000 6B010000 		.section	.debug_str,"MS",%progbits,1
 1121      02003501 
 1121      00000201 
 1121      FB0E0D00 
 1121      01010101 
 1122              	.LASF39:
 1123 0000 54687265 		.ascii	"ThreadsQueue\000"
 1123      61647351 
 1123      75657565 
 1123      00
 1124              	.LASF34:
 1125 000d 705F6D73 		.ascii	"p_msg\000"
 1125      6700
 1126              	.LASF57:
 1127 0013 7264796D 		.ascii	"rdymsg\000"
 1127      736700
 1128              	.LASF64:
 1129 001a 474E5520 		.ascii	"GNU C 4.8.1 -mcpu=cortex-m3 -mno-thumb-interwork -m"
 1129      4320342E 
 1129      382E3120 
ARM GAS  /tmp/cciSkU0Z.s 			page 21


 1129      2D6D6370 
 1129      753D636F 
 1130 004d 7468756D 		.ascii	"thumb -ggdb -O2 -std=gnu99 -fomit-frame-pointer -fa"
 1130      62202D67 
 1130      67646220 
 1130      2D4F3220 
 1130      2D737464 
 1131 0080 6C69676E 		.ascii	"lign-functions=16 -ffunction-sections -fdata-sectio"
 1131      2D66756E 
 1131      6374696F 
 1131      6E733D31 
 1131      36202D66 
 1132 00b3 6E73202D 		.ascii	"ns -fno-common\000"
 1132      666E6F2D 
 1132      636F6D6D 
 1132      6F6E00
 1133              	.LASF11:
 1134 00c2 6C6F6E67 		.ascii	"long long unsigned int\000"
 1134      206C6F6E 
 1134      6720756E 
 1134      7369676E 
 1134      65642069 
 1135              	.LASF58:
 1136 00d9 65786974 		.ascii	"exitcode\000"
 1136      636F6465 
 1136      00
 1137              	.LASF62:
 1138 00e2 63685265 		.ascii	"chRegFirstThread\000"
 1138      67466972 
 1138      73745468 
 1138      72656164 
 1138      00
 1139              	.LASF23:
 1140 00f3 705F7072 		.ascii	"p_prio\000"
 1140      696F00
 1141              	.LASF10:
 1142 00fa 6C6F6E67 		.ascii	"long long int\000"
 1142      206C6F6E 
 1142      6720696E 
 1142      7400
 1143              	.LASF1:
 1144 0108 7369676E 		.ascii	"signed char\000"
 1144      65642063 
 1144      68617200 
 1145              	.LASF38:
 1146 0114 705F6D70 		.ascii	"p_mpool\000"
 1146      6F6F6C00 
 1147              	.LASF54:
 1148 011c 6D5F7175 		.ascii	"m_queue\000"
 1148      65756500 
 1149              	.LASF7:
 1150 0124 6C6F6E67 		.ascii	"long int\000"
 1150      20696E74 
 1150      00
 1151              	.LASF13:
 1152 012d 74737461 		.ascii	"tstate_t\000"
 1152      74655F74 
ARM GAS  /tmp/cciSkU0Z.s 			page 22


 1152      00
 1153              	.LASF25:
 1154 0136 705F6E65 		.ascii	"p_newer\000"
 1154      77657200 
 1155              	.LASF48:
 1156 013e 725F6E65 		.ascii	"r_newer\000"
 1156      77657200 
 1157              	.LASF41:
 1158 0146 72656761 		.ascii	"regarm_t\000"
 1158      726D5F74 
 1158      00
 1159              	.LASF19:
 1160 014f 636E745F 		.ascii	"cnt_t\000"
 1160      7400
 1161              	.LASF0:
 1162 0155 756E7369 		.ascii	"unsigned int\000"
 1162      676E6564 
 1162      20696E74 
 1162      00
 1163              	.LASF9:
 1164 0162 6C6F6E67 		.ascii	"long unsigned int\000"
 1164      20756E73 
 1164      69676E65 
 1164      6420696E 
 1164      7400
 1165              	.LASF43:
 1166 0174 636F6E74 		.ascii	"context\000"
 1166      65787400 
 1167              	.LASF4:
 1168 017c 73686F72 		.ascii	"short unsigned int\000"
 1168      7420756E 
 1168      7369676E 
 1168      65642069 
 1168      6E7400
 1169              	.LASF16:
 1170 018f 6D73675F 		.ascii	"msg_t\000"
 1170      7400
 1171              	.LASF12:
 1172 0195 746D6F64 		.ascii	"tmode_t\000"
 1172      655F7400 
 1173              	.LASF40:
 1174 019d 54687265 		.ascii	"ThreadsList\000"
 1174      6164734C 
 1174      69737400 
 1175              	.LASF17:
 1176 01a9 6576656E 		.ascii	"eventmask_t\000"
 1176      746D6173 
 1176      6B5F7400 
 1177              	.LASF53:
 1178 01b5 4D757465 		.ascii	"Mutex\000"
 1178      7800
 1179              	.LASF44:
 1180 01bb 73697A65 		.ascii	"sizetype\000"
 1180      74797065 
 1180      00
 1181              	.LASF26:
 1182 01c4 705F6F6C 		.ascii	"p_older\000"
ARM GAS  /tmp/cciSkU0Z.s 			page 23


 1182      64657200 
 1183              	.LASF47:
 1184 01cc 725F6374 		.ascii	"r_ctx\000"
 1184      7800
 1185              	.LASF66:
 1186 01d2 2F686F6D 		.ascii	"/home/santi/Documentos/ProyectoDron_2018/MCU/creato"
 1186      652F7361 
 1186      6E74692F 
 1186      446F6375 
 1186      6D656E74 
 1187 0205 7200     		.ascii	"r\000"
 1188              	.LASF51:
 1189 0207 725F6375 		.ascii	"r_current\000"
 1189      7272656E 
 1189      7400
 1190              	.LASF49:
 1191 0211 725F6F6C 		.ascii	"r_older\000"
 1191      64657200 
 1192              	.LASF14:
 1193 0219 74726566 		.ascii	"trefs_t\000"
 1193      735F7400 
 1194              	.LASF22:
 1195 0221 705F7072 		.ascii	"p_prev\000"
 1195      657600
 1196              	.LASF15:
 1197 0228 74707269 		.ascii	"tprio_t\000"
 1197      6F5F7400 
 1198              	.LASF6:
 1199 0230 696E7433 		.ascii	"int32_t\000"
 1199      325F7400 
 1200              	.LASF2:
 1201 0238 756E7369 		.ascii	"unsigned char\000"
 1201      676E6564 
 1201      20636861 
 1201      7200
 1202              	.LASF36:
 1203 0246 705F6D74 		.ascii	"p_mtxlist\000"
 1203      786C6973 
 1203      7400
 1204              	.LASF3:
 1205 0250 73686F72 		.ascii	"short int\000"
 1205      7420696E 
 1205      7400
 1206              	.LASF28:
 1207 025a 705F7374 		.ascii	"p_state\000"
 1207      61746500 
 1208              	.LASF46:
 1209 0262 725F7072 		.ascii	"r_prio\000"
 1209      696F00
 1210              	.LASF60:
 1211 0269 65776D61 		.ascii	"ewmask\000"
 1211      736B00
 1212              	.LASF21:
 1213 0270 705F6E65 		.ascii	"p_next\000"
 1213      787400
 1214              	.LASF29:
 1215 0277 705F666C 		.ascii	"p_flags\000"
ARM GAS  /tmp/cciSkU0Z.s 			page 24


 1215      61677300 
 1216              	.LASF65:
 1217 027f 2E2E2F74 		.ascii	"../third_party/ChibiOS/os/kernel/src/chregistry.c\000"
 1217      68697264 
 1217      5F706172 
 1217      74792F43 
 1217      68696269 
 1218              	.LASF68:
 1219 02b1 63685468 		.ascii	"chThdRelease\000"
 1219      6452656C 
 1219      65617365 
 1219      00
 1220              	.LASF20:
 1221 02be 54687265 		.ascii	"Thread\000"
 1221      616400
 1222              	.LASF35:
 1223 02c5 705F6570 		.ascii	"p_epending\000"
 1223      656E6469 
 1223      6E6700
 1224              	.LASF8:
 1225 02d0 75696E74 		.ascii	"uint32_t\000"
 1225      33325F74 
 1225      00
 1226              	.LASF45:
 1227 02d9 725F7175 		.ascii	"r_queue\000"
 1227      65756500 
 1228              	.LASF61:
 1229 02e1 63686172 		.ascii	"char\000"
 1229      00
 1230              	.LASF63:
 1231 02e6 63685265 		.ascii	"chRegNextThread\000"
 1231      674E6578 
 1231      74546872 
 1231      65616400 
 1232              	.LASF56:
 1233 02f6 6D5F6E65 		.ascii	"m_next\000"
 1233      787400
 1234              	.LASF18:
 1235 02fd 73797374 		.ascii	"systime_t\000"
 1235      696D655F 
 1235      7400
 1236              	.LASF37:
 1237 0307 705F7265 		.ascii	"p_realprio\000"
 1237      616C7072 
 1237      696F00
 1238              	.LASF31:
 1239 0312 705F7469 		.ascii	"p_time\000"
 1239      6D6500
 1240              	.LASF42:
 1241 0319 696E7463 		.ascii	"intctx\000"
 1241      747800
 1242              	.LASF33:
 1243 0320 705F6D73 		.ascii	"p_msgqueue\000"
 1243      67717565 
 1243      756500
 1244              	.LASF30:
 1245 032b 705F7265 		.ascii	"p_refs\000"
ARM GAS  /tmp/cciSkU0Z.s 			page 25


 1245      667300
 1246              	.LASF52:
 1247 0332 52656164 		.ascii	"ReadyList\000"
 1247      794C6973 
 1247      7400
 1248              	.LASF67:
 1249 033c 726C6973 		.ascii	"rlist\000"
 1249      7400
 1250              	.LASF5:
 1251 0342 75696E74 		.ascii	"uint8_t\000"
 1251      385F7400 
 1252              	.LASF59:
 1253 034a 77746F62 		.ascii	"wtobjp\000"
 1253      6A7000
 1254              	.LASF27:
 1255 0351 705F6E61 		.ascii	"p_name\000"
 1255      6D6500
 1256              	.LASF50:
 1257 0358 725F7072 		.ascii	"r_preempt\000"
 1257      65656D70 
 1257      7400
 1258              	.LASF55:
 1259 0362 6D5F6F77 		.ascii	"m_owner\000"
 1259      6E657200 
 1260              	.LASF24:
 1261 036a 705F6374 		.ascii	"p_ctx\000"
 1261      7800
 1262              	.LASF32:
 1263 0370 705F7761 		.ascii	"p_waiting\000"
 1263      6974696E 
 1263      6700
 1264              		.ident	"GCC: (Sourcery CodeBench Lite 2013.11-24) 4.8.1"
ARM GAS  /tmp/cciSkU0Z.s 			page 26


DEFINED SYMBOLS
                            *ABS*:00000000 chregistry.c
     /tmp/cciSkU0Z.s:19     .text.chRegFirstThread:00000000 $t
     /tmp/cciSkU0Z.s:25     .text.chRegFirstThread:00000000 chRegFirstThread
     /tmp/cciSkU0Z.s:67     .text.chRegNextThread:00000000 $t
     /tmp/cciSkU0Z.s:73     .text.chRegNextThread:00000000 chRegNextThread
                     .debug_frame:00000010 $d

UNDEFINED SYMBOLS
rlist
chThdRelease
