ARM GAS  /tmp/ccOWTMWL.s 			page 1


   1              		.syntax unified
   2              		.cpu cortex-m3
   3              		.fpu softvfp
   4              		.eabi_attribute 20, 1
   5              		.eabi_attribute 21, 1
   6              		.eabi_attribute 23, 3
   7              		.eabi_attribute 24, 1
   8              		.eabi_attribute 25, 1
   9              		.eabi_attribute 26, 1
  10              		.eabi_attribute 30, 2
  11              		.eabi_attribute 34, 1
  12              		.eabi_attribute 18, 4
  13              		.thumb
  14              		.file	"chvt.c"
  15              		.text
  16              	.Ltext0:
  17              		.cfi_sections	.debug_frame
  18              		.section	.text._vt_init,"ax",%progbits
  19              		.align	2
  20              		.p2align 4,,15
  21              		.global	_vt_init
  22              		.thumb
  23              		.thumb_func
  24              		.type	_vt_init, %function
  25              	_vt_init:
  26              	.LFB7:
  27              		.file 1 "../third_party/ChibiOS/os/kernel/src/chvt.c"
  28              		.loc 1 50 0
  29              		.cfi_startproc
  30              		@ args = 0, pretend = 0, frame = 0
  31              		@ frame_needed = 0, uses_anonymous_args = 0
  32              		@ link register save eliminated.
  33              		.loc 1 52 0
  34 0000 40F20003 		movw	r3, #:lower16:.LANCHOR0
  35 0004 C0F20003 		movt	r3, #:upper16:.LANCHOR0
  36              		.loc 1 53 0
  37 0008 4FF0FF31 		mov	r1, #-1
  38              		.loc 1 54 0
  39 000c 0022     		movs	r2, #0
  40              		.loc 1 52 0
  41 000e 5B60     		str	r3, [r3, #4]
  42 0010 1B60     		str	r3, [r3]
  43              		.loc 1 53 0
  44 0012 9960     		str	r1, [r3, #8]
  45              		.loc 1 54 0
  46 0014 DA60     		str	r2, [r3, #12]
  47 0016 7047     		bx	lr
  48              		.cfi_endproc
  49              	.LFE7:
  50              		.size	_vt_init, .-_vt_init
  51 0018 AFF30080 		.section	.text.chVTSetI,"ax",%progbits
  51      AFF30080 
  52              		.align	2
  53              		.p2align 4,,15
  54              		.global	chVTSetI
  55              		.thumb
  56              		.thumb_func
ARM GAS  /tmp/ccOWTMWL.s 			page 2


  57              		.type	chVTSetI, %function
  58              	chVTSetI:
  59              	.LFB8:
  60              		.loc 1 77 0
  61              		.cfi_startproc
  62              		@ args = 0, pretend = 0, frame = 0
  63              		@ frame_needed = 0, uses_anonymous_args = 0
  64              		@ link register save eliminated.
  65              	.LVL0:
  66 0000 70B4     		push	{r4, r5, r6}
  67              		.cfi_def_cfa_offset 12
  68              		.cfi_offset 4, -12
  69              		.cfi_offset 5, -8
  70              		.cfi_offset 6, -4
  71              		.loc 1 86 0
  72 0002 40F20006 		movw	r6, #:lower16:.LANCHOR0
  73 0006 C0F20006 		movt	r6, #:upper16:.LANCHOR0
  74 000a 3468     		ldr	r4, [r6]
  75              	.LVL1:
  76              		.loc 1 87 0
  77 000c A568     		ldr	r5, [r4, #8]
  78              		.loc 1 84 0
  79 000e 0361     		str	r3, [r0, #16]
  80              		.loc 1 87 0
  81 0010 A942     		cmp	r1, r5
  82              		.loc 1 85 0
  83 0012 C260     		str	r2, [r0, #12]
  84              		.loc 1 87 0
  85 0014 04D9     		bls	.L3
  86              	.L4:
  87              		.loc 1 89 0
  88 0016 2468     		ldr	r4, [r4]
  89              	.LVL2:
  90              		.loc 1 88 0
  91 0018 491B     		subs	r1, r1, r5
  92              	.LVL3:
  93              		.loc 1 87 0
  94 001a A568     		ldr	r5, [r4, #8]
  95 001c 8D42     		cmp	r5, r1
  96 001e FAD3     		bcc	.L4
  97              	.L3:
  98              		.loc 1 92 0
  99 0020 6368     		ldr	r3, [r4, #4]
 100              	.LVL4:
 101              		.loc 1 95 0
 102 0022 B442     		cmp	r4, r6
 103              		.loc 1 92 0
 104 0024 0460     		str	r4, [r0]
 105 0026 4360     		str	r3, [r0, #4]
 106              		.loc 1 93 0
 107 0028 6060     		str	r0, [r4, #4]
 108 002a 1860     		str	r0, [r3]
 109              		.loc 1 94 0
 110 002c 8160     		str	r1, [r0, #8]
 111              		.loc 1 96 0
 112 002e 1EBF     		ittt	ne
 113 0030 A368     		ldrne	r3, [r4, #8]
ARM GAS  /tmp/ccOWTMWL.s 			page 3


 114 0032 C1EB0301 		rsbne	r1, r1, r3
 115              	.LVL5:
 116 0036 A160     		strne	r1, [r4, #8]
 117              	.LVL6:
 118              		.loc 1 97 0
 119 0038 70BC     		pop	{r4, r5, r6}
 120              	.LVL7:
 121 003a 7047     		bx	lr
 122              		.cfi_endproc
 123              	.LFE8:
 124              		.size	chVTSetI, .-chVTSetI
 125 003c AFF30080 		.section	.text.chVTResetI,"ax",%progbits
 126              		.align	2
 127              		.p2align 4,,15
 128              		.global	chVTResetI
 129              		.thumb
 130              		.thumb_func
 131              		.type	chVTResetI, %function
 132              	chVTResetI:
 133              	.LFB9:
 134              		.loc 1 107 0
 135              		.cfi_startproc
 136              		@ args = 0, pretend = 0, frame = 0
 137              		@ frame_needed = 0, uses_anonymous_args = 0
 138              		@ link register save eliminated.
 139              	.LVL8:
 140              		.loc 1 115 0
 141 0000 0368     		ldr	r3, [r0]
 142 0002 40F20002 		movw	r2, #:lower16:.LANCHOR0
 143 0006 C0F20002 		movt	r2, #:upper16:.LANCHOR0
 144 000a 9342     		cmp	r3, r2
 145              		.loc 1 116 0
 146 000c 1FBF     		itttt	ne
 147 000e 9968     		ldrne	r1, [r3, #8]
 148 0010 8268     		ldrne	r2, [r0, #8]
 149 0012 5218     		addne	r2, r2, r1
 150 0014 9A60     		strne	r2, [r3, #8]
 151              		.loc 1 117 0
 152 0016 4268     		ldr	r2, [r0, #4]
 153              		.loc 1 119 0
 154 0018 0021     		movs	r1, #0
 155              		.loc 1 117 0
 156 001a 1360     		str	r3, [r2]
 157              		.loc 1 118 0
 158 001c 0368     		ldr	r3, [r0]
 159 001e 5A60     		str	r2, [r3, #4]
 160              		.loc 1 119 0
 161 0020 C160     		str	r1, [r0, #12]
 162 0022 7047     		bx	lr
 163              		.cfi_endproc
 164              	.LFE9:
 165              		.size	chVTResetI, .-chVTResetI
 166 0024 AFF30080 		.section	.text.chTimeIsWithin,"ax",%progbits
 166      AFF30080 
 166      AFF30080 
 167              		.align	2
 168              		.p2align 4,,15
ARM GAS  /tmp/ccOWTMWL.s 			page 4


 169              		.global	chTimeIsWithin
 170              		.thumb
 171              		.thumb_func
 172              		.type	chTimeIsWithin, %function
 173              	chTimeIsWithin:
 174              	.LFB10:
 175              		.loc 1 135 0
 176              		.cfi_startproc
 177              		@ args = 0, pretend = 0, frame = 0
 178              		@ frame_needed = 0, uses_anonymous_args = 0
 179              		@ link register save eliminated.
 180              	.LVL9:
 181              		.loc 1 137 0
 182 0000 40F20003 		movw	r3, #:lower16:.LANCHOR0
 183 0004 C0F20003 		movt	r3, #:upper16:.LANCHOR0
 184              		.loc 1 138 0
 185 0008 8142     		cmp	r1, r0
 186              		.loc 1 135 0
 187 000a 0246     		mov	r2, r0
 188              		.loc 1 137 0
 189 000c DB68     		ldr	r3, [r3, #12]
 190              	.LVL10:
 191              		.loc 1 138 0
 192 000e 09D8     		bhi	.L12
 193              		.loc 1 139 0 discriminator 2
 194 0010 8342     		cmp	r3, r0
 195 0012 34BF     		ite	cc
 196 0014 0022     		movcc	r2, #0
 197 0016 0122     		movcs	r2, #1
 198              		.loc 1 138 0 discriminator 2
 199 0018 8B42     		cmp	r3, r1
 200 001a 2CBF     		ite	cs
 201 001c 1046     		movcs	r0, r2
 202 001e 42F00100 		orrcc	r0, r2, #1
 203              	.LVL11:
 204              		.loc 1 140 0 discriminator 2
 205 0022 7047     		bx	lr
 206              	.LVL12:
 207              	.L12:
 208              		.loc 1 138 0 discriminator 1
 209 0024 8B42     		cmp	r3, r1
 210 0026 2CBF     		ite	cs
 211 0028 0020     		movcs	r0, #0
 212              	.LVL13:
 213 002a 0120     		movcc	r0, #1
 214 002c 9342     		cmp	r3, r2
 215 002e 38BF     		it	cc
 216 0030 0020     		movcc	r0, #0
 217 0032 7047     		bx	lr
 218              		.cfi_endproc
 219              	.LFE10:
 220              		.size	chTimeIsWithin, .-chTimeIsWithin
 221              		.global	vtlist
 222 0034 AFF30080 		.section	.bss.vtlist,"aw",%nobits
 222      AFF30080 
 222      AFF30080 
 223              		.align	2
ARM GAS  /tmp/ccOWTMWL.s 			page 5


 224              		.set	.LANCHOR0,. + 0
 225              		.type	vtlist, %object
 226              		.size	vtlist, 16
 227              	vtlist:
 228 0000 00000000 		.space	16
 228      00000000 
 228      00000000 
 228      00000000 
 229              		.text
 230              	.Letext0:
 231              		.file 2 "/home/santi/arm-2013.11/arm-none-eabi/include/stdint.h"
 232              		.file 3 "../third_party/ChibiOS/os/ports/GCC/ARMCMx/chtypes.h"
 233              		.file 4 "../third_party/ChibiOS/os/kernel/include/chvt.h"
 234              		.section	.debug_info,"",%progbits
 235              	.Ldebug_info0:
 236 0000 46020000 		.4byte	0x246
 237 0004 0400     		.2byte	0x4
 238 0006 00000000 		.4byte	.Ldebug_abbrev0
 239 000a 04       		.byte	0x4
 240 000b 01       		.uleb128 0x1
 241 000c FE000000 		.4byte	.LASF29
 242 0010 01       		.byte	0x1
 243 0011 55000000 		.4byte	.LASF30
 244 0015 13000000 		.4byte	.LASF31
 245 0019 00000000 		.4byte	.Ldebug_ranges0+0
 246 001d 00000000 		.4byte	0
 247 0021 00000000 		.4byte	.Ldebug_line0
 248 0025 02       		.uleb128 0x2
 249 0026 04       		.byte	0x4
 250 0027 05       		.byte	0x5
 251 0028 696E7400 		.ascii	"int\000"
 252 002c 03       		.uleb128 0x3
 253 002d 04       		.byte	0x4
 254 002e 07       		.byte	0x7
 255 002f D3000000 		.4byte	.LASF0
 256 0033 03       		.uleb128 0x3
 257 0034 01       		.byte	0x1
 258 0035 06       		.byte	0x6
 259 0036 2B020000 		.4byte	.LASF1
 260 003a 03       		.uleb128 0x3
 261 003b 01       		.byte	0x1
 262 003c 08       		.byte	0x8
 263 003d BC000000 		.4byte	.LASF2
 264 0041 03       		.uleb128 0x3
 265 0042 02       		.byte	0x2
 266 0043 05       		.byte	0x5
 267 0044 F8010000 		.4byte	.LASF3
 268 0048 03       		.uleb128 0x3
 269 0049 02       		.byte	0x2
 270 004a 07       		.byte	0x7
 271 004b 9C000000 		.4byte	.LASF4
 272 004f 04       		.uleb128 0x4
 273 0050 B3010000 		.4byte	.LASF6
 274 0054 02       		.byte	0x2
 275 0055 4F       		.byte	0x4f
 276 0056 5A000000 		.4byte	0x5a
 277 005a 03       		.uleb128 0x3
ARM GAS  /tmp/ccOWTMWL.s 			page 6


 278 005b 04       		.byte	0x4
 279 005c 05       		.byte	0x5
 280 005d 22020000 		.4byte	.LASF5
 281 0061 04       		.uleb128 0x4
 282 0062 19020000 		.4byte	.LASF7
 283 0066 02       		.byte	0x2
 284 0067 50       		.byte	0x50
 285 0068 6C000000 		.4byte	0x6c
 286 006c 03       		.uleb128 0x3
 287 006d 04       		.byte	0x4
 288 006e 07       		.byte	0x7
 289 006f 8A000000 		.4byte	.LASF8
 290 0073 03       		.uleb128 0x3
 291 0074 08       		.byte	0x8
 292 0075 05       		.byte	0x5
 293 0076 CF010000 		.4byte	.LASF9
 294 007a 03       		.uleb128 0x3
 295 007b 08       		.byte	0x8
 296 007c 07       		.byte	0x7
 297 007d E0000000 		.4byte	.LASF10
 298 0081 04       		.uleb128 0x4
 299 0082 4E000000 		.4byte	.LASF11
 300 0086 03       		.byte	0x3
 301 0087 2E       		.byte	0x2e
 302 0088 4F000000 		.4byte	0x4f
 303 008c 04       		.uleb128 0x4
 304 008d 09000000 		.4byte	.LASF12
 305 0091 03       		.byte	0x3
 306 0092 36       		.byte	0x36
 307 0093 61000000 		.4byte	0x61
 308 0097 05       		.uleb128 0x5
 309 0098 04       		.byte	0x4
 310 0099 03       		.uleb128 0x3
 311 009a 04       		.byte	0x4
 312 009b 07       		.byte	0x7
 313 009c BB010000 		.4byte	.LASF13
 314 00a0 04       		.uleb128 0x4
 315 00a1 81000000 		.4byte	.LASF14
 316 00a5 04       		.byte	0x4
 317 00a6 53       		.byte	0x53
 318 00a7 AB000000 		.4byte	0xab
 319 00ab 06       		.uleb128 0x6
 320 00ac 04       		.byte	0x4
 321 00ad B1000000 		.4byte	0xb1
 322 00b1 07       		.uleb128 0x7
 323 00b2 BC000000 		.4byte	0xbc
 324 00b6 08       		.uleb128 0x8
 325 00b7 97000000 		.4byte	0x97
 326 00bb 00       		.byte	0
 327 00bc 04       		.uleb128 0x4
 328 00bd AF000000 		.4byte	.LASF15
 329 00c1 04       		.byte	0x4
 330 00c2 58       		.byte	0x58
 331 00c3 C7000000 		.4byte	0xc7
 332 00c7 09       		.uleb128 0x9
 333 00c8 AF000000 		.4byte	.LASF15
 334 00cc 14       		.byte	0x14
ARM GAS  /tmp/ccOWTMWL.s 			page 7


 335 00cd 04       		.byte	0x4
 336 00ce 5F       		.byte	0x5f
 337 00cf 10010000 		.4byte	0x110
 338 00d3 0A       		.uleb128 0xa
 339 00d4 3E020000 		.4byte	.LASF16
 340 00d8 04       		.byte	0x4
 341 00d9 60       		.byte	0x60
 342 00da 10010000 		.4byte	0x110
 343 00de 00       		.byte	0
 344 00df 0A       		.uleb128 0xa
 345 00e0 11020000 		.4byte	.LASF17
 346 00e4 04       		.byte	0x4
 347 00e5 62       		.byte	0x62
 348 00e6 10010000 		.4byte	0x110
 349 00ea 04       		.byte	0x4
 350 00eb 0A       		.uleb128 0xa
 351 00ec AB010000 		.4byte	.LASF18
 352 00f0 04       		.byte	0x4
 353 00f1 64       		.byte	0x64
 354 00f2 8C000000 		.4byte	0x8c
 355 00f6 08       		.byte	0x8
 356 00f7 0A       		.uleb128 0xa
 357 00f8 DD010000 		.4byte	.LASF19
 358 00fc 04       		.byte	0x4
 359 00fd 65       		.byte	0x65
 360 00fe A0000000 		.4byte	0xa0
 361 0102 0C       		.byte	0xc
 362 0103 0A       		.uleb128 0xa
 363 0104 F1010000 		.4byte	.LASF20
 364 0108 04       		.byte	0x4
 365 0109 67       		.byte	0x67
 366 010a 97000000 		.4byte	0x97
 367 010e 10       		.byte	0x10
 368 010f 00       		.byte	0
 369 0110 06       		.uleb128 0x6
 370 0111 04       		.byte	0x4
 371 0112 BC000000 		.4byte	0xbc
 372 0116 0B       		.uleb128 0xb
 373 0117 10       		.byte	0x10
 374 0118 04       		.byte	0x4
 375 0119 71       		.byte	0x71
 376 011a 4F010000 		.4byte	0x14f
 377 011e 0A       		.uleb128 0xa
 378 011f 3E020000 		.4byte	.LASF16
 379 0123 04       		.byte	0x4
 380 0124 72       		.byte	0x72
 381 0125 10010000 		.4byte	0x110
 382 0129 00       		.byte	0
 383 012a 0A       		.uleb128 0xa
 384 012b 11020000 		.4byte	.LASF17
 385 012f 04       		.byte	0x4
 386 0130 74       		.byte	0x74
 387 0131 10010000 		.4byte	0x110
 388 0135 04       		.byte	0x4
 389 0136 0A       		.uleb128 0xa
 390 0137 AB010000 		.4byte	.LASF18
 391 013b 04       		.byte	0x4
ARM GAS  /tmp/ccOWTMWL.s 			page 8


 392 013c 76       		.byte	0x76
 393 013d 8C000000 		.4byte	0x8c
 394 0141 08       		.byte	0x8
 395 0142 0A       		.uleb128 0xa
 396 0143 C4010000 		.4byte	.LASF21
 397 0147 04       		.byte	0x4
 398 0148 77       		.byte	0x77
 399 0149 4F010000 		.4byte	0x14f
 400 014d 0C       		.byte	0xc
 401 014e 00       		.byte	0
 402 014f 0C       		.uleb128 0xc
 403 0150 8C000000 		.4byte	0x8c
 404 0154 04       		.uleb128 0x4
 405 0155 37020000 		.4byte	.LASF22
 406 0159 04       		.byte	0x4
 407 015a 78       		.byte	0x78
 408 015b 16010000 		.4byte	0x116
 409 015f 03       		.uleb128 0x3
 410 0160 01       		.byte	0x1
 411 0161 08       		.byte	0x8
 412 0162 EC010000 		.4byte	.LASF23
 413 0166 0D       		.uleb128 0xd
 414 0167 CA000000 		.4byte	.LASF32
 415 016b 01       		.byte	0x1
 416 016c 32       		.byte	0x32
 417 016d 00000000 		.4byte	.LFB7
 418 0171 18000000 		.4byte	.LFE7-.LFB7
 419 0175 01       		.uleb128 0x1
 420 0176 9C       		.byte	0x9c
 421 0177 0E       		.uleb128 0xe
 422 0178 00000000 		.4byte	.LASF26
 423 017c 01       		.byte	0x1
 424 017d 4D       		.byte	0x4d
 425 017e 00000000 		.4byte	.LFB8
 426 0182 3C000000 		.4byte	.LFE8-.LFB8
 427 0186 01       		.uleb128 0x1
 428 0187 9C       		.byte	0x9c
 429 0188 D2010000 		.4byte	0x1d2
 430 018c 0F       		.uleb128 0xf
 431 018d 76747000 		.ascii	"vtp\000"
 432 0191 01       		.byte	0x1
 433 0192 4D       		.byte	0x4d
 434 0193 10010000 		.4byte	0x110
 435 0197 01       		.uleb128 0x1
 436 0198 50       		.byte	0x50
 437 0199 10       		.uleb128 0x10
 438 019a A6010000 		.4byte	.LASF24
 439 019e 01       		.byte	0x1
 440 019f 4D       		.byte	0x4d
 441 01a0 8C000000 		.4byte	0x8c
 442 01a4 00000000 		.4byte	.LLST0
 443 01a8 11       		.uleb128 0x11
 444 01a9 E5010000 		.4byte	.LASF25
 445 01ad 01       		.byte	0x1
 446 01ae 4D       		.byte	0x4d
 447 01af A0000000 		.4byte	0xa0
 448 01b3 01       		.uleb128 0x1
ARM GAS  /tmp/ccOWTMWL.s 			page 9


 449 01b4 52       		.byte	0x52
 450 01b5 12       		.uleb128 0x12
 451 01b6 70617200 		.ascii	"par\000"
 452 01ba 01       		.byte	0x1
 453 01bb 4D       		.byte	0x4d
 454 01bc 97000000 		.4byte	0x97
 455 01c0 2D000000 		.4byte	.LLST1
 456 01c4 13       		.uleb128 0x13
 457 01c5 7000     		.ascii	"p\000"
 458 01c7 01       		.byte	0x1
 459 01c8 4E       		.byte	0x4e
 460 01c9 10010000 		.4byte	0x110
 461 01cd 4C000000 		.4byte	.LLST2
 462 01d1 00       		.byte	0
 463 01d2 0E       		.uleb128 0xe
 464 01d3 46020000 		.4byte	.LASF27
 465 01d7 01       		.byte	0x1
 466 01d8 6B       		.byte	0x6b
 467 01d9 00000000 		.4byte	.LFB9
 468 01dd 24000000 		.4byte	.LFE9-.LFB9
 469 01e1 01       		.uleb128 0x1
 470 01e2 9C       		.byte	0x9c
 471 01e3 F5010000 		.4byte	0x1f5
 472 01e7 0F       		.uleb128 0xf
 473 01e8 76747000 		.ascii	"vtp\000"
 474 01ec 01       		.byte	0x1
 475 01ed 6B       		.byte	0x6b
 476 01ee 10010000 		.4byte	0x110
 477 01f2 01       		.uleb128 0x1
 478 01f3 50       		.byte	0x50
 479 01f4 00       		.byte	0
 480 01f5 14       		.uleb128 0x14
 481 01f6 02020000 		.4byte	.LASF33
 482 01fa 01       		.byte	0x1
 483 01fb 87       		.byte	0x87
 484 01fc 81000000 		.4byte	0x81
 485 0200 00000000 		.4byte	.LFB10
 486 0204 34000000 		.4byte	.LFE10-.LFB10
 487 0208 01       		.uleb128 0x1
 488 0209 9C       		.byte	0x9c
 489 020a 38020000 		.4byte	0x238
 490 020e 10       		.uleb128 0x10
 491 020f 48000000 		.4byte	.LASF28
 492 0213 01       		.byte	0x1
 493 0214 87       		.byte	0x87
 494 0215 8C000000 		.4byte	0x8c
 495 0219 6A000000 		.4byte	.LLST3
 496 021d 0F       		.uleb128 0xf
 497 021e 656E6400 		.ascii	"end\000"
 498 0222 01       		.byte	0x1
 499 0223 87       		.byte	0x87
 500 0224 8C000000 		.4byte	0x8c
 501 0228 01       		.uleb128 0x1
 502 0229 51       		.byte	0x51
 503 022a 15       		.uleb128 0x15
 504 022b A6010000 		.4byte	.LASF24
 505 022f 01       		.byte	0x1
ARM GAS  /tmp/ccOWTMWL.s 			page 10


 506 0230 89       		.byte	0x89
 507 0231 8C000000 		.4byte	0x8c
 508 0235 01       		.uleb128 0x1
 509 0236 53       		.byte	0x53
 510 0237 00       		.byte	0
 511 0238 16       		.uleb128 0x16
 512 0239 F7000000 		.4byte	.LASF34
 513 023d 01       		.byte	0x1
 514 023e 2A       		.byte	0x2a
 515 023f 54010000 		.4byte	0x154
 516 0243 05       		.uleb128 0x5
 517 0244 03       		.byte	0x3
 518 0245 00000000 		.4byte	vtlist
 519 0249 00       		.byte	0
 520              		.section	.debug_abbrev,"",%progbits
 521              	.Ldebug_abbrev0:
 522 0000 01       		.uleb128 0x1
 523 0001 11       		.uleb128 0x11
 524 0002 01       		.byte	0x1
 525 0003 25       		.uleb128 0x25
 526 0004 0E       		.uleb128 0xe
 527 0005 13       		.uleb128 0x13
 528 0006 0B       		.uleb128 0xb
 529 0007 03       		.uleb128 0x3
 530 0008 0E       		.uleb128 0xe
 531 0009 1B       		.uleb128 0x1b
 532 000a 0E       		.uleb128 0xe
 533 000b 55       		.uleb128 0x55
 534 000c 17       		.uleb128 0x17
 535 000d 11       		.uleb128 0x11
 536 000e 01       		.uleb128 0x1
 537 000f 10       		.uleb128 0x10
 538 0010 17       		.uleb128 0x17
 539 0011 00       		.byte	0
 540 0012 00       		.byte	0
 541 0013 02       		.uleb128 0x2
 542 0014 24       		.uleb128 0x24
 543 0015 00       		.byte	0
 544 0016 0B       		.uleb128 0xb
 545 0017 0B       		.uleb128 0xb
 546 0018 3E       		.uleb128 0x3e
 547 0019 0B       		.uleb128 0xb
 548 001a 03       		.uleb128 0x3
 549 001b 08       		.uleb128 0x8
 550 001c 00       		.byte	0
 551 001d 00       		.byte	0
 552 001e 03       		.uleb128 0x3
 553 001f 24       		.uleb128 0x24
 554 0020 00       		.byte	0
 555 0021 0B       		.uleb128 0xb
 556 0022 0B       		.uleb128 0xb
 557 0023 3E       		.uleb128 0x3e
 558 0024 0B       		.uleb128 0xb
 559 0025 03       		.uleb128 0x3
 560 0026 0E       		.uleb128 0xe
 561 0027 00       		.byte	0
 562 0028 00       		.byte	0
ARM GAS  /tmp/ccOWTMWL.s 			page 11


 563 0029 04       		.uleb128 0x4
 564 002a 16       		.uleb128 0x16
 565 002b 00       		.byte	0
 566 002c 03       		.uleb128 0x3
 567 002d 0E       		.uleb128 0xe
 568 002e 3A       		.uleb128 0x3a
 569 002f 0B       		.uleb128 0xb
 570 0030 3B       		.uleb128 0x3b
 571 0031 0B       		.uleb128 0xb
 572 0032 49       		.uleb128 0x49
 573 0033 13       		.uleb128 0x13
 574 0034 00       		.byte	0
 575 0035 00       		.byte	0
 576 0036 05       		.uleb128 0x5
 577 0037 0F       		.uleb128 0xf
 578 0038 00       		.byte	0
 579 0039 0B       		.uleb128 0xb
 580 003a 0B       		.uleb128 0xb
 581 003b 00       		.byte	0
 582 003c 00       		.byte	0
 583 003d 06       		.uleb128 0x6
 584 003e 0F       		.uleb128 0xf
 585 003f 00       		.byte	0
 586 0040 0B       		.uleb128 0xb
 587 0041 0B       		.uleb128 0xb
 588 0042 49       		.uleb128 0x49
 589 0043 13       		.uleb128 0x13
 590 0044 00       		.byte	0
 591 0045 00       		.byte	0
 592 0046 07       		.uleb128 0x7
 593 0047 15       		.uleb128 0x15
 594 0048 01       		.byte	0x1
 595 0049 27       		.uleb128 0x27
 596 004a 19       		.uleb128 0x19
 597 004b 01       		.uleb128 0x1
 598 004c 13       		.uleb128 0x13
 599 004d 00       		.byte	0
 600 004e 00       		.byte	0
 601 004f 08       		.uleb128 0x8
 602 0050 05       		.uleb128 0x5
 603 0051 00       		.byte	0
 604 0052 49       		.uleb128 0x49
 605 0053 13       		.uleb128 0x13
 606 0054 00       		.byte	0
 607 0055 00       		.byte	0
 608 0056 09       		.uleb128 0x9
 609 0057 13       		.uleb128 0x13
 610 0058 01       		.byte	0x1
 611 0059 03       		.uleb128 0x3
 612 005a 0E       		.uleb128 0xe
 613 005b 0B       		.uleb128 0xb
 614 005c 0B       		.uleb128 0xb
 615 005d 3A       		.uleb128 0x3a
 616 005e 0B       		.uleb128 0xb
 617 005f 3B       		.uleb128 0x3b
 618 0060 0B       		.uleb128 0xb
 619 0061 01       		.uleb128 0x1
ARM GAS  /tmp/ccOWTMWL.s 			page 12


 620 0062 13       		.uleb128 0x13
 621 0063 00       		.byte	0
 622 0064 00       		.byte	0
 623 0065 0A       		.uleb128 0xa
 624 0066 0D       		.uleb128 0xd
 625 0067 00       		.byte	0
 626 0068 03       		.uleb128 0x3
 627 0069 0E       		.uleb128 0xe
 628 006a 3A       		.uleb128 0x3a
 629 006b 0B       		.uleb128 0xb
 630 006c 3B       		.uleb128 0x3b
 631 006d 0B       		.uleb128 0xb
 632 006e 49       		.uleb128 0x49
 633 006f 13       		.uleb128 0x13
 634 0070 38       		.uleb128 0x38
 635 0071 0B       		.uleb128 0xb
 636 0072 00       		.byte	0
 637 0073 00       		.byte	0
 638 0074 0B       		.uleb128 0xb
 639 0075 13       		.uleb128 0x13
 640 0076 01       		.byte	0x1
 641 0077 0B       		.uleb128 0xb
 642 0078 0B       		.uleb128 0xb
 643 0079 3A       		.uleb128 0x3a
 644 007a 0B       		.uleb128 0xb
 645 007b 3B       		.uleb128 0x3b
 646 007c 0B       		.uleb128 0xb
 647 007d 01       		.uleb128 0x1
 648 007e 13       		.uleb128 0x13
 649 007f 00       		.byte	0
 650 0080 00       		.byte	0
 651 0081 0C       		.uleb128 0xc
 652 0082 35       		.uleb128 0x35
 653 0083 00       		.byte	0
 654 0084 49       		.uleb128 0x49
 655 0085 13       		.uleb128 0x13
 656 0086 00       		.byte	0
 657 0087 00       		.byte	0
 658 0088 0D       		.uleb128 0xd
 659 0089 2E       		.uleb128 0x2e
 660 008a 00       		.byte	0
 661 008b 3F       		.uleb128 0x3f
 662 008c 19       		.uleb128 0x19
 663 008d 03       		.uleb128 0x3
 664 008e 0E       		.uleb128 0xe
 665 008f 3A       		.uleb128 0x3a
 666 0090 0B       		.uleb128 0xb
 667 0091 3B       		.uleb128 0x3b
 668 0092 0B       		.uleb128 0xb
 669 0093 27       		.uleb128 0x27
 670 0094 19       		.uleb128 0x19
 671 0095 11       		.uleb128 0x11
 672 0096 01       		.uleb128 0x1
 673 0097 12       		.uleb128 0x12
 674 0098 06       		.uleb128 0x6
 675 0099 40       		.uleb128 0x40
 676 009a 18       		.uleb128 0x18
ARM GAS  /tmp/ccOWTMWL.s 			page 13


 677 009b 9742     		.uleb128 0x2117
 678 009d 19       		.uleb128 0x19
 679 009e 00       		.byte	0
 680 009f 00       		.byte	0
 681 00a0 0E       		.uleb128 0xe
 682 00a1 2E       		.uleb128 0x2e
 683 00a2 01       		.byte	0x1
 684 00a3 3F       		.uleb128 0x3f
 685 00a4 19       		.uleb128 0x19
 686 00a5 03       		.uleb128 0x3
 687 00a6 0E       		.uleb128 0xe
 688 00a7 3A       		.uleb128 0x3a
 689 00a8 0B       		.uleb128 0xb
 690 00a9 3B       		.uleb128 0x3b
 691 00aa 0B       		.uleb128 0xb
 692 00ab 27       		.uleb128 0x27
 693 00ac 19       		.uleb128 0x19
 694 00ad 11       		.uleb128 0x11
 695 00ae 01       		.uleb128 0x1
 696 00af 12       		.uleb128 0x12
 697 00b0 06       		.uleb128 0x6
 698 00b1 40       		.uleb128 0x40
 699 00b2 18       		.uleb128 0x18
 700 00b3 9742     		.uleb128 0x2117
 701 00b5 19       		.uleb128 0x19
 702 00b6 01       		.uleb128 0x1
 703 00b7 13       		.uleb128 0x13
 704 00b8 00       		.byte	0
 705 00b9 00       		.byte	0
 706 00ba 0F       		.uleb128 0xf
 707 00bb 05       		.uleb128 0x5
 708 00bc 00       		.byte	0
 709 00bd 03       		.uleb128 0x3
 710 00be 08       		.uleb128 0x8
 711 00bf 3A       		.uleb128 0x3a
 712 00c0 0B       		.uleb128 0xb
 713 00c1 3B       		.uleb128 0x3b
 714 00c2 0B       		.uleb128 0xb
 715 00c3 49       		.uleb128 0x49
 716 00c4 13       		.uleb128 0x13
 717 00c5 02       		.uleb128 0x2
 718 00c6 18       		.uleb128 0x18
 719 00c7 00       		.byte	0
 720 00c8 00       		.byte	0
 721 00c9 10       		.uleb128 0x10
 722 00ca 05       		.uleb128 0x5
 723 00cb 00       		.byte	0
 724 00cc 03       		.uleb128 0x3
 725 00cd 0E       		.uleb128 0xe
 726 00ce 3A       		.uleb128 0x3a
 727 00cf 0B       		.uleb128 0xb
 728 00d0 3B       		.uleb128 0x3b
 729 00d1 0B       		.uleb128 0xb
 730 00d2 49       		.uleb128 0x49
 731 00d3 13       		.uleb128 0x13
 732 00d4 02       		.uleb128 0x2
 733 00d5 17       		.uleb128 0x17
ARM GAS  /tmp/ccOWTMWL.s 			page 14


 734 00d6 00       		.byte	0
 735 00d7 00       		.byte	0
 736 00d8 11       		.uleb128 0x11
 737 00d9 05       		.uleb128 0x5
 738 00da 00       		.byte	0
 739 00db 03       		.uleb128 0x3
 740 00dc 0E       		.uleb128 0xe
 741 00dd 3A       		.uleb128 0x3a
 742 00de 0B       		.uleb128 0xb
 743 00df 3B       		.uleb128 0x3b
 744 00e0 0B       		.uleb128 0xb
 745 00e1 49       		.uleb128 0x49
 746 00e2 13       		.uleb128 0x13
 747 00e3 02       		.uleb128 0x2
 748 00e4 18       		.uleb128 0x18
 749 00e5 00       		.byte	0
 750 00e6 00       		.byte	0
 751 00e7 12       		.uleb128 0x12
 752 00e8 05       		.uleb128 0x5
 753 00e9 00       		.byte	0
 754 00ea 03       		.uleb128 0x3
 755 00eb 08       		.uleb128 0x8
 756 00ec 3A       		.uleb128 0x3a
 757 00ed 0B       		.uleb128 0xb
 758 00ee 3B       		.uleb128 0x3b
 759 00ef 0B       		.uleb128 0xb
 760 00f0 49       		.uleb128 0x49
 761 00f1 13       		.uleb128 0x13
 762 00f2 02       		.uleb128 0x2
 763 00f3 17       		.uleb128 0x17
 764 00f4 00       		.byte	0
 765 00f5 00       		.byte	0
 766 00f6 13       		.uleb128 0x13
 767 00f7 34       		.uleb128 0x34
 768 00f8 00       		.byte	0
 769 00f9 03       		.uleb128 0x3
 770 00fa 08       		.uleb128 0x8
 771 00fb 3A       		.uleb128 0x3a
 772 00fc 0B       		.uleb128 0xb
 773 00fd 3B       		.uleb128 0x3b
 774 00fe 0B       		.uleb128 0xb
 775 00ff 49       		.uleb128 0x49
 776 0100 13       		.uleb128 0x13
 777 0101 02       		.uleb128 0x2
 778 0102 17       		.uleb128 0x17
 779 0103 00       		.byte	0
 780 0104 00       		.byte	0
 781 0105 14       		.uleb128 0x14
 782 0106 2E       		.uleb128 0x2e
 783 0107 01       		.byte	0x1
 784 0108 3F       		.uleb128 0x3f
 785 0109 19       		.uleb128 0x19
 786 010a 03       		.uleb128 0x3
 787 010b 0E       		.uleb128 0xe
 788 010c 3A       		.uleb128 0x3a
 789 010d 0B       		.uleb128 0xb
 790 010e 3B       		.uleb128 0x3b
ARM GAS  /tmp/ccOWTMWL.s 			page 15


 791 010f 0B       		.uleb128 0xb
 792 0110 27       		.uleb128 0x27
 793 0111 19       		.uleb128 0x19
 794 0112 49       		.uleb128 0x49
 795 0113 13       		.uleb128 0x13
 796 0114 11       		.uleb128 0x11
 797 0115 01       		.uleb128 0x1
 798 0116 12       		.uleb128 0x12
 799 0117 06       		.uleb128 0x6
 800 0118 40       		.uleb128 0x40
 801 0119 18       		.uleb128 0x18
 802 011a 9742     		.uleb128 0x2117
 803 011c 19       		.uleb128 0x19
 804 011d 01       		.uleb128 0x1
 805 011e 13       		.uleb128 0x13
 806 011f 00       		.byte	0
 807 0120 00       		.byte	0
 808 0121 15       		.uleb128 0x15
 809 0122 34       		.uleb128 0x34
 810 0123 00       		.byte	0
 811 0124 03       		.uleb128 0x3
 812 0125 0E       		.uleb128 0xe
 813 0126 3A       		.uleb128 0x3a
 814 0127 0B       		.uleb128 0xb
 815 0128 3B       		.uleb128 0x3b
 816 0129 0B       		.uleb128 0xb
 817 012a 49       		.uleb128 0x49
 818 012b 13       		.uleb128 0x13
 819 012c 02       		.uleb128 0x2
 820 012d 18       		.uleb128 0x18
 821 012e 00       		.byte	0
 822 012f 00       		.byte	0
 823 0130 16       		.uleb128 0x16
 824 0131 34       		.uleb128 0x34
 825 0132 00       		.byte	0
 826 0133 03       		.uleb128 0x3
 827 0134 0E       		.uleb128 0xe
 828 0135 3A       		.uleb128 0x3a
 829 0136 0B       		.uleb128 0xb
 830 0137 3B       		.uleb128 0x3b
 831 0138 0B       		.uleb128 0xb
 832 0139 49       		.uleb128 0x49
 833 013a 13       		.uleb128 0x13
 834 013b 3F       		.uleb128 0x3f
 835 013c 19       		.uleb128 0x19
 836 013d 02       		.uleb128 0x2
 837 013e 18       		.uleb128 0x18
 838 013f 00       		.byte	0
 839 0140 00       		.byte	0
 840 0141 00       		.byte	0
 841              		.section	.debug_loc,"",%progbits
 842              	.Ldebug_loc0:
 843              	.LLST0:
 844 0000 00000000 		.4byte	.LVL0
 845 0004 1A000000 		.4byte	.LVL3
 846 0008 0100     		.2byte	0x1
 847 000a 51       		.byte	0x51
ARM GAS  /tmp/ccOWTMWL.s 			page 16


 848 000b 1A000000 		.4byte	.LVL3
 849 000f 36000000 		.4byte	.LVL5
 850 0013 0100     		.2byte	0x1
 851 0015 51       		.byte	0x51
 852 0016 36000000 		.4byte	.LVL5
 853 001a 38000000 		.4byte	.LVL6
 854 001e 0500     		.2byte	0x5
 855 0020 74       		.byte	0x74
 856 0021 04       		.sleb128 4
 857 0022 06       		.byte	0x6
 858 0023 23       		.byte	0x23
 859 0024 08       		.uleb128 0x8
 860 0025 00000000 		.4byte	0
 861 0029 00000000 		.4byte	0
 862              	.LLST1:
 863 002d 00000000 		.4byte	.LVL0
 864 0031 22000000 		.4byte	.LVL4
 865 0035 0100     		.2byte	0x1
 866 0037 53       		.byte	0x53
 867 0038 22000000 		.4byte	.LVL4
 868 003c 3C000000 		.4byte	.LFE8
 869 0040 0200     		.2byte	0x2
 870 0042 70       		.byte	0x70
 871 0043 10       		.sleb128 16
 872 0044 00000000 		.4byte	0
 873 0048 00000000 		.4byte	0
 874              	.LLST2:
 875 004c 0C000000 		.4byte	.LVL1
 876 0050 18000000 		.4byte	.LVL2
 877 0054 0100     		.2byte	0x1
 878 0056 54       		.byte	0x54
 879 0057 1A000000 		.4byte	.LVL3
 880 005b 3A000000 		.4byte	.LVL7
 881 005f 0100     		.2byte	0x1
 882 0061 54       		.byte	0x54
 883 0062 00000000 		.4byte	0
 884 0066 00000000 		.4byte	0
 885              	.LLST3:
 886 006a 00000000 		.4byte	.LVL9
 887 006e 22000000 		.4byte	.LVL11
 888 0072 0100     		.2byte	0x1
 889 0074 50       		.byte	0x50
 890 0075 22000000 		.4byte	.LVL11
 891 0079 24000000 		.4byte	.LVL12
 892 007d 0400     		.2byte	0x4
 893 007f F3       		.byte	0xf3
 894 0080 01       		.uleb128 0x1
 895 0081 50       		.byte	0x50
 896 0082 9F       		.byte	0x9f
 897 0083 24000000 		.4byte	.LVL12
 898 0087 2A000000 		.4byte	.LVL13
 899 008b 0100     		.2byte	0x1
 900 008d 50       		.byte	0x50
 901 008e 2A000000 		.4byte	.LVL13
 902 0092 34000000 		.4byte	.LFE10
 903 0096 0100     		.2byte	0x1
 904 0098 52       		.byte	0x52
ARM GAS  /tmp/ccOWTMWL.s 			page 17


 905 0099 00000000 		.4byte	0
 906 009d 00000000 		.4byte	0
 907              		.section	.debug_aranges,"",%progbits
 908 0000 34000000 		.4byte	0x34
 909 0004 0200     		.2byte	0x2
 910 0006 00000000 		.4byte	.Ldebug_info0
 911 000a 04       		.byte	0x4
 912 000b 00       		.byte	0
 913 000c 0000     		.2byte	0
 914 000e 0000     		.2byte	0
 915 0010 00000000 		.4byte	.LFB7
 916 0014 18000000 		.4byte	.LFE7-.LFB7
 917 0018 00000000 		.4byte	.LFB8
 918 001c 3C000000 		.4byte	.LFE8-.LFB8
 919 0020 00000000 		.4byte	.LFB9
 920 0024 24000000 		.4byte	.LFE9-.LFB9
 921 0028 00000000 		.4byte	.LFB10
 922 002c 34000000 		.4byte	.LFE10-.LFB10
 923 0030 00000000 		.4byte	0
 924 0034 00000000 		.4byte	0
 925              		.section	.debug_ranges,"",%progbits
 926              	.Ldebug_ranges0:
 927 0000 00000000 		.4byte	.LFB7
 928 0004 18000000 		.4byte	.LFE7
 929 0008 00000000 		.4byte	.LFB8
 930 000c 3C000000 		.4byte	.LFE8
 931 0010 00000000 		.4byte	.LFB9
 932 0014 24000000 		.4byte	.LFE9
 933 0018 00000000 		.4byte	.LFB10
 934 001c 34000000 		.4byte	.LFE10
 935 0020 00000000 		.4byte	0
 936 0024 00000000 		.4byte	0
 937              		.section	.debug_line,"",%progbits
 938              	.Ldebug_line0:
 939 0000 64010000 		.section	.debug_str,"MS",%progbits,1
 939      0200E700 
 939      00000201 
 939      FB0E0D00 
 939      01010101 
 940              	.LASF26:
 941 0000 63685654 		.ascii	"chVTSetI\000"
 941      53657449 
 941      00
 942              	.LASF12:
 943 0009 73797374 		.ascii	"systime_t\000"
 943      696D655F 
 943      7400
 944              	.LASF31:
 945 0013 2F686F6D 		.ascii	"/home/santi/Documentos/ProyectoDron_2018/MCU/creato"
 945      652F7361 
 945      6E74692F 
 945      446F6375 
 945      6D656E74 
 946 0046 7200     		.ascii	"r\000"
 947              	.LASF28:
 948 0048 73746172 		.ascii	"start\000"
 948      7400
ARM GAS  /tmp/ccOWTMWL.s 			page 18


 949              	.LASF11:
 950 004e 626F6F6C 		.ascii	"bool_t\000"
 950      5F7400
 951              	.LASF30:
 952 0055 2E2E2F74 		.ascii	"../third_party/ChibiOS/os/kernel/src/chvt.c\000"
 952      68697264 
 952      5F706172 
 952      74792F43 
 952      68696269 
 953              	.LASF14:
 954 0081 76746675 		.ascii	"vtfunc_t\000"
 954      6E635F74 
 954      00
 955              	.LASF8:
 956 008a 6C6F6E67 		.ascii	"long unsigned int\000"
 956      20756E73 
 956      69676E65 
 956      6420696E 
 956      7400
 957              	.LASF4:
 958 009c 73686F72 		.ascii	"short unsigned int\000"
 958      7420756E 
 958      7369676E 
 958      65642069 
 958      6E7400
 959              	.LASF15:
 960 00af 56697274 		.ascii	"VirtualTimer\000"
 960      75616C54 
 960      696D6572 
 960      00
 961              	.LASF2:
 962 00bc 756E7369 		.ascii	"unsigned char\000"
 962      676E6564 
 962      20636861 
 962      7200
 963              	.LASF32:
 964 00ca 5F76745F 		.ascii	"_vt_init\000"
 964      696E6974 
 964      00
 965              	.LASF0:
 966 00d3 756E7369 		.ascii	"unsigned int\000"
 966      676E6564 
 966      20696E74 
 966      00
 967              	.LASF10:
 968 00e0 6C6F6E67 		.ascii	"long long unsigned int\000"
 968      206C6F6E 
 968      6720756E 
 968      7369676E 
 968      65642069 
 969              	.LASF34:
 970 00f7 76746C69 		.ascii	"vtlist\000"
 970      737400
 971              	.LASF29:
 972 00fe 474E5520 		.ascii	"GNU C 4.8.1 -mcpu=cortex-m3 -mno-thumb-interwork -m"
 972      4320342E 
 972      382E3120 
ARM GAS  /tmp/ccOWTMWL.s 			page 19


 972      2D6D6370 
 972      753D636F 
 973 0131 7468756D 		.ascii	"thumb -ggdb -O2 -std=gnu99 -fomit-frame-pointer -fa"
 973      62202D67 
 973      67646220 
 973      2D4F3220 
 973      2D737464 
 974 0164 6C69676E 		.ascii	"lign-functions=16 -ffunction-sections -fdata-sectio"
 974      2D66756E 
 974      6374696F 
 974      6E733D31 
 974      36202D66 
 975 0197 6E73202D 		.ascii	"ns -fno-common\000"
 975      666E6F2D 
 975      636F6D6D 
 975      6F6E00
 976              	.LASF24:
 977 01a6 74696D65 		.ascii	"time\000"
 977      00
 978              	.LASF18:
 979 01ab 76745F74 		.ascii	"vt_time\000"
 979      696D6500 
 980              	.LASF6:
 981 01b3 696E7433 		.ascii	"int32_t\000"
 981      325F7400 
 982              	.LASF13:
 983 01bb 73697A65 		.ascii	"sizetype\000"
 983      74797065 
 983      00
 984              	.LASF21:
 985 01c4 76745F73 		.ascii	"vt_systime\000"
 985      79737469 
 985      6D6500
 986              	.LASF9:
 987 01cf 6C6F6E67 		.ascii	"long long int\000"
 987      206C6F6E 
 987      6720696E 
 987      7400
 988              	.LASF19:
 989 01dd 76745F66 		.ascii	"vt_func\000"
 989      756E6300 
 990              	.LASF25:
 991 01e5 76746675 		.ascii	"vtfunc\000"
 991      6E6300
 992              	.LASF23:
 993 01ec 63686172 		.ascii	"char\000"
 993      00
 994              	.LASF20:
 995 01f1 76745F70 		.ascii	"vt_par\000"
 995      617200
 996              	.LASF3:
 997 01f8 73686F72 		.ascii	"short int\000"
 997      7420696E 
 997      7400
 998              	.LASF33:
 999 0202 63685469 		.ascii	"chTimeIsWithin\000"
 999      6D654973 
ARM GAS  /tmp/ccOWTMWL.s 			page 20


 999      57697468 
 999      696E00
 1000              	.LASF17:
 1001 0211 76745F70 		.ascii	"vt_prev\000"
 1001      72657600 
 1002              	.LASF7:
 1003 0219 75696E74 		.ascii	"uint32_t\000"
 1003      33325F74 
 1003      00
 1004              	.LASF5:
 1005 0222 6C6F6E67 		.ascii	"long int\000"
 1005      20696E74 
 1005      00
 1006              	.LASF1:
 1007 022b 7369676E 		.ascii	"signed char\000"
 1007      65642063 
 1007      68617200 
 1008              	.LASF22:
 1009 0237 56544C69 		.ascii	"VTList\000"
 1009      737400
 1010              	.LASF16:
 1011 023e 76745F6E 		.ascii	"vt_next\000"
 1011      65787400 
 1012              	.LASF27:
 1013 0246 63685654 		.ascii	"chVTResetI\000"
 1013      52657365 
 1013      744900
 1014              		.ident	"GCC: (Sourcery CodeBench Lite 2013.11-24) 4.8.1"
ARM GAS  /tmp/ccOWTMWL.s 			page 21


DEFINED SYMBOLS
                            *ABS*:00000000 chvt.c
     /tmp/ccOWTMWL.s:19     .text._vt_init:00000000 $t
     /tmp/ccOWTMWL.s:25     .text._vt_init:00000000 _vt_init
     /tmp/ccOWTMWL.s:224    .bss.vtlist:00000000 .LANCHOR0
     /tmp/ccOWTMWL.s:52     .text.chVTSetI:00000000 $t
     /tmp/ccOWTMWL.s:58     .text.chVTSetI:00000000 chVTSetI
     /tmp/ccOWTMWL.s:126    .text.chVTResetI:00000000 $t
     /tmp/ccOWTMWL.s:132    .text.chVTResetI:00000000 chVTResetI
     /tmp/ccOWTMWL.s:167    .text.chTimeIsWithin:00000000 $t
     /tmp/ccOWTMWL.s:173    .text.chTimeIsWithin:00000000 chTimeIsWithin
     /tmp/ccOWTMWL.s:227    .bss.vtlist:00000000 vtlist
     /tmp/ccOWTMWL.s:223    .bss.vtlist:00000000 $d
                     .debug_frame:00000010 $d

NO UNDEFINED SYMBOLS
