ARM GAS  /tmp/cc3R40eZ.s 			page 1


   1              		.syntax unified
   2              		.cpu cortex-m3
   3              		.fpu softvfp
   4              		.eabi_attribute 20, 1
   5              		.eabi_attribute 21, 1
   6              		.eabi_attribute 23, 3
   7              		.eabi_attribute 24, 1
   8              		.eabi_attribute 25, 1
   9              		.eabi_attribute 26, 1
  10              		.eabi_attribute 30, 2
  11              		.eabi_attribute 34, 1
  12              		.eabi_attribute 18, 4
  13              		.thumb
  14              		.file	"evtimer.c"
  15              		.text
  16              	.Ltext0:
  17              		.cfi_sections	.debug_frame
  18              		.section	.text.tmrcb,"ax",%progbits
  19              		.align	2
  20              		.p2align 4,,15
  21              		.thumb
  22              		.thumb_func
  23              		.type	tmrcb, %function
  24              	tmrcb:
  25              	.LFB7:
  26              		.file 1 "../third_party/ChibiOS/os/various/evtimer.c"
  27              		.loc 1 39 0
  28              		.cfi_startproc
  29              		@ args = 0, pretend = 0, frame = 0
  30              		@ frame_needed = 0, uses_anonymous_args = 0
  31              	.LVL0:
  32 0000 10B5     		push	{r4, lr}
  33              		.cfi_def_cfa_offset 8
  34              		.cfi_offset 4, -8
  35              		.cfi_offset 14, -4
  36              		.loc 1 42 0
  37 0002 0021     		movs	r1, #0
  38              		.loc 1 39 0
  39 0004 0446     		mov	r4, r0
  40              	.LVL1:
  41              		.loc 1 42 0
  42 0006 1430     		adds	r0, r0, #20
  43              	.LVL2:
  44 0008 FFF7FEFF 		bl	chEvtBroadcastFlagsI
  45              	.LVL3:
  46              		.loc 1 43 0
  47 000c 40F20002 		movw	r2, #:lower16:tmrcb
  48 0010 2046     		mov	r0, r4
  49 0012 A169     		ldr	r1, [r4, #24]
  50 0014 2346     		mov	r3, r4
  51 0016 C0F20002 		movt	r2, #:upper16:tmrcb
  52              		.loc 1 44 0
  53 001a BDE81040 		pop	{r4, lr}
  54              	.LVL4:
  55              		.loc 1 43 0
  56 001e FFF7FEBF 		b	chVTSetI
  57              	.LVL5:
ARM GAS  /tmp/cc3R40eZ.s 			page 2


  58              		.cfi_endproc
  59              	.LFE7:
  60              		.size	tmrcb, .-tmrcb
  61 0022 00BFAFF3 		.section	.text.evtStart,"ax",%progbits
  61      0080AFF3 
  61      0080AFF3 
  61      0080
  62              		.align	2
  63              		.p2align 4,,15
  64              		.global	evtStart
  65              		.thumb
  66              		.thumb_func
  67              		.type	evtStart, %function
  68              	evtStart:
  69              	.LFB8:
  70              		.loc 1 52 0
  71              		.cfi_startproc
  72              		@ args = 0, pretend = 0, frame = 0
  73              		@ frame_needed = 0, uses_anonymous_args = 0
  74              	.LVL6:
  75 0000 08B5     		push	{r3, lr}
  76              		.cfi_def_cfa_offset 8
  77              		.cfi_offset 3, -8
  78              		.cfi_offset 14, -4
  79              	.LBB2:
  80              		.loc 1 54 0
  81 0002 2023     		movs	r3, #32
  82              	@ 54 "../third_party/ChibiOS/os/various/evtimer.c" 1
  83 0004 83F31188 		msr     BASEPRI, r3
  84              	@ 0 "" 2
  85              		.thumb
  86              	.LBE2:
  87              		.loc 1 56 0
  88 0008 C368     		ldr	r3, [r0, #12]
  89 000a 1BB1     		cbz	r3, .L5
  90              	.LBB3:
  91              		.loc 1 59 0
  92 000c 0023     		movs	r3, #0
  93              	@ 59 "../third_party/ChibiOS/os/various/evtimer.c" 1
  94 000e 83F31188 		msr     BASEPRI, r3
  95              	@ 0 "" 2
  96              		.thumb
  97 0012 08BD     		pop	{r3, pc}
  98              	.L5:
  99              	.LBE3:
 100              		.loc 1 57 0
 101 0014 40F20002 		movw	r2, #:lower16:tmrcb
 102 0018 0346     		mov	r3, r0
 103 001a 8169     		ldr	r1, [r0, #24]
 104 001c C0F20002 		movt	r2, #:upper16:tmrcb
 105 0020 FFF7FEFF 		bl	chVTSetI
 106              	.LVL7:
 107              	.LBB4:
 108              		.loc 1 59 0
 109 0024 0023     		movs	r3, #0
 110              	@ 59 "../third_party/ChibiOS/os/various/evtimer.c" 1
 111 0026 83F31188 		msr     BASEPRI, r3
ARM GAS  /tmp/cc3R40eZ.s 			page 3


 112              	@ 0 "" 2
 113              		.thumb
 114 002a 08BD     		pop	{r3, pc}
 115              	.LBE4:
 116              		.cfi_endproc
 117              	.LFE8:
 118              		.size	evtStart, .-evtStart
 119 002c AFF30080 		.section	.text.evtStop,"ax",%progbits
 120              		.align	2
 121              		.p2align 4,,15
 122              		.global	evtStop
 123              		.thumb
 124              		.thumb_func
 125              		.type	evtStop, %function
 126              	evtStop:
 127              	.LFB9:
 128              		.loc 1 68 0
 129              		.cfi_startproc
 130              		@ args = 0, pretend = 0, frame = 0
 131              		@ frame_needed = 0, uses_anonymous_args = 0
 132              	.LVL8:
 133 0000 08B5     		push	{r3, lr}
 134              		.cfi_def_cfa_offset 8
 135              		.cfi_offset 3, -8
 136              		.cfi_offset 14, -4
 137              	.LBB5:
 138              		.loc 1 70 0
 139 0002 2023     		movs	r3, #32
 140              	@ 70 "../third_party/ChibiOS/os/various/evtimer.c" 1
 141 0004 83F31188 		msr     BASEPRI, r3
 142              	@ 0 "" 2
 143              		.thumb
 144              	.LBE5:
 145              		.loc 1 72 0
 146 0008 C368     		ldr	r3, [r0, #12]
 147 000a 0BB1     		cbz	r3, .L7
 148              		.loc 1 73 0
 149 000c FFF7FEFF 		bl	chVTResetI
 150              	.LVL9:
 151              	.L7:
 152              	.LBB6:
 153              		.loc 1 75 0
 154 0010 0023     		movs	r3, #0
 155              	@ 75 "../third_party/ChibiOS/os/various/evtimer.c" 1
 156 0012 83F31188 		msr     BASEPRI, r3
 157              	@ 0 "" 2
 158              		.thumb
 159 0016 08BD     		pop	{r3, pc}
 160              	.LBE6:
 161              		.cfi_endproc
 162              	.LFE9:
 163              		.size	evtStop, .-evtStop
 164 0018 AFF30080 		.text
 164      AFF30080 
 165              	.Letext0:
 166              		.file 2 "/home/santi/arm-2013.11/arm-none-eabi/include/stdint.h"
 167              		.file 3 "../third_party/ChibiOS/os/ports/GCC/ARMCMx/chtypes.h"
ARM GAS  /tmp/cc3R40eZ.s 			page 4


 168              		.file 4 "../third_party/ChibiOS/os/kernel/include/chlists.h"
 169              		.file 5 "../third_party/ChibiOS/os/kernel/include/chthreads.h"
 170              		.file 6 "../third_party/ChibiOS/os/ports/GCC/ARMCMx/chcore_v7m.h"
 171              		.file 7 "../third_party/ChibiOS/os/kernel/include/chvt.h"
 172              		.file 8 "../third_party/ChibiOS/os/kernel/include/chmtx.h"
 173              		.file 9 "../third_party/ChibiOS/os/kernel/include/chevents.h"
 174              		.file 10 "../third_party/ChibiOS/os/various/evtimer.h"
 175              		.section	.debug_info,"",%progbits
 176              	.Ldebug_info0:
 177 0000 1B060000 		.4byte	0x61b
 178 0004 0400     		.2byte	0x4
 179 0006 00000000 		.4byte	.Ldebug_abbrev0
 180 000a 04       		.byte	0x4
 181 000b 01       		.uleb128 0x1
 182 000c 26000000 		.4byte	.LASF74
 183 0010 01       		.byte	0x1
 184 0011 30010000 		.4byte	.LASF75
 185 0015 4E020000 		.4byte	.LASF76
 186 0019 18000000 		.4byte	.Ldebug_ranges0+0x18
 187 001d 00000000 		.4byte	0
 188 0021 00000000 		.4byte	.Ldebug_line0
 189 0025 02       		.uleb128 0x2
 190 0026 04       		.byte	0x4
 191 0027 05       		.byte	0x5
 192 0028 696E7400 		.ascii	"int\000"
 193 002c 03       		.uleb128 0x3
 194 002d 04       		.byte	0x4
 195 002e 07       		.byte	0x7
 196 002f A8010000 		.4byte	.LASF0
 197 0033 03       		.uleb128 0x3
 198 0034 01       		.byte	0x1
 199 0035 06       		.byte	0x6
 200 0036 0C010000 		.4byte	.LASF1
 201 003a 04       		.uleb128 0x4
 202 003b 88030000 		.4byte	.LASF5
 203 003f 02       		.byte	0x2
 204 0040 2A       		.byte	0x2a
 205 0041 45000000 		.4byte	0x45
 206 0045 03       		.uleb128 0x3
 207 0046 01       		.byte	0x1
 208 0047 08       		.byte	0x8
 209 0048 AA020000 		.4byte	.LASF2
 210 004c 03       		.uleb128 0x3
 211 004d 02       		.byte	0x2
 212 004e 05       		.byte	0x5
 213 004f CE020000 		.4byte	.LASF3
 214 0053 03       		.uleb128 0x3
 215 0054 02       		.byte	0x2
 216 0055 07       		.byte	0x7
 217 0056 D7010000 		.4byte	.LASF4
 218 005a 04       		.uleb128 0x4
 219 005b A2020000 		.4byte	.LASF6
 220 005f 02       		.byte	0x2
 221 0060 4F       		.byte	0x4f
 222 0061 65000000 		.4byte	0x65
 223 0065 03       		.uleb128 0x3
 224 0066 04       		.byte	0x4
ARM GAS  /tmp/cc3R40eZ.s 			page 5


 225 0067 05       		.byte	0x5
 226 0068 5C010000 		.4byte	.LASF7
 227 006c 04       		.uleb128 0x4
 228 006d 13030000 		.4byte	.LASF8
 229 0071 02       		.byte	0x2
 230 0072 50       		.byte	0x50
 231 0073 77000000 		.4byte	0x77
 232 0077 03       		.uleb128 0x3
 233 0078 04       		.byte	0x4
 234 0079 07       		.byte	0x7
 235 007a BD010000 		.4byte	.LASF9
 236 007e 03       		.uleb128 0x3
 237 007f 08       		.byte	0x8
 238 0080 05       		.byte	0x5
 239 0081 FE000000 		.4byte	.LASF10
 240 0085 03       		.uleb128 0x3
 241 0086 08       		.byte	0x8
 242 0087 07       		.byte	0x7
 243 0088 CE000000 		.4byte	.LASF11
 244 008c 04       		.uleb128 0x4
 245 008d F8010000 		.4byte	.LASF12
 246 0091 03       		.byte	0x3
 247 0092 2F       		.byte	0x2f
 248 0093 3A000000 		.4byte	0x3a
 249 0097 04       		.uleb128 0x4
 250 0098 65010000 		.4byte	.LASF13
 251 009c 03       		.byte	0x3
 252 009d 30       		.byte	0x30
 253 009e 3A000000 		.4byte	0x3a
 254 00a2 04       		.uleb128 0x4
 255 00a3 8B020000 		.4byte	.LASF14
 256 00a7 03       		.byte	0x3
 257 00a8 31       		.byte	0x31
 258 00a9 3A000000 		.4byte	0x3a
 259 00ad 04       		.uleb128 0x4
 260 00ae 9A020000 		.4byte	.LASF15
 261 00b2 03       		.byte	0x3
 262 00b3 32       		.byte	0x32
 263 00b4 6C000000 		.4byte	0x6c
 264 00b8 04       		.uleb128 0x4
 265 00b9 EA010000 		.4byte	.LASF16
 266 00bd 03       		.byte	0x3
 267 00be 33       		.byte	0x33
 268 00bf 5A000000 		.4byte	0x5a
 269 00c3 04       		.uleb128 0x4
 270 00c4 0C020000 		.4byte	.LASF17
 271 00c8 03       		.byte	0x3
 272 00c9 35       		.byte	0x35
 273 00ca 6C000000 		.4byte	0x6c
 274 00ce 04       		.uleb128 0x4
 275 00cf 3B030000 		.4byte	.LASF18
 276 00d3 03       		.byte	0x3
 277 00d4 36       		.byte	0x36
 278 00d5 6C000000 		.4byte	0x6c
 279 00d9 04       		.uleb128 0x4
 280 00da F6020000 		.4byte	.LASF19
 281 00de 04       		.byte	0x4
ARM GAS  /tmp/cc3R40eZ.s 			page 6


 282 00df 2A       		.byte	0x2a
 283 00e0 E4000000 		.4byte	0xe4
 284 00e4 05       		.uleb128 0x5
 285 00e5 F6020000 		.4byte	.LASF19
 286 00e9 48       		.byte	0x48
 287 00ea 05       		.byte	0x5
 288 00eb 5E       		.byte	0x5e
 289 00ec D5010000 		.4byte	0x1d5
 290 00f0 06       		.uleb128 0x6
 291 00f1 E7020000 		.4byte	.LASF20
 292 00f5 05       		.byte	0x5
 293 00f6 5F       		.byte	0x5f
 294 00f7 F6010000 		.4byte	0x1f6
 295 00fb 00       		.byte	0
 296 00fc 06       		.uleb128 0x6
 297 00fd 93020000 		.4byte	.LASF21
 298 0101 05       		.byte	0x5
 299 0102 61       		.byte	0x61
 300 0103 F6010000 		.4byte	0x1f6
 301 0107 04       		.byte	0x4
 302 0108 06       		.uleb128 0x6
 303 0109 F7000000 		.4byte	.LASF22
 304 010d 05       		.byte	0x5
 305 010e 63       		.byte	0x63
 306 010f AD000000 		.4byte	0xad
 307 0113 08       		.byte	0x8
 308 0114 06       		.uleb128 0x6
 309 0115 C2030000 		.4byte	.LASF23
 310 0119 05       		.byte	0x5
 311 011a 64       		.byte	0x64
 312 011b AF020000 		.4byte	0x2af
 313 011f 0C       		.byte	0xc
 314 0120 06       		.uleb128 0x6
 315 0121 83010000 		.4byte	.LASF24
 316 0125 05       		.byte	0x5
 317 0126 66       		.byte	0x66
 318 0127 F6010000 		.4byte	0x1f6
 319 012b 10       		.byte	0x10
 320 012c 06       		.uleb128 0x6
 321 012d 46020000 		.4byte	.LASF25
 322 0131 05       		.byte	0x5
 323 0132 67       		.byte	0x67
 324 0133 F6010000 		.4byte	0x1f6
 325 0137 14       		.byte	0x14
 326 0138 06       		.uleb128 0x6
 327 0139 A5030000 		.4byte	.LASF26
 328 013d 05       		.byte	0x5
 329 013e 6E       		.byte	0x6e
 330 013f 2F040000 		.4byte	0x42f
 331 0143 18       		.byte	0x18
 332 0144 06       		.uleb128 0x6
 333 0145 D8020000 		.4byte	.LASF27
 334 0149 05       		.byte	0x5
 335 014a 79       		.byte	0x79
 336 014b 97000000 		.4byte	0x97
 337 014f 1C       		.byte	0x1c
 338 0150 06       		.uleb128 0x6
ARM GAS  /tmp/cc3R40eZ.s 			page 7


 339 0151 EE020000 		.4byte	.LASF28
 340 0155 05       		.byte	0x5
 341 0156 7D       		.byte	0x7d
 342 0157 8C000000 		.4byte	0x8c
 343 015b 1D       		.byte	0x1d
 344 015c 06       		.uleb128 0x6
 345 015d 81030000 		.4byte	.LASF29
 346 0161 05       		.byte	0x5
 347 0162 82       		.byte	0x82
 348 0163 A2000000 		.4byte	0xa2
 349 0167 1E       		.byte	0x1e
 350 0168 06       		.uleb128 0x6
 351 0169 61030000 		.4byte	.LASF30
 352 016d 05       		.byte	0x5
 353 016e 89       		.byte	0x89
 354 016f 4D030000 		.4byte	0x34d
 355 0173 20       		.byte	0x20
 356 0174 07       		.uleb128 0x7
 357 0175 705F7500 		.ascii	"p_u\000"
 358 0179 05       		.byte	0x5
 359 017a AE       		.byte	0xae
 360 017b FA030000 		.4byte	0x3fa
 361 017f 24       		.byte	0x24
 362 0180 06       		.uleb128 0x6
 363 0181 C8030000 		.4byte	.LASF31
 364 0185 05       		.byte	0x5
 365 0186 B3       		.byte	0xb3
 366 0187 1C020000 		.4byte	0x21c
 367 018b 28       		.byte	0x28
 368 018c 06       		.uleb128 0x6
 369 018d 6F030000 		.4byte	.LASF32
 370 0191 05       		.byte	0x5
 371 0192 B9       		.byte	0xb9
 372 0193 FC010000 		.4byte	0x1fc
 373 0197 2C       		.byte	0x2c
 374 0198 06       		.uleb128 0x6
 375 0199 19000000 		.4byte	.LASF33
 376 019d 05       		.byte	0x5
 377 019e BD       		.byte	0xbd
 378 019f B8000000 		.4byte	0xb8
 379 01a3 34       		.byte	0x34
 380 01a4 06       		.uleb128 0x6
 381 01a5 08030000 		.4byte	.LASF34
 382 01a9 05       		.byte	0x5
 383 01aa C3       		.byte	0xc3
 384 01ab C3000000 		.4byte	0xc3
 385 01af 38       		.byte	0x38
 386 01b0 06       		.uleb128 0x6
 387 01b1 C4020000 		.4byte	.LASF35
 388 01b5 05       		.byte	0x5
 389 01b6 CA       		.byte	0xca
 390 01b7 41040000 		.4byte	0x441
 391 01bb 3C       		.byte	0x3c
 392 01bc 06       		.uleb128 0x6
 393 01bd 45030000 		.4byte	.LASF36
 394 01c1 05       		.byte	0x5
 395 01c2 CE       		.byte	0xce
ARM GAS  /tmp/cc3R40eZ.s 			page 8


 396 01c3 AD000000 		.4byte	0xad
 397 01c7 40       		.byte	0x40
 398 01c8 06       		.uleb128 0x6
 399 01c9 20010000 		.4byte	.LASF37
 400 01cd 05       		.byte	0x5
 401 01ce D4       		.byte	0xd4
 402 01cf 32020000 		.4byte	0x232
 403 01d3 44       		.byte	0x44
 404 01d4 00       		.byte	0
 405 01d5 08       		.uleb128 0x8
 406 01d6 08       		.byte	0x8
 407 01d7 04       		.byte	0x4
 408 01d8 61       		.byte	0x61
 409 01d9 F6010000 		.4byte	0x1f6
 410 01dd 06       		.uleb128 0x6
 411 01de E7020000 		.4byte	.LASF20
 412 01e2 04       		.byte	0x4
 413 01e3 62       		.byte	0x62
 414 01e4 F6010000 		.4byte	0x1f6
 415 01e8 00       		.byte	0
 416 01e9 06       		.uleb128 0x6
 417 01ea 93020000 		.4byte	.LASF21
 418 01ee 04       		.byte	0x4
 419 01ef 64       		.byte	0x64
 420 01f0 F6010000 		.4byte	0x1f6
 421 01f4 04       		.byte	0x4
 422 01f5 00       		.byte	0
 423 01f6 09       		.uleb128 0x9
 424 01f7 04       		.byte	0x4
 425 01f8 D9000000 		.4byte	0xd9
 426 01fc 04       		.uleb128 0x4
 427 01fd 0C000000 		.4byte	.LASF38
 428 0201 04       		.byte	0x4
 429 0202 66       		.byte	0x66
 430 0203 D5010000 		.4byte	0x1d5
 431 0207 08       		.uleb128 0x8
 432 0208 04       		.byte	0x4
 433 0209 04       		.byte	0x4
 434 020a 6B       		.byte	0x6b
 435 020b 1C020000 		.4byte	0x21c
 436 020f 06       		.uleb128 0x6
 437 0210 E7020000 		.4byte	.LASF20
 438 0214 04       		.byte	0x4
 439 0215 6D       		.byte	0x6d
 440 0216 F6010000 		.4byte	0x1f6
 441 021a 00       		.byte	0
 442 021b 00       		.byte	0
 443 021c 04       		.uleb128 0x4
 444 021d 00020000 		.4byte	.LASF39
 445 0221 04       		.byte	0x4
 446 0222 70       		.byte	0x70
 447 0223 07020000 		.4byte	0x207
 448 0227 04       		.uleb128 0x4
 449 0228 8B010000 		.4byte	.LASF40
 450 022c 06       		.byte	0x6
 451 022d D7       		.byte	0xd7
 452 022e 32020000 		.4byte	0x232
ARM GAS  /tmp/cc3R40eZ.s 			page 9


 453 0232 0A       		.uleb128 0xa
 454 0233 04       		.byte	0x4
 455 0234 05       		.uleb128 0x5
 456 0235 68030000 		.4byte	.LASF41
 457 0239 24       		.byte	0x24
 458 023a 06       		.byte	0x6
 459 023b FE       		.byte	0xfe
 460 023c AF020000 		.4byte	0x2af
 461 0240 0B       		.uleb128 0xb
 462 0241 723400   		.ascii	"r4\000"
 463 0244 06       		.byte	0x6
 464 0245 1101     		.2byte	0x111
 465 0247 27020000 		.4byte	0x227
 466 024b 00       		.byte	0
 467 024c 0B       		.uleb128 0xb
 468 024d 723500   		.ascii	"r5\000"
 469 0250 06       		.byte	0x6
 470 0251 1201     		.2byte	0x112
 471 0253 27020000 		.4byte	0x227
 472 0257 04       		.byte	0x4
 473 0258 0B       		.uleb128 0xb
 474 0259 723600   		.ascii	"r6\000"
 475 025c 06       		.byte	0x6
 476 025d 1301     		.2byte	0x113
 477 025f 27020000 		.4byte	0x227
 478 0263 08       		.byte	0x8
 479 0264 0B       		.uleb128 0xb
 480 0265 723700   		.ascii	"r7\000"
 481 0268 06       		.byte	0x6
 482 0269 1401     		.2byte	0x114
 483 026b 27020000 		.4byte	0x227
 484 026f 0C       		.byte	0xc
 485 0270 0B       		.uleb128 0xb
 486 0271 723800   		.ascii	"r8\000"
 487 0274 06       		.byte	0x6
 488 0275 1501     		.2byte	0x115
 489 0277 27020000 		.4byte	0x227
 490 027b 10       		.byte	0x10
 491 027c 0B       		.uleb128 0xb
 492 027d 723900   		.ascii	"r9\000"
 493 0280 06       		.byte	0x6
 494 0281 1601     		.2byte	0x116
 495 0283 27020000 		.4byte	0x227
 496 0287 14       		.byte	0x14
 497 0288 0B       		.uleb128 0xb
 498 0289 72313000 		.ascii	"r10\000"
 499 028d 06       		.byte	0x6
 500 028e 1701     		.2byte	0x117
 501 0290 27020000 		.4byte	0x227
 502 0294 18       		.byte	0x18
 503 0295 0B       		.uleb128 0xb
 504 0296 72313100 		.ascii	"r11\000"
 505 029a 06       		.byte	0x6
 506 029b 1801     		.2byte	0x118
 507 029d 27020000 		.4byte	0x227
 508 02a1 1C       		.byte	0x1c
 509 02a2 0B       		.uleb128 0xb
ARM GAS  /tmp/cc3R40eZ.s 			page 10


 510 02a3 6C7200   		.ascii	"lr\000"
 511 02a6 06       		.byte	0x6
 512 02a7 1901     		.2byte	0x119
 513 02a9 27020000 		.4byte	0x227
 514 02ad 20       		.byte	0x20
 515 02ae 00       		.byte	0
 516 02af 0C       		.uleb128 0xc
 517 02b0 CF010000 		.4byte	.LASF42
 518 02b4 04       		.byte	0x4
 519 02b5 06       		.byte	0x6
 520 02b6 2301     		.2byte	0x123
 521 02b8 CA020000 		.4byte	0x2ca
 522 02bc 0B       		.uleb128 0xb
 523 02bd 72313300 		.ascii	"r13\000"
 524 02c1 06       		.byte	0x6
 525 02c2 2401     		.2byte	0x124
 526 02c4 CA020000 		.4byte	0x2ca
 527 02c8 00       		.byte	0
 528 02c9 00       		.byte	0
 529 02ca 09       		.uleb128 0x9
 530 02cb 04       		.byte	0x4
 531 02cc 34020000 		.4byte	0x234
 532 02d0 03       		.uleb128 0x3
 533 02d1 04       		.byte	0x4
 534 02d2 07       		.byte	0x7
 535 02d3 2C020000 		.4byte	.LASF43
 536 02d7 04       		.uleb128 0x4
 537 02d8 50030000 		.4byte	.LASF44
 538 02dc 07       		.byte	0x7
 539 02dd 53       		.byte	0x53
 540 02de E2020000 		.4byte	0x2e2
 541 02e2 09       		.uleb128 0x9
 542 02e3 04       		.byte	0x4
 543 02e4 E8020000 		.4byte	0x2e8
 544 02e8 0D       		.uleb128 0xd
 545 02e9 F3020000 		.4byte	0x2f3
 546 02ed 0E       		.uleb128 0xe
 547 02ee 32020000 		.4byte	0x232
 548 02f2 00       		.byte	0
 549 02f3 04       		.uleb128 0x4
 550 02f4 1C030000 		.4byte	.LASF45
 551 02f8 07       		.byte	0x7
 552 02f9 58       		.byte	0x58
 553 02fa FE020000 		.4byte	0x2fe
 554 02fe 05       		.uleb128 0x5
 555 02ff 1C030000 		.4byte	.LASF45
 556 0303 14       		.byte	0x14
 557 0304 07       		.byte	0x7
 558 0305 5F       		.byte	0x5f
 559 0306 47030000 		.4byte	0x347
 560 030a 06       		.uleb128 0x6
 561 030b B5010000 		.4byte	.LASF46
 562 030f 07       		.byte	0x7
 563 0310 60       		.byte	0x60
 564 0311 47030000 		.4byte	0x347
 565 0315 00       		.byte	0
 566 0316 06       		.uleb128 0x6
ARM GAS  /tmp/cc3R40eZ.s 			page 11


 567 0317 94010000 		.4byte	.LASF47
 568 031b 07       		.byte	0x7
 569 031c 62       		.byte	0x62
 570 031d 47030000 		.4byte	0x347
 571 0321 04       		.byte	0x4
 572 0322 06       		.uleb128 0x6
 573 0323 1E020000 		.4byte	.LASF48
 574 0327 07       		.byte	0x7
 575 0328 64       		.byte	0x64
 576 0329 CE000000 		.4byte	0xce
 577 032d 08       		.byte	0x8
 578 032e 06       		.uleb128 0x6
 579 032f 35020000 		.4byte	.LASF49
 580 0333 07       		.byte	0x7
 581 0334 65       		.byte	0x65
 582 0335 D7020000 		.4byte	0x2d7
 583 0339 0C       		.byte	0xc
 584 033a 06       		.uleb128 0x6
 585 033b 7A030000 		.4byte	.LASF50
 586 033f 07       		.byte	0x7
 587 0340 67       		.byte	0x67
 588 0341 32020000 		.4byte	0x232
 589 0345 10       		.byte	0x10
 590 0346 00       		.byte	0
 591 0347 09       		.uleb128 0x9
 592 0348 04       		.byte	0x4
 593 0349 F3020000 		.4byte	0x2f3
 594 034d 0F       		.uleb128 0xf
 595 034e CE000000 		.4byte	0xce
 596 0352 05       		.uleb128 0x5
 597 0353 18020000 		.4byte	.LASF51
 598 0357 10       		.byte	0x10
 599 0358 08       		.byte	0x8
 600 0359 2C       		.byte	0x2c
 601 035a 83030000 		.4byte	0x383
 602 035e 06       		.uleb128 0x6
 603 035f 28010000 		.4byte	.LASF52
 604 0363 08       		.byte	0x8
 605 0364 2D       		.byte	0x2d
 606 0365 FC010000 		.4byte	0x1fc
 607 0369 00       		.byte	0
 608 036a 06       		.uleb128 0x6
 609 036b BA030000 		.4byte	.LASF53
 610 036f 08       		.byte	0x8
 611 0370 2F       		.byte	0x2f
 612 0371 F6010000 		.4byte	0x1f6
 613 0375 08       		.byte	0x8
 614 0376 06       		.uleb128 0x6
 615 0377 34030000 		.4byte	.LASF54
 616 037b 08       		.byte	0x8
 617 037c 31       		.byte	0x31
 618 037d 83030000 		.4byte	0x383
 619 0381 0C       		.byte	0xc
 620 0382 00       		.byte	0
 621 0383 09       		.uleb128 0x9
 622 0384 04       		.byte	0x4
 623 0385 52030000 		.4byte	0x352
ARM GAS  /tmp/cc3R40eZ.s 			page 12


 624 0389 04       		.uleb128 0x4
 625 038a 18020000 		.4byte	.LASF51
 626 038e 08       		.byte	0x8
 627 038f 33       		.byte	0x33
 628 0390 52030000 		.4byte	0x352
 629 0394 04       		.uleb128 0x4
 630 0395 90030000 		.4byte	.LASF55
 631 0399 09       		.byte	0x9
 632 039a 29       		.byte	0x29
 633 039b 9F030000 		.4byte	0x39f
 634 039f 05       		.uleb128 0x5
 635 03a0 90030000 		.4byte	.LASF55
 636 03a4 0C       		.byte	0xc
 637 03a5 09       		.byte	0x9
 638 03a6 2E       		.byte	0x2e
 639 03a7 D0030000 		.4byte	0x3d0
 640 03ab 06       		.uleb128 0x6
 641 03ac F0010000 		.4byte	.LASF56
 642 03b0 09       		.byte	0x9
 643 03b1 2F       		.byte	0x2f
 644 03b2 D0030000 		.4byte	0x3d0
 645 03b6 00       		.byte	0
 646 03b7 06       		.uleb128 0x6
 647 03b8 B8020000 		.4byte	.LASF57
 648 03bc 09       		.byte	0x9
 649 03bd 32       		.byte	0x32
 650 03be F6010000 		.4byte	0x1f6
 651 03c2 04       		.byte	0x4
 652 03c3 06       		.uleb128 0x6
 653 03c4 83020000 		.4byte	.LASF58
 654 03c8 09       		.byte	0x9
 655 03c9 34       		.byte	0x34
 656 03ca C3000000 		.4byte	0xc3
 657 03ce 08       		.byte	0x8
 658 03cf 00       		.byte	0
 659 03d0 09       		.uleb128 0x9
 660 03d1 04       		.byte	0x4
 661 03d2 94030000 		.4byte	0x394
 662 03d6 05       		.uleb128 0x5
 663 03d7 9C010000 		.4byte	.LASF59
 664 03db 04       		.byte	0x4
 665 03dc 09       		.byte	0x9
 666 03dd 3C       		.byte	0x3c
 667 03de EF030000 		.4byte	0x3ef
 668 03e2 06       		.uleb128 0x6
 669 03e3 AC030000 		.4byte	.LASF60
 670 03e7 09       		.byte	0x9
 671 03e8 3D       		.byte	0x3d
 672 03e9 D0030000 		.4byte	0x3d0
 673 03ed 00       		.byte	0
 674 03ee 00       		.byte	0
 675 03ef 04       		.uleb128 0x4
 676 03f0 9C010000 		.4byte	.LASF59
 677 03f4 09       		.byte	0x9
 678 03f5 40       		.byte	0x40
 679 03f6 D6030000 		.4byte	0x3d6
 680 03fa 10       		.uleb128 0x10
ARM GAS  /tmp/cc3R40eZ.s 			page 13


 681 03fb 04       		.byte	0x4
 682 03fc 05       		.byte	0x5
 683 03fd 90       		.byte	0x90
 684 03fe 2F040000 		.4byte	0x42f
 685 0402 11       		.uleb128 0x11
 686 0403 1F000000 		.4byte	.LASF61
 687 0407 05       		.byte	0x5
 688 0408 97       		.byte	0x97
 689 0409 B8000000 		.4byte	0xb8
 690 040d 11       		.uleb128 0x11
 691 040e E5000000 		.4byte	.LASF62
 692 0412 05       		.byte	0x5
 693 0413 9E       		.byte	0x9e
 694 0414 B8000000 		.4byte	0xb8
 695 0418 11       		.uleb128 0x11
 696 0419 9E030000 		.4byte	.LASF63
 697 041d 05       		.byte	0x5
 698 041e A5       		.byte	0xa5
 699 041f 32020000 		.4byte	0x232
 700 0423 11       		.uleb128 0x11
 701 0424 E0020000 		.4byte	.LASF64
 702 0428 05       		.byte	0x5
 703 0429 AC       		.byte	0xac
 704 042a C3000000 		.4byte	0xc3
 705 042e 00       		.byte	0
 706 042f 09       		.uleb128 0x9
 707 0430 04       		.byte	0x4
 708 0431 35040000 		.4byte	0x435
 709 0435 12       		.uleb128 0x12
 710 0436 3A040000 		.4byte	0x43a
 711 043a 03       		.uleb128 0x3
 712 043b 01       		.byte	0x1
 713 043c 08       		.byte	0x8
 714 043d 29030000 		.4byte	.LASF65
 715 0441 09       		.uleb128 0x9
 716 0442 04       		.byte	0x4
 717 0443 89030000 		.4byte	0x389
 718 0447 08       		.uleb128 0x8
 719 0448 1C       		.byte	0x1c
 720 0449 0A       		.byte	0xa
 721 044a 2A       		.byte	0x2a
 722 044b 74040000 		.4byte	0x474
 723 044f 06       		.uleb128 0x6
 724 0450 B4030000 		.4byte	.LASF66
 725 0454 0A       		.byte	0xa
 726 0455 2B       		.byte	0x2b
 727 0456 F3020000 		.4byte	0x2f3
 728 045a 00       		.byte	0
 729 045b 06       		.uleb128 0x6
 730 045c 26020000 		.4byte	.LASF67
 731 0460 0A       		.byte	0xa
 732 0461 2C       		.byte	0x2c
 733 0462 EF030000 		.4byte	0x3ef
 734 0466 14       		.byte	0x14
 735 0467 06       		.uleb128 0x6
 736 0468 00000000 		.4byte	.LASF68
 737 046c 0A       		.byte	0xa
ARM GAS  /tmp/cc3R40eZ.s 			page 14


 738 046d 2D       		.byte	0x2d
 739 046e CE000000 		.4byte	0xce
 740 0472 18       		.byte	0x18
 741 0473 00       		.byte	0
 742 0474 04       		.uleb128 0x4
 743 0475 18010000 		.4byte	.LASF69
 744 0479 0A       		.byte	0xa
 745 047a 2E       		.byte	0x2e
 746 047b 47040000 		.4byte	0x447
 747 047f 13       		.uleb128 0x13
 748 0480 2E030000 		.4byte	.LASF77
 749 0484 01       		.byte	0x1
 750 0485 27       		.byte	0x27
 751 0486 00000000 		.4byte	.LFB7
 752 048a 22000000 		.4byte	.LFE7-.LFB7
 753 048e 01       		.uleb128 0x1
 754 048f 9C       		.byte	0x9c
 755 0490 EB040000 		.4byte	0x4eb
 756 0494 14       		.uleb128 0x14
 757 0495 7000     		.ascii	"p\000"
 758 0497 01       		.byte	0x1
 759 0498 27       		.byte	0x27
 760 0499 32020000 		.4byte	0x232
 761 049d 00000000 		.4byte	.LLST0
 762 04a1 15       		.uleb128 0x15
 763 04a2 65747000 		.ascii	"etp\000"
 764 04a6 01       		.byte	0x1
 765 04a7 28       		.byte	0x28
 766 04a8 EB040000 		.4byte	0x4eb
 767 04ac 37000000 		.4byte	.LLST1
 768 04b0 16       		.uleb128 0x16
 769 04b1 0C000000 		.4byte	.LVL3
 770 04b5 D5050000 		.4byte	0x5d5
 771 04b9 C9040000 		.4byte	0x4c9
 772 04bd 17       		.uleb128 0x17
 773 04be 01       		.uleb128 0x1
 774 04bf 51       		.byte	0x51
 775 04c0 01       		.uleb128 0x1
 776 04c1 30       		.byte	0x30
 777 04c2 17       		.uleb128 0x17
 778 04c3 01       		.uleb128 0x1
 779 04c4 50       		.byte	0x50
 780 04c5 02       		.uleb128 0x2
 781 04c6 74       		.byte	0x74
 782 04c7 14       		.sleb128 20
 783 04c8 00       		.byte	0
 784 04c9 18       		.uleb128 0x18
 785 04ca 22000000 		.4byte	.LVL5
 786 04ce F1050000 		.4byte	0x5f1
 787 04d2 17       		.uleb128 0x17
 788 04d3 01       		.uleb128 0x1
 789 04d4 53       		.byte	0x53
 790 04d5 03       		.uleb128 0x3
 791 04d6 F3       		.byte	0xf3
 792 04d7 01       		.uleb128 0x1
 793 04d8 50       		.byte	0x50
 794 04d9 17       		.uleb128 0x17
ARM GAS  /tmp/cc3R40eZ.s 			page 15


 795 04da 01       		.uleb128 0x1
 796 04db 52       		.byte	0x52
 797 04dc 05       		.uleb128 0x5
 798 04dd 03       		.byte	0x3
 799 04de 00000000 		.4byte	tmrcb
 800 04e2 17       		.uleb128 0x17
 801 04e3 01       		.uleb128 0x1
 802 04e4 50       		.byte	0x50
 803 04e5 03       		.uleb128 0x3
 804 04e6 F3       		.byte	0xf3
 805 04e7 01       		.uleb128 0x1
 806 04e8 50       		.byte	0x50
 807 04e9 00       		.byte	0
 808 04ea 00       		.byte	0
 809 04eb 09       		.uleb128 0x9
 810 04ec 04       		.byte	0x4
 811 04ed 74040000 		.4byte	0x474
 812 04f1 19       		.uleb128 0x19
 813 04f2 EE000000 		.4byte	.LASF70
 814 04f6 01       		.byte	0x1
 815 04f7 34       		.byte	0x34
 816 04f8 00000000 		.4byte	.LFB8
 817 04fc 2C000000 		.4byte	.LFE8-.LFB8
 818 0500 01       		.uleb128 0x1
 819 0501 9C       		.byte	0x9c
 820 0502 69050000 		.4byte	0x569
 821 0506 14       		.uleb128 0x14
 822 0507 65747000 		.ascii	"etp\000"
 823 050b 01       		.byte	0x1
 824 050c 34       		.byte	0x34
 825 050d EB040000 		.4byte	0x4eb
 826 0511 6E000000 		.4byte	.LLST2
 827 0515 1A       		.uleb128 0x1a
 828 0516 02000000 		.4byte	.LBB2
 829 051a 06000000 		.4byte	.LBE2-.LBB2
 830 051e 30050000 		.4byte	0x530
 831 0522 1B       		.uleb128 0x1b
 832 0523 746D7000 		.ascii	"tmp\000"
 833 0527 01       		.byte	0x1
 834 0528 36       		.byte	0x36
 835 0529 6C000000 		.4byte	0x6c
 836 052d 01       		.uleb128 0x1
 837 052e 53       		.byte	0x53
 838 052f 00       		.byte	0
 839 0530 1C       		.uleb128 0x1c
 840 0531 00000000 		.4byte	.Ldebug_ranges0+0
 841 0535 47050000 		.4byte	0x547
 842 0539 1B       		.uleb128 0x1b
 843 053a 746D7000 		.ascii	"tmp\000"
 844 053e 01       		.byte	0x1
 845 053f 3B       		.byte	0x3b
 846 0540 6C000000 		.4byte	0x6c
 847 0544 01       		.uleb128 0x1
 848 0545 53       		.byte	0x53
 849 0546 00       		.byte	0
 850 0547 1D       		.uleb128 0x1d
 851 0548 24000000 		.4byte	.LVL7
ARM GAS  /tmp/cc3R40eZ.s 			page 16


 852 054c F1050000 		.4byte	0x5f1
 853 0550 17       		.uleb128 0x17
 854 0551 01       		.uleb128 0x1
 855 0552 53       		.byte	0x53
 856 0553 03       		.uleb128 0x3
 857 0554 F3       		.byte	0xf3
 858 0555 01       		.uleb128 0x1
 859 0556 50       		.byte	0x50
 860 0557 17       		.uleb128 0x17
 861 0558 01       		.uleb128 0x1
 862 0559 52       		.byte	0x52
 863 055a 05       		.uleb128 0x5
 864 055b 03       		.byte	0x3
 865 055c 00000000 		.4byte	tmrcb
 866 0560 17       		.uleb128 0x17
 867 0561 01       		.uleb128 0x1
 868 0562 50       		.byte	0x50
 869 0563 03       		.uleb128 0x3
 870 0564 F3       		.byte	0xf3
 871 0565 01       		.uleb128 0x1
 872 0566 50       		.byte	0x50
 873 0567 00       		.byte	0
 874 0568 00       		.byte	0
 875 0569 19       		.uleb128 0x19
 876 056a 59030000 		.4byte	.LASF71
 877 056e 01       		.byte	0x1
 878 056f 44       		.byte	0x44
 879 0570 00000000 		.4byte	.LFB9
 880 0574 18000000 		.4byte	.LFE9-.LFB9
 881 0578 01       		.uleb128 0x1
 882 0579 9C       		.byte	0x9c
 883 057a D5050000 		.4byte	0x5d5
 884 057e 14       		.uleb128 0x14
 885 057f 65747000 		.ascii	"etp\000"
 886 0583 01       		.byte	0x1
 887 0584 44       		.byte	0x44
 888 0585 EB040000 		.4byte	0x4eb
 889 0589 8F000000 		.4byte	.LLST3
 890 058d 1A       		.uleb128 0x1a
 891 058e 02000000 		.4byte	.LBB5
 892 0592 06000000 		.4byte	.LBE5-.LBB5
 893 0596 A8050000 		.4byte	0x5a8
 894 059a 1B       		.uleb128 0x1b
 895 059b 746D7000 		.ascii	"tmp\000"
 896 059f 01       		.byte	0x1
 897 05a0 46       		.byte	0x46
 898 05a1 6C000000 		.4byte	0x6c
 899 05a5 01       		.uleb128 0x1
 900 05a6 53       		.byte	0x53
 901 05a7 00       		.byte	0
 902 05a8 1A       		.uleb128 0x1a
 903 05a9 10000000 		.4byte	.LBB6
 904 05ad 08000000 		.4byte	.LBE6-.LBB6
 905 05b1 C3050000 		.4byte	0x5c3
 906 05b5 1B       		.uleb128 0x1b
 907 05b6 746D7000 		.ascii	"tmp\000"
 908 05ba 01       		.byte	0x1
ARM GAS  /tmp/cc3R40eZ.s 			page 17


 909 05bb 4B       		.byte	0x4b
 910 05bc 6C000000 		.4byte	0x6c
 911 05c0 01       		.uleb128 0x1
 912 05c1 53       		.byte	0x53
 913 05c2 00       		.byte	0
 914 05c3 1D       		.uleb128 0x1d
 915 05c4 10000000 		.4byte	.LVL9
 916 05c8 11060000 		.4byte	0x611
 917 05cc 17       		.uleb128 0x17
 918 05cd 01       		.uleb128 0x1
 919 05ce 50       		.byte	0x50
 920 05cf 03       		.uleb128 0x3
 921 05d0 F3       		.byte	0xf3
 922 05d1 01       		.uleb128 0x1
 923 05d2 50       		.byte	0x50
 924 05d3 00       		.byte	0
 925 05d4 00       		.byte	0
 926 05d5 1E       		.uleb128 0x1e
 927 05d6 6E010000 		.4byte	.LASF72
 928 05da 09       		.byte	0x9
 929 05db B3       		.byte	0xb3
 930 05dc EB050000 		.4byte	0x5eb
 931 05e0 0E       		.uleb128 0xe
 932 05e1 EB050000 		.4byte	0x5eb
 933 05e5 0E       		.uleb128 0xe
 934 05e6 C3000000 		.4byte	0xc3
 935 05ea 00       		.byte	0
 936 05eb 09       		.uleb128 0x9
 937 05ec 04       		.byte	0x4
 938 05ed EF030000 		.4byte	0x3ef
 939 05f1 1E       		.uleb128 0x1e
 940 05f2 3D020000 		.4byte	.LASF73
 941 05f6 07       		.byte	0x7
 942 05f7 B1       		.byte	0xb1
 943 05f8 11060000 		.4byte	0x611
 944 05fc 0E       		.uleb128 0xe
 945 05fd 47030000 		.4byte	0x347
 946 0601 0E       		.uleb128 0xe
 947 0602 CE000000 		.4byte	0xce
 948 0606 0E       		.uleb128 0xe
 949 0607 D7020000 		.4byte	0x2d7
 950 060b 0E       		.uleb128 0xe
 951 060c 32020000 		.4byte	0x232
 952 0610 00       		.byte	0
 953 0611 1F       		.uleb128 0x1f
 954 0612 FD020000 		.4byte	.LASF78
 955 0616 07       		.byte	0x7
 956 0617 B2       		.byte	0xb2
 957 0618 0E       		.uleb128 0xe
 958 0619 47030000 		.4byte	0x347
 959 061d 00       		.byte	0
 960 061e 00       		.byte	0
 961              		.section	.debug_abbrev,"",%progbits
 962              	.Ldebug_abbrev0:
 963 0000 01       		.uleb128 0x1
 964 0001 11       		.uleb128 0x11
 965 0002 01       		.byte	0x1
ARM GAS  /tmp/cc3R40eZ.s 			page 18


 966 0003 25       		.uleb128 0x25
 967 0004 0E       		.uleb128 0xe
 968 0005 13       		.uleb128 0x13
 969 0006 0B       		.uleb128 0xb
 970 0007 03       		.uleb128 0x3
 971 0008 0E       		.uleb128 0xe
 972 0009 1B       		.uleb128 0x1b
 973 000a 0E       		.uleb128 0xe
 974 000b 55       		.uleb128 0x55
 975 000c 17       		.uleb128 0x17
 976 000d 11       		.uleb128 0x11
 977 000e 01       		.uleb128 0x1
 978 000f 10       		.uleb128 0x10
 979 0010 17       		.uleb128 0x17
 980 0011 00       		.byte	0
 981 0012 00       		.byte	0
 982 0013 02       		.uleb128 0x2
 983 0014 24       		.uleb128 0x24
 984 0015 00       		.byte	0
 985 0016 0B       		.uleb128 0xb
 986 0017 0B       		.uleb128 0xb
 987 0018 3E       		.uleb128 0x3e
 988 0019 0B       		.uleb128 0xb
 989 001a 03       		.uleb128 0x3
 990 001b 08       		.uleb128 0x8
 991 001c 00       		.byte	0
 992 001d 00       		.byte	0
 993 001e 03       		.uleb128 0x3
 994 001f 24       		.uleb128 0x24
 995 0020 00       		.byte	0
 996 0021 0B       		.uleb128 0xb
 997 0022 0B       		.uleb128 0xb
 998 0023 3E       		.uleb128 0x3e
 999 0024 0B       		.uleb128 0xb
 1000 0025 03       		.uleb128 0x3
 1001 0026 0E       		.uleb128 0xe
 1002 0027 00       		.byte	0
 1003 0028 00       		.byte	0
 1004 0029 04       		.uleb128 0x4
 1005 002a 16       		.uleb128 0x16
 1006 002b 00       		.byte	0
 1007 002c 03       		.uleb128 0x3
 1008 002d 0E       		.uleb128 0xe
 1009 002e 3A       		.uleb128 0x3a
 1010 002f 0B       		.uleb128 0xb
 1011 0030 3B       		.uleb128 0x3b
 1012 0031 0B       		.uleb128 0xb
 1013 0032 49       		.uleb128 0x49
 1014 0033 13       		.uleb128 0x13
 1015 0034 00       		.byte	0
 1016 0035 00       		.byte	0
 1017 0036 05       		.uleb128 0x5
 1018 0037 13       		.uleb128 0x13
 1019 0038 01       		.byte	0x1
 1020 0039 03       		.uleb128 0x3
 1021 003a 0E       		.uleb128 0xe
 1022 003b 0B       		.uleb128 0xb
ARM GAS  /tmp/cc3R40eZ.s 			page 19


 1023 003c 0B       		.uleb128 0xb
 1024 003d 3A       		.uleb128 0x3a
 1025 003e 0B       		.uleb128 0xb
 1026 003f 3B       		.uleb128 0x3b
 1027 0040 0B       		.uleb128 0xb
 1028 0041 01       		.uleb128 0x1
 1029 0042 13       		.uleb128 0x13
 1030 0043 00       		.byte	0
 1031 0044 00       		.byte	0
 1032 0045 06       		.uleb128 0x6
 1033 0046 0D       		.uleb128 0xd
 1034 0047 00       		.byte	0
 1035 0048 03       		.uleb128 0x3
 1036 0049 0E       		.uleb128 0xe
 1037 004a 3A       		.uleb128 0x3a
 1038 004b 0B       		.uleb128 0xb
 1039 004c 3B       		.uleb128 0x3b
 1040 004d 0B       		.uleb128 0xb
 1041 004e 49       		.uleb128 0x49
 1042 004f 13       		.uleb128 0x13
 1043 0050 38       		.uleb128 0x38
 1044 0051 0B       		.uleb128 0xb
 1045 0052 00       		.byte	0
 1046 0053 00       		.byte	0
 1047 0054 07       		.uleb128 0x7
 1048 0055 0D       		.uleb128 0xd
 1049 0056 00       		.byte	0
 1050 0057 03       		.uleb128 0x3
 1051 0058 08       		.uleb128 0x8
 1052 0059 3A       		.uleb128 0x3a
 1053 005a 0B       		.uleb128 0xb
 1054 005b 3B       		.uleb128 0x3b
 1055 005c 0B       		.uleb128 0xb
 1056 005d 49       		.uleb128 0x49
 1057 005e 13       		.uleb128 0x13
 1058 005f 38       		.uleb128 0x38
 1059 0060 0B       		.uleb128 0xb
 1060 0061 00       		.byte	0
 1061 0062 00       		.byte	0
 1062 0063 08       		.uleb128 0x8
 1063 0064 13       		.uleb128 0x13
 1064 0065 01       		.byte	0x1
 1065 0066 0B       		.uleb128 0xb
 1066 0067 0B       		.uleb128 0xb
 1067 0068 3A       		.uleb128 0x3a
 1068 0069 0B       		.uleb128 0xb
 1069 006a 3B       		.uleb128 0x3b
 1070 006b 0B       		.uleb128 0xb
 1071 006c 01       		.uleb128 0x1
 1072 006d 13       		.uleb128 0x13
 1073 006e 00       		.byte	0
 1074 006f 00       		.byte	0
 1075 0070 09       		.uleb128 0x9
 1076 0071 0F       		.uleb128 0xf
 1077 0072 00       		.byte	0
 1078 0073 0B       		.uleb128 0xb
 1079 0074 0B       		.uleb128 0xb
ARM GAS  /tmp/cc3R40eZ.s 			page 20


 1080 0075 49       		.uleb128 0x49
 1081 0076 13       		.uleb128 0x13
 1082 0077 00       		.byte	0
 1083 0078 00       		.byte	0
 1084 0079 0A       		.uleb128 0xa
 1085 007a 0F       		.uleb128 0xf
 1086 007b 00       		.byte	0
 1087 007c 0B       		.uleb128 0xb
 1088 007d 0B       		.uleb128 0xb
 1089 007e 00       		.byte	0
 1090 007f 00       		.byte	0
 1091 0080 0B       		.uleb128 0xb
 1092 0081 0D       		.uleb128 0xd
 1093 0082 00       		.byte	0
 1094 0083 03       		.uleb128 0x3
 1095 0084 08       		.uleb128 0x8
 1096 0085 3A       		.uleb128 0x3a
 1097 0086 0B       		.uleb128 0xb
 1098 0087 3B       		.uleb128 0x3b
 1099 0088 05       		.uleb128 0x5
 1100 0089 49       		.uleb128 0x49
 1101 008a 13       		.uleb128 0x13
 1102 008b 38       		.uleb128 0x38
 1103 008c 0B       		.uleb128 0xb
 1104 008d 00       		.byte	0
 1105 008e 00       		.byte	0
 1106 008f 0C       		.uleb128 0xc
 1107 0090 13       		.uleb128 0x13
 1108 0091 01       		.byte	0x1
 1109 0092 03       		.uleb128 0x3
 1110 0093 0E       		.uleb128 0xe
 1111 0094 0B       		.uleb128 0xb
 1112 0095 0B       		.uleb128 0xb
 1113 0096 3A       		.uleb128 0x3a
 1114 0097 0B       		.uleb128 0xb
 1115 0098 3B       		.uleb128 0x3b
 1116 0099 05       		.uleb128 0x5
 1117 009a 01       		.uleb128 0x1
 1118 009b 13       		.uleb128 0x13
 1119 009c 00       		.byte	0
 1120 009d 00       		.byte	0
 1121 009e 0D       		.uleb128 0xd
 1122 009f 15       		.uleb128 0x15
 1123 00a0 01       		.byte	0x1
 1124 00a1 27       		.uleb128 0x27
 1125 00a2 19       		.uleb128 0x19
 1126 00a3 01       		.uleb128 0x1
 1127 00a4 13       		.uleb128 0x13
 1128 00a5 00       		.byte	0
 1129 00a6 00       		.byte	0
 1130 00a7 0E       		.uleb128 0xe
 1131 00a8 05       		.uleb128 0x5
 1132 00a9 00       		.byte	0
 1133 00aa 49       		.uleb128 0x49
 1134 00ab 13       		.uleb128 0x13
 1135 00ac 00       		.byte	0
 1136 00ad 00       		.byte	0
ARM GAS  /tmp/cc3R40eZ.s 			page 21


 1137 00ae 0F       		.uleb128 0xf
 1138 00af 35       		.uleb128 0x35
 1139 00b0 00       		.byte	0
 1140 00b1 49       		.uleb128 0x49
 1141 00b2 13       		.uleb128 0x13
 1142 00b3 00       		.byte	0
 1143 00b4 00       		.byte	0
 1144 00b5 10       		.uleb128 0x10
 1145 00b6 17       		.uleb128 0x17
 1146 00b7 01       		.byte	0x1
 1147 00b8 0B       		.uleb128 0xb
 1148 00b9 0B       		.uleb128 0xb
 1149 00ba 3A       		.uleb128 0x3a
 1150 00bb 0B       		.uleb128 0xb
 1151 00bc 3B       		.uleb128 0x3b
 1152 00bd 0B       		.uleb128 0xb
 1153 00be 01       		.uleb128 0x1
 1154 00bf 13       		.uleb128 0x13
 1155 00c0 00       		.byte	0
 1156 00c1 00       		.byte	0
 1157 00c2 11       		.uleb128 0x11
 1158 00c3 0D       		.uleb128 0xd
 1159 00c4 00       		.byte	0
 1160 00c5 03       		.uleb128 0x3
 1161 00c6 0E       		.uleb128 0xe
 1162 00c7 3A       		.uleb128 0x3a
 1163 00c8 0B       		.uleb128 0xb
 1164 00c9 3B       		.uleb128 0x3b
 1165 00ca 0B       		.uleb128 0xb
 1166 00cb 49       		.uleb128 0x49
 1167 00cc 13       		.uleb128 0x13
 1168 00cd 00       		.byte	0
 1169 00ce 00       		.byte	0
 1170 00cf 12       		.uleb128 0x12
 1171 00d0 26       		.uleb128 0x26
 1172 00d1 00       		.byte	0
 1173 00d2 49       		.uleb128 0x49
 1174 00d3 13       		.uleb128 0x13
 1175 00d4 00       		.byte	0
 1176 00d5 00       		.byte	0
 1177 00d6 13       		.uleb128 0x13
 1178 00d7 2E       		.uleb128 0x2e
 1179 00d8 01       		.byte	0x1
 1180 00d9 03       		.uleb128 0x3
 1181 00da 0E       		.uleb128 0xe
 1182 00db 3A       		.uleb128 0x3a
 1183 00dc 0B       		.uleb128 0xb
 1184 00dd 3B       		.uleb128 0x3b
 1185 00de 0B       		.uleb128 0xb
 1186 00df 27       		.uleb128 0x27
 1187 00e0 19       		.uleb128 0x19
 1188 00e1 11       		.uleb128 0x11
 1189 00e2 01       		.uleb128 0x1
 1190 00e3 12       		.uleb128 0x12
 1191 00e4 06       		.uleb128 0x6
 1192 00e5 40       		.uleb128 0x40
 1193 00e6 18       		.uleb128 0x18
ARM GAS  /tmp/cc3R40eZ.s 			page 22


 1194 00e7 9742     		.uleb128 0x2117
 1195 00e9 19       		.uleb128 0x19
 1196 00ea 01       		.uleb128 0x1
 1197 00eb 13       		.uleb128 0x13
 1198 00ec 00       		.byte	0
 1199 00ed 00       		.byte	0
 1200 00ee 14       		.uleb128 0x14
 1201 00ef 05       		.uleb128 0x5
 1202 00f0 00       		.byte	0
 1203 00f1 03       		.uleb128 0x3
 1204 00f2 08       		.uleb128 0x8
 1205 00f3 3A       		.uleb128 0x3a
 1206 00f4 0B       		.uleb128 0xb
 1207 00f5 3B       		.uleb128 0x3b
 1208 00f6 0B       		.uleb128 0xb
 1209 00f7 49       		.uleb128 0x49
 1210 00f8 13       		.uleb128 0x13
 1211 00f9 02       		.uleb128 0x2
 1212 00fa 17       		.uleb128 0x17
 1213 00fb 00       		.byte	0
 1214 00fc 00       		.byte	0
 1215 00fd 15       		.uleb128 0x15
 1216 00fe 34       		.uleb128 0x34
 1217 00ff 00       		.byte	0
 1218 0100 03       		.uleb128 0x3
 1219 0101 08       		.uleb128 0x8
 1220 0102 3A       		.uleb128 0x3a
 1221 0103 0B       		.uleb128 0xb
 1222 0104 3B       		.uleb128 0x3b
 1223 0105 0B       		.uleb128 0xb
 1224 0106 49       		.uleb128 0x49
 1225 0107 13       		.uleb128 0x13
 1226 0108 02       		.uleb128 0x2
 1227 0109 17       		.uleb128 0x17
 1228 010a 00       		.byte	0
 1229 010b 00       		.byte	0
 1230 010c 16       		.uleb128 0x16
 1231 010d 898201   		.uleb128 0x4109
 1232 0110 01       		.byte	0x1
 1233 0111 11       		.uleb128 0x11
 1234 0112 01       		.uleb128 0x1
 1235 0113 31       		.uleb128 0x31
 1236 0114 13       		.uleb128 0x13
 1237 0115 01       		.uleb128 0x1
 1238 0116 13       		.uleb128 0x13
 1239 0117 00       		.byte	0
 1240 0118 00       		.byte	0
 1241 0119 17       		.uleb128 0x17
 1242 011a 8A8201   		.uleb128 0x410a
 1243 011d 00       		.byte	0
 1244 011e 02       		.uleb128 0x2
 1245 011f 18       		.uleb128 0x18
 1246 0120 9142     		.uleb128 0x2111
 1247 0122 18       		.uleb128 0x18
 1248 0123 00       		.byte	0
 1249 0124 00       		.byte	0
 1250 0125 18       		.uleb128 0x18
ARM GAS  /tmp/cc3R40eZ.s 			page 23


 1251 0126 898201   		.uleb128 0x4109
 1252 0129 01       		.byte	0x1
 1253 012a 11       		.uleb128 0x11
 1254 012b 01       		.uleb128 0x1
 1255 012c 9542     		.uleb128 0x2115
 1256 012e 19       		.uleb128 0x19
 1257 012f 31       		.uleb128 0x31
 1258 0130 13       		.uleb128 0x13
 1259 0131 00       		.byte	0
 1260 0132 00       		.byte	0
 1261 0133 19       		.uleb128 0x19
 1262 0134 2E       		.uleb128 0x2e
 1263 0135 01       		.byte	0x1
 1264 0136 3F       		.uleb128 0x3f
 1265 0137 19       		.uleb128 0x19
 1266 0138 03       		.uleb128 0x3
 1267 0139 0E       		.uleb128 0xe
 1268 013a 3A       		.uleb128 0x3a
 1269 013b 0B       		.uleb128 0xb
 1270 013c 3B       		.uleb128 0x3b
 1271 013d 0B       		.uleb128 0xb
 1272 013e 27       		.uleb128 0x27
 1273 013f 19       		.uleb128 0x19
 1274 0140 11       		.uleb128 0x11
 1275 0141 01       		.uleb128 0x1
 1276 0142 12       		.uleb128 0x12
 1277 0143 06       		.uleb128 0x6
 1278 0144 40       		.uleb128 0x40
 1279 0145 18       		.uleb128 0x18
 1280 0146 9742     		.uleb128 0x2117
 1281 0148 19       		.uleb128 0x19
 1282 0149 01       		.uleb128 0x1
 1283 014a 13       		.uleb128 0x13
 1284 014b 00       		.byte	0
 1285 014c 00       		.byte	0
 1286 014d 1A       		.uleb128 0x1a
 1287 014e 0B       		.uleb128 0xb
 1288 014f 01       		.byte	0x1
 1289 0150 11       		.uleb128 0x11
 1290 0151 01       		.uleb128 0x1
 1291 0152 12       		.uleb128 0x12
 1292 0153 06       		.uleb128 0x6
 1293 0154 01       		.uleb128 0x1
 1294 0155 13       		.uleb128 0x13
 1295 0156 00       		.byte	0
 1296 0157 00       		.byte	0
 1297 0158 1B       		.uleb128 0x1b
 1298 0159 34       		.uleb128 0x34
 1299 015a 00       		.byte	0
 1300 015b 03       		.uleb128 0x3
 1301 015c 08       		.uleb128 0x8
 1302 015d 3A       		.uleb128 0x3a
 1303 015e 0B       		.uleb128 0xb
 1304 015f 3B       		.uleb128 0x3b
 1305 0160 0B       		.uleb128 0xb
 1306 0161 49       		.uleb128 0x49
 1307 0162 13       		.uleb128 0x13
ARM GAS  /tmp/cc3R40eZ.s 			page 24


 1308 0163 02       		.uleb128 0x2
 1309 0164 18       		.uleb128 0x18
 1310 0165 00       		.byte	0
 1311 0166 00       		.byte	0
 1312 0167 1C       		.uleb128 0x1c
 1313 0168 0B       		.uleb128 0xb
 1314 0169 01       		.byte	0x1
 1315 016a 55       		.uleb128 0x55
 1316 016b 17       		.uleb128 0x17
 1317 016c 01       		.uleb128 0x1
 1318 016d 13       		.uleb128 0x13
 1319 016e 00       		.byte	0
 1320 016f 00       		.byte	0
 1321 0170 1D       		.uleb128 0x1d
 1322 0171 898201   		.uleb128 0x4109
 1323 0174 01       		.byte	0x1
 1324 0175 11       		.uleb128 0x11
 1325 0176 01       		.uleb128 0x1
 1326 0177 31       		.uleb128 0x31
 1327 0178 13       		.uleb128 0x13
 1328 0179 00       		.byte	0
 1329 017a 00       		.byte	0
 1330 017b 1E       		.uleb128 0x1e
 1331 017c 2E       		.uleb128 0x2e
 1332 017d 01       		.byte	0x1
 1333 017e 3F       		.uleb128 0x3f
 1334 017f 19       		.uleb128 0x19
 1335 0180 03       		.uleb128 0x3
 1336 0181 0E       		.uleb128 0xe
 1337 0182 3A       		.uleb128 0x3a
 1338 0183 0B       		.uleb128 0xb
 1339 0184 3B       		.uleb128 0x3b
 1340 0185 0B       		.uleb128 0xb
 1341 0186 27       		.uleb128 0x27
 1342 0187 19       		.uleb128 0x19
 1343 0188 3C       		.uleb128 0x3c
 1344 0189 19       		.uleb128 0x19
 1345 018a 01       		.uleb128 0x1
 1346 018b 13       		.uleb128 0x13
 1347 018c 00       		.byte	0
 1348 018d 00       		.byte	0
 1349 018e 1F       		.uleb128 0x1f
 1350 018f 2E       		.uleb128 0x2e
 1351 0190 01       		.byte	0x1
 1352 0191 3F       		.uleb128 0x3f
 1353 0192 19       		.uleb128 0x19
 1354 0193 03       		.uleb128 0x3
 1355 0194 0E       		.uleb128 0xe
 1356 0195 3A       		.uleb128 0x3a
 1357 0196 0B       		.uleb128 0xb
 1358 0197 3B       		.uleb128 0x3b
 1359 0198 0B       		.uleb128 0xb
 1360 0199 27       		.uleb128 0x27
 1361 019a 19       		.uleb128 0x19
 1362 019b 3C       		.uleb128 0x3c
 1363 019c 19       		.uleb128 0x19
 1364 019d 00       		.byte	0
ARM GAS  /tmp/cc3R40eZ.s 			page 25


 1365 019e 00       		.byte	0
 1366 019f 00       		.byte	0
 1367              		.section	.debug_loc,"",%progbits
 1368              	.Ldebug_loc0:
 1369              	.LLST0:
 1370 0000 00000000 		.4byte	.LVL0
 1371 0004 08000000 		.4byte	.LVL2
 1372 0008 0100     		.2byte	0x1
 1373 000a 50       		.byte	0x50
 1374 000b 08000000 		.4byte	.LVL2
 1375 000f 1E000000 		.4byte	.LVL4
 1376 0013 0100     		.2byte	0x1
 1377 0015 54       		.byte	0x54
 1378 0016 1E000000 		.4byte	.LVL4
 1379 001a 21000000 		.4byte	.LVL5-1
 1380 001e 0100     		.2byte	0x1
 1381 0020 50       		.byte	0x50
 1382 0021 21000000 		.4byte	.LVL5-1
 1383 0025 22000000 		.4byte	.LFE7
 1384 0029 0400     		.2byte	0x4
 1385 002b F3       		.byte	0xf3
 1386 002c 01       		.uleb128 0x1
 1387 002d 50       		.byte	0x50
 1388 002e 9F       		.byte	0x9f
 1389 002f 00000000 		.4byte	0
 1390 0033 00000000 		.4byte	0
 1391              	.LLST1:
 1392 0037 06000000 		.4byte	.LVL1
 1393 003b 08000000 		.4byte	.LVL2
 1394 003f 0100     		.2byte	0x1
 1395 0041 50       		.byte	0x50
 1396 0042 08000000 		.4byte	.LVL2
 1397 0046 1E000000 		.4byte	.LVL4
 1398 004a 0100     		.2byte	0x1
 1399 004c 54       		.byte	0x54
 1400 004d 1E000000 		.4byte	.LVL4
 1401 0051 21000000 		.4byte	.LVL5-1
 1402 0055 0100     		.2byte	0x1
 1403 0057 50       		.byte	0x50
 1404 0058 21000000 		.4byte	.LVL5-1
 1405 005c 22000000 		.4byte	.LFE7
 1406 0060 0400     		.2byte	0x4
 1407 0062 F3       		.byte	0xf3
 1408 0063 01       		.uleb128 0x1
 1409 0064 50       		.byte	0x50
 1410 0065 9F       		.byte	0x9f
 1411 0066 00000000 		.4byte	0
 1412 006a 00000000 		.4byte	0
 1413              	.LLST2:
 1414 006e 00000000 		.4byte	.LVL6
 1415 0072 23000000 		.4byte	.LVL7-1
 1416 0076 0100     		.2byte	0x1
 1417 0078 50       		.byte	0x50
 1418 0079 23000000 		.4byte	.LVL7-1
 1419 007d 2C000000 		.4byte	.LFE8
 1420 0081 0400     		.2byte	0x4
 1421 0083 F3       		.byte	0xf3
ARM GAS  /tmp/cc3R40eZ.s 			page 26


 1422 0084 01       		.uleb128 0x1
 1423 0085 50       		.byte	0x50
 1424 0086 9F       		.byte	0x9f
 1425 0087 00000000 		.4byte	0
 1426 008b 00000000 		.4byte	0
 1427              	.LLST3:
 1428 008f 00000000 		.4byte	.LVL8
 1429 0093 0F000000 		.4byte	.LVL9-1
 1430 0097 0100     		.2byte	0x1
 1431 0099 50       		.byte	0x50
 1432 009a 0F000000 		.4byte	.LVL9-1
 1433 009e 18000000 		.4byte	.LFE9
 1434 00a2 0400     		.2byte	0x4
 1435 00a4 F3       		.byte	0xf3
 1436 00a5 01       		.uleb128 0x1
 1437 00a6 50       		.byte	0x50
 1438 00a7 9F       		.byte	0x9f
 1439 00a8 00000000 		.4byte	0
 1440 00ac 00000000 		.4byte	0
 1441              		.section	.debug_aranges,"",%progbits
 1442 0000 2C000000 		.4byte	0x2c
 1443 0004 0200     		.2byte	0x2
 1444 0006 00000000 		.4byte	.Ldebug_info0
 1445 000a 04       		.byte	0x4
 1446 000b 00       		.byte	0
 1447 000c 0000     		.2byte	0
 1448 000e 0000     		.2byte	0
 1449 0010 00000000 		.4byte	.LFB7
 1450 0014 22000000 		.4byte	.LFE7-.LFB7
 1451 0018 00000000 		.4byte	.LFB8
 1452 001c 2C000000 		.4byte	.LFE8-.LFB8
 1453 0020 00000000 		.4byte	.LFB9
 1454 0024 18000000 		.4byte	.LFE9-.LFB9
 1455 0028 00000000 		.4byte	0
 1456 002c 00000000 		.4byte	0
 1457              		.section	.debug_ranges,"",%progbits
 1458              	.Ldebug_ranges0:
 1459 0000 0C000000 		.4byte	.LBB3
 1460 0004 14000000 		.4byte	.LBE3
 1461 0008 24000000 		.4byte	.LBB4
 1462 000c 2C000000 		.4byte	.LBE4
 1463 0010 00000000 		.4byte	0
 1464 0014 00000000 		.4byte	0
 1465 0018 00000000 		.4byte	.LFB7
 1466 001c 22000000 		.4byte	.LFE7
 1467 0020 00000000 		.4byte	.LFB8
 1468 0024 2C000000 		.4byte	.LFE8
 1469 0028 00000000 		.4byte	.LFB9
 1470 002c 18000000 		.4byte	.LFE9
 1471 0030 00000000 		.4byte	0
 1472 0034 00000000 		.4byte	0
 1473              		.section	.debug_line,"",%progbits
 1474              	.Ldebug_line0:
 1475 0000 7C010000 		.section	.debug_str,"MS",%progbits,1
 1475      02003901 
 1475      00000201 
 1475      FB0E0D00 
ARM GAS  /tmp/cc3R40eZ.s 			page 27


 1475      01010101 
 1476              	.LASF68:
 1477 0000 65745F69 		.ascii	"et_interval\000"
 1477      6E746572 
 1477      76616C00 
 1478              	.LASF38:
 1479 000c 54687265 		.ascii	"ThreadsQueue\000"
 1479      61647351 
 1479      75657565 
 1479      00
 1480              	.LASF33:
 1481 0019 705F6D73 		.ascii	"p_msg\000"
 1481      6700
 1482              	.LASF61:
 1483 001f 7264796D 		.ascii	"rdymsg\000"
 1483      736700
 1484              	.LASF74:
 1485 0026 474E5520 		.ascii	"GNU C 4.8.1 -mcpu=cortex-m3 -mno-thumb-interwork -m"
 1485      4320342E 
 1485      382E3120 
 1485      2D6D6370 
 1485      753D636F 
 1486 0059 7468756D 		.ascii	"thumb -ggdb -O2 -std=gnu99 -fomit-frame-pointer -fa"
 1486      62202D67 
 1486      67646220 
 1486      2D4F3220 
 1486      2D737464 
 1487 008c 6C69676E 		.ascii	"lign-functions=16 -ffunction-sections -fdata-sectio"
 1487      2D66756E 
 1487      6374696F 
 1487      6E733D31 
 1487      36202D66 
 1488 00bf 6E73202D 		.ascii	"ns -fno-common\000"
 1488      666E6F2D 
 1488      636F6D6D 
 1488      6F6E00
 1489              	.LASF11:
 1490 00ce 6C6F6E67 		.ascii	"long long unsigned int\000"
 1490      206C6F6E 
 1490      6720756E 
 1490      7369676E 
 1490      65642069 
 1491              	.LASF62:
 1492 00e5 65786974 		.ascii	"exitcode\000"
 1492      636F6465 
 1492      00
 1493              	.LASF70:
 1494 00ee 65767453 		.ascii	"evtStart\000"
 1494      74617274 
 1494      00
 1495              	.LASF22:
 1496 00f7 705F7072 		.ascii	"p_prio\000"
 1496      696F00
 1497              	.LASF10:
 1498 00fe 6C6F6E67 		.ascii	"long long int\000"
 1498      206C6F6E 
 1498      6720696E 
ARM GAS  /tmp/cc3R40eZ.s 			page 28


 1498      7400
 1499              	.LASF1:
 1500 010c 7369676E 		.ascii	"signed char\000"
 1500      65642063 
 1500      68617200 
 1501              	.LASF69:
 1502 0118 45765469 		.ascii	"EvTimer\000"
 1502      6D657200 
 1503              	.LASF37:
 1504 0120 705F6D70 		.ascii	"p_mpool\000"
 1504      6F6F6C00 
 1505              	.LASF52:
 1506 0128 6D5F7175 		.ascii	"m_queue\000"
 1506      65756500 
 1507              	.LASF75:
 1508 0130 2E2E2F74 		.ascii	"../third_party/ChibiOS/os/various/evtimer.c\000"
 1508      68697264 
 1508      5F706172 
 1508      74792F43 
 1508      68696269 
 1509              	.LASF7:
 1510 015c 6C6F6E67 		.ascii	"long int\000"
 1510      20696E74 
 1510      00
 1511              	.LASF13:
 1512 0165 74737461 		.ascii	"tstate_t\000"
 1512      74655F74 
 1512      00
 1513              	.LASF72:
 1514 016e 63684576 		.ascii	"chEvtBroadcastFlagsI\000"
 1514      7442726F 
 1514      61646361 
 1514      7374466C 
 1514      61677349 
 1515              	.LASF24:
 1516 0183 705F6E65 		.ascii	"p_newer\000"
 1516      77657200 
 1517              	.LASF40:
 1518 018b 72656761 		.ascii	"regarm_t\000"
 1518      726D5F74 
 1518      00
 1519              	.LASF47:
 1520 0194 76745F70 		.ascii	"vt_prev\000"
 1520      72657600 
 1521              	.LASF59:
 1522 019c 4576656E 		.ascii	"EventSource\000"
 1522      74536F75 
 1522      72636500 
 1523              	.LASF0:
 1524 01a8 756E7369 		.ascii	"unsigned int\000"
 1524      676E6564 
 1524      20696E74 
 1524      00
 1525              	.LASF46:
 1526 01b5 76745F6E 		.ascii	"vt_next\000"
 1526      65787400 
 1527              	.LASF9:
ARM GAS  /tmp/cc3R40eZ.s 			page 29


 1528 01bd 6C6F6E67 		.ascii	"long unsigned int\000"
 1528      20756E73 
 1528      69676E65 
 1528      6420696E 
 1528      7400
 1529              	.LASF42:
 1530 01cf 636F6E74 		.ascii	"context\000"
 1530      65787400 
 1531              	.LASF4:
 1532 01d7 73686F72 		.ascii	"short unsigned int\000"
 1532      7420756E 
 1532      7369676E 
 1532      65642069 
 1532      6E7400
 1533              	.LASF16:
 1534 01ea 6D73675F 		.ascii	"msg_t\000"
 1534      7400
 1535              	.LASF56:
 1536 01f0 656C5F6E 		.ascii	"el_next\000"
 1536      65787400 
 1537              	.LASF12:
 1538 01f8 746D6F64 		.ascii	"tmode_t\000"
 1538      655F7400 
 1539              	.LASF39:
 1540 0200 54687265 		.ascii	"ThreadsList\000"
 1540      6164734C 
 1540      69737400 
 1541              	.LASF17:
 1542 020c 6576656E 		.ascii	"eventmask_t\000"
 1542      746D6173 
 1542      6B5F7400 
 1543              	.LASF51:
 1544 0218 4D757465 		.ascii	"Mutex\000"
 1544      7800
 1545              	.LASF48:
 1546 021e 76745F74 		.ascii	"vt_time\000"
 1546      696D6500 
 1547              	.LASF67:
 1548 0226 65745F65 		.ascii	"et_es\000"
 1548      7300
 1549              	.LASF43:
 1550 022c 73697A65 		.ascii	"sizetype\000"
 1550      74797065 
 1550      00
 1551              	.LASF49:
 1552 0235 76745F66 		.ascii	"vt_func\000"
 1552      756E6300 
 1553              	.LASF73:
 1554 023d 63685654 		.ascii	"chVTSetI\000"
 1554      53657449 
 1554      00
 1555              	.LASF25:
 1556 0246 705F6F6C 		.ascii	"p_older\000"
 1556      64657200 
 1557              	.LASF76:
 1558 024e 2F686F6D 		.ascii	"/home/santi/Documentos/ProyectoDron_2018/MCU/creato"
 1558      652F7361 
ARM GAS  /tmp/cc3R40eZ.s 			page 30


 1558      6E74692F 
 1558      446F6375 
 1558      6D656E74 
 1559 0281 7200     		.ascii	"r\000"
 1560              	.LASF58:
 1561 0283 656C5F6D 		.ascii	"el_mask\000"
 1561      61736B00 
 1562              	.LASF14:
 1563 028b 74726566 		.ascii	"trefs_t\000"
 1563      735F7400 
 1564              	.LASF21:
 1565 0293 705F7072 		.ascii	"p_prev\000"
 1565      657600
 1566              	.LASF15:
 1567 029a 74707269 		.ascii	"tprio_t\000"
 1567      6F5F7400 
 1568              	.LASF6:
 1569 02a2 696E7433 		.ascii	"int32_t\000"
 1569      325F7400 
 1570              	.LASF2:
 1571 02aa 756E7369 		.ascii	"unsigned char\000"
 1571      676E6564 
 1571      20636861 
 1571      7200
 1572              	.LASF57:
 1573 02b8 656C5F6C 		.ascii	"el_listener\000"
 1573      69737465 
 1573      6E657200 
 1574              	.LASF35:
 1575 02c4 705F6D74 		.ascii	"p_mtxlist\000"
 1575      786C6973 
 1575      7400
 1576              	.LASF3:
 1577 02ce 73686F72 		.ascii	"short int\000"
 1577      7420696E 
 1577      7400
 1578              	.LASF27:
 1579 02d8 705F7374 		.ascii	"p_state\000"
 1579      61746500 
 1580              	.LASF64:
 1581 02e0 65776D61 		.ascii	"ewmask\000"
 1581      736B00
 1582              	.LASF20:
 1583 02e7 705F6E65 		.ascii	"p_next\000"
 1583      787400
 1584              	.LASF28:
 1585 02ee 705F666C 		.ascii	"p_flags\000"
 1585      61677300 
 1586              	.LASF19:
 1587 02f6 54687265 		.ascii	"Thread\000"
 1587      616400
 1588              	.LASF78:
 1589 02fd 63685654 		.ascii	"chVTResetI\000"
 1589      52657365 
 1589      744900
 1590              	.LASF34:
 1591 0308 705F6570 		.ascii	"p_epending\000"
ARM GAS  /tmp/cc3R40eZ.s 			page 31


 1591      656E6469 
 1591      6E6700
 1592              	.LASF8:
 1593 0313 75696E74 		.ascii	"uint32_t\000"
 1593      33325F74 
 1593      00
 1594              	.LASF45:
 1595 031c 56697274 		.ascii	"VirtualTimer\000"
 1595      75616C54 
 1595      696D6572 
 1595      00
 1596              	.LASF65:
 1597 0329 63686172 		.ascii	"char\000"
 1597      00
 1598              	.LASF77:
 1599 032e 746D7263 		.ascii	"tmrcb\000"
 1599      6200
 1600              	.LASF54:
 1601 0334 6D5F6E65 		.ascii	"m_next\000"
 1601      787400
 1602              	.LASF18:
 1603 033b 73797374 		.ascii	"systime_t\000"
 1603      696D655F 
 1603      7400
 1604              	.LASF36:
 1605 0345 705F7265 		.ascii	"p_realprio\000"
 1605      616C7072 
 1605      696F00
 1606              	.LASF44:
 1607 0350 76746675 		.ascii	"vtfunc_t\000"
 1607      6E635F74 
 1607      00
 1608              	.LASF71:
 1609 0359 65767453 		.ascii	"evtStop\000"
 1609      746F7000 
 1610              	.LASF30:
 1611 0361 705F7469 		.ascii	"p_time\000"
 1611      6D6500
 1612              	.LASF41:
 1613 0368 696E7463 		.ascii	"intctx\000"
 1613      747800
 1614              	.LASF32:
 1615 036f 705F6D73 		.ascii	"p_msgqueue\000"
 1615      67717565 
 1615      756500
 1616              	.LASF50:
 1617 037a 76745F70 		.ascii	"vt_par\000"
 1617      617200
 1618              	.LASF29:
 1619 0381 705F7265 		.ascii	"p_refs\000"
 1619      667300
 1620              	.LASF5:
 1621 0388 75696E74 		.ascii	"uint8_t\000"
 1621      385F7400 
 1622              	.LASF55:
 1623 0390 4576656E 		.ascii	"EventListener\000"
 1623      744C6973 
ARM GAS  /tmp/cc3R40eZ.s 			page 32


 1623      74656E65 
 1623      7200
 1624              	.LASF63:
 1625 039e 77746F62 		.ascii	"wtobjp\000"
 1625      6A7000
 1626              	.LASF26:
 1627 03a5 705F6E61 		.ascii	"p_name\000"
 1627      6D6500
 1628              	.LASF60:
 1629 03ac 65735F6E 		.ascii	"es_next\000"
 1629      65787400 
 1630              	.LASF66:
 1631 03b4 65745F76 		.ascii	"et_vt\000"
 1631      7400
 1632              	.LASF53:
 1633 03ba 6D5F6F77 		.ascii	"m_owner\000"
 1633      6E657200 
 1634              	.LASF23:
 1635 03c2 705F6374 		.ascii	"p_ctx\000"
 1635      7800
 1636              	.LASF31:
 1637 03c8 705F7761 		.ascii	"p_waiting\000"
 1637      6974696E 
 1637      6700
 1638              		.ident	"GCC: (Sourcery CodeBench Lite 2013.11-24) 4.8.1"
ARM GAS  /tmp/cc3R40eZ.s 			page 33


DEFINED SYMBOLS
                            *ABS*:00000000 evtimer.c
     /tmp/cc3R40eZ.s:19     .text.tmrcb:00000000 $t
     /tmp/cc3R40eZ.s:24     .text.tmrcb:00000000 tmrcb
     /tmp/cc3R40eZ.s:62     .text.evtStart:00000000 $t
     /tmp/cc3R40eZ.s:68     .text.evtStart:00000000 evtStart
     /tmp/cc3R40eZ.s:120    .text.evtStop:00000000 $t
     /tmp/cc3R40eZ.s:126    .text.evtStop:00000000 evtStop
                     .debug_frame:00000010 $d

UNDEFINED SYMBOLS
chEvtBroadcastFlagsI
chVTSetI
chVTResetI
