ARM GAS  /tmp/ccVhSb2w.s 			page 1


   1              		.syntax unified
   2              		.cpu cortex-m3
   3              		.fpu softvfp
   4              		.eabi_attribute 20, 1
   5              		.eabi_attribute 21, 1
   6              		.eabi_attribute 23, 3
   7              		.eabi_attribute 24, 1
   8              		.eabi_attribute 25, 1
   9              		.eabi_attribute 26, 1
  10              		.eabi_attribute 30, 2
  11              		.eabi_attribute 34, 1
  12              		.eabi_attribute 18, 4
  13              		.thumb
  14              		.file	"pal.c"
  15              		.text
  16              	.Ltext0:
  17              		.cfi_sections	.debug_frame
  18              		.section	.text.palReadBus,"ax",%progbits
  19              		.align	2
  20              		.p2align 4,,15
  21              		.global	palReadBus
  22              		.thumb
  23              		.thumb_func
  24              		.type	palReadBus, %function
  25              	palReadBus:
  26              	.LFB36:
  27              		.file 1 "../third_party/ChibiOS/os/hal/src/pal.c"
  28              		.loc 1 76 0
  29              		.cfi_startproc
  30              		@ args = 0, pretend = 0, frame = 0
  31              		@ frame_needed = 0, uses_anonymous_args = 0
  32              		@ link register save eliminated.
  33              	.LVL0:
  34              		.loc 1 81 0
  35 0000 0368     		ldr	r3, [r0]
  36 0002 8268     		ldr	r2, [r0, #8]
  37 0004 D96B     		ldr	r1, [r3, #60]
  38 0006 4368     		ldr	r3, [r0, #4]
  39 0008 21FA02F0 		lsr	r0, r1, r2
  40              	.LVL1:
  41              		.loc 1 82 0
  42 000c 1840     		ands	r0, r0, r3
  43 000e 7047     		bx	lr
  44              		.cfi_endproc
  45              	.LFE36:
  46              		.size	palReadBus, .-palReadBus
  47              		.section	.text.palWriteBus,"ax",%progbits
  48              		.align	2
  49              		.p2align 4,,15
  50              		.global	palWriteBus
  51              		.thumb
  52              		.thumb_func
  53              		.type	palWriteBus, %function
  54              	palWriteBus:
  55              	.LFB37:
  56              		.loc 1 101 0
  57              		.cfi_startproc
ARM GAS  /tmp/ccVhSb2w.s 			page 2


  58              		@ args = 0, pretend = 0, frame = 0
  59              		@ frame_needed = 0, uses_anonymous_args = 0
  60              		@ link register save eliminated.
  61              	.LVL2:
  62              		.loc 1 106 0
  63 0000 8368     		ldr	r3, [r0, #8]
  64 0002 4268     		ldr	r2, [r0, #4]
  65 0004 9940     		lsls	r1, r1, r3
  66              	.LVL3:
  67 0006 9A40     		lsls	r2, r2, r3
  68 0008 0368     		ldr	r3, [r0]
  69 000a C3F8A020 		str	r2, [r3, #160]
  70 000e 9963     		str	r1, [r3, #56]
  71 0010 C3F8A420 		str	r2, [r3, #164]
  72 0014 7047     		bx	lr
  73              		.cfi_endproc
  74              	.LFE37:
  75              		.size	palWriteBus, .-palWriteBus
  76 0016 00BFAFF3 		.section	.text.palSetBusMode,"ax",%progbits
  76      0080AFF3 
  76      0080
  77              		.align	2
  78              		.p2align 4,,15
  79              		.global	palSetBusMode
  80              		.thumb
  81              		.thumb_func
  82              		.type	palSetBusMode, %function
  83              	palSetBusMode:
  84              	.LFB38:
  85              		.loc 1 124 0
  86              		.cfi_startproc
  87              		@ args = 0, pretend = 0, frame = 0
  88              		@ frame_needed = 0, uses_anonymous_args = 0
  89              		@ link register save eliminated.
  90              	.LVL4:
  91 0000 10B4     		push	{r4}
  92              		.cfi_def_cfa_offset 4
  93              		.cfi_offset 4, -4
  94              		.loc 1 129 0
  95 0002 8368     		ldr	r3, [r0, #8]
  96 0004 4468     		ldr	r4, [r0, #4]
  97              		.loc 1 124 0
  98 0006 0A46     		mov	r2, r1
  99              		.loc 1 129 0
 100 0008 0068     		ldr	r0, [r0]
 101              	.LVL5:
 102 000a 04FA03F1 		lsl	r1, r4, r3
 103              	.LVL6:
 104              		.loc 1 130 0
 105 000e 5DF8044B 		ldr	r4, [sp], #4
 106              		.loc 1 129 0
 107 0012 FFF7FEBF 		b	_pal_lld_setgroupmode
 108              	.LVL7:
 109              		.cfi_endproc
 110              	.LFE38:
 111              		.size	palSetBusMode, .-palSetBusMode
 112 0016 00BFAFF3 		.text
ARM GAS  /tmp/ccVhSb2w.s 			page 3


 112      0080AFF3 
 112      0080
 113              	.Letext0:
 114              		.file 2 "/home/santi/arm-2013.11/arm-none-eabi/include/stdint.h"
 115              		.file 3 "../third_party/ChibiOS/os/hal/platforms/AT91SAM3S/at91lib/SAM3S.h"
 116              		.file 4 "../third_party/ChibiOS/os/hal/platforms/AT91SAM3S/pal_lld.h"
 117              		.file 5 "../third_party/ChibiOS/os/hal/include/pal.h"
 118              		.file 6 "../third_party/ChibiOS/os/hal/platforms/AT91SAM3S/core_cm3.h"
 119              		.section	.debug_info,"",%progbits
 120              	.Ldebug_info0:
 121 0000 6F060000 		.4byte	0x66f
 122 0004 0400     		.2byte	0x4
 123 0006 00000000 		.4byte	.Ldebug_abbrev0
 124 000a 04       		.byte	0x4
 125 000b 01       		.uleb128 0x1
 126 000c 91030000 		.4byte	.LASF103
 127 0010 01       		.byte	0x1
 128 0011 D4020000 		.4byte	.LASF104
 129 0015 6E040000 		.4byte	.LASF105
 130 0019 00000000 		.4byte	.Ldebug_ranges0+0
 131 001d 00000000 		.4byte	0
 132 0021 00000000 		.4byte	.Ldebug_line0
 133 0025 02       		.uleb128 0x2
 134 0026 04       		.byte	0x4
 135 0027 05       		.byte	0x5
 136 0028 696E7400 		.ascii	"int\000"
 137 002c 03       		.uleb128 0x3
 138 002d 04       		.byte	0x4
 139 002e 07       		.byte	0x7
 140 002f 60020000 		.4byte	.LASF0
 141 0033 03       		.uleb128 0x3
 142 0034 01       		.byte	0x1
 143 0035 06       		.byte	0x6
 144 0036 21020000 		.4byte	.LASF1
 145 003a 03       		.uleb128 0x3
 146 003b 01       		.byte	0x1
 147 003c 08       		.byte	0x8
 148 003d 03020000 		.4byte	.LASF2
 149 0041 03       		.uleb128 0x3
 150 0042 02       		.byte	0x2
 151 0043 05       		.byte	0x5
 152 0044 54000000 		.4byte	.LASF3
 153 0048 03       		.uleb128 0x3
 154 0049 02       		.byte	0x2
 155 004a 07       		.byte	0x7
 156 004b FC020000 		.4byte	.LASF4
 157 004f 03       		.uleb128 0x3
 158 0050 04       		.byte	0x4
 159 0051 05       		.byte	0x5
 160 0052 86010000 		.4byte	.LASF5
 161 0056 04       		.uleb128 0x4
 162 0057 4E020000 		.4byte	.LASF9
 163 005b 02       		.byte	0x2
 164 005c 50       		.byte	0x50
 165 005d 61000000 		.4byte	0x61
 166 0061 03       		.uleb128 0x3
 167 0062 04       		.byte	0x4
ARM GAS  /tmp/ccVhSb2w.s 			page 4


 168 0063 07       		.byte	0x7
 169 0064 39030000 		.4byte	.LASF6
 170 0068 03       		.uleb128 0x3
 171 0069 08       		.byte	0x8
 172 006a 05       		.byte	0x5
 173 006b 4A010000 		.4byte	.LASF7
 174 006f 03       		.uleb128 0x3
 175 0070 08       		.byte	0x8
 176 0071 07       		.byte	0x7
 177 0072 58010000 		.4byte	.LASF8
 178 0076 04       		.uleb128 0x4
 179 0077 41020000 		.4byte	.LASF10
 180 007b 02       		.byte	0x2
 181 007c A0       		.byte	0xa0
 182 007d 2C000000 		.4byte	0x2c
 183 0081 05       		.uleb128 0x5
 184 0082 56000000 		.4byte	0x56
 185 0086 03       		.uleb128 0x3
 186 0087 04       		.byte	0x4
 187 0088 07       		.byte	0x7
 188 0089 69000000 		.4byte	.LASF11
 189 008d 03       		.uleb128 0x3
 190 008e 01       		.byte	0x1
 191 008f 08       		.byte	0x8
 192 0090 C5020000 		.4byte	.LASF12
 193 0094 04       		.uleb128 0x4
 194 0095 B9010000 		.4byte	.LASF13
 195 0099 03       		.byte	0x3
 196 009a 35       		.byte	0x35
 197 009b 9F000000 		.4byte	0x9f
 198 009f 06       		.uleb128 0x6
 199 00a0 81000000 		.4byte	0x81
 200 00a4 04       		.uleb128 0x4
 201 00a5 B3000000 		.4byte	.LASF14
 202 00a9 03       		.byte	0x3
 203 00aa 39       		.byte	0x39
 204 00ab 81000000 		.4byte	0x81
 205 00af 04       		.uleb128 0x4
 206 00b0 1B020000 		.4byte	.LASF15
 207 00b4 03       		.byte	0x3
 208 00b5 3A       		.byte	0x3a
 209 00b6 81000000 		.4byte	0x81
 210 00ba 07       		.uleb128 0x7
 211 00bb AF000000 		.4byte	0xaf
 212 00bf CA000000 		.4byte	0xca
 213 00c3 08       		.uleb128 0x8
 214 00c4 86000000 		.4byte	0x86
 215 00c8 12       		.byte	0x12
 216 00c9 00       		.byte	0
 217 00ca 07       		.uleb128 0x7
 218 00cb AF000000 		.4byte	0xaf
 219 00cf DA000000 		.4byte	0xda
 220 00d3 08       		.uleb128 0x8
 221 00d4 86000000 		.4byte	0x86
 222 00d8 00       		.byte	0
 223 00d9 00       		.byte	0
 224 00da 07       		.uleb128 0x7
ARM GAS  /tmp/ccVhSb2w.s 			page 5


 225 00db AF000000 		.4byte	0xaf
 226 00df EA000000 		.4byte	0xea
 227 00e3 08       		.uleb128 0x8
 228 00e4 86000000 		.4byte	0x86
 229 00e8 01       		.byte	0x1
 230 00e9 00       		.byte	0
 231 00ea 07       		.uleb128 0x7
 232 00eb AF000000 		.4byte	0xaf
 233 00ef FA000000 		.4byte	0xfa
 234 00f3 08       		.uleb128 0x8
 235 00f4 86000000 		.4byte	0x86
 236 00f8 04       		.byte	0x4
 237 00f9 00       		.byte	0
 238 00fa 09       		.uleb128 0x9
 239 00fb 9001     		.2byte	0x190
 240 00fd 03       		.byte	0x3
 241 00fe DA06     		.2byte	0x6da
 242 0100 F3040000 		.4byte	0x4f3
 243 0104 0A       		.uleb128 0xa
 244 0105 5B040000 		.4byte	.LASF16
 245 0109 03       		.byte	0x3
 246 010a DB06     		.2byte	0x6db
 247 010c A4000000 		.4byte	0xa4
 248 0110 00       		.byte	0
 249 0111 0A       		.uleb128 0xa
 250 0112 06050000 		.4byte	.LASF17
 251 0116 03       		.byte	0x3
 252 0117 DC06     		.2byte	0x6dc
 253 0119 A4000000 		.4byte	0xa4
 254 011d 04       		.byte	0x4
 255 011e 0A       		.uleb128 0xa
 256 011f 0E050000 		.4byte	.LASF18
 257 0123 03       		.byte	0x3
 258 0124 DD06     		.2byte	0x6dd
 259 0126 94000000 		.4byte	0x94
 260 012a 08       		.byte	0x8
 261 012b 0A       		.uleb128 0xa
 262 012c D4000000 		.4byte	.LASF19
 263 0130 03       		.byte	0x3
 264 0131 DE06     		.2byte	0x6de
 265 0133 F3040000 		.4byte	0x4f3
 266 0137 0C       		.byte	0xc
 267 0138 0A       		.uleb128 0xa
 268 0139 B5040000 		.4byte	.LASF20
 269 013d 03       		.byte	0x3
 270 013e DF06     		.2byte	0x6df
 271 0140 A4000000 		.4byte	0xa4
 272 0144 10       		.byte	0x10
 273 0145 0A       		.uleb128 0xa
 274 0146 44000000 		.4byte	.LASF21
 275 014a 03       		.byte	0x3
 276 014b E006     		.2byte	0x6e0
 277 014d A4000000 		.4byte	0xa4
 278 0151 14       		.byte	0x14
 279 0152 0A       		.uleb128 0xa
 280 0153 4C000000 		.4byte	.LASF22
 281 0157 03       		.byte	0x3
ARM GAS  /tmp/ccVhSb2w.s 			page 6


 282 0158 E106     		.2byte	0x6e1
 283 015a 94000000 		.4byte	0x94
 284 015e 18       		.byte	0x18
 285 015f 0A       		.uleb128 0xa
 286 0160 DE000000 		.4byte	.LASF23
 287 0164 03       		.byte	0x3
 288 0165 E206     		.2byte	0x6e2
 289 0167 F8040000 		.4byte	0x4f8
 290 016b 1C       		.byte	0x1c
 291 016c 0A       		.uleb128 0xa
 292 016d 52040000 		.4byte	.LASF24
 293 0171 03       		.byte	0x3
 294 0172 E306     		.2byte	0x6e3
 295 0174 A4000000 		.4byte	0xa4
 296 0178 20       		.byte	0x20
 297 0179 0A       		.uleb128 0xa
 298 017a 74010000 		.4byte	.LASF25
 299 017e 03       		.byte	0x3
 300 017f E406     		.2byte	0x6e4
 301 0181 A4000000 		.4byte	0xa4
 302 0185 24       		.byte	0x24
 303 0186 0A       		.uleb128 0xa
 304 0187 7D010000 		.4byte	.LASF26
 305 018b 03       		.byte	0x3
 306 018c E506     		.2byte	0x6e5
 307 018e 94000000 		.4byte	0x94
 308 0192 28       		.byte	0x28
 309 0193 0A       		.uleb128 0xa
 310 0194 4B030000 		.4byte	.LASF27
 311 0198 03       		.byte	0x3
 312 0199 E606     		.2byte	0x6e6
 313 019b FD040000 		.4byte	0x4fd
 314 019f 2C       		.byte	0x2c
 315 01a0 0A       		.uleb128 0xa
 316 01a1 A3040000 		.4byte	.LASF28
 317 01a5 03       		.byte	0x3
 318 01a6 E706     		.2byte	0x6e7
 319 01a8 A4000000 		.4byte	0xa4
 320 01ac 30       		.byte	0x30
 321 01ad 0A       		.uleb128 0xa
 322 01ae 30030000 		.4byte	.LASF29
 323 01b2 03       		.byte	0x3
 324 01b3 E806     		.2byte	0x6e8
 325 01b5 A4000000 		.4byte	0xa4
 326 01b9 34       		.byte	0x34
 327 01ba 0A       		.uleb128 0xa
 328 01bb 72000000 		.4byte	.LASF30
 329 01bf 03       		.byte	0x3
 330 01c0 E906     		.2byte	0x6e9
 331 01c2 AF000000 		.4byte	0xaf
 332 01c6 38       		.byte	0x38
 333 01c7 0A       		.uleb128 0xa
 334 01c8 96010000 		.4byte	.LASF31
 335 01cc 03       		.byte	0x3
 336 01cd EA06     		.2byte	0x6ea
 337 01cf 94000000 		.4byte	0x94
 338 01d3 3C       		.byte	0x3c
ARM GAS  /tmp/ccVhSb2w.s 			page 7


 339 01d4 0A       		.uleb128 0xa
 340 01d5 32000000 		.4byte	.LASF32
 341 01d9 03       		.byte	0x3
 342 01da EB06     		.2byte	0x6eb
 343 01dc A4000000 		.4byte	0xa4
 344 01e0 40       		.byte	0x40
 345 01e1 0A       		.uleb128 0xa
 346 01e2 5F030000 		.4byte	.LASF33
 347 01e6 03       		.byte	0x3
 348 01e7 EC06     		.2byte	0x6ec
 349 01e9 A4000000 		.4byte	0xa4
 350 01ed 44       		.byte	0x44
 351 01ee 0A       		.uleb128 0xa
 352 01ef 97000000 		.4byte	.LASF34
 353 01f3 03       		.byte	0x3
 354 01f4 ED06     		.2byte	0x6ed
 355 01f6 94000000 		.4byte	0x94
 356 01fa 48       		.byte	0x48
 357 01fb 0A       		.uleb128 0xa
 358 01fc 67030000 		.4byte	.LASF35
 359 0200 03       		.byte	0x3
 360 0201 EE06     		.2byte	0x6ee
 361 0203 94000000 		.4byte	0x94
 362 0207 4C       		.byte	0x4c
 363 0208 0A       		.uleb128 0xa
 364 0209 75020000 		.4byte	.LASF36
 365 020d 03       		.byte	0x3
 366 020e EF06     		.2byte	0x6ef
 367 0210 A4000000 		.4byte	0xa4
 368 0214 50       		.byte	0x50
 369 0215 0A       		.uleb128 0xa
 370 0216 AA020000 		.4byte	.LASF37
 371 021a 03       		.byte	0x3
 372 021b F006     		.2byte	0x6f0
 373 021d A4000000 		.4byte	0xa4
 374 0221 54       		.byte	0x54
 375 0222 0A       		.uleb128 0xa
 376 0223 B3020000 		.4byte	.LASF38
 377 0227 03       		.byte	0x3
 378 0228 F106     		.2byte	0x6f1
 379 022a 94000000 		.4byte	0x94
 380 022e 58       		.byte	0x58
 381 022f 0A       		.uleb128 0xa
 382 0230 55030000 		.4byte	.LASF39
 383 0234 03       		.byte	0x3
 384 0235 F206     		.2byte	0x6f2
 385 0237 02050000 		.4byte	0x502
 386 023b 5C       		.byte	0x5c
 387 023c 0A       		.uleb128 0xa
 388 023d 9F010000 		.4byte	.LASF40
 389 0241 03       		.byte	0x3
 390 0242 F306     		.2byte	0x6f3
 391 0244 A4000000 		.4byte	0xa4
 392 0248 60       		.byte	0x60
 393 0249 0A       		.uleb128 0xa
 394 024a 14030000 		.4byte	.LASF41
 395 024e 03       		.byte	0x3
ARM GAS  /tmp/ccVhSb2w.s 			page 8


 396 024f F406     		.2byte	0x6f4
 397 0251 A4000000 		.4byte	0xa4
 398 0255 64       		.byte	0x64
 399 0256 0A       		.uleb128 0xa
 400 0257 A8010000 		.4byte	.LASF42
 401 025b 03       		.byte	0x3
 402 025c F506     		.2byte	0x6f5
 403 025e 94000000 		.4byte	0x94
 404 0262 68       		.byte	0x68
 405 0263 0A       		.uleb128 0xa
 406 0264 40010000 		.4byte	.LASF43
 407 0268 03       		.byte	0x3
 408 0269 F606     		.2byte	0x6f6
 409 026b 07050000 		.4byte	0x507
 410 026f 6C       		.byte	0x6c
 411 0270 0A       		.uleb128 0xa
 412 0271 63040000 		.4byte	.LASF44
 413 0275 03       		.byte	0x3
 414 0276 F706     		.2byte	0x6f7
 415 0278 0C050000 		.4byte	0x50c
 416 027c 70       		.byte	0x70
 417 027d 0A       		.uleb128 0xa
 418 027e 6F030000 		.4byte	.LASF45
 419 0282 03       		.byte	0x3
 420 0283 F806     		.2byte	0x6f8
 421 0285 11050000 		.4byte	0x511
 422 0289 78       		.byte	0x78
 423 028a 0A       		.uleb128 0xa
 424 028b C9010000 		.4byte	.LASF46
 425 028f 03       		.byte	0x3
 426 0290 F906     		.2byte	0x6f9
 427 0292 A4000000 		.4byte	0xa4
 428 0296 80       		.byte	0x80
 429 0297 0A       		.uleb128 0xa
 430 0298 25030000 		.4byte	.LASF47
 431 029c 03       		.byte	0x3
 432 029d FA06     		.2byte	0x6fa
 433 029f A4000000 		.4byte	0xa4
 434 02a3 84       		.byte	0x84
 435 02a4 0A       		.uleb128 0xa
 436 02a5 D4010000 		.4byte	.LASF48
 437 02a9 03       		.byte	0x3
 438 02aa FB06     		.2byte	0x6fb
 439 02ac 94000000 		.4byte	0x94
 440 02b0 88       		.byte	0x88
 441 02b1 0A       		.uleb128 0xa
 442 02b2 37010000 		.4byte	.LASF49
 443 02b6 03       		.byte	0x3
 444 02b7 FC06     		.2byte	0x6fc
 445 02b9 AF000000 		.4byte	0xaf
 446 02bd 8C       		.byte	0x8c
 447 02be 0A       		.uleb128 0xa
 448 02bf 9F000000 		.4byte	.LASF50
 449 02c3 03       		.byte	0x3
 450 02c4 FD06     		.2byte	0x6fd
 451 02c6 A4000000 		.4byte	0xa4
 452 02ca 90       		.byte	0x90
ARM GAS  /tmp/ccVhSb2w.s 			page 9


 453 02cb 0A       		.uleb128 0xa
 454 02cc BF010000 		.4byte	.LASF51
 455 02d0 03       		.byte	0x3
 456 02d1 FE06     		.2byte	0x6fe
 457 02d3 A4000000 		.4byte	0xa4
 458 02d7 94       		.byte	0x94
 459 02d8 0A       		.uleb128 0xa
 460 02d9 A9000000 		.4byte	.LASF52
 461 02dd 03       		.byte	0x3
 462 02de FF06     		.2byte	0x6ff
 463 02e0 94000000 		.4byte	0x94
 464 02e4 98       		.byte	0x98
 465 02e5 0A       		.uleb128 0xa
 466 02e6 0C010000 		.4byte	.LASF53
 467 02ea 03       		.byte	0x3
 468 02eb 0007     		.2byte	0x700
 469 02ed 16050000 		.4byte	0x516
 470 02f1 9C       		.byte	0x9c
 471 02f2 0A       		.uleb128 0xa
 472 02f3 B9000000 		.4byte	.LASF54
 473 02f7 03       		.byte	0x3
 474 02f8 0107     		.2byte	0x701
 475 02fa A4000000 		.4byte	0xa4
 476 02fe A0       		.byte	0xa0
 477 02ff 0A       		.uleb128 0xa
 478 0300 CA040000 		.4byte	.LASF55
 479 0304 03       		.byte	0x3
 480 0305 0207     		.2byte	0x702
 481 0307 A4000000 		.4byte	0xa4
 482 030b A4       		.byte	0xa4
 483 030c 0A       		.uleb128 0xa
 484 030d D3040000 		.4byte	.LASF56
 485 0311 03       		.byte	0x3
 486 0312 0307     		.2byte	0x703
 487 0314 94000000 		.4byte	0x94
 488 0318 A8       		.byte	0xa8
 489 0319 0A       		.uleb128 0xa
 490 031a 87030000 		.4byte	.LASF57
 491 031e 03       		.byte	0x3
 492 031f 0407     		.2byte	0x704
 493 0321 1B050000 		.4byte	0x51b
 494 0325 AC       		.byte	0xac
 495 0326 0A       		.uleb128 0xa
 496 0327 DC040000 		.4byte	.LASF58
 497 032b 03       		.byte	0x3
 498 032c 0507     		.2byte	0x705
 499 032e A4000000 		.4byte	0xa4
 500 0332 B0       		.byte	0xb0
 501 0333 0A       		.uleb128 0xa
 502 0334 3A000000 		.4byte	.LASF59
 503 0338 03       		.byte	0x3
 504 0339 0607     		.2byte	0x706
 505 033b A4000000 		.4byte	0xa4
 506 033f B4       		.byte	0xb4
 507 0340 0A       		.uleb128 0xa
 508 0341 F0010000 		.4byte	.LASF60
 509 0345 03       		.byte	0x3
ARM GAS  /tmp/ccVhSb2w.s 			page 10


 510 0346 0707     		.2byte	0x707
 511 0348 94000000 		.4byte	0x94
 512 034c B8       		.byte	0xb8
 513 034d 0A       		.uleb128 0xa
 514 034e 23010000 		.4byte	.LASF61
 515 0352 03       		.byte	0x3
 516 0353 0807     		.2byte	0x708
 517 0355 20050000 		.4byte	0x520
 518 0359 BC       		.byte	0xbc
 519 035a 0A       		.uleb128 0xa
 520 035b F0000000 		.4byte	.LASF62
 521 035f 03       		.byte	0x3
 522 0360 0907     		.2byte	0x709
 523 0362 A4000000 		.4byte	0xa4
 524 0366 C0       		.byte	0xc0
 525 0367 0A       		.uleb128 0xa
 526 0368 B1010000 		.4byte	.LASF63
 527 036c 03       		.byte	0x3
 528 036d 0A07     		.2byte	0x70a
 529 036f A4000000 		.4byte	0xa4
 530 0373 C4       		.byte	0xc4
 531 0374 0A       		.uleb128 0xa
 532 0375 BC020000 		.4byte	.LASF64
 533 0379 03       		.byte	0x3
 534 037a 0B07     		.2byte	0x70b
 535 037c 94000000 		.4byte	0x94
 536 0380 C8       		.byte	0xc8
 537 0381 0A       		.uleb128 0xa
 538 0382 7E020000 		.4byte	.LASF65
 539 0386 03       		.byte	0x3
 540 0387 0C07     		.2byte	0x70c
 541 0389 25050000 		.4byte	0x525
 542 038d CC       		.byte	0xcc
 543 038e 0A       		.uleb128 0xa
 544 038f E6040000 		.4byte	.LASF66
 545 0393 03       		.byte	0x3
 546 0394 0D07     		.2byte	0x70d
 547 0396 A4000000 		.4byte	0xa4
 548 039a D0       		.byte	0xd0
 549 039b 0A       		.uleb128 0xa
 550 039c 5E000000 		.4byte	.LASF67
 551 03a0 03       		.byte	0x3
 552 03a1 0E07     		.2byte	0x70e
 553 03a3 A4000000 		.4byte	0xa4
 554 03a7 D4       		.byte	0xd4
 555 03a8 0A       		.uleb128 0xa
 556 03a9 39040000 		.4byte	.LASF68
 557 03ad 03       		.byte	0x3
 558 03ae 0F07     		.2byte	0x70f
 559 03b0 94000000 		.4byte	0x94
 560 03b4 D8       		.byte	0xd8
 561 03b5 0A       		.uleb128 0xa
 562 03b6 89020000 		.4byte	.LASF69
 563 03ba 03       		.byte	0x3
 564 03bb 1007     		.2byte	0x710
 565 03bd 2A050000 		.4byte	0x52a
 566 03c1 DC       		.byte	0xdc
ARM GAS  /tmp/ccVhSb2w.s 			page 11


 567 03c2 0A       		.uleb128 0xa
 568 03c3 36020000 		.4byte	.LASF70
 569 03c7 03       		.byte	0x3
 570 03c8 1107     		.2byte	0x711
 571 03ca 94000000 		.4byte	0x94
 572 03ce E0       		.byte	0xe0
 573 03cf 0A       		.uleb128 0xa
 574 03d0 CB000000 		.4byte	.LASF71
 575 03d4 03       		.byte	0x3
 576 03d5 1207     		.2byte	0x712
 577 03d7 AF000000 		.4byte	0xaf
 578 03db E4       		.byte	0xe4
 579 03dc 0A       		.uleb128 0xa
 580 03dd 49040000 		.4byte	.LASF72
 581 03e1 03       		.byte	0x3
 582 03e2 1307     		.2byte	0x713
 583 03e4 94000000 		.4byte	0x94
 584 03e8 E8       		.byte	0xe8
 585 03e9 0A       		.uleb128 0xa
 586 03ea 94020000 		.4byte	.LASF73
 587 03ee 03       		.byte	0x3
 588 03ef 1407     		.2byte	0x714
 589 03f1 2F050000 		.4byte	0x52f
 590 03f5 EC       		.byte	0xec
 591 03f6 0B       		.uleb128 0xb
 592 03f7 09000000 		.4byte	.LASF74
 593 03fb 03       		.byte	0x3
 594 03fc 1507     		.2byte	0x715
 595 03fe AF000000 		.4byte	0xaf
 596 0402 0001     		.2byte	0x100
 597 0404 0B       		.uleb128 0xb
 598 0405 9F020000 		.4byte	.LASF75
 599 0409 03       		.byte	0x3
 600 040a 1607     		.2byte	0x716
 601 040c 34050000 		.4byte	0x534
 602 0410 0401     		.2byte	0x104
 603 0412 0B       		.uleb128 0xb
 604 0413 AC040000 		.4byte	.LASF76
 605 0417 03       		.byte	0x3
 606 0418 1707     		.2byte	0x717
 607 041a AF000000 		.4byte	0xaf
 608 041e 5001     		.2byte	0x150
 609 0420 0B       		.uleb128 0xb
 610 0421 11020000 		.4byte	.LASF77
 611 0425 03       		.byte	0x3
 612 0426 1807     		.2byte	0x718
 613 0428 A4000000 		.4byte	0xa4
 614 042c 5401     		.2byte	0x154
 615 042e 0B       		.uleb128 0xb
 616 042f F8000000 		.4byte	.LASF78
 617 0433 03       		.byte	0x3
 618 0434 1907     		.2byte	0x719
 619 0436 A4000000 		.4byte	0xa4
 620 043a 5801     		.2byte	0x158
 621 043c 0B       		.uleb128 0xb
 622 043d CA020000 		.4byte	.LASF79
 623 0441 03       		.byte	0x3
ARM GAS  /tmp/ccVhSb2w.s 			page 12


 624 0442 1A07     		.2byte	0x71a
 625 0444 94000000 		.4byte	0x94
 626 0448 5C01     		.2byte	0x15c
 627 044a 0B       		.uleb128 0xb
 628 044b 02010000 		.4byte	.LASF80
 629 044f 03       		.byte	0x3
 630 0450 1B07     		.2byte	0x71b
 631 0452 94000000 		.4byte	0x94
 632 0456 6001     		.2byte	0x160
 633 0458 0B       		.uleb128 0xb
 634 0459 2D010000 		.4byte	.LASF81
 635 045d 03       		.byte	0x3
 636 045e 1C07     		.2byte	0x71c
 637 0460 94000000 		.4byte	0x94
 638 0464 6401     		.2byte	0x164
 639 0466 0B       		.uleb128 0xb
 640 0467 6D020000 		.4byte	.LASF82
 641 046b 03       		.byte	0x3
 642 046c 1D07     		.2byte	0x71d
 643 046e AF000000 		.4byte	0xaf
 644 0472 6801     		.2byte	0x168
 645 0474 0B       		.uleb128 0xb
 646 0475 DF010000 		.4byte	.LASF83
 647 0479 03       		.byte	0x3
 648 047a 1E07     		.2byte	0x71e
 649 047c AF000000 		.4byte	0xaf
 650 0480 6C01     		.2byte	0x16c
 651 0482 0B       		.uleb128 0xb
 652 0483 1D030000 		.4byte	.LASF84
 653 0487 03       		.byte	0x3
 654 0488 1F07     		.2byte	0x71f
 655 048a AF000000 		.4byte	0xaf
 656 048e 7001     		.2byte	0x170
 657 0490 0B       		.uleb128 0xb
 658 0491 E8000000 		.4byte	.LASF85
 659 0495 03       		.byte	0x3
 660 0496 2007     		.2byte	0x720
 661 0498 AF000000 		.4byte	0xaf
 662 049c 7401     		.2byte	0x174
 663 049e 0B       		.uleb128 0xb
 664 049f FD040000 		.4byte	.LASF86
 665 04a3 03       		.byte	0x3
 666 04a4 2107     		.2byte	0x721
 667 04a6 AF000000 		.4byte	0xaf
 668 04aa 7801     		.2byte	0x178
 669 04ac 0B       		.uleb128 0xb
 670 04ad FA010000 		.4byte	.LASF87
 671 04b1 03       		.byte	0x3
 672 04b2 2207     		.2byte	0x722
 673 04b4 AF000000 		.4byte	0xaf
 674 04b8 7C01     		.2byte	0x17c
 675 04ba 0B       		.uleb128 0xb
 676 04bb E7010000 		.4byte	.LASF88
 677 04bf 03       		.byte	0x3
 678 04c0 2307     		.2byte	0x723
 679 04c2 AF000000 		.4byte	0xaf
 680 04c6 8001     		.2byte	0x180
ARM GAS  /tmp/ccVhSb2w.s 			page 13


 681 04c8 0B       		.uleb128 0xb
 682 04c9 00000000 		.4byte	.LASF89
 683 04cd 03       		.byte	0x3
 684 04ce 2407     		.2byte	0x724
 685 04d0 AF000000 		.4byte	0xaf
 686 04d4 8401     		.2byte	0x184
 687 04d6 0B       		.uleb128 0xb
 688 04d7 2D020000 		.4byte	.LASF90
 689 04db 03       		.byte	0x3
 690 04dc 2507     		.2byte	0x725
 691 04de A4000000 		.4byte	0xa4
 692 04e2 8801     		.2byte	0x188
 693 04e4 0B       		.uleb128 0xb
 694 04e5 57020000 		.4byte	.LASF91
 695 04e9 03       		.byte	0x3
 696 04ea 2607     		.2byte	0x726
 697 04ec 94000000 		.4byte	0x94
 698 04f0 8C01     		.2byte	0x18c
 699 04f2 00       		.byte	0
 700 04f3 05       		.uleb128 0x5
 701 04f4 CA000000 		.4byte	0xca
 702 04f8 05       		.uleb128 0x5
 703 04f9 CA000000 		.4byte	0xca
 704 04fd 05       		.uleb128 0x5
 705 04fe CA000000 		.4byte	0xca
 706 0502 05       		.uleb128 0x5
 707 0503 CA000000 		.4byte	0xca
 708 0507 05       		.uleb128 0x5
 709 0508 CA000000 		.4byte	0xca
 710 050c 05       		.uleb128 0x5
 711 050d DA000000 		.4byte	0xda
 712 0511 05       		.uleb128 0x5
 713 0512 DA000000 		.4byte	0xda
 714 0516 05       		.uleb128 0x5
 715 0517 CA000000 		.4byte	0xca
 716 051b 05       		.uleb128 0x5
 717 051c CA000000 		.4byte	0xca
 718 0520 05       		.uleb128 0x5
 719 0521 CA000000 		.4byte	0xca
 720 0525 05       		.uleb128 0x5
 721 0526 CA000000 		.4byte	0xca
 722 052a 05       		.uleb128 0x5
 723 052b CA000000 		.4byte	0xca
 724 052f 05       		.uleb128 0x5
 725 0530 EA000000 		.4byte	0xea
 726 0534 05       		.uleb128 0x5
 727 0535 BA000000 		.4byte	0xba
 728 0539 0C       		.uleb128 0xc
 729 053a 50696F00 		.ascii	"Pio\000"
 730 053e 03       		.byte	0x3
 731 053f 2707     		.2byte	0x727
 732 0541 FA000000 		.4byte	0xfa
 733 0545 04       		.uleb128 0x4
 734 0546 C2000000 		.4byte	.LASF92
 735 054a 04       		.byte	0x4
 736 054b 2E       		.byte	0x2e
 737 054c 56000000 		.4byte	0x56
ARM GAS  /tmp/ccVhSb2w.s 			page 14


 738 0550 04       		.uleb128 0x4
 739 0551 16010000 		.4byte	.LASF93
 740 0555 04       		.byte	0x4
 741 0556 5D       		.byte	0x5d
 742 0557 56000000 		.4byte	0x56
 743 055b 04       		.uleb128 0x4
 744 055c 86000000 		.4byte	.LASF94
 745 0560 04       		.byte	0x4
 746 0561 65       		.byte	0x65
 747 0562 66050000 		.4byte	0x566
 748 0566 0D       		.uleb128 0xd
 749 0567 04       		.byte	0x4
 750 0568 39050000 		.4byte	0x539
 751 056c 0E       		.uleb128 0xe
 752 056d 0C       		.byte	0xc
 753 056e 05       		.byte	0x5
 754 056f 85       		.byte	0x85
 755 0570 99050000 		.4byte	0x599
 756 0574 0F       		.uleb128 0xf
 757 0575 15000000 		.4byte	.LASF95
 758 0579 05       		.byte	0x5
 759 057a 89       		.byte	0x89
 760 057b 5B050000 		.4byte	0x55b
 761 057f 00       		.byte	0
 762 0580 0F       		.uleb128 0xf
 763 0581 44040000 		.4byte	.LASF96
 764 0585 05       		.byte	0x5
 765 0586 8F       		.byte	0x8f
 766 0587 50050000 		.4byte	0x550
 767 058b 04       		.byte	0x4
 768 058c 0F       		.uleb128 0xf
 769 058d 8F010000 		.4byte	.LASF97
 770 0591 05       		.byte	0x5
 771 0592 93       		.byte	0x93
 772 0593 76000000 		.4byte	0x76
 773 0597 08       		.byte	0x8
 774 0598 00       		.byte	0
 775 0599 04       		.uleb128 0x4
 776 059a 91000000 		.4byte	.LASF98
 777 059e 05       		.byte	0x5
 778 059f 94       		.byte	0x94
 779 05a0 6C050000 		.4byte	0x56c
 780 05a4 10       		.uleb128 0x10
 781 05a5 7B000000 		.4byte	.LASF106
 782 05a9 01       		.byte	0x1
 783 05aa 4C       		.byte	0x4c
 784 05ab 50050000 		.4byte	0x550
 785 05af 00000000 		.4byte	.LFB36
 786 05b3 10000000 		.4byte	.LFE36-.LFB36
 787 05b7 01       		.uleb128 0x1
 788 05b8 9C       		.byte	0x9c
 789 05b9 CD050000 		.4byte	0x5cd
 790 05bd 11       		.uleb128 0x11
 791 05be 62757300 		.ascii	"bus\000"
 792 05c2 01       		.byte	0x1
 793 05c3 4C       		.byte	0x4c
 794 05c4 CD050000 		.4byte	0x5cd
ARM GAS  /tmp/ccVhSb2w.s 			page 15


 795 05c8 00000000 		.4byte	.LLST0
 796 05cc 00       		.byte	0
 797 05cd 0D       		.uleb128 0xd
 798 05ce 04       		.byte	0x4
 799 05cf 99050000 		.4byte	0x599
 800 05d3 12       		.uleb128 0x12
 801 05d4 F1040000 		.4byte	.LASF100
 802 05d8 01       		.byte	0x1
 803 05d9 65       		.byte	0x65
 804 05da 00000000 		.4byte	.LFB37
 805 05de 16000000 		.4byte	.LFE37-.LFB37
 806 05e2 01       		.uleb128 0x1
 807 05e3 9C       		.byte	0x9c
 808 05e4 05060000 		.4byte	0x605
 809 05e8 13       		.uleb128 0x13
 810 05e9 62757300 		.ascii	"bus\000"
 811 05ed 01       		.byte	0x1
 812 05ee 65       		.byte	0x65
 813 05ef CD050000 		.4byte	0x5cd
 814 05f3 01       		.uleb128 0x1
 815 05f4 50       		.byte	0x50
 816 05f5 14       		.uleb128 0x14
 817 05f6 6F010000 		.4byte	.LASF99
 818 05fa 01       		.byte	0x1
 819 05fb 65       		.byte	0x65
 820 05fc 50050000 		.4byte	0x550
 821 0600 21000000 		.4byte	.LLST1
 822 0604 00       		.byte	0
 823 0605 12       		.uleb128 0x12
 824 0606 79030000 		.4byte	.LASF101
 825 060a 01       		.byte	0x1
 826 060b 7C       		.byte	0x7c
 827 060c 00000000 		.4byte	.LFB38
 828 0610 16000000 		.4byte	.LFE38-.LFB38
 829 0614 01       		.uleb128 0x1
 830 0615 9C       		.byte	0x9c
 831 0616 4A060000 		.4byte	0x64a
 832 061a 11       		.uleb128 0x11
 833 061b 62757300 		.ascii	"bus\000"
 834 061f 01       		.byte	0x1
 835 0620 7C       		.byte	0x7c
 836 0621 CD050000 		.4byte	0x5cd
 837 0625 42000000 		.4byte	.LLST2
 838 0629 14       		.uleb128 0x14
 839 062a 0F030000 		.4byte	.LASF102
 840 062e 01       		.byte	0x1
 841 062f 7C       		.byte	0x7c
 842 0630 45050000 		.4byte	0x545
 843 0634 63000000 		.4byte	.LLST3
 844 0638 15       		.uleb128 0x15
 845 0639 16000000 		.4byte	.LVL7
 846 063d 5B060000 		.4byte	0x65b
 847 0641 16       		.uleb128 0x16
 848 0642 01       		.uleb128 0x1
 849 0643 52       		.byte	0x52
 850 0644 03       		.uleb128 0x3
 851 0645 F3       		.byte	0xf3
ARM GAS  /tmp/ccVhSb2w.s 			page 16


 852 0646 01       		.uleb128 0x1
 853 0647 51       		.byte	0x51
 854 0648 00       		.byte	0
 855 0649 00       		.byte	0
 856 064a 17       		.uleb128 0x17
 857 064b BD040000 		.4byte	.LASF107
 858 064f 06       		.byte	0x6
 859 0650 CE06     		.2byte	0x6ce
 860 0652 56060000 		.4byte	0x656
 861 0656 05       		.uleb128 0x5
 862 0657 25000000 		.4byte	0x25
 863 065b 18       		.uleb128 0x18
 864 065c 1C000000 		.4byte	.LASF108
 865 0660 04       		.byte	0x4
 866 0661 F6       		.byte	0xf6
 867 0662 19       		.uleb128 0x19
 868 0663 5B050000 		.4byte	0x55b
 869 0667 19       		.uleb128 0x19
 870 0668 50050000 		.4byte	0x550
 871 066c 19       		.uleb128 0x19
 872 066d 76000000 		.4byte	0x76
 873 0671 00       		.byte	0
 874 0672 00       		.byte	0
 875              		.section	.debug_abbrev,"",%progbits
 876              	.Ldebug_abbrev0:
 877 0000 01       		.uleb128 0x1
 878 0001 11       		.uleb128 0x11
 879 0002 01       		.byte	0x1
 880 0003 25       		.uleb128 0x25
 881 0004 0E       		.uleb128 0xe
 882 0005 13       		.uleb128 0x13
 883 0006 0B       		.uleb128 0xb
 884 0007 03       		.uleb128 0x3
 885 0008 0E       		.uleb128 0xe
 886 0009 1B       		.uleb128 0x1b
 887 000a 0E       		.uleb128 0xe
 888 000b 55       		.uleb128 0x55
 889 000c 17       		.uleb128 0x17
 890 000d 11       		.uleb128 0x11
 891 000e 01       		.uleb128 0x1
 892 000f 10       		.uleb128 0x10
 893 0010 17       		.uleb128 0x17
 894 0011 00       		.byte	0
 895 0012 00       		.byte	0
 896 0013 02       		.uleb128 0x2
 897 0014 24       		.uleb128 0x24
 898 0015 00       		.byte	0
 899 0016 0B       		.uleb128 0xb
 900 0017 0B       		.uleb128 0xb
 901 0018 3E       		.uleb128 0x3e
 902 0019 0B       		.uleb128 0xb
 903 001a 03       		.uleb128 0x3
 904 001b 08       		.uleb128 0x8
 905 001c 00       		.byte	0
 906 001d 00       		.byte	0
 907 001e 03       		.uleb128 0x3
 908 001f 24       		.uleb128 0x24
ARM GAS  /tmp/ccVhSb2w.s 			page 17


 909 0020 00       		.byte	0
 910 0021 0B       		.uleb128 0xb
 911 0022 0B       		.uleb128 0xb
 912 0023 3E       		.uleb128 0x3e
 913 0024 0B       		.uleb128 0xb
 914 0025 03       		.uleb128 0x3
 915 0026 0E       		.uleb128 0xe
 916 0027 00       		.byte	0
 917 0028 00       		.byte	0
 918 0029 04       		.uleb128 0x4
 919 002a 16       		.uleb128 0x16
 920 002b 00       		.byte	0
 921 002c 03       		.uleb128 0x3
 922 002d 0E       		.uleb128 0xe
 923 002e 3A       		.uleb128 0x3a
 924 002f 0B       		.uleb128 0xb
 925 0030 3B       		.uleb128 0x3b
 926 0031 0B       		.uleb128 0xb
 927 0032 49       		.uleb128 0x49
 928 0033 13       		.uleb128 0x13
 929 0034 00       		.byte	0
 930 0035 00       		.byte	0
 931 0036 05       		.uleb128 0x5
 932 0037 35       		.uleb128 0x35
 933 0038 00       		.byte	0
 934 0039 49       		.uleb128 0x49
 935 003a 13       		.uleb128 0x13
 936 003b 00       		.byte	0
 937 003c 00       		.byte	0
 938 003d 06       		.uleb128 0x6
 939 003e 26       		.uleb128 0x26
 940 003f 00       		.byte	0
 941 0040 49       		.uleb128 0x49
 942 0041 13       		.uleb128 0x13
 943 0042 00       		.byte	0
 944 0043 00       		.byte	0
 945 0044 07       		.uleb128 0x7
 946 0045 01       		.uleb128 0x1
 947 0046 01       		.byte	0x1
 948 0047 49       		.uleb128 0x49
 949 0048 13       		.uleb128 0x13
 950 0049 01       		.uleb128 0x1
 951 004a 13       		.uleb128 0x13
 952 004b 00       		.byte	0
 953 004c 00       		.byte	0
 954 004d 08       		.uleb128 0x8
 955 004e 21       		.uleb128 0x21
 956 004f 00       		.byte	0
 957 0050 49       		.uleb128 0x49
 958 0051 13       		.uleb128 0x13
 959 0052 2F       		.uleb128 0x2f
 960 0053 0B       		.uleb128 0xb
 961 0054 00       		.byte	0
 962 0055 00       		.byte	0
 963 0056 09       		.uleb128 0x9
 964 0057 13       		.uleb128 0x13
 965 0058 01       		.byte	0x1
ARM GAS  /tmp/ccVhSb2w.s 			page 18


 966 0059 0B       		.uleb128 0xb
 967 005a 05       		.uleb128 0x5
 968 005b 3A       		.uleb128 0x3a
 969 005c 0B       		.uleb128 0xb
 970 005d 3B       		.uleb128 0x3b
 971 005e 05       		.uleb128 0x5
 972 005f 01       		.uleb128 0x1
 973 0060 13       		.uleb128 0x13
 974 0061 00       		.byte	0
 975 0062 00       		.byte	0
 976 0063 0A       		.uleb128 0xa
 977 0064 0D       		.uleb128 0xd
 978 0065 00       		.byte	0
 979 0066 03       		.uleb128 0x3
 980 0067 0E       		.uleb128 0xe
 981 0068 3A       		.uleb128 0x3a
 982 0069 0B       		.uleb128 0xb
 983 006a 3B       		.uleb128 0x3b
 984 006b 05       		.uleb128 0x5
 985 006c 49       		.uleb128 0x49
 986 006d 13       		.uleb128 0x13
 987 006e 38       		.uleb128 0x38
 988 006f 0B       		.uleb128 0xb
 989 0070 00       		.byte	0
 990 0071 00       		.byte	0
 991 0072 0B       		.uleb128 0xb
 992 0073 0D       		.uleb128 0xd
 993 0074 00       		.byte	0
 994 0075 03       		.uleb128 0x3
 995 0076 0E       		.uleb128 0xe
 996 0077 3A       		.uleb128 0x3a
 997 0078 0B       		.uleb128 0xb
 998 0079 3B       		.uleb128 0x3b
 999 007a 05       		.uleb128 0x5
 1000 007b 49       		.uleb128 0x49
 1001 007c 13       		.uleb128 0x13
 1002 007d 38       		.uleb128 0x38
 1003 007e 05       		.uleb128 0x5
 1004 007f 00       		.byte	0
 1005 0080 00       		.byte	0
 1006 0081 0C       		.uleb128 0xc
 1007 0082 16       		.uleb128 0x16
 1008 0083 00       		.byte	0
 1009 0084 03       		.uleb128 0x3
 1010 0085 08       		.uleb128 0x8
 1011 0086 3A       		.uleb128 0x3a
 1012 0087 0B       		.uleb128 0xb
 1013 0088 3B       		.uleb128 0x3b
 1014 0089 05       		.uleb128 0x5
 1015 008a 49       		.uleb128 0x49
 1016 008b 13       		.uleb128 0x13
 1017 008c 00       		.byte	0
 1018 008d 00       		.byte	0
 1019 008e 0D       		.uleb128 0xd
 1020 008f 0F       		.uleb128 0xf
 1021 0090 00       		.byte	0
 1022 0091 0B       		.uleb128 0xb
ARM GAS  /tmp/ccVhSb2w.s 			page 19


 1023 0092 0B       		.uleb128 0xb
 1024 0093 49       		.uleb128 0x49
 1025 0094 13       		.uleb128 0x13
 1026 0095 00       		.byte	0
 1027 0096 00       		.byte	0
 1028 0097 0E       		.uleb128 0xe
 1029 0098 13       		.uleb128 0x13
 1030 0099 01       		.byte	0x1
 1031 009a 0B       		.uleb128 0xb
 1032 009b 0B       		.uleb128 0xb
 1033 009c 3A       		.uleb128 0x3a
 1034 009d 0B       		.uleb128 0xb
 1035 009e 3B       		.uleb128 0x3b
 1036 009f 0B       		.uleb128 0xb
 1037 00a0 01       		.uleb128 0x1
 1038 00a1 13       		.uleb128 0x13
 1039 00a2 00       		.byte	0
 1040 00a3 00       		.byte	0
 1041 00a4 0F       		.uleb128 0xf
 1042 00a5 0D       		.uleb128 0xd
 1043 00a6 00       		.byte	0
 1044 00a7 03       		.uleb128 0x3
 1045 00a8 0E       		.uleb128 0xe
 1046 00a9 3A       		.uleb128 0x3a
 1047 00aa 0B       		.uleb128 0xb
 1048 00ab 3B       		.uleb128 0x3b
 1049 00ac 0B       		.uleb128 0xb
 1050 00ad 49       		.uleb128 0x49
 1051 00ae 13       		.uleb128 0x13
 1052 00af 38       		.uleb128 0x38
 1053 00b0 0B       		.uleb128 0xb
 1054 00b1 00       		.byte	0
 1055 00b2 00       		.byte	0
 1056 00b3 10       		.uleb128 0x10
 1057 00b4 2E       		.uleb128 0x2e
 1058 00b5 01       		.byte	0x1
 1059 00b6 3F       		.uleb128 0x3f
 1060 00b7 19       		.uleb128 0x19
 1061 00b8 03       		.uleb128 0x3
 1062 00b9 0E       		.uleb128 0xe
 1063 00ba 3A       		.uleb128 0x3a
 1064 00bb 0B       		.uleb128 0xb
 1065 00bc 3B       		.uleb128 0x3b
 1066 00bd 0B       		.uleb128 0xb
 1067 00be 27       		.uleb128 0x27
 1068 00bf 19       		.uleb128 0x19
 1069 00c0 49       		.uleb128 0x49
 1070 00c1 13       		.uleb128 0x13
 1071 00c2 11       		.uleb128 0x11
 1072 00c3 01       		.uleb128 0x1
 1073 00c4 12       		.uleb128 0x12
 1074 00c5 06       		.uleb128 0x6
 1075 00c6 40       		.uleb128 0x40
 1076 00c7 18       		.uleb128 0x18
 1077 00c8 9742     		.uleb128 0x2117
 1078 00ca 19       		.uleb128 0x19
 1079 00cb 01       		.uleb128 0x1
ARM GAS  /tmp/ccVhSb2w.s 			page 20


 1080 00cc 13       		.uleb128 0x13
 1081 00cd 00       		.byte	0
 1082 00ce 00       		.byte	0
 1083 00cf 11       		.uleb128 0x11
 1084 00d0 05       		.uleb128 0x5
 1085 00d1 00       		.byte	0
 1086 00d2 03       		.uleb128 0x3
 1087 00d3 08       		.uleb128 0x8
 1088 00d4 3A       		.uleb128 0x3a
 1089 00d5 0B       		.uleb128 0xb
 1090 00d6 3B       		.uleb128 0x3b
 1091 00d7 0B       		.uleb128 0xb
 1092 00d8 49       		.uleb128 0x49
 1093 00d9 13       		.uleb128 0x13
 1094 00da 02       		.uleb128 0x2
 1095 00db 17       		.uleb128 0x17
 1096 00dc 00       		.byte	0
 1097 00dd 00       		.byte	0
 1098 00de 12       		.uleb128 0x12
 1099 00df 2E       		.uleb128 0x2e
 1100 00e0 01       		.byte	0x1
 1101 00e1 3F       		.uleb128 0x3f
 1102 00e2 19       		.uleb128 0x19
 1103 00e3 03       		.uleb128 0x3
 1104 00e4 0E       		.uleb128 0xe
 1105 00e5 3A       		.uleb128 0x3a
 1106 00e6 0B       		.uleb128 0xb
 1107 00e7 3B       		.uleb128 0x3b
 1108 00e8 0B       		.uleb128 0xb
 1109 00e9 27       		.uleb128 0x27
 1110 00ea 19       		.uleb128 0x19
 1111 00eb 11       		.uleb128 0x11
 1112 00ec 01       		.uleb128 0x1
 1113 00ed 12       		.uleb128 0x12
 1114 00ee 06       		.uleb128 0x6
 1115 00ef 40       		.uleb128 0x40
 1116 00f0 18       		.uleb128 0x18
 1117 00f1 9742     		.uleb128 0x2117
 1118 00f3 19       		.uleb128 0x19
 1119 00f4 01       		.uleb128 0x1
 1120 00f5 13       		.uleb128 0x13
 1121 00f6 00       		.byte	0
 1122 00f7 00       		.byte	0
 1123 00f8 13       		.uleb128 0x13
 1124 00f9 05       		.uleb128 0x5
 1125 00fa 00       		.byte	0
 1126 00fb 03       		.uleb128 0x3
 1127 00fc 08       		.uleb128 0x8
 1128 00fd 3A       		.uleb128 0x3a
 1129 00fe 0B       		.uleb128 0xb
 1130 00ff 3B       		.uleb128 0x3b
 1131 0100 0B       		.uleb128 0xb
 1132 0101 49       		.uleb128 0x49
 1133 0102 13       		.uleb128 0x13
 1134 0103 02       		.uleb128 0x2
 1135 0104 18       		.uleb128 0x18
 1136 0105 00       		.byte	0
ARM GAS  /tmp/ccVhSb2w.s 			page 21


 1137 0106 00       		.byte	0
 1138 0107 14       		.uleb128 0x14
 1139 0108 05       		.uleb128 0x5
 1140 0109 00       		.byte	0
 1141 010a 03       		.uleb128 0x3
 1142 010b 0E       		.uleb128 0xe
 1143 010c 3A       		.uleb128 0x3a
 1144 010d 0B       		.uleb128 0xb
 1145 010e 3B       		.uleb128 0x3b
 1146 010f 0B       		.uleb128 0xb
 1147 0110 49       		.uleb128 0x49
 1148 0111 13       		.uleb128 0x13
 1149 0112 02       		.uleb128 0x2
 1150 0113 17       		.uleb128 0x17
 1151 0114 00       		.byte	0
 1152 0115 00       		.byte	0
 1153 0116 15       		.uleb128 0x15
 1154 0117 898201   		.uleb128 0x4109
 1155 011a 01       		.byte	0x1
 1156 011b 11       		.uleb128 0x11
 1157 011c 01       		.uleb128 0x1
 1158 011d 9542     		.uleb128 0x2115
 1159 011f 19       		.uleb128 0x19
 1160 0120 31       		.uleb128 0x31
 1161 0121 13       		.uleb128 0x13
 1162 0122 00       		.byte	0
 1163 0123 00       		.byte	0
 1164 0124 16       		.uleb128 0x16
 1165 0125 8A8201   		.uleb128 0x410a
 1166 0128 00       		.byte	0
 1167 0129 02       		.uleb128 0x2
 1168 012a 18       		.uleb128 0x18
 1169 012b 9142     		.uleb128 0x2111
 1170 012d 18       		.uleb128 0x18
 1171 012e 00       		.byte	0
 1172 012f 00       		.byte	0
 1173 0130 17       		.uleb128 0x17
 1174 0131 34       		.uleb128 0x34
 1175 0132 00       		.byte	0
 1176 0133 03       		.uleb128 0x3
 1177 0134 0E       		.uleb128 0xe
 1178 0135 3A       		.uleb128 0x3a
 1179 0136 0B       		.uleb128 0xb
 1180 0137 3B       		.uleb128 0x3b
 1181 0138 05       		.uleb128 0x5
 1182 0139 49       		.uleb128 0x49
 1183 013a 13       		.uleb128 0x13
 1184 013b 3F       		.uleb128 0x3f
 1185 013c 19       		.uleb128 0x19
 1186 013d 3C       		.uleb128 0x3c
 1187 013e 19       		.uleb128 0x19
 1188 013f 00       		.byte	0
 1189 0140 00       		.byte	0
 1190 0141 18       		.uleb128 0x18
 1191 0142 2E       		.uleb128 0x2e
 1192 0143 01       		.byte	0x1
 1193 0144 3F       		.uleb128 0x3f
ARM GAS  /tmp/ccVhSb2w.s 			page 22


 1194 0145 19       		.uleb128 0x19
 1195 0146 03       		.uleb128 0x3
 1196 0147 0E       		.uleb128 0xe
 1197 0148 3A       		.uleb128 0x3a
 1198 0149 0B       		.uleb128 0xb
 1199 014a 3B       		.uleb128 0x3b
 1200 014b 0B       		.uleb128 0xb
 1201 014c 27       		.uleb128 0x27
 1202 014d 19       		.uleb128 0x19
 1203 014e 3C       		.uleb128 0x3c
 1204 014f 19       		.uleb128 0x19
 1205 0150 00       		.byte	0
 1206 0151 00       		.byte	0
 1207 0152 19       		.uleb128 0x19
 1208 0153 05       		.uleb128 0x5
 1209 0154 00       		.byte	0
 1210 0155 49       		.uleb128 0x49
 1211 0156 13       		.uleb128 0x13
 1212 0157 00       		.byte	0
 1213 0158 00       		.byte	0
 1214 0159 00       		.byte	0
 1215              		.section	.debug_loc,"",%progbits
 1216              	.Ldebug_loc0:
 1217              	.LLST0:
 1218 0000 00000000 		.4byte	.LVL0
 1219 0004 0C000000 		.4byte	.LVL1
 1220 0008 0100     		.2byte	0x1
 1221 000a 50       		.byte	0x50
 1222 000b 0C000000 		.4byte	.LVL1
 1223 000f 10000000 		.4byte	.LFE36
 1224 0013 0400     		.2byte	0x4
 1225 0015 F3       		.byte	0xf3
 1226 0016 01       		.uleb128 0x1
 1227 0017 50       		.byte	0x50
 1228 0018 9F       		.byte	0x9f
 1229 0019 00000000 		.4byte	0
 1230 001d 00000000 		.4byte	0
 1231              	.LLST1:
 1232 0021 00000000 		.4byte	.LVL2
 1233 0025 06000000 		.4byte	.LVL3
 1234 0029 0100     		.2byte	0x1
 1235 002b 51       		.byte	0x51
 1236 002c 06000000 		.4byte	.LVL3
 1237 0030 16000000 		.4byte	.LFE37
 1238 0034 0400     		.2byte	0x4
 1239 0036 F3       		.byte	0xf3
 1240 0037 01       		.uleb128 0x1
 1241 0038 51       		.byte	0x51
 1242 0039 9F       		.byte	0x9f
 1243 003a 00000000 		.4byte	0
 1244 003e 00000000 		.4byte	0
 1245              	.LLST2:
 1246 0042 00000000 		.4byte	.LVL4
 1247 0046 0A000000 		.4byte	.LVL5
 1248 004a 0100     		.2byte	0x1
 1249 004c 50       		.byte	0x50
 1250 004d 0A000000 		.4byte	.LVL5
ARM GAS  /tmp/ccVhSb2w.s 			page 23


 1251 0051 16000000 		.4byte	.LFE38
 1252 0055 0400     		.2byte	0x4
 1253 0057 F3       		.byte	0xf3
 1254 0058 01       		.uleb128 0x1
 1255 0059 50       		.byte	0x50
 1256 005a 9F       		.byte	0x9f
 1257 005b 00000000 		.4byte	0
 1258 005f 00000000 		.4byte	0
 1259              	.LLST3:
 1260 0063 00000000 		.4byte	.LVL4
 1261 0067 0E000000 		.4byte	.LVL6
 1262 006b 0100     		.2byte	0x1
 1263 006d 51       		.byte	0x51
 1264 006e 0E000000 		.4byte	.LVL6
 1265 0072 15000000 		.4byte	.LVL7-1
 1266 0076 0100     		.2byte	0x1
 1267 0078 52       		.byte	0x52
 1268 0079 15000000 		.4byte	.LVL7-1
 1269 007d 16000000 		.4byte	.LFE38
 1270 0081 0400     		.2byte	0x4
 1271 0083 F3       		.byte	0xf3
 1272 0084 01       		.uleb128 0x1
 1273 0085 51       		.byte	0x51
 1274 0086 9F       		.byte	0x9f
 1275 0087 00000000 		.4byte	0
 1276 008b 00000000 		.4byte	0
 1277              		.section	.debug_aranges,"",%progbits
 1278 0000 2C000000 		.4byte	0x2c
 1279 0004 0200     		.2byte	0x2
 1280 0006 00000000 		.4byte	.Ldebug_info0
 1281 000a 04       		.byte	0x4
 1282 000b 00       		.byte	0
 1283 000c 0000     		.2byte	0
 1284 000e 0000     		.2byte	0
 1285 0010 00000000 		.4byte	.LFB36
 1286 0014 10000000 		.4byte	.LFE36-.LFB36
 1287 0018 00000000 		.4byte	.LFB37
 1288 001c 16000000 		.4byte	.LFE37-.LFB37
 1289 0020 00000000 		.4byte	.LFB38
 1290 0024 16000000 		.4byte	.LFE38-.LFB38
 1291 0028 00000000 		.4byte	0
 1292 002c 00000000 		.4byte	0
 1293              		.section	.debug_ranges,"",%progbits
 1294              	.Ldebug_ranges0:
 1295 0000 00000000 		.4byte	.LFB36
 1296 0004 10000000 		.4byte	.LFE36
 1297 0008 00000000 		.4byte	.LFB37
 1298 000c 16000000 		.4byte	.LFE37
 1299 0010 00000000 		.4byte	.LFB38
 1300 0014 16000000 		.4byte	.LFE38
 1301 0018 00000000 		.4byte	0
 1302 001c 00000000 		.4byte	0
 1303              		.section	.debug_line,"",%progbits
 1304              	.Ldebug_line0:
 1305 0000 77010000 		.section	.debug_str,"MS",%progbits,1
 1305      02003901 
 1305      00000201 
ARM GAS  /tmp/ccVhSb2w.s 			page 24


 1305      FB0E0D00 
 1305      01010101 
 1306              	.LASF89:
 1307 0000 50494F5F 		.ascii	"PIO_TNCR\000"
 1307      544E4352 
 1307      00
 1308              	.LASF74:
 1309 0009 50494F5F 		.ascii	"PIO_SCHMITT\000"
 1309      5343484D 
 1309      49545400 
 1310              	.LASF95:
 1311 0015 706F7274 		.ascii	"portid\000"
 1311      696400
 1312              	.LASF108:
 1313 001c 5F70616C 		.ascii	"_pal_lld_setgroupmode\000"
 1313      5F6C6C64 
 1313      5F736574 
 1313      67726F75 
 1313      706D6F64 
 1314              	.LASF32:
 1315 0032 50494F5F 		.ascii	"PIO_IER\000"
 1315      49455200 
 1316              	.LASF59:
 1317 003a 50494F5F 		.ascii	"PIO_AIMDR\000"
 1317      41494D44 
 1317      5200
 1318              	.LASF21:
 1319 0044 50494F5F 		.ascii	"PIO_ODR\000"
 1319      4F445200 
 1320              	.LASF22:
 1321 004c 50494F5F 		.ascii	"PIO_OSR\000"
 1321      4F535200 
 1322              	.LASF3:
 1323 0054 73686F72 		.ascii	"short int\000"
 1323      7420696E 
 1323      7400
 1324              	.LASF67:
 1325 005e 50494F5F 		.ascii	"PIO_REHLSR\000"
 1325      5245484C 
 1325      535200
 1326              	.LASF11:
 1327 0069 73697A65 		.ascii	"sizetype\000"
 1327      74797065 
 1327      00
 1328              	.LASF30:
 1329 0072 50494F5F 		.ascii	"PIO_ODSR\000"
 1329      4F445352 
 1329      00
 1330              	.LASF106:
 1331 007b 70616C52 		.ascii	"palReadBus\000"
 1331      65616442 
 1331      757300
 1332              	.LASF94:
 1333 0086 696F706F 		.ascii	"ioportid_t\000"
 1333      72746964 
 1333      5F7400
 1334              	.LASF98:
ARM GAS  /tmp/ccVhSb2w.s 			page 25


 1335 0091 494F4275 		.ascii	"IOBus\000"
 1335      7300
 1336              	.LASF34:
 1337 0097 50494F5F 		.ascii	"PIO_IMR\000"
 1337      494D5200 
 1338              	.LASF50:
 1339 009f 50494F5F 		.ascii	"PIO_PPDDR\000"
 1339      50504444 
 1339      5200
 1340              	.LASF52:
 1341 00a9 50494F5F 		.ascii	"PIO_PPDSR\000"
 1341      50504453 
 1341      5200
 1342              	.LASF14:
 1343 00b3 576F5265 		.ascii	"WoReg\000"
 1343      6700
 1344              	.LASF54:
 1345 00b9 50494F5F 		.ascii	"PIO_OWER\000"
 1345      4F574552 
 1345      00
 1346              	.LASF92:
 1347 00c2 696F6D6F 		.ascii	"iomode_t\000"
 1347      64655F74 
 1347      00
 1348              	.LASF71:
 1349 00cb 50494F5F 		.ascii	"PIO_WPMR\000"
 1349      57504D52 
 1349      00
 1350              	.LASF19:
 1351 00d4 52657365 		.ascii	"Reserved1\000"
 1351      72766564 
 1351      3100
 1352              	.LASF23:
 1353 00de 52657365 		.ascii	"Reserved2\000"
 1353      72766564 
 1353      3200
 1354              	.LASF85:
 1355 00e8 50494F5F 		.ascii	"PIO_TCR\000"
 1355      54435200 
 1356              	.LASF62:
 1357 00f0 50494F5F 		.ascii	"PIO_ESR\000"
 1357      45535200 
 1358              	.LASF78:
 1359 00f8 50494F5F 		.ascii	"PIO_PCIDR\000"
 1359      50434944 
 1359      5200
 1360              	.LASF80:
 1361 0102 50494F5F 		.ascii	"PIO_PCISR\000"
 1361      50434953 
 1361      5200
 1362              	.LASF53:
 1363 010c 52657365 		.ascii	"Reserved7\000"
 1363      72766564 
 1363      3700
 1364              	.LASF93:
 1365 0116 696F706F 		.ascii	"ioportmask_t\000"
 1365      72746D61 
ARM GAS  /tmp/ccVhSb2w.s 			page 26


 1365      736B5F74 
 1365      00
 1366              	.LASF61:
 1367 0123 52657365 		.ascii	"Reserved9\000"
 1367      72766564 
 1367      3900
 1368              	.LASF81:
 1369 012d 50494F5F 		.ascii	"PIO_PCRHR\000"
 1369      50435248 
 1369      5200
 1370              	.LASF49:
 1371 0137 50494F5F 		.ascii	"PIO_SCDR\000"
 1371      53434452 
 1371      00
 1372              	.LASF43:
 1373 0140 52657365 		.ascii	"Reserved5\000"
 1373      72766564 
 1373      3500
 1374              	.LASF7:
 1375 014a 6C6F6E67 		.ascii	"long long int\000"
 1375      206C6F6E 
 1375      6720696E 
 1375      7400
 1376              	.LASF8:
 1377 0158 6C6F6E67 		.ascii	"long long unsigned int\000"
 1377      206C6F6E 
 1377      6720756E 
 1377      7369676E 
 1377      65642069 
 1378              	.LASF99:
 1379 016f 62697473 		.ascii	"bits\000"
 1379      00
 1380              	.LASF25:
 1381 0174 50494F5F 		.ascii	"PIO_IFDR\000"
 1381      49464452 
 1381      00
 1382              	.LASF26:
 1383 017d 50494F5F 		.ascii	"PIO_IFSR\000"
 1383      49465352 
 1383      00
 1384              	.LASF5:
 1385 0186 6C6F6E67 		.ascii	"long int\000"
 1385      20696E74 
 1385      00
 1386              	.LASF97:
 1387 018f 6F666673 		.ascii	"offset\000"
 1387      657400
 1388              	.LASF31:
 1389 0196 50494F5F 		.ascii	"PIO_PDSR\000"
 1389      50445352 
 1389      00
 1390              	.LASF40:
 1391 019f 50494F5F 		.ascii	"PIO_PUDR\000"
 1391      50554452 
 1391      00
 1392              	.LASF42:
 1393 01a8 50494F5F 		.ascii	"PIO_PUSR\000"
ARM GAS  /tmp/ccVhSb2w.s 			page 27


 1393      50555352 
 1393      00
 1394              	.LASF63:
 1395 01b1 50494F5F 		.ascii	"PIO_LSR\000"
 1395      4C535200 
 1396              	.LASF13:
 1397 01b9 526F5265 		.ascii	"RoReg\000"
 1397      6700
 1398              	.LASF51:
 1399 01bf 50494F5F 		.ascii	"PIO_PPDER\000"
 1399      50504445 
 1399      5200
 1400              	.LASF46:
 1401 01c9 50494F5F 		.ascii	"PIO_IFSCDR\000"
 1401      49465343 
 1401      445200
 1402              	.LASF48:
 1403 01d4 50494F5F 		.ascii	"PIO_IFSCSR\000"
 1403      49465343 
 1403      535200
 1404              	.LASF83:
 1405 01df 50494F5F 		.ascii	"PIO_RCR\000"
 1405      52435200 
 1406              	.LASF88:
 1407 01e7 50494F5F 		.ascii	"PIO_TNPR\000"
 1407      544E5052 
 1407      00
 1408              	.LASF60:
 1409 01f0 50494F5F 		.ascii	"PIO_AIMMR\000"
 1409      41494D4D 
 1409      5200
 1410              	.LASF87:
 1411 01fa 50494F5F 		.ascii	"PIO_RNCR\000"
 1411      524E4352 
 1411      00
 1412              	.LASF2:
 1413 0203 756E7369 		.ascii	"unsigned char\000"
 1413      676E6564 
 1413      20636861 
 1413      7200
 1414              	.LASF77:
 1415 0211 50494F5F 		.ascii	"PIO_PCIER\000"
 1415      50434945 
 1415      5200
 1416              	.LASF15:
 1417 021b 52775265 		.ascii	"RwReg\000"
 1417      6700
 1418              	.LASF1:
 1419 0221 7369676E 		.ascii	"signed char\000"
 1419      65642063 
 1419      68617200 
 1420              	.LASF90:
 1421 022d 50494F5F 		.ascii	"PIO_PTCR\000"
 1421      50544352 
 1421      00
 1422              	.LASF70:
 1423 0236 50494F5F 		.ascii	"PIO_LOCKSR\000"
ARM GAS  /tmp/ccVhSb2w.s 			page 28


 1423      4C4F434B 
 1423      535200
 1424              	.LASF10:
 1425 0241 75696E74 		.ascii	"uint_fast8_t\000"
 1425      5F666173 
 1425      74385F74 
 1425      00
 1426              	.LASF9:
 1427 024e 75696E74 		.ascii	"uint32_t\000"
 1427      33325F74 
 1427      00
 1428              	.LASF91:
 1429 0257 50494F5F 		.ascii	"PIO_PTSR\000"
 1429      50545352 
 1429      00
 1430              	.LASF0:
 1431 0260 756E7369 		.ascii	"unsigned int\000"
 1431      676E6564 
 1431      20696E74 
 1431      00
 1432              	.LASF82:
 1433 026d 50494F5F 		.ascii	"PIO_RPR\000"
 1433      52505200 
 1434              	.LASF36:
 1435 0275 50494F5F 		.ascii	"PIO_MDER\000"
 1435      4D444552 
 1435      00
 1436              	.LASF65:
 1437 027e 52657365 		.ascii	"Reserved10\000"
 1437      72766564 
 1437      313000
 1438              	.LASF69:
 1439 0289 52657365 		.ascii	"Reserved11\000"
 1439      72766564 
 1439      313100
 1440              	.LASF73:
 1441 0294 52657365 		.ascii	"Reserved12\000"
 1441      72766564 
 1441      313200
 1442              	.LASF75:
 1443 029f 52657365 		.ascii	"Reserved13\000"
 1443      72766564 
 1443      313300
 1444              	.LASF37:
 1445 02aa 50494F5F 		.ascii	"PIO_MDDR\000"
 1445      4D444452 
 1445      00
 1446              	.LASF38:
 1447 02b3 50494F5F 		.ascii	"PIO_MDSR\000"
 1447      4D445352 
 1447      00
 1448              	.LASF64:
 1449 02bc 50494F5F 		.ascii	"PIO_ELSR\000"
 1449      454C5352 
 1449      00
 1450              	.LASF12:
 1451 02c5 63686172 		.ascii	"char\000"
ARM GAS  /tmp/ccVhSb2w.s 			page 29


 1451      00
 1452              	.LASF79:
 1453 02ca 50494F5F 		.ascii	"PIO_PCIMR\000"
 1453      5043494D 
 1453      5200
 1454              	.LASF104:
 1455 02d4 2E2E2F74 		.ascii	"../third_party/ChibiOS/os/hal/src/pal.c\000"
 1455      68697264 
 1455      5F706172 
 1455      74792F43 
 1455      68696269 
 1456              	.LASF4:
 1457 02fc 73686F72 		.ascii	"short unsigned int\000"
 1457      7420756E 
 1457      7369676E 
 1457      65642069 
 1457      6E7400
 1458              	.LASF102:
 1459 030f 6D6F6465 		.ascii	"mode\000"
 1459      00
 1460              	.LASF41:
 1461 0314 50494F5F 		.ascii	"PIO_PUER\000"
 1461      50554552 
 1461      00
 1462              	.LASF84:
 1463 031d 50494F5F 		.ascii	"PIO_TPR\000"
 1463      54505200 
 1464              	.LASF47:
 1465 0325 50494F5F 		.ascii	"PIO_IFSCER\000"
 1465      49465343 
 1465      455200
 1466              	.LASF29:
 1467 0330 50494F5F 		.ascii	"PIO_CODR\000"
 1467      434F4452 
 1467      00
 1468              	.LASF6:
 1469 0339 6C6F6E67 		.ascii	"long unsigned int\000"
 1469      20756E73 
 1469      69676E65 
 1469      6420696E 
 1469      7400
 1470              	.LASF27:
 1471 034b 52657365 		.ascii	"Reserved3\000"
 1471      72766564 
 1471      3300
 1472              	.LASF39:
 1473 0355 52657365 		.ascii	"Reserved4\000"
 1473      72766564 
 1473      3400
 1474              	.LASF33:
 1475 035f 50494F5F 		.ascii	"PIO_IDR\000"
 1475      49445200 
 1476              	.LASF35:
 1477 0367 50494F5F 		.ascii	"PIO_ISR\000"
 1477      49535200 
 1478              	.LASF45:
 1479 036f 52657365 		.ascii	"Reserved6\000"
ARM GAS  /tmp/ccVhSb2w.s 			page 30


 1479      72766564 
 1479      3600
 1480              	.LASF101:
 1481 0379 70616C53 		.ascii	"palSetBusMode\000"
 1481      65744275 
 1481      734D6F64 
 1481      6500
 1482              	.LASF57:
 1483 0387 52657365 		.ascii	"Reserved8\000"
 1483      72766564 
 1483      3800
 1484              	.LASF103:
 1485 0391 474E5520 		.ascii	"GNU C 4.8.1 -mcpu=cortex-m3 -mno-thumb-interwork -m"
 1485      4320342E 
 1485      382E3120 
 1485      2D6D6370 
 1485      753D636F 
 1486 03c4 7468756D 		.ascii	"thumb -ggdb -O2 -std=gnu99 -fomit-frame-pointer -fa"
 1486      62202D67 
 1486      67646220 
 1486      2D4F3220 
 1486      2D737464 
 1487 03f7 6C69676E 		.ascii	"lign-functions=16 -ffunction-sections -fdata-sectio"
 1487      2D66756E 
 1487      6374696F 
 1487      6E733D31 
 1487      36202D66 
 1488 042a 6E73202D 		.ascii	"ns -fno-common\000"
 1488      666E6F2D 
 1488      636F6D6D 
 1488      6F6E00
 1489              	.LASF68:
 1490 0439 50494F5F 		.ascii	"PIO_FRLHSR\000"
 1490      46524C48 
 1490      535200
 1491              	.LASF96:
 1492 0444 6D61736B 		.ascii	"mask\000"
 1492      00
 1493              	.LASF72:
 1494 0449 50494F5F 		.ascii	"PIO_WPSR\000"
 1494      57505352 
 1494      00
 1495              	.LASF24:
 1496 0452 50494F5F 		.ascii	"PIO_IFER\000"
 1496      49464552 
 1496      00
 1497              	.LASF16:
 1498 045b 50494F5F 		.ascii	"PIO_PER\000"
 1498      50455200 
 1499              	.LASF44:
 1500 0463 50494F5F 		.ascii	"PIO_ABCDSR\000"
 1500      41424344 
 1500      535200
 1501              	.LASF105:
 1502 046e 2F686F6D 		.ascii	"/home/santi/Documentos/ProyectoDron_2018/MCU/creato"
 1502      652F7361 
 1502      6E74692F 
ARM GAS  /tmp/ccVhSb2w.s 			page 31


 1502      446F6375 
 1502      6D656E74 
 1503 04a1 7200     		.ascii	"r\000"
 1504              	.LASF28:
 1505 04a3 50494F5F 		.ascii	"PIO_SODR\000"
 1505      534F4452 
 1505      00
 1506              	.LASF76:
 1507 04ac 50494F5F 		.ascii	"PIO_PCMR\000"
 1507      50434D52 
 1507      00
 1508              	.LASF20:
 1509 04b5 50494F5F 		.ascii	"PIO_OER\000"
 1509      4F455200 
 1510              	.LASF107:
 1511 04bd 49544D5F 		.ascii	"ITM_RxBuffer\000"
 1511      52784275 
 1511      66666572 
 1511      00
 1512              	.LASF55:
 1513 04ca 50494F5F 		.ascii	"PIO_OWDR\000"
 1513      4F574452 
 1513      00
 1514              	.LASF56:
 1515 04d3 50494F5F 		.ascii	"PIO_OWSR\000"
 1515      4F575352 
 1515      00
 1516              	.LASF58:
 1517 04dc 50494F5F 		.ascii	"PIO_AIMER\000"
 1517      41494D45 
 1517      5200
 1518              	.LASF66:
 1519 04e6 50494F5F 		.ascii	"PIO_FELLSR\000"
 1519      46454C4C 
 1519      535200
 1520              	.LASF100:
 1521 04f1 70616C57 		.ascii	"palWriteBus\000"
 1521      72697465 
 1521      42757300 
 1522              	.LASF86:
 1523 04fd 50494F5F 		.ascii	"PIO_RNPR\000"
 1523      524E5052 
 1523      00
 1524              	.LASF17:
 1525 0506 50494F5F 		.ascii	"PIO_PDR\000"
 1525      50445200 
 1526              	.LASF18:
 1527 050e 50494F5F 		.ascii	"PIO_PSR\000"
 1527      50535200 
 1528              		.ident	"GCC: (Sourcery CodeBench Lite 2013.11-24) 4.8.1"
ARM GAS  /tmp/ccVhSb2w.s 			page 32


DEFINED SYMBOLS
                            *ABS*:00000000 pal.c
     /tmp/ccVhSb2w.s:19     .text.palReadBus:00000000 $t
     /tmp/ccVhSb2w.s:25     .text.palReadBus:00000000 palReadBus
     /tmp/ccVhSb2w.s:48     .text.palWriteBus:00000000 $t
     /tmp/ccVhSb2w.s:54     .text.palWriteBus:00000000 palWriteBus
     /tmp/ccVhSb2w.s:77     .text.palSetBusMode:00000000 $t
     /tmp/ccVhSb2w.s:83     .text.palSetBusMode:00000000 palSetBusMode
                     .debug_frame:00000010 $d

UNDEFINED SYMBOLS
_pal_lld_setgroupmode
