ARM GAS  /tmp/ccXmlbSE.s 			page 1


   1              		.syntax unified
   2              		.cpu cortex-m3
   3              		.fpu softvfp
   4              		.eabi_attribute 20, 1
   5              		.eabi_attribute 21, 1
   6              		.eabi_attribute 23, 3
   7              		.eabi_attribute 24, 1
   8              		.eabi_attribute 25, 1
   9              		.eabi_attribute 26, 1
  10              		.eabi_attribute 30, 2
  11              		.eabi_attribute 34, 1
  12              		.eabi_attribute 18, 4
  13              		.thumb
  14              		.file	"system_SAM3.c"
  15              		.text
  16              	.Ltext0:
  17              		.cfi_sections	.debug_frame
  18              		.section	.text.SystemCoreClockUpdate,"ax",%progbits
  19              		.align	2
  20              		.p2align 4,,15
  21              		.global	SystemCoreClockUpdate
  22              		.thumb
  23              		.thumb_func
  24              		.type	SystemCoreClockUpdate, %function
  25              	SystemCoreClockUpdate:
  26              	.LFB29:
  27              		.file 1 "../third_party/ChibiOS/os/hal/platforms/AT91SAM3S/system_SAM3.c"
  28              		.loc 1 360 0
  29              		.cfi_startproc
  30              		@ args = 0, pretend = 0, frame = 0
  31              		@ frame_needed = 0, uses_anonymous_args = 0
  32              		@ link register save eliminated.
  33              		.loc 1 362 0
  34 0000 4FF48062 		mov	r2, #1024
  35 0004 C4F20E02 		movt	r2, 16398
  36 0008 136B     		ldr	r3, [r2, #48]
  37 000a 03F00303 		and	r3, r3, #3
  38 000e 022B     		cmp	r3, #2
  39 0010 52D0     		beq	.L3
  40 0012 032B     		cmp	r3, #3
  41 0014 49D0     		beq	.L4
  42 0016 012B     		cmp	r3, #1
  43 0018 29D0     		beq	.L5
  44              		.loc 1 364 0
  45 001a 41F21043 		movw	r3, #5136
  46 001e C4F20E03 		movt	r3, 16398
  47 0022 5B69     		ldr	r3, [r3, #20]
  48 0024 13F0800F 		tst	r3, #128
  49              		.loc 1 365 0
  50 0028 40F20003 		movw	r3, #:lower16:.LANCHOR0
  51 002c C0F20003 		movt	r3, #:upper16:.LANCHOR0
  52 0030 14BF     		ite	ne
  53 0032 4FF40040 		movne	r0, #32768
  54              		.loc 1 367 0
  55 0036 4FF4FA40 		moveq	r0, #32000
  56 003a 1860     		str	r0, [r3]
  57              	.L7:
ARM GAS  /tmp/ccXmlbSE.s 			page 2


  58              		.loc 1 415 0
  59 003c 4FF48062 		mov	r2, #1024
  60 0040 C4F20E02 		movt	r2, 16398
  61 0044 116B     		ldr	r1, [r2, #48]
  62 0046 C1F30211 		ubfx	r1, r1, #4, #3
  63 004a 0729     		cmp	r1, #7
  64              		.loc 1 418 0
  65 004c 17BF     		itett	ne
  66 004e 126B     		ldrne	r2, [r2, #48]
  67              		.loc 1 416 0
  68 0050 4AF6AB22 		movweq	r2, #43691
  69              		.loc 1 418 0
  70 0054 C2F30212 		ubfxne	r2, r2, #4, #3
  71 0058 D040     		lsrne	r0, r0, r2
  72              		.loc 1 416 0
  73 005a 01BF     		itttt	eq
  74 005c CAF6AA22 		movteq	r2, 43690
  75 0060 A2FB0012 		umulleq	r1, r2, r2, r0
  76 0064 5208     		lsreq	r2, r2, #1
  77 0066 1A60     		streq	r2, [r3]
  78              		.loc 1 418 0
  79 0068 18BF     		it	ne
  80 006a 1860     		strne	r0, [r3]
  81 006c 7047     		bx	lr
  82              	.L5:
  83              		.loc 1 370 0
  84 006e 106A     		ldr	r0, [r2, #32]
  85              		.loc 1 371 0
  86 0070 40F20003 		movw	r3, #:lower16:.LANCHOR0
  87              		.loc 1 370 0
  88 0074 10F08070 		ands	r0, r0, #16777216
  89 0078 4FD1     		bne	.L23
  90              		.loc 1 373 0
  91 007a 4FF41061 		mov	r1, #2304
  92 007e C0F20003 		movt	r3, #:upper16:.LANCHOR0
  93 0082 C0F23D01 		movt	r1, 61
  94 0086 1960     		str	r1, [r3]
  95              		.loc 1 374 0
  96 0088 126A     		ldr	r2, [r2, #32]
  97 008a C2F30112 		ubfx	r2, r2, #4, #2
  98 008e 022A     		cmp	r2, #2
  99 0090 50D0     		beq	.L9
 100 0092 032A     		cmp	r2, #3
 101 0094 36D0     		beq	.L21
 102 0096 012A     		cmp	r2, #1
 103              		.loc 1 378 0
 104 0098 02BF     		ittt	eq
 105 009a 4FF49050 		moveq	r0, #4608
 106 009e C0F27A00 		movteq	r0, 122
 107 00a2 1860     		streq	r0, [r3]
 108              		.loc 1 374 0
 109 00a4 CAD0     		beq	.L7
 110 00a6 0846     		mov	r0, r1
 111 00a8 C8E7     		b	.L7
 112              	.L4:
 113              		.loc 1 411 0
 114 00aa 40F20003 		movw	r3, #:lower16:.LANCHOR0
ARM GAS  /tmp/ccXmlbSE.s 			page 3


 115 00ae C0F20003 		movt	r3, #:upper16:.LANCHOR0
 116 00b2 0020     		movs	r0, #0
 117 00b4 1860     		str	r0, [r3]
 118              		.loc 1 412 0
 119 00b6 C1E7     		b	.L7
 120              	.L3:
 121              		.loc 1 390 0
 122 00b8 136A     		ldr	r3, [r2, #32]
 123 00ba DB01     		lsls	r3, r3, #7
 124 00bc 24D4     		bmi	.L18
 125              		.loc 1 393 0
 126 00be 40F20003 		movw	r3, #:lower16:.LANCHOR0
 127 00c2 4FF41060 		mov	r0, #2304
 128 00c6 C0F20003 		movt	r3, #:upper16:.LANCHOR0
 129 00ca C0F23D00 		movt	r0, 61
 130 00ce 1860     		str	r0, [r3]
 131              		.loc 1 394 0
 132 00d0 116A     		ldr	r1, [r2, #32]
 133 00d2 C1F30111 		ubfx	r1, r1, #4, #2
 134 00d6 0129     		cmp	r1, #1
 135 00d8 27D0     		beq	.L13
 136 00da 4FF4D852 		mov	r2, #6912
 137 00de C0F2B702 		movt	r2, 183
 138 00e2 0229     		cmp	r1, #2
 139 00e4 0CBF     		ite	eq
 140 00e6 1146     		moveq	r1, r2
 141 00e8 0146     		movne	r1, r0
 142              	.L12:
 143              		.loc 1 407 0
 144 00ea 4FF48062 		mov	r2, #1024
 145 00ee C4F20E02 		movt	r2, 16398
 146 00f2 906A     		ldr	r0, [r2, #40]
 147              		.loc 1 408 0
 148 00f4 926A     		ldr	r2, [r2, #40]
 149              		.loc 1 407 0
 150 00f6 C0F30A40 		ubfx	r0, r0, #16, #11
 151 00fa 00FB0111 		mla	r1, r0, r1, r1
 152              		.loc 1 408 0
 153 00fe D2B2     		uxtb	r2, r2
 154 0100 B1FBF2F0 		udiv	r0, r1, r2
 155              	.L21:
 156 0104 1860     		str	r0, [r3]
 157              		.loc 1 409 0
 158 0106 99E7     		b	.L7
 159              	.L18:
 160 0108 4FF4D851 		mov	r1, #6912
 161 010c 40F20003 		movw	r3, #:lower16:.LANCHOR0
 162 0110 C0F2B701 		movt	r1, 183
 163 0114 C0F20003 		movt	r3, #:upper16:.LANCHOR0
 164 0118 E7E7     		b	.L12
 165              	.L23:
 166              		.loc 1 371 0
 167 011a 4FF4D850 		mov	r0, #6912
 168 011e C0F20003 		movt	r3, #:upper16:.LANCHOR0
 169 0122 C0F2B700 		movt	r0, 183
 170 0126 1860     		str	r0, [r3]
 171 0128 88E7     		b	.L7
ARM GAS  /tmp/ccXmlbSE.s 			page 4


 172              	.L13:
 173              		.loc 1 399 0
 174 012a 4FF49051 		mov	r1, #4608
 175 012e C0F27A01 		movt	r1, 122
 176 0132 DAE7     		b	.L12
 177              	.L9:
 178              		.loc 1 381 0
 179 0134 4FF4D850 		mov	r0, #6912
 180 0138 C0F2B700 		movt	r0, 183
 181 013c 1860     		str	r0, [r3]
 182              		.loc 1 382 0
 183 013e 7DE7     		b	.L7
 184              		.cfi_endproc
 185              	.LFE29:
 186              		.size	SystemCoreClockUpdate, .-SystemCoreClockUpdate
 187              		.section	.text.SystemInit,"ax",%progbits
 188              		.align	2
 189              		.p2align 4,,15
 190              		.global	SystemInit
 191              		.thumb
 192              		.thumb_func
 193              		.type	SystemInit, %function
 194              	SystemInit:
 195              	.LFB30:
 196              		.loc 1 432 0
 197              		.cfi_startproc
 198              		@ args = 0, pretend = 0, frame = 0
 199              		@ frame_needed = 0, uses_anonymous_args = 0
 200              		@ link register save eliminated.
 201              		.loc 1 434 0
 202 0000 4FF42062 		mov	r2, #2560
 203              		.loc 1 438 0
 204 0004 4FF48063 		mov	r3, #1024
 205 0008 4FF48640 		mov	r0, #17152
 206              		.loc 1 444 0
 207 000c 40F60901 		movw	r1, #2057
 208              		.loc 1 432 0
 209 0010 30B4     		push	{r4, r5}
 210              		.cfi_def_cfa_offset 8
 211              		.cfi_offset 4, -8
 212              		.cfi_offset 5, -4
 213              		.loc 1 438 0
 214 0012 C4F20E03 		movt	r3, 16398
 215              		.loc 1 434 0
 216 0016 C4F20E02 		movt	r2, 16398
 217 001a 4FF40074 		mov	r4, #512
 218              		.loc 1 438 0
 219 001e C5F24D00 		movt	r0, 20557
 220              		.loc 1 444 0
 221 0022 C0F23711 		movt	r1, 311
 222              		.loc 1 434 0
 223 0026 1460     		str	r4, [r2]
 224              		.loc 1 438 0
 225 0028 C3F8E400 		str	r0, [r3, #228]
 226              		.loc 1 446 0
 227 002c 1A46     		mov	r2, r3
 228              		.loc 1 444 0
ARM GAS  /tmp/ccXmlbSE.s 			page 5


 229 002e 1962     		str	r1, [r3, #32]
 230              	.L26:
 231              		.loc 1 446 0 discriminator 1
 232 0030 936E     		ldr	r3, [r2, #104]
 233 0032 9B03     		lsls	r3, r3, #14
 234 0034 FCD5     		bpl	.L26
 235              		.loc 1 449 0
 236 0036 4FF48061 		mov	r1, #1024
 237 003a C4F20E01 		movt	r1, 16398
 238              	.L28:
 239 003e 8A6E     		ldr	r2, [r1, #104]
 240 0040 4FF48063 		mov	r3, #1024
 241 0044 D507     		lsls	r5, r2, #31
 242 0046 C4F20E03 		movt	r3, 16398
 243 004a F8D5     		bpl	.L28
 244              		.loc 1 454 0
 245 004c 0322     		movs	r2, #3
 246 004e C2F22002 		movt	r2, 8224
 247 0052 9A62     		str	r2, [r3, #40]
 248              		.loc 1 455 0
 249 0054 1946     		mov	r1, r3
 250              	.L30:
 251              		.loc 1 455 0 is_stmt 0 discriminator 1
 252 0056 8A6E     		ldr	r2, [r1, #104]
 253 0058 4FF48063 		mov	r3, #1024
 254 005c 9407     		lsls	r4, r2, #30
 255 005e C4F20E03 		movt	r3, 16398
 256 0062 F8D5     		bpl	.L30
 257              		.loc 1 460 0 is_stmt 1
 258 0064 1A6B     		ldr	r2, [r3, #48]
 259              		.loc 1 465 0
 260 0066 1946     		mov	r1, r3
 261              		.loc 1 460 0
 262 0068 22F07002 		bic	r2, r2, #112
 263 006c 42F01002 		orr	r2, r2, #16
 264 0070 1A63     		str	r2, [r3, #48]
 265              	.L32:
 266              		.loc 1 465 0 discriminator 1
 267 0072 8A6E     		ldr	r2, [r1, #104]
 268 0074 4FF48063 		mov	r3, #1024
 269 0078 1007     		lsls	r0, r2, #28
 270 007a C4F20E03 		movt	r3, 16398
 271 007e F8D5     		bpl	.L32
 272              		.loc 1 466 0
 273 0080 1222     		movs	r2, #18
 274 0082 1A63     		str	r2, [r3, #48]
 275              		.loc 1 467 0
 276 0084 1946     		mov	r1, r3
 277              	.L34:
 278              		.loc 1 467 0 is_stmt 0 discriminator 1
 279 0086 8A6E     		ldr	r2, [r1, #104]
 280 0088 4FF48063 		mov	r3, #1024
 281 008c 1207     		lsls	r2, r2, #28
 282 008e C4F20E03 		movt	r3, 16398
 283 0092 F8D5     		bpl	.L34
 284              		.loc 1 487 0 is_stmt 1
 285 0094 44F20130 		movw	r0, #17153
ARM GAS  /tmp/ccXmlbSE.s 			page 6


 286              		.loc 1 491 0
 287 0098 41F25042 		movw	r2, #5200
 288 009c 42F2F101 		movw	r1, #8433
 289              		.loc 1 482 0
 290 00a0 0025     		movs	r5, #0
 291              		.loc 1 483 0
 292 00a2 4FF4E054 		mov	r4, #7168
 293              		.loc 1 487 0
 294 00a6 C5F24D00 		movt	r0, 20557
 295              		.loc 1 491 0
 296 00aa C4F20E02 		movt	r2, 16398
 297 00ae C3F2F001 		movt	r1, 12528
 298              		.loc 1 482 0
 299 00b2 1D60     		str	r5, [r3]
 300              		.loc 1 483 0
 301 00b4 1C61     		str	r4, [r3, #16]
 302              		.loc 1 487 0
 303 00b6 C3F8E400 		str	r0, [r3, #228]
 304              		.loc 1 499 0
 305 00ba 30BC     		pop	{r4, r5}
 306              		.loc 1 491 0
 307 00bc 5160     		str	r1, [r2, #4]
 308              		.loc 1 499 0
 309 00be 7047     		bx	lr
 310              		.cfi_endproc
 311              	.LFE30:
 312              		.size	SystemInit, .-SystemInit
 313              		.global	SystemCoreClock
 314              		.section	.data.SystemCoreClock,"aw",%progbits
 315              		.align	2
 316              		.set	.LANCHOR0,. + 0
 317              		.type	SystemCoreClock, %object
 318              		.size	SystemCoreClock, 4
 319              	SystemCoreClock:
 320 0000 8014EF03 		.word	66000000
 321              		.text
 322              	.Letext0:
 323              		.file 2 "/home/santi/arm-2013.11/arm-none-eabi/include/stdint.h"
 324              		.file 3 "../third_party/ChibiOS/os/hal/platforms/AT91SAM3S/at91lib/SAM3S.h"
 325              		.file 4 "../third_party/ChibiOS/os/hal/platforms/AT91SAM3S/core_cm3.h"
 326              		.section	.debug_info,"",%progbits
 327              	.Ldebug_info0:
 328 0000 1F040000 		.4byte	0x41f
 329 0004 0400     		.2byte	0x4
 330 0006 00000000 		.4byte	.Ldebug_abbrev0
 331 000a 04       		.byte	0x4
 332 000b 01       		.uleb128 0x1
 333 000c 18020000 		.4byte	.LASF66
 334 0010 01       		.byte	0x1
 335 0011 00000000 		.4byte	.LASF67
 336 0015 49030000 		.4byte	.LASF68
 337 0019 00000000 		.4byte	.Ldebug_ranges0+0
 338 001d 00000000 		.4byte	0
 339 0021 00000000 		.4byte	.Ldebug_line0
 340 0025 02       		.uleb128 0x2
 341 0026 01       		.byte	0x1
 342 0027 06       		.byte	0x6
ARM GAS  /tmp/ccXmlbSE.s 			page 7


 343 0028 9E010000 		.4byte	.LASF0
 344 002c 02       		.uleb128 0x2
 345 002d 01       		.byte	0x1
 346 002e 08       		.byte	0x8
 347 002f 81010000 		.4byte	.LASF1
 348 0033 02       		.uleb128 0x2
 349 0034 02       		.byte	0x2
 350 0035 05       		.byte	0x5
 351 0036 7C000000 		.4byte	.LASF2
 352 003a 02       		.uleb128 0x2
 353 003b 02       		.byte	0x2
 354 003c 07       		.byte	0x7
 355 003d DD020000 		.4byte	.LASF3
 356 0041 02       		.uleb128 0x2
 357 0042 04       		.byte	0x4
 358 0043 05       		.byte	0x5
 359 0044 61010000 		.4byte	.LASF4
 360 0048 03       		.uleb128 0x3
 361 0049 C1010000 		.4byte	.LASF9
 362 004d 02       		.byte	0x2
 363 004e 50       		.byte	0x50
 364 004f 53000000 		.4byte	0x53
 365 0053 02       		.uleb128 0x2
 366 0054 04       		.byte	0x4
 367 0055 07       		.byte	0x7
 368 0056 1B030000 		.4byte	.LASF5
 369 005a 02       		.uleb128 0x2
 370 005b 08       		.byte	0x8
 371 005c 05       		.byte	0x5
 372 005d 99000000 		.4byte	.LASF6
 373 0061 02       		.uleb128 0x2
 374 0062 08       		.byte	0x8
 375 0063 07       		.byte	0x7
 376 0064 AA010000 		.4byte	.LASF7
 377 0068 04       		.uleb128 0x4
 378 0069 04       		.byte	0x4
 379 006a 05       		.byte	0x5
 380 006b 696E7400 		.ascii	"int\000"
 381 006f 02       		.uleb128 0x2
 382 0070 04       		.byte	0x4
 383 0071 07       		.byte	0x7
 384 0072 CA010000 		.4byte	.LASF8
 385 0076 03       		.uleb128 0x3
 386 0077 72010000 		.4byte	.LASF10
 387 007b 03       		.byte	0x3
 388 007c 35       		.byte	0x35
 389 007d 81000000 		.4byte	0x81
 390 0081 05       		.uleb128 0x5
 391 0082 86000000 		.4byte	0x86
 392 0086 06       		.uleb128 0x6
 393 0087 48000000 		.4byte	0x48
 394 008b 03       		.uleb128 0x3
 395 008c C5000000 		.4byte	.LASF11
 396 0090 03       		.byte	0x3
 397 0091 39       		.byte	0x39
 398 0092 96000000 		.4byte	0x96
 399 0096 06       		.uleb128 0x6
ARM GAS  /tmp/ccXmlbSE.s 			page 8


 400 0097 48000000 		.4byte	0x48
 401 009b 03       		.uleb128 0x3
 402 009c 98010000 		.4byte	.LASF12
 403 00a0 03       		.byte	0x3
 404 00a1 3A       		.byte	0x3a
 405 00a2 96000000 		.4byte	0x96
 406 00a6 02       		.uleb128 0x2
 407 00a7 04       		.byte	0x4
 408 00a8 07       		.byte	0x7
 409 00a9 90000000 		.4byte	.LASF13
 410 00ad 07       		.uleb128 0x7
 411 00ae 9B000000 		.4byte	0x9b
 412 00b2 BD000000 		.4byte	0xbd
 413 00b6 08       		.uleb128 0x8
 414 00b7 A6000000 		.4byte	0xa6
 415 00bb 00       		.byte	0
 416 00bc 00       		.byte	0
 417 00bd 07       		.uleb128 0x7
 418 00be 9B000000 		.4byte	0x9b
 419 00c2 CD000000 		.4byte	0xcd
 420 00c6 08       		.uleb128 0x8
 421 00c7 A6000000 		.4byte	0xa6
 422 00cb 04       		.byte	0x4
 423 00cc 00       		.byte	0
 424 00cd 09       		.uleb128 0x9
 425 00ce 10       		.byte	0x10
 426 00cf 03       		.byte	0x3
 427 00d0 3B04     		.2byte	0x43b
 428 00d2 0B010000 		.4byte	0x10b
 429 00d6 0A       		.uleb128 0xa
 430 00d7 2D030000 		.4byte	.LASF14
 431 00db 03       		.byte	0x3
 432 00dc 3C04     		.2byte	0x43c
 433 00de 9B000000 		.4byte	0x9b
 434 00e2 00       		.byte	0
 435 00e3 0A       		.uleb128 0xa
 436 00e4 EB010000 		.4byte	.LASF15
 437 00e8 03       		.byte	0x3
 438 00e9 3D04     		.2byte	0x43d
 439 00eb 8B000000 		.4byte	0x8b
 440 00ef 04       		.byte	0x4
 441 00f0 0A       		.uleb128 0xa
 442 00f1 40030000 		.4byte	.LASF16
 443 00f5 03       		.byte	0x3
 444 00f6 3E04     		.2byte	0x43e
 445 00f8 76000000 		.4byte	0x76
 446 00fc 08       		.byte	0x8
 447 00fd 0A       		.uleb128 0xa
 448 00fe F4010000 		.4byte	.LASF17
 449 0102 03       		.byte	0x3
 450 0103 3F04     		.2byte	0x43f
 451 0105 76000000 		.4byte	0x76
 452 0109 0C       		.byte	0xc
 453 010a 00       		.byte	0
 454 010b 0B       		.uleb128 0xb
 455 010c 45666300 		.ascii	"Efc\000"
 456 0110 03       		.byte	0x3
ARM GAS  /tmp/ccXmlbSE.s 			page 9


 457 0111 4004     		.2byte	0x440
 458 0113 CD000000 		.4byte	0xcd
 459 0117 0C       		.uleb128 0xc
 460 0118 1401     		.2byte	0x114
 461 011a 03       		.byte	0x3
 462 011b 3F0D     		.2byte	0xd3f
 463 011d E1020000 		.4byte	0x2e1
 464 0121 0A       		.uleb128 0xa
 465 0122 0B030000 		.4byte	.LASF18
 466 0126 03       		.byte	0x3
 467 0127 400D     		.2byte	0xd40
 468 0129 8B000000 		.4byte	0x8b
 469 012d 00       		.byte	0
 470 012e 0A       		.uleb128 0xa
 471 012f A0030000 		.4byte	.LASF19
 472 0133 03       		.byte	0x3
 473 0134 410D     		.2byte	0xd41
 474 0136 8B000000 		.4byte	0x8b
 475 013a 04       		.byte	0x4
 476 013b 0A       		.uleb128 0xa
 477 013c 5A000000 		.4byte	.LASF20
 478 0140 03       		.byte	0x3
 479 0141 420D     		.2byte	0xd42
 480 0143 76000000 		.4byte	0x76
 481 0147 08       		.byte	0x8
 482 0148 0A       		.uleb128 0xa
 483 0149 DC000000 		.4byte	.LASF21
 484 014d 03       		.byte	0x3
 485 014e 430D     		.2byte	0xd43
 486 0150 E1020000 		.4byte	0x2e1
 487 0154 0C       		.byte	0xc
 488 0155 0A       		.uleb128 0xa
 489 0156 B1000000 		.4byte	.LASF22
 490 015a 03       		.byte	0x3
 491 015b 440D     		.2byte	0xd44
 492 015d 8B000000 		.4byte	0x8b
 493 0161 10       		.byte	0x10
 494 0162 0A       		.uleb128 0xa
 495 0163 35010000 		.4byte	.LASF23
 496 0167 03       		.byte	0x3
 497 0168 450D     		.2byte	0xd45
 498 016a 8B000000 		.4byte	0x8b
 499 016e 14       		.byte	0x14
 500 016f 0A       		.uleb128 0xa
 501 0170 D7010000 		.4byte	.LASF24
 502 0174 03       		.byte	0x3
 503 0175 460D     		.2byte	0xd46
 504 0177 76000000 		.4byte	0x76
 505 017b 18       		.byte	0x18
 506 017c 0A       		.uleb128 0xa
 507 017d E6000000 		.4byte	.LASF25
 508 0181 03       		.byte	0x3
 509 0182 470D     		.2byte	0xd47
 510 0184 E6020000 		.4byte	0x2e6
 511 0188 1C       		.byte	0x1c
 512 0189 0A       		.uleb128 0xa
 513 018a 2C010000 		.4byte	.LASF26
ARM GAS  /tmp/ccXmlbSE.s 			page 10


 514 018e 03       		.byte	0x3
 515 018f 480D     		.2byte	0xd48
 516 0191 9B000000 		.4byte	0x9b
 517 0195 20       		.byte	0x20
 518 0196 0A       		.uleb128 0xa
 519 0197 36030000 		.4byte	.LASF27
 520 019b 03       		.byte	0x3
 521 019c 490D     		.2byte	0xd49
 522 019e 76000000 		.4byte	0x76
 523 01a2 24       		.byte	0x24
 524 01a3 0A       		.uleb128 0xa
 525 01a4 00030000 		.4byte	.LASF28
 526 01a8 03       		.byte	0x3
 527 01a9 4A0D     		.2byte	0xd4a
 528 01ab 9B000000 		.4byte	0x9b
 529 01af 28       		.byte	0x28
 530 01b0 0A       		.uleb128 0xa
 531 01b1 A9030000 		.4byte	.LASF29
 532 01b5 03       		.byte	0x3
 533 01b6 4B0D     		.2byte	0xd4b
 534 01b8 9B000000 		.4byte	0x9b
 535 01bc 2C       		.byte	0x2c
 536 01bd 0A       		.uleb128 0xa
 537 01be 58010000 		.4byte	.LASF30
 538 01c2 03       		.byte	0x3
 539 01c3 4C0D     		.2byte	0xd4c
 540 01c5 9B000000 		.4byte	0x9b
 541 01c9 30       		.byte	0x30
 542 01ca 0A       		.uleb128 0xa
 543 01cb F0000000 		.4byte	.LASF31
 544 01cf 03       		.byte	0x3
 545 01d0 4D0D     		.2byte	0xd4d
 546 01d2 EB020000 		.4byte	0x2eb
 547 01d6 34       		.byte	0x34
 548 01d7 0A       		.uleb128 0xa
 549 01d8 FD010000 		.4byte	.LASF32
 550 01dc 03       		.byte	0x3
 551 01dd 4E0D     		.2byte	0xd4e
 552 01df 9B000000 		.4byte	0x9b
 553 01e3 38       		.byte	0x38
 554 01e4 0A       		.uleb128 0xa
 555 01e5 FA000000 		.4byte	.LASF33
 556 01e9 03       		.byte	0x3
 557 01ea 4F0D     		.2byte	0xd4f
 558 01ec F0020000 		.4byte	0x2f0
 559 01f0 3C       		.byte	0x3c
 560 01f1 0A       		.uleb128 0xa
 561 01f2 93030000 		.4byte	.LASF34
 562 01f6 03       		.byte	0x3
 563 01f7 500D     		.2byte	0xd50
 564 01f9 05030000 		.4byte	0x305
 565 01fd 40       		.byte	0x40
 566 01fe 0A       		.uleb128 0xa
 567 01ff 04010000 		.4byte	.LASF35
 568 0203 03       		.byte	0x3
 569 0204 510D     		.2byte	0xd51
 570 0206 0A030000 		.4byte	0x30a
ARM GAS  /tmp/ccXmlbSE.s 			page 11


 571 020a 4C       		.byte	0x4c
 572 020b 0A       		.uleb128 0xa
 573 020c 49010000 		.4byte	.LASF36
 574 0210 03       		.byte	0x3
 575 0211 520D     		.2byte	0xd52
 576 0213 8B000000 		.4byte	0x8b
 577 0217 60       		.byte	0x60
 578 0218 0A       		.uleb128 0xa
 579 0219 52000000 		.4byte	.LASF37
 580 021d 03       		.byte	0x3
 581 021e 530D     		.2byte	0xd53
 582 0220 8B000000 		.4byte	0x8b
 583 0224 64       		.byte	0x64
 584 0225 0A       		.uleb128 0xa
 585 0226 C0020000 		.4byte	.LASF38
 586 022a 03       		.byte	0x3
 587 022b 540D     		.2byte	0xd54
 588 022d 76000000 		.4byte	0x76
 589 0231 68       		.byte	0x68
 590 0232 0A       		.uleb128 0xa
 591 0233 6A010000 		.4byte	.LASF39
 592 0237 03       		.byte	0x3
 593 0238 550D     		.2byte	0xd55
 594 023a 76000000 		.4byte	0x76
 595 023e 6C       		.byte	0x6c
 596 023f 0A       		.uleb128 0xa
 597 0240 D3000000 		.4byte	.LASF40
 598 0244 03       		.byte	0x3
 599 0245 560D     		.2byte	0xd56
 600 0247 9B000000 		.4byte	0x9b
 601 024b 70       		.byte	0x70
 602 024c 0A       		.uleb128 0xa
 603 024d 49000000 		.4byte	.LASF41
 604 0251 03       		.byte	0x3
 605 0252 570D     		.2byte	0xd57
 606 0254 9B000000 		.4byte	0x9b
 607 0258 74       		.byte	0x74
 608 0259 0A       		.uleb128 0xa
 609 025a 40000000 		.4byte	.LASF42
 610 025e 03       		.byte	0x3
 611 025f 580D     		.2byte	0xd58
 612 0261 8B000000 		.4byte	0x8b
 613 0265 78       		.byte	0x78
 614 0266 0A       		.uleb128 0xa
 615 0267 0E010000 		.4byte	.LASF43
 616 026b 03       		.byte	0x3
 617 026c 590D     		.2byte	0xd59
 618 026e 1F030000 		.4byte	0x31f
 619 0272 7C       		.byte	0x7c
 620 0273 0A       		.uleb128 0xa
 621 0274 8F010000 		.4byte	.LASF44
 622 0278 03       		.byte	0x3
 623 0279 5A0D     		.2byte	0xd5a
 624 027b 9B000000 		.4byte	0x9b
 625 027f E4       		.byte	0xe4
 626 0280 0A       		.uleb128 0xa
 627 0281 78010000 		.4byte	.LASF45
ARM GAS  /tmp/ccXmlbSE.s 			page 12


 628 0285 03       		.byte	0x3
 629 0286 5B0D     		.2byte	0xd5b
 630 0288 76000000 		.4byte	0x76
 631 028c E8       		.byte	0xe8
 632 028d 0A       		.uleb128 0xa
 633 028e 18010000 		.4byte	.LASF46
 634 0292 03       		.byte	0x3
 635 0293 5C0D     		.2byte	0xd5c
 636 0295 24030000 		.4byte	0x324
 637 0299 EC       		.byte	0xec
 638 029a 0D       		.uleb128 0xd
 639 029b BB000000 		.4byte	.LASF47
 640 029f 03       		.byte	0x3
 641 02a0 5D0D     		.2byte	0xd5d
 642 02a2 8B000000 		.4byte	0x8b
 643 02a6 0001     		.2byte	0x100
 644 02a8 0D       		.uleb128 0xd
 645 02a9 3F010000 		.4byte	.LASF48
 646 02ad 03       		.byte	0x3
 647 02ae 5E0D     		.2byte	0xd5e
 648 02b0 8B000000 		.4byte	0x8b
 649 02b4 0401     		.2byte	0x104
 650 02b6 0D       		.uleb128 0xd
 651 02b7 E1010000 		.4byte	.LASF49
 652 02bb 03       		.byte	0x3
 653 02bc 5F0D     		.2byte	0xd5f
 654 02be 76000000 		.4byte	0x76
 655 02c2 0801     		.2byte	0x108
 656 02c4 0D       		.uleb128 0xd
 657 02c5 22010000 		.4byte	.LASF50
 658 02c9 03       		.byte	0x3
 659 02ca 600D     		.2byte	0xd60
 660 02cc 29030000 		.4byte	0x329
 661 02d0 0C01     		.2byte	0x10c
 662 02d2 0D       		.uleb128 0xd
 663 02d3 74000000 		.4byte	.LASF51
 664 02d7 03       		.byte	0x3
 665 02d8 610D     		.2byte	0xd61
 666 02da 9B000000 		.4byte	0x9b
 667 02de 1001     		.2byte	0x110
 668 02e0 00       		.byte	0
 669 02e1 06       		.uleb128 0x6
 670 02e2 AD000000 		.4byte	0xad
 671 02e6 06       		.uleb128 0x6
 672 02e7 AD000000 		.4byte	0xad
 673 02eb 06       		.uleb128 0x6
 674 02ec AD000000 		.4byte	0xad
 675 02f0 06       		.uleb128 0x6
 676 02f1 AD000000 		.4byte	0xad
 677 02f5 07       		.uleb128 0x7
 678 02f6 9B000000 		.4byte	0x9b
 679 02fa 05030000 		.4byte	0x305
 680 02fe 08       		.uleb128 0x8
 681 02ff A6000000 		.4byte	0xa6
 682 0303 02       		.byte	0x2
 683 0304 00       		.byte	0
 684 0305 06       		.uleb128 0x6
ARM GAS  /tmp/ccXmlbSE.s 			page 13


 685 0306 F5020000 		.4byte	0x2f5
 686 030a 06       		.uleb128 0x6
 687 030b BD000000 		.4byte	0xbd
 688 030f 07       		.uleb128 0x7
 689 0310 9B000000 		.4byte	0x9b
 690 0314 1F030000 		.4byte	0x31f
 691 0318 08       		.uleb128 0x8
 692 0319 A6000000 		.4byte	0xa6
 693 031d 19       		.byte	0x19
 694 031e 00       		.byte	0
 695 031f 06       		.uleb128 0x6
 696 0320 0F030000 		.4byte	0x30f
 697 0324 06       		.uleb128 0x6
 698 0325 BD000000 		.4byte	0xbd
 699 0329 06       		.uleb128 0x6
 700 032a AD000000 		.4byte	0xad
 701 032e 0B       		.uleb128 0xb
 702 032f 506D6300 		.ascii	"Pmc\000"
 703 0333 03       		.byte	0x3
 704 0334 620D     		.2byte	0xd62
 705 0336 17010000 		.4byte	0x117
 706 033a 09       		.uleb128 0x9
 707 033b 18       		.byte	0x18
 708 033c 03       		.byte	0x3
 709 033d 3E14     		.2byte	0x143e
 710 033f 92030000 		.4byte	0x392
 711 0343 0A       		.uleb128 0xa
 712 0344 10020000 		.4byte	.LASF52
 713 0348 03       		.byte	0x3
 714 0349 3F14     		.2byte	0x143f
 715 034b 8B000000 		.4byte	0x8b
 716 034f 00       		.byte	0
 717 0350 0A       		.uleb128 0xa
 718 0351 63000000 		.4byte	.LASF53
 719 0355 03       		.byte	0x3
 720 0356 4014     		.2byte	0x1440
 721 0358 9B000000 		.4byte	0x9b
 722 035c 04       		.byte	0x4
 723 035d 0A       		.uleb128 0xa
 724 035e CB000000 		.4byte	.LASF54
 725 0362 03       		.byte	0x3
 726 0363 4114     		.2byte	0x1441
 727 0365 9B000000 		.4byte	0x9b
 728 0369 08       		.byte	0x8
 729 036a 0A       		.uleb128 0xa
 730 036b A7000000 		.4byte	.LASF55
 731 036f 03       		.byte	0x3
 732 0370 4214     		.2byte	0x1442
 733 0372 9B000000 		.4byte	0x9b
 734 0376 0C       		.byte	0xc
 735 0377 0A       		.uleb128 0xa
 736 0378 86000000 		.4byte	.LASF56
 737 037c 03       		.byte	0x3
 738 037d 4314     		.2byte	0x1443
 739 037f 9B000000 		.4byte	0x9b
 740 0383 10       		.byte	0x10
 741 0384 0A       		.uleb128 0xa
ARM GAS  /tmp/ccXmlbSE.s 			page 14


 742 0385 7E030000 		.4byte	.LASF57
 743 0389 03       		.byte	0x3
 744 038a 4414     		.2byte	0x1444
 745 038c 76000000 		.4byte	0x76
 746 0390 14       		.byte	0x14
 747 0391 00       		.byte	0
 748 0392 0E       		.uleb128 0xe
 749 0393 9B030000 		.4byte	.LASF58
 750 0397 03       		.byte	0x3
 751 0398 4514     		.2byte	0x1445
 752 039a 3A030000 		.4byte	0x33a
 753 039e 09       		.uleb128 0x9
 754 039f 0C       		.byte	0xc
 755 03a0 03       		.byte	0x3
 756 03a1 7619     		.2byte	0x1976
 757 03a3 CF030000 		.4byte	0x3cf
 758 03a7 0A       		.uleb128 0xa
 759 03a8 6D000000 		.4byte	.LASF59
 760 03ac 03       		.byte	0x3
 761 03ad 7719     		.2byte	0x1977
 762 03af 8B000000 		.4byte	0x8b
 763 03b3 00       		.byte	0
 764 03b4 0A       		.uleb128 0xa
 765 03b5 14030000 		.4byte	.LASF60
 766 03b9 03       		.byte	0x3
 767 03ba 7819     		.2byte	0x1978
 768 03bc 9B000000 		.4byte	0x9b
 769 03c0 04       		.byte	0x4
 770 03c1 0A       		.uleb128 0xa
 771 03c2 51010000 		.4byte	.LASF61
 772 03c6 03       		.byte	0x3
 773 03c7 7919     		.2byte	0x1979
 774 03c9 76000000 		.4byte	0x76
 775 03cd 08       		.byte	0x8
 776 03ce 00       		.byte	0
 777 03cf 0B       		.uleb128 0xb
 778 03d0 57647400 		.ascii	"Wdt\000"
 779 03d4 03       		.byte	0x3
 780 03d5 7A19     		.2byte	0x197a
 781 03d7 9E030000 		.4byte	0x39e
 782 03db 0F       		.uleb128 0xf
 783 03dc C7020000 		.4byte	.LASF62
 784 03e0 01       		.byte	0x1
 785 03e1 6701     		.2byte	0x167
 786 03e3 00000000 		.4byte	.LFB29
 787 03e7 40010000 		.4byte	.LFE29-.LFB29
 788 03eb 01       		.uleb128 0x1
 789 03ec 9C       		.byte	0x9c
 790 03ed 0F       		.uleb128 0xf
 791 03ee 05020000 		.4byte	.LASF63
 792 03f2 01       		.byte	0x1
 793 03f3 AF01     		.2byte	0x1af
 794 03f5 00000000 		.4byte	.LFB30
 795 03f9 C0000000 		.4byte	.LFE30-.LFB30
 796 03fd 01       		.uleb128 0x1
 797 03fe 9C       		.byte	0x9c
 798 03ff 10       		.uleb128 0x10
ARM GAS  /tmp/ccXmlbSE.s 			page 15


 799 0400 86030000 		.4byte	.LASF64
 800 0404 04       		.byte	0x4
 801 0405 CE06     		.2byte	0x6ce
 802 0407 0B040000 		.4byte	0x40b
 803 040b 06       		.uleb128 0x6
 804 040c 68000000 		.4byte	0x68
 805 0410 11       		.uleb128 0x11
 806 0411 F0020000 		.4byte	.LASF65
 807 0415 01       		.byte	0x1
 808 0416 6101     		.2byte	0x161
 809 0418 48000000 		.4byte	0x48
 810 041c 05       		.uleb128 0x5
 811 041d 03       		.byte	0x3
 812 041e 00000000 		.4byte	SystemCoreClock
 813 0422 00       		.byte	0
 814              		.section	.debug_abbrev,"",%progbits
 815              	.Ldebug_abbrev0:
 816 0000 01       		.uleb128 0x1
 817 0001 11       		.uleb128 0x11
 818 0002 01       		.byte	0x1
 819 0003 25       		.uleb128 0x25
 820 0004 0E       		.uleb128 0xe
 821 0005 13       		.uleb128 0x13
 822 0006 0B       		.uleb128 0xb
 823 0007 03       		.uleb128 0x3
 824 0008 0E       		.uleb128 0xe
 825 0009 1B       		.uleb128 0x1b
 826 000a 0E       		.uleb128 0xe
 827 000b 55       		.uleb128 0x55
 828 000c 17       		.uleb128 0x17
 829 000d 11       		.uleb128 0x11
 830 000e 01       		.uleb128 0x1
 831 000f 10       		.uleb128 0x10
 832 0010 17       		.uleb128 0x17
 833 0011 00       		.byte	0
 834 0012 00       		.byte	0
 835 0013 02       		.uleb128 0x2
 836 0014 24       		.uleb128 0x24
 837 0015 00       		.byte	0
 838 0016 0B       		.uleb128 0xb
 839 0017 0B       		.uleb128 0xb
 840 0018 3E       		.uleb128 0x3e
 841 0019 0B       		.uleb128 0xb
 842 001a 03       		.uleb128 0x3
 843 001b 0E       		.uleb128 0xe
 844 001c 00       		.byte	0
 845 001d 00       		.byte	0
 846 001e 03       		.uleb128 0x3
 847 001f 16       		.uleb128 0x16
 848 0020 00       		.byte	0
 849 0021 03       		.uleb128 0x3
 850 0022 0E       		.uleb128 0xe
 851 0023 3A       		.uleb128 0x3a
 852 0024 0B       		.uleb128 0xb
 853 0025 3B       		.uleb128 0x3b
 854 0026 0B       		.uleb128 0xb
 855 0027 49       		.uleb128 0x49
ARM GAS  /tmp/ccXmlbSE.s 			page 16


 856 0028 13       		.uleb128 0x13
 857 0029 00       		.byte	0
 858 002a 00       		.byte	0
 859 002b 04       		.uleb128 0x4
 860 002c 24       		.uleb128 0x24
 861 002d 00       		.byte	0
 862 002e 0B       		.uleb128 0xb
 863 002f 0B       		.uleb128 0xb
 864 0030 3E       		.uleb128 0x3e
 865 0031 0B       		.uleb128 0xb
 866 0032 03       		.uleb128 0x3
 867 0033 08       		.uleb128 0x8
 868 0034 00       		.byte	0
 869 0035 00       		.byte	0
 870 0036 05       		.uleb128 0x5
 871 0037 26       		.uleb128 0x26
 872 0038 00       		.byte	0
 873 0039 49       		.uleb128 0x49
 874 003a 13       		.uleb128 0x13
 875 003b 00       		.byte	0
 876 003c 00       		.byte	0
 877 003d 06       		.uleb128 0x6
 878 003e 35       		.uleb128 0x35
 879 003f 00       		.byte	0
 880 0040 49       		.uleb128 0x49
 881 0041 13       		.uleb128 0x13
 882 0042 00       		.byte	0
 883 0043 00       		.byte	0
 884 0044 07       		.uleb128 0x7
 885 0045 01       		.uleb128 0x1
 886 0046 01       		.byte	0x1
 887 0047 49       		.uleb128 0x49
 888 0048 13       		.uleb128 0x13
 889 0049 01       		.uleb128 0x1
 890 004a 13       		.uleb128 0x13
 891 004b 00       		.byte	0
 892 004c 00       		.byte	0
 893 004d 08       		.uleb128 0x8
 894 004e 21       		.uleb128 0x21
 895 004f 00       		.byte	0
 896 0050 49       		.uleb128 0x49
 897 0051 13       		.uleb128 0x13
 898 0052 2F       		.uleb128 0x2f
 899 0053 0B       		.uleb128 0xb
 900 0054 00       		.byte	0
 901 0055 00       		.byte	0
 902 0056 09       		.uleb128 0x9
 903 0057 13       		.uleb128 0x13
 904 0058 01       		.byte	0x1
 905 0059 0B       		.uleb128 0xb
 906 005a 0B       		.uleb128 0xb
 907 005b 3A       		.uleb128 0x3a
 908 005c 0B       		.uleb128 0xb
 909 005d 3B       		.uleb128 0x3b
 910 005e 05       		.uleb128 0x5
 911 005f 01       		.uleb128 0x1
 912 0060 13       		.uleb128 0x13
ARM GAS  /tmp/ccXmlbSE.s 			page 17


 913 0061 00       		.byte	0
 914 0062 00       		.byte	0
 915 0063 0A       		.uleb128 0xa
 916 0064 0D       		.uleb128 0xd
 917 0065 00       		.byte	0
 918 0066 03       		.uleb128 0x3
 919 0067 0E       		.uleb128 0xe
 920 0068 3A       		.uleb128 0x3a
 921 0069 0B       		.uleb128 0xb
 922 006a 3B       		.uleb128 0x3b
 923 006b 05       		.uleb128 0x5
 924 006c 49       		.uleb128 0x49
 925 006d 13       		.uleb128 0x13
 926 006e 38       		.uleb128 0x38
 927 006f 0B       		.uleb128 0xb
 928 0070 00       		.byte	0
 929 0071 00       		.byte	0
 930 0072 0B       		.uleb128 0xb
 931 0073 16       		.uleb128 0x16
 932 0074 00       		.byte	0
 933 0075 03       		.uleb128 0x3
 934 0076 08       		.uleb128 0x8
 935 0077 3A       		.uleb128 0x3a
 936 0078 0B       		.uleb128 0xb
 937 0079 3B       		.uleb128 0x3b
 938 007a 05       		.uleb128 0x5
 939 007b 49       		.uleb128 0x49
 940 007c 13       		.uleb128 0x13
 941 007d 00       		.byte	0
 942 007e 00       		.byte	0
 943 007f 0C       		.uleb128 0xc
 944 0080 13       		.uleb128 0x13
 945 0081 01       		.byte	0x1
 946 0082 0B       		.uleb128 0xb
 947 0083 05       		.uleb128 0x5
 948 0084 3A       		.uleb128 0x3a
 949 0085 0B       		.uleb128 0xb
 950 0086 3B       		.uleb128 0x3b
 951 0087 05       		.uleb128 0x5
 952 0088 01       		.uleb128 0x1
 953 0089 13       		.uleb128 0x13
 954 008a 00       		.byte	0
 955 008b 00       		.byte	0
 956 008c 0D       		.uleb128 0xd
 957 008d 0D       		.uleb128 0xd
 958 008e 00       		.byte	0
 959 008f 03       		.uleb128 0x3
 960 0090 0E       		.uleb128 0xe
 961 0091 3A       		.uleb128 0x3a
 962 0092 0B       		.uleb128 0xb
 963 0093 3B       		.uleb128 0x3b
 964 0094 05       		.uleb128 0x5
 965 0095 49       		.uleb128 0x49
 966 0096 13       		.uleb128 0x13
 967 0097 38       		.uleb128 0x38
 968 0098 05       		.uleb128 0x5
 969 0099 00       		.byte	0
ARM GAS  /tmp/ccXmlbSE.s 			page 18


 970 009a 00       		.byte	0
 971 009b 0E       		.uleb128 0xe
 972 009c 16       		.uleb128 0x16
 973 009d 00       		.byte	0
 974 009e 03       		.uleb128 0x3
 975 009f 0E       		.uleb128 0xe
 976 00a0 3A       		.uleb128 0x3a
 977 00a1 0B       		.uleb128 0xb
 978 00a2 3B       		.uleb128 0x3b
 979 00a3 05       		.uleb128 0x5
 980 00a4 49       		.uleb128 0x49
 981 00a5 13       		.uleb128 0x13
 982 00a6 00       		.byte	0
 983 00a7 00       		.byte	0
 984 00a8 0F       		.uleb128 0xf
 985 00a9 2E       		.uleb128 0x2e
 986 00aa 00       		.byte	0
 987 00ab 3F       		.uleb128 0x3f
 988 00ac 19       		.uleb128 0x19
 989 00ad 03       		.uleb128 0x3
 990 00ae 0E       		.uleb128 0xe
 991 00af 3A       		.uleb128 0x3a
 992 00b0 0B       		.uleb128 0xb
 993 00b1 3B       		.uleb128 0x3b
 994 00b2 05       		.uleb128 0x5
 995 00b3 27       		.uleb128 0x27
 996 00b4 19       		.uleb128 0x19
 997 00b5 11       		.uleb128 0x11
 998 00b6 01       		.uleb128 0x1
 999 00b7 12       		.uleb128 0x12
 1000 00b8 06       		.uleb128 0x6
 1001 00b9 40       		.uleb128 0x40
 1002 00ba 18       		.uleb128 0x18
 1003 00bb 9742     		.uleb128 0x2117
 1004 00bd 19       		.uleb128 0x19
 1005 00be 00       		.byte	0
 1006 00bf 00       		.byte	0
 1007 00c0 10       		.uleb128 0x10
 1008 00c1 34       		.uleb128 0x34
 1009 00c2 00       		.byte	0
 1010 00c3 03       		.uleb128 0x3
 1011 00c4 0E       		.uleb128 0xe
 1012 00c5 3A       		.uleb128 0x3a
 1013 00c6 0B       		.uleb128 0xb
 1014 00c7 3B       		.uleb128 0x3b
 1015 00c8 05       		.uleb128 0x5
 1016 00c9 49       		.uleb128 0x49
 1017 00ca 13       		.uleb128 0x13
 1018 00cb 3F       		.uleb128 0x3f
 1019 00cc 19       		.uleb128 0x19
 1020 00cd 3C       		.uleb128 0x3c
 1021 00ce 19       		.uleb128 0x19
 1022 00cf 00       		.byte	0
 1023 00d0 00       		.byte	0
 1024 00d1 11       		.uleb128 0x11
 1025 00d2 34       		.uleb128 0x34
 1026 00d3 00       		.byte	0
ARM GAS  /tmp/ccXmlbSE.s 			page 19


 1027 00d4 03       		.uleb128 0x3
 1028 00d5 0E       		.uleb128 0xe
 1029 00d6 3A       		.uleb128 0x3a
 1030 00d7 0B       		.uleb128 0xb
 1031 00d8 3B       		.uleb128 0x3b
 1032 00d9 05       		.uleb128 0x5
 1033 00da 49       		.uleb128 0x49
 1034 00db 13       		.uleb128 0x13
 1035 00dc 3F       		.uleb128 0x3f
 1036 00dd 19       		.uleb128 0x19
 1037 00de 02       		.uleb128 0x2
 1038 00df 18       		.uleb128 0x18
 1039 00e0 00       		.byte	0
 1040 00e1 00       		.byte	0
 1041 00e2 00       		.byte	0
 1042              		.section	.debug_aranges,"",%progbits
 1043 0000 24000000 		.4byte	0x24
 1044 0004 0200     		.2byte	0x2
 1045 0006 00000000 		.4byte	.Ldebug_info0
 1046 000a 04       		.byte	0x4
 1047 000b 00       		.byte	0
 1048 000c 0000     		.2byte	0
 1049 000e 0000     		.2byte	0
 1050 0010 00000000 		.4byte	.LFB29
 1051 0014 40010000 		.4byte	.LFE29-.LFB29
 1052 0018 00000000 		.4byte	.LFB30
 1053 001c C0000000 		.4byte	.LFE30-.LFB30
 1054 0020 00000000 		.4byte	0
 1055 0024 00000000 		.4byte	0
 1056              		.section	.debug_ranges,"",%progbits
 1057              	.Ldebug_ranges0:
 1058 0000 00000000 		.4byte	.LFB29
 1059 0004 40010000 		.4byte	.LFE29
 1060 0008 00000000 		.4byte	.LFB30
 1061 000c C0000000 		.4byte	.LFE30
 1062 0010 00000000 		.4byte	0
 1063 0014 00000000 		.4byte	0
 1064              		.section	.debug_line,"",%progbits
 1065              	.Ldebug_line0:
 1066 0000 7E010000 		.section	.debug_str,"MS",%progbits,1
 1066      0200E300 
 1066      00000201 
 1066      FB0E0D00 
 1066      01010101 
 1067              	.LASF67:
 1068 0000 2E2E2F74 		.ascii	"../third_party/ChibiOS/os/hal/platforms/AT91SAM3S/s"
 1068      68697264 
 1068      5F706172 
 1068      74792F43 
 1068      68696269 
 1069 0033 79737465 		.ascii	"ystem_SAM3.c\000"
 1069      6D5F5341 
 1069      4D332E63 
 1069      00
 1070              	.LASF42:
 1071 0040 504D435F 		.ascii	"PMC_FOCR\000"
 1071      464F4352 
ARM GAS  /tmp/ccXmlbSE.s 			page 20


 1071      00
 1072              	.LASF41:
 1073 0049 504D435F 		.ascii	"PMC_FSPR\000"
 1073      46535052 
 1073      00
 1074              	.LASF37:
 1075 0052 504D435F 		.ascii	"PMC_IDR\000"
 1075      49445200 
 1076              	.LASF20:
 1077 005a 504D435F 		.ascii	"PMC_SCSR\000"
 1077      53435352 
 1077      00
 1078              	.LASF53:
 1079 0063 53555043 		.ascii	"SUPC_SMMR\000"
 1079      5F534D4D 
 1079      5200
 1080              	.LASF59:
 1081 006d 5744545F 		.ascii	"WDT_CR\000"
 1081      435200
 1082              	.LASF51:
 1083 0074 504D435F 		.ascii	"PMC_OCR\000"
 1083      4F435200 
 1084              	.LASF2:
 1085 007c 73686F72 		.ascii	"short int\000"
 1085      7420696E 
 1085      7400
 1086              	.LASF56:
 1087 0086 53555043 		.ascii	"SUPC_WUIR\000"
 1087      5F575549 
 1087      5200
 1088              	.LASF13:
 1089 0090 73697A65 		.ascii	"sizetype\000"
 1089      74797065 
 1089      00
 1090              	.LASF6:
 1091 0099 6C6F6E67 		.ascii	"long long int\000"
 1091      206C6F6E 
 1091      6720696E 
 1091      7400
 1092              	.LASF55:
 1093 00a7 53555043 		.ascii	"SUPC_WUMR\000"
 1093      5F57554D 
 1093      5200
 1094              	.LASF22:
 1095 00b1 504D435F 		.ascii	"PMC_PCER0\000"
 1095      50434552 
 1095      3000
 1096              	.LASF47:
 1097 00bb 504D435F 		.ascii	"PMC_PCER1\000"
 1097      50434552 
 1097      3100
 1098              	.LASF11:
 1099 00c5 576F5265 		.ascii	"WoReg\000"
 1099      6700
 1100              	.LASF54:
 1101 00cb 53555043 		.ascii	"SUPC_MR\000"
 1101      5F4D5200 
ARM GAS  /tmp/ccXmlbSE.s 			page 21


 1102              	.LASF40:
 1103 00d3 504D435F 		.ascii	"PMC_FSMR\000"
 1103      46534D52 
 1103      00
 1104              	.LASF21:
 1105 00dc 52657365 		.ascii	"Reserved1\000"
 1105      72766564 
 1105      3100
 1106              	.LASF25:
 1107 00e6 52657365 		.ascii	"Reserved2\000"
 1107      72766564 
 1107      3200
 1108              	.LASF31:
 1109 00f0 52657365 		.ascii	"Reserved3\000"
 1109      72766564 
 1109      3300
 1110              	.LASF33:
 1111 00fa 52657365 		.ascii	"Reserved4\000"
 1111      72766564 
 1111      3400
 1112              	.LASF35:
 1113 0104 52657365 		.ascii	"Reserved5\000"
 1113      72766564 
 1113      3500
 1114              	.LASF43:
 1115 010e 52657365 		.ascii	"Reserved6\000"
 1115      72766564 
 1115      3600
 1116              	.LASF46:
 1117 0118 52657365 		.ascii	"Reserved7\000"
 1117      72766564 
 1117      3700
 1118              	.LASF50:
 1119 0122 52657365 		.ascii	"Reserved8\000"
 1119      72766564 
 1119      3800
 1120              	.LASF26:
 1121 012c 434B4752 		.ascii	"CKGR_MOR\000"
 1121      5F4D4F52 
 1121      00
 1122              	.LASF23:
 1123 0135 504D435F 		.ascii	"PMC_PCDR0\000"
 1123      50434452 
 1123      3000
 1124              	.LASF48:
 1125 013f 504D435F 		.ascii	"PMC_PCDR1\000"
 1125      50434452 
 1125      3100
 1126              	.LASF36:
 1127 0149 504D435F 		.ascii	"PMC_IER\000"
 1127      49455200 
 1128              	.LASF61:
 1129 0151 5744545F 		.ascii	"WDT_SR\000"
 1129      535200
 1130              	.LASF30:
 1131 0158 504D435F 		.ascii	"PMC_MCKR\000"
 1131      4D434B52 
ARM GAS  /tmp/ccXmlbSE.s 			page 22


 1131      00
 1132              	.LASF4:
 1133 0161 6C6F6E67 		.ascii	"long int\000"
 1133      20696E74 
 1133      00
 1134              	.LASF39:
 1135 016a 504D435F 		.ascii	"PMC_IMR\000"
 1135      494D5200 
 1136              	.LASF10:
 1137 0172 526F5265 		.ascii	"RoReg\000"
 1137      6700
 1138              	.LASF45:
 1139 0178 504D435F 		.ascii	"PMC_WPSR\000"
 1139      57505352 
 1139      00
 1140              	.LASF1:
 1141 0181 756E7369 		.ascii	"unsigned char\000"
 1141      676E6564 
 1141      20636861 
 1141      7200
 1142              	.LASF44:
 1143 018f 504D435F 		.ascii	"PMC_WPMR\000"
 1143      57504D52 
 1143      00
 1144              	.LASF12:
 1145 0198 52775265 		.ascii	"RwReg\000"
 1145      6700
 1146              	.LASF0:
 1147 019e 7369676E 		.ascii	"signed char\000"
 1147      65642063 
 1147      68617200 
 1148              	.LASF7:
 1149 01aa 6C6F6E67 		.ascii	"long long unsigned int\000"
 1149      206C6F6E 
 1149      6720756E 
 1149      7369676E 
 1149      65642069 
 1150              	.LASF9:
 1151 01c1 75696E74 		.ascii	"uint32_t\000"
 1151      33325F74 
 1151      00
 1152              	.LASF8:
 1153 01ca 756E7369 		.ascii	"unsigned int\000"
 1153      676E6564 
 1153      20696E74 
 1153      00
 1154              	.LASF24:
 1155 01d7 504D435F 		.ascii	"PMC_PCSR0\000"
 1155      50435352 
 1155      3000
 1156              	.LASF49:
 1157 01e1 504D435F 		.ascii	"PMC_PCSR1\000"
 1157      50435352 
 1157      3100
 1158              	.LASF15:
 1159 01eb 45454643 		.ascii	"EEFC_FCR\000"
 1159      5F464352 
ARM GAS  /tmp/ccXmlbSE.s 			page 23


 1159      00
 1160              	.LASF17:
 1161 01f4 45454643 		.ascii	"EEFC_FRR\000"
 1161      5F465252 
 1161      00
 1162              	.LASF32:
 1163 01fd 504D435F 		.ascii	"PMC_USB\000"
 1163      55534200 
 1164              	.LASF63:
 1165 0205 53797374 		.ascii	"SystemInit\000"
 1165      656D496E 
 1165      697400
 1166              	.LASF52:
 1167 0210 53555043 		.ascii	"SUPC_CR\000"
 1167      5F435200 
 1168              	.LASF66:
 1169 0218 474E5520 		.ascii	"GNU C 4.8.1 -mcpu=cortex-m3 -mno-thumb-interwork -m"
 1169      4320342E 
 1169      382E3120 
 1169      2D6D6370 
 1169      753D636F 
 1170 024b 7468756D 		.ascii	"thumb -ggdb -O2 -std=gnu99 -fomit-frame-pointer -fa"
 1170      62202D67 
 1170      67646220 
 1170      2D4F3220 
 1170      2D737464 
 1171 027e 6C69676E 		.ascii	"lign-functions=16 -ffunction-sections -fdata-sectio"
 1171      2D66756E 
 1171      6374696F 
 1171      6E733D31 
 1171      36202D66 
 1172 02b1 6E73202D 		.ascii	"ns -fno-common\000"
 1172      666E6F2D 
 1172      636F6D6D 
 1172      6F6E00
 1173              	.LASF38:
 1174 02c0 504D435F 		.ascii	"PMC_SR\000"
 1174      535200
 1175              	.LASF62:
 1176 02c7 53797374 		.ascii	"SystemCoreClockUpdate\000"
 1176      656D436F 
 1176      7265436C 
 1176      6F636B55 
 1176      70646174 
 1177              	.LASF3:
 1178 02dd 73686F72 		.ascii	"short unsigned int\000"
 1178      7420756E 
 1178      7369676E 
 1178      65642069 
 1178      6E7400
 1179              	.LASF65:
 1180 02f0 53797374 		.ascii	"SystemCoreClock\000"
 1180      656D436F 
 1180      7265436C 
 1180      6F636B00 
 1181              	.LASF28:
 1182 0300 434B4752 		.ascii	"CKGR_PLLAR\000"
ARM GAS  /tmp/ccXmlbSE.s 			page 24


 1182      5F504C4C 
 1182      415200
 1183              	.LASF18:
 1184 030b 504D435F 		.ascii	"PMC_SCER\000"
 1184      53434552 
 1184      00
 1185              	.LASF60:
 1186 0314 5744545F 		.ascii	"WDT_MR\000"
 1186      4D5200
 1187              	.LASF5:
 1188 031b 6C6F6E67 		.ascii	"long unsigned int\000"
 1188      20756E73 
 1188      69676E65 
 1188      6420696E 
 1188      7400
 1189              	.LASF14:
 1190 032d 45454643 		.ascii	"EEFC_FMR\000"
 1190      5F464D52 
 1190      00
 1191              	.LASF27:
 1192 0336 434B4752 		.ascii	"CKGR_MCFR\000"
 1192      5F4D4346 
 1192      5200
 1193              	.LASF16:
 1194 0340 45454643 		.ascii	"EEFC_FSR\000"
 1194      5F465352 
 1194      00
 1195              	.LASF68:
 1196 0349 2F686F6D 		.ascii	"/home/santi/Documentos/ProyectoDron_2018/MCU/creato"
 1196      652F7361 
 1196      6E74692F 
 1196      446F6375 
 1196      6D656E74 
 1197 037c 7200     		.ascii	"r\000"
 1198              	.LASF57:
 1199 037e 53555043 		.ascii	"SUPC_SR\000"
 1199      5F535200 
 1200              	.LASF64:
 1201 0386 49544D5F 		.ascii	"ITM_RxBuffer\000"
 1201      52784275 
 1201      66666572 
 1201      00
 1202              	.LASF34:
 1203 0393 504D435F 		.ascii	"PMC_PCK\000"
 1203      50434B00 
 1204              	.LASF58:
 1205 039b 53757063 		.ascii	"Supc\000"
 1205      00
 1206              	.LASF19:
 1207 03a0 504D435F 		.ascii	"PMC_SCDR\000"
 1207      53434452 
 1207      00
 1208              	.LASF29:
 1209 03a9 434B4752 		.ascii	"CKGR_PLLBR\000"
 1209      5F504C4C 
 1209      425200
 1210              		.ident	"GCC: (Sourcery CodeBench Lite 2013.11-24) 4.8.1"
ARM GAS  /tmp/ccXmlbSE.s 			page 25


ARM GAS  /tmp/ccXmlbSE.s 			page 26


DEFINED SYMBOLS
                            *ABS*:00000000 system_SAM3.c
     /tmp/ccXmlbSE.s:19     .text.SystemCoreClockUpdate:00000000 $t
     /tmp/ccXmlbSE.s:25     .text.SystemCoreClockUpdate:00000000 SystemCoreClockUpdate
     /tmp/ccXmlbSE.s:316    .data.SystemCoreClock:00000000 .LANCHOR0
     /tmp/ccXmlbSE.s:188    .text.SystemInit:00000000 $t
     /tmp/ccXmlbSE.s:194    .text.SystemInit:00000000 SystemInit
     /tmp/ccXmlbSE.s:319    .data.SystemCoreClock:00000000 SystemCoreClock
     /tmp/ccXmlbSE.s:315    .data.SystemCoreClock:00000000 $d
                     .debug_frame:00000010 $d

NO UNDEFINED SYMBOLS
